#-----------------------------------------------------------
# Webtalk v2017.2 (64-bit)
# SW Build 1909853 on Thu Jun 15 18:39:09 MDT 2017
# 
# Start of session at: Fri Aug  9 15:22:26 2019
# Process ID: 7892
# Current directory: C:/Users/lsneler/Desktop/Repository/JPEG_conversion/exemplary_projects/AxiLiteZynqBRAMDemo3/AxiLiteZynqBRAMDemo/AxiLiteZynqBRAMDemo.sdk/webtalk
# Command line: wbtcv.exe -mode batch -source sdk_webtalk.tcl
# Log file: C:/Users/lsneler/Desktop/Repository/JPEG_conversion/exemplary_projects/AxiLiteZynqBRAMDemo3/AxiLiteZynqBRAMDemo/AxiLiteZynqBRAMDemo.sdk/webtalk/webtalk.log
# Journal file: C:/Users/lsneler/Desktop/Repository/JPEG_conversion/exemplary_projects/AxiLiteZynqBRAMDemo3/AxiLiteZynqBRAMDemo/AxiLiteZynqBRAMDemo.sdk/webtalk\webtalk.jou
#-----------------------------------------------------------
source sdk_webtalk.tcl
# webtalk_init -webtalk_dir C:\\Users\\lsneler\\Desktop\\Repository\\JPEG_conversion\\exemplary_projects\\AxiLiteZynqBRAMDemo3\\AxiLiteZynqBRAMDemo\\AxiLiteZynqBRAMDemo.sdk\\webtalk
# webtalk_register_client -client project
# webtalk_add_data -client project -key date_generated -value "2019-08-09 15:22:25" -context "software_version_and_target_device"
# webtalk_add_data -client project -key product_version -value "SDK v2017.2" -context "software_version_and_target_device"
# webtalk_add_data -client project -key build_version -value "2017.2" -context "software_version_and_target_device"
# webtalk_add_data -client project -key os_platform -value "amd64" -context "software_version_and_target_device"
# webtalk_add_data -client project -key registration_id -value "174110479_206666196_206649563_746" -context "software_version_and_target_device"
# webtalk_add_data -client project -key tool_flow -value "SDK" -context "software_version_and_target_device"
# webtalk_add_data -client project -key beta -value "false" -context "software_version_and_target_device"
# webtalk_add_data -client project -key route_design -value "NA" -context "software_version_and_target_device"
# webtalk_add_data -client project -key target_family -value "NA" -context "software_version_and_target_device"
# webtalk_add_data -client project -key target_device -value "NA" -context "software_version_and_target_device"
# webtalk_add_data -client project -key target_package -value "NA" -context "software_version_and_target_device"
# webtalk_add_data -client project -key target_speed -value "NA" -context "software_version_and_target_device"
# webtalk_add_data -client project -key random_id -value "fh6ukcuc846ag5opvkmqkqv8i5" -context "software_version_and_target_device"
# webtalk_add_data -client project -key project_id -value "2017.2_16" -context "software_version_and_target_device"
# webtalk_add_data -client project -key project_iteration -value "16" -context "software_version_and_target_device"
# webtalk_add_data -client project -key os_name -value "Microsoft Windows 8 or later , 64-bit" -context "user_environment"
# webtalk_add_data -client project -key os_release -value "major release  (build 9200)" -context "user_environment"
# webtalk_add_data -client project -key cpu_name -value "Intel(R) Core(TM) i7-6700 CPU @ 3.40GHz" -context "user_environment"
# webtalk_add_data -client project -key cpu_speed -value "3408 MHz" -context "user_environment"
# webtalk_add_data -client project -key total_processors -value "1" -context "user_environment"
# webtalk_add_data -client project -key system_ram -value "17.000 GB" -context "user_environment"
# webtalk_register_client -client sdk
# webtalk_add_data -client sdk -key uid -value "1565356183630" -context "sdk\\\\hardware/1565356183630"
# webtalk_add_data -client sdk -key isZynq -value "true" -context "sdk\\\\hardware/1565356183630"
# webtalk_add_data -client sdk -key isZynqMP -value "false" -context "sdk\\\\hardware/1565356183630"
# webtalk_add_data -client sdk -key Processors -value "2" -context "sdk\\\\hardware/1565356183630"
# webtalk_add_data -client sdk -key VivadoVersion -value "2017.2" -context "sdk\\\\hardware/1565356183630"
# webtalk_add_data -client sdk -key Arch -value "zynq" -context "sdk\\\\hardware/1565356183630"
# webtalk_add_data -client sdk -key Device -value "7z010" -context "sdk\\\\hardware/1565356183630"
# webtalk_add_data -client sdk -key IsHandoff -value "true" -context "sdk\\\\hardware/1565356183630"
# webtalk_add_data -client sdk -key os -value "NA" -context "sdk\\\\hardware/1565356183630"
# webtalk_add_data -client sdk -key apptemplate -value "NA" -context "sdk\\\\hardware/1565356183630"
# webtalk_add_data -client sdk -key RecordType -value "HWCreation" -context "sdk\\\\hardware/1565356183630"
# webtalk_add_data -client sdk -key uid -value "1565356199765" -context "sdk\\\\bsp/1565356199765"
# webtalk_add_data -client sdk -key hwid -value "1565356183630" -context "sdk\\\\bsp/1565356199765"
# webtalk_add_data -client sdk -key os -value "standalone" -context "sdk\\\\bsp/1565356199765"
# webtalk_add_data -client sdk -key apptemplate -value "hello_world" -context "sdk\\\\bsp/1565356199765"
# webtalk_add_data -client sdk -key RecordType -value "BSPCreation" -context "sdk\\\\bsp/1565356199765"
# webtalk_add_data -client sdk -key uid -value "1565356201138" -context "sdk\\\\application/1565356201138"
# webtalk_add_data -client sdk -key hwid -value "1565356183630" -context "sdk\\\\application/1565356201138"
# webtalk_add_data -client sdk -key bspid -value "1565356199765" -context "sdk\\\\application/1565356201138"
# webtalk_add_data -client sdk -key newbsp -value "true" -context "sdk\\\\application/1565356201138"
# webtalk_add_data -client sdk -key os -value "standalone" -context "sdk\\\\application/1565356201138"
# webtalk_add_data -client sdk -key apptemplate -value "hello_world" -context "sdk\\\\application/1565356201138"
# webtalk_add_data -client sdk -key RecordType -value "APPCreation" -context "sdk\\\\application/1565356201138"
# webtalk_add_data -client sdk -key LangUsed -value "C" -context "sdk\\\\application/1565356201138"
# webtalk_add_data -client sdk -key Procused -value "ps7_cortexa9" -context "sdk\\\\application/1565356201138"
# webtalk_add_data -client sdk -key projSize -value "159.87109375" -context "sdk\\\\application/1565356201138"
# webtalk_add_data -client sdk -key uid -value "NA" -context "sdk\\\\bsp/1565356945864"
# webtalk_add_data -client sdk -key RecordType -value "ToolUsage" -context "sdk\\\\bsp/1565356945864"
# webtalk_add_data -client sdk -key BootgenCount -value "0" -context "sdk\\\\bsp/1565356945864"
# webtalk_add_data -client sdk -key DebugCount -value "0" -context "sdk\\\\bsp/1565356945864"
# webtalk_add_data -client sdk -key PerfCount -value "0" -context "sdk\\\\bsp/1565356945864"
# webtalk_add_data -client sdk -key FlashCount -value "0" -context "sdk\\\\bsp/1565356945864"
# webtalk_add_data -client sdk -key CrossTriggCount -value "0" -context "sdk\\\\bsp/1565356945864"
# webtalk_add_data -client sdk -key QemuDebugCount -value "0" -context "sdk\\\\bsp/1565356945864"
# webtalk_transmit -clientid 1361495432 -regid "174110479_206666196_206649563_746" -xml C:\\Users\\lsneler\\Desktop\\Repository\\JPEG_conversion\\exemplary_projects\\AxiLiteZynqBRAMDemo3\\AxiLiteZynqBRAMDemo\\AxiLiteZynqBRAMDemo.sdk\\webtalk\\usage_statistics_ext_sdk.xml -html C:\\Users\\lsneler\\Desktop\\Repository\\JPEG_conversion\\exemplary_projects\\AxiLiteZynqBRAMDemo3\\AxiLiteZynqBRAMDemo\\AxiLiteZynqBRAMDemo.sdk\\webtalk\\usage_statistics_ext_sdk.html -wdm C:\\Users\\lsneler\\Desktop\\Repository\\JPEG_conversion\\exemplary_projects\\AxiLiteZynqBRAMDemo3\\AxiLiteZynqBRAMDemo\\AxiLiteZynqBRAMDemo.sdk\\webtalk\\sdk_webtalk.wdm -intro "<H3>SDK Usage Report</H3><BR>"
INFO: [Common 17-186] 'C:\Users\lsneler\Desktop\Repository\JPEG_conversion\exemplary_projects\AxiLiteZynqBRAMDemo3\AxiLiteZynqBRAMDemo\AxiLiteZynqBRAMDemo.sdk\webtalk\usage_statistics_ext_sdk.xml' has been successfully sent to Xilinx on Fri Aug  9 15:22:30 2019. For additional details about this file, please refer to the WebTalk help file at C:/Xilinx/SDK/2017.2/doc/webtalk_introduction.html.
# webtalk_terminate
INFO: [Common 17-206] Exiting Webtalk at Fri Aug  9 15:22:30 2019...
