#-----------------------------------------------------------
# Vivado v2017.2 (64-bit)
# SW Build 1909853 on Thu Jun 15 18:39:09 MDT 2017
# IP Build 1909766 on Thu Jun 15 19:58:00 MDT 2017
# Start of session at: Mon Aug 19 16:17:16 2019
# Process ID: 7344
# Current directory: C:/Users/lsneler/Desktop/Repo/JPEG_conv/quantizator
# Command line: vivado.exe -gui_launcher_event rodinguilauncherevent3188 C:\Users\lsneler\Desktop\Repo\JPEG_conv\quantizator\quantizator.xpr
# Log file: C:/Users/lsneler/Desktop/Repo/JPEG_conv/quantizator/vivado.log
# Journal file: C:/Users/lsneler/Desktop/Repo/JPEG_conv/quantizator\vivado.jou
#-----------------------------------------------------------
start_gui
open_project C:/Users/lsneler/Desktop/Repo/JPEG_conv/quantizator/quantizator.xpr
INFO: [Project 1-313] Project file moved from 'C:/Users/lsneler/Desktop/Repository/JPEG_conversion/quantizator' since last save.
Scanning sources...
Finished scanning sources
INFO: [IP_Flow 19-234] Refreshing IP repositories
INFO: [IP_Flow 19-1700] Loaded user IP repository 'c:/Users/lsneler/Desktop/Repo/JPEG_conv/IP_Core_repo'.
INFO: [IP_Flow 19-2313] Loaded Vivado IP repository 'C:/Xilinx/Vivado/2017.2/data/ip'.
WARNING: [IP_Flow 19-2162] IP 'DCT_2D_0' is locked:
* The IP Data in the repository is incompatible with the current instance (despite having identical Version and Revision). You will need to upgrade the IP before viewing the customization and generating outputs.
Please select 'Report IP Status' from the 'Tools/Report' menu or run Tcl command 'report_ip_status' for more information.
open_project: Time (s): cpu = 00:00:08 ; elapsed = 00:00:05 . Memory (MB): peak = 780.508 ; gain = 25.840
update_compile_order -fileset sources_1
launch_runs impl_1 -jobs 4
INFO: [Vivado 12-4149] The synthesis checkpoint for IP 'C:/Users/lsneler/Desktop/Repo/JPEG_conv/quantizator/quantizator.srcs/sources_1/ip/div_gen_0/div_gen_0.xci' is already up-to-date
[Mon Aug 19 16:17:40 2019] Launched synth_1...
Run output will be captured here: C:/Users/lsneler/Desktop/Repo/JPEG_conv/quantizator/quantizator.runs/synth_1/runme.log
[Mon Aug 19 16:17:40 2019] Launched impl_1...
Run output will be captured here: C:/Users/lsneler/Desktop/Repo/JPEG_conv/quantizator/quantizator.runs/impl_1/runme.log
ipx::package_project -root_dir C:/Users/lsneler/Desktop/Repo/JPEG_conv/IP_Core_repo/QUANT -vendor domain.local -library user -taxonomy /UserIP -import_files -set_current false -force
WARNING: [IP_Flow 19-4963] div_gen_0 has board value specified. The packaged IP will be restricted to usage with board 'digilentinc.com:zybo:part0:1.0'
INFO: [IP_Flow 19-4753] Inferred signal 'reset' from port 'rst' as interface 'rst'.
INFO: [IP_Flow 19-4753] Inferred signal 'clock' from port 'clk' as interface 'clk'.
INFO: [IP_Flow 19-4728] Bus Interface 'clk': Added interface parameter 'ASSOCIATED_RESET' with value 'rst'.
ipx::unload_core c:/Users/lsneler/Desktop/Repo/JPEG_conv/IP_Core_repo/QUANT/component.xml
ipx::edit_ip_in_project -upgrade true -name tmp_edit_project -directory C:/Users/lsneler/Desktop/Repo/JPEG_conv/IP_Core_repo/QUANT c:/Users/lsneler/Desktop/Repo/JPEG_conv/IP_Core_repo/QUANT/component.xml
INFO: [IP_Flow 19-234] Refreshing IP repositories
INFO: [IP_Flow 19-1704] No user IP repositories specified
INFO: [IP_Flow 19-2313] Loaded Vivado IP repository 'C:/Xilinx/Vivado/2017.2/data/ip'.
INFO: [IP_Flow 19-234] Refreshing IP repositories
INFO: [IP_Flow 19-1700] Loaded user IP repository 'c:/Users/lsneler/Desktop/Repo/JPEG_conv/IP_Core_repo'.
INFO: [IP_Flow 19-795] Syncing license key meta-data
INFO: [IP_Flow 19-793] Syncing display name meta-data
INFO: [IP_Flow 19-798] Syncing taxonomy meta-data
update_compile_order -fileset sources_1
set_property display_name quant [ipx::current_core]
set_property description quant [ipx::current_core]
set_property core_revision 2 [ipx::current_core]
ipx::create_xgui_files [ipx::current_core]
ipx::update_checksums [ipx::current_core]
ipx::save_core [ipx::current_core]
close_project -delete
update_ip_catalog -rebuild -repo_path c:/Users/lsneler/Desktop/Repo/JPEG_conv/IP_Core_repo
INFO: [IP_Flow 19-725] Reloaded user IP repository 'c:/Users/lsneler/Desktop/Repo/JPEG_conv/IP_Core_repo'
upgrade_ip -srcset DCT_2D_0 -vlnv domain.local:user:DCT_2D:1.0 [get_ips  DCT_2D_0] -log ip_upgrade.log
Upgrading 'DCT_2D_0'
INFO: [Project 1-386] Moving file 'C:/Users/lsneler/Desktop/Repo/JPEG_conv/quantizator/quantizator.srcs/sources_1/ip/DCT_2D_0/DCT_2D_0.xci' from fileset 'DCT_2D_0' to fileset 'sources_1'.
INFO: [IP_Flow 19-1972] Upgraded DCT_2D_0 from DCT_2D_v1_0 1.0 to DCT_2D_v1_0 1.0
INFO: [IP_Flow 19-1686] Generating 'Instantiation Template' target for IP 'DCT_2D_0'...
INFO: [Coretcl 2-1525] Wrote upgrade log to 'C:/Users/lsneler/Desktop/Repo/JPEG_conv/quantizator/ip_upgrade.log'.
export_ip_user_files -of_objects [get_ips DCT_2D_0] -no_script -sync -force -quiet
exit
INFO: [Common 17-206] Exiting Vivado at Mon Aug 19 16:20:27 2019...
