
*** Running vivado
    with args -log converter_processing_system7_0_0.vds -m64 -product Vivado -mode batch -messageDb vivado.pb -notrace -source converter_processing_system7_0_0.tcl


****** Vivado v2017.2 (64-bit)
  **** SW Build 1909853 on Thu Jun 15 18:39:09 MDT 2017
  **** IP Build 1909766 on Thu Jun 15 19:58:00 MDT 2017
    ** Copyright 1986-2017 Xilinx, Inc. All Rights Reserved.

source converter_processing_system7_0_0.tcl -notrace
Starting RTL Elaboration : Time (s): cpu = 00:00:03 ; elapsed = 00:00:03 . Memory (MB): peak = 335.535 ; gain = 80.906
INFO: [Synth 8-638] synthesizing module 'converter_processing_system7_0_0' [c:/Users/lsneler/Desktop/Repository/JPEG_conversion/raw2jpeg/raw2jpeg.srcs/sources_1/bd/converter/ip/converter_processing_system7_0_0/synth/converter_processing_system7_0_0.v:60]
INFO: [Synth 8-638] synthesizing module 'processing_system7_v5_5_processing_system7' [c:/Users/lsneler/Desktop/Repository/JPEG_conversion/raw2jpeg/raw2jpeg.srcs/sources_1/bd/converter/ip/converter_processing_system7_0_0/hdl/verilog/processing_system7_v5_5_processing_system7.v:162]
INFO: [Synth 8-638] synthesizing module 'BUFG' [C:/Xilinx/Vivado/2017.2/scripts/rt/data/unisim_comp.v:607]
INFO: [Synth 8-256] done synthesizing module 'BUFG' (1#1) [C:/Xilinx/Vivado/2017.2/scripts/rt/data/unisim_comp.v:607]
INFO: [Synth 8-638] synthesizing module 'BIBUF' [C:/Xilinx/Vivado/2017.2/scripts/rt/data/unisim_comp.v:268]
INFO: [Synth 8-256] done synthesizing module 'BIBUF' (2#1) [C:/Xilinx/Vivado/2017.2/scripts/rt/data/unisim_comp.v:268]
INFO: [Synth 8-638] synthesizing module 'PS7' [C:/Xilinx/Vivado/2017.2/scripts/rt/data/unisim_comp.v:33527]
INFO: [Synth 8-256] done synthesizing module 'PS7' (3#1) [C:/Xilinx/Vivado/2017.2/scripts/rt/data/unisim_comp.v:33527]
INFO: [Synth 8-256] done synthesizing module 'processing_system7_v5_5_processing_system7' (4#1) [c:/Users/lsneler/Desktop/Repository/JPEG_conversion/raw2jpeg/raw2jpeg.srcs/sources_1/bd/converter/ip/converter_processing_system7_0_0/hdl/verilog/processing_system7_v5_5_processing_system7.v:162]
INFO: [Synth 8-256] done synthesizing module 'converter_processing_system7_0_0' (5#1) [c:/Users/lsneler/Desktop/Repository/JPEG_conversion/raw2jpeg/raw2jpeg.srcs/sources_1/bd/converter/ip/converter_processing_system7_0_0/synth/converter_processing_system7_0_0.v:60]
Finished RTL Elaboration : Time (s): cpu = 00:00:05 ; elapsed = 00:00:05 . Memory (MB): peak = 376.617 ; gain = 121.988
Finished RTL Optimization Phase 1 : Time (s): cpu = 00:00:05 ; elapsed = 00:00:05 . Memory (MB): peak = 376.617 ; gain = 121.988
INFO: [Device 21-403] Loading part xc7z010clg400-1
Constraint Validation Runtime : Time (s): cpu = 00:00:00 ; elapsed = 00:00:00.033 . Memory (MB): peak = 599.922 ; gain = 0.000
Finished Constraint Validation : Time (s): cpu = 00:00:14 ; elapsed = 00:00:24 . Memory (MB): peak = 599.922 ; gain = 345.293
Finished Loading Part and Timing Information : Time (s): cpu = 00:00:14 ; elapsed = 00:00:24 . Memory (MB): peak = 599.922 ; gain = 345.293
Finished applying 'set_property' XDC Constraints : Time (s): cpu = 00:00:15 ; elapsed = 00:00:24 . Memory (MB): peak = 599.922 ; gain = 345.293
Finished RTL Optimization Phase 2 : Time (s): cpu = 00:00:15 ; elapsed = 00:00:25 . Memory (MB): peak = 599.922 ; gain = 345.293
Finished Cross Boundary and Area Optimization : Time (s): cpu = 00:00:16 ; elapsed = 00:00:25 . Memory (MB): peak = 599.922 ; gain = 345.293
Finished Applying XDC Timing Constraints : Time (s): cpu = 00:00:27 ; elapsed = 00:00:37 . Memory (MB): peak = 809.773 ; gain = 555.145
Finished Timing Optimization : Time (s): cpu = 00:00:27 ; elapsed = 00:00:37 . Memory (MB): peak = 826.867 ; gain = 572.238
Finished Technology Mapping : Time (s): cpu = 00:00:28 ; elapsed = 00:00:38 . Memory (MB): peak = 828.934 ; gain = 574.305
Finished IO Insertion : Time (s): cpu = 00:00:30 ; elapsed = 00:00:39 . Memory (MB): peak = 828.934 ; gain = 574.305
Finished Renaming Generated Instances : Time (s): cpu = 00:00:30 ; elapsed = 00:00:39 . Memory (MB): peak = 828.934 ; gain = 574.305
Finished Rebuilding User Hierarchy : Time (s): cpu = 00:00:30 ; elapsed = 00:00:39 . Memory (MB): peak = 828.934 ; gain = 574.305
Finished Renaming Generated Ports : Time (s): cpu = 00:00:30 ; elapsed = 00:00:39 . Memory (MB): peak = 828.934 ; gain = 574.305
Finished Handling Custom Attributes : Time (s): cpu = 00:00:30 ; elapsed = 00:00:39 . Memory (MB): peak = 828.934 ; gain = 574.305
Finished Renaming Generated Nets : Time (s): cpu = 00:00:30 ; elapsed = 00:00:40 . Memory (MB): peak = 828.934 ; gain = 574.305

Report Cell Usage: 
+------+------+------+
|      |Cell  |Count |
+------+------+------+
|1     |BIBUF |   130|
|2     |BUFG  |     1|
|3     |LUT1  |   112|
|4     |PS7   |     1|
+------+------+------+
Finished Writing Synthesis Report : Time (s): cpu = 00:00:30 ; elapsed = 00:00:40 . Memory (MB): peak = 828.934 ; gain = 574.305
synth_design: Time (s): cpu = 00:00:31 ; elapsed = 00:00:41 . Memory (MB): peak = 842.461 ; gain = 591.527
