#-----------------------------------------------------------
# Vivado v2017.2 (64-bit)
# SW Build 1909853 on Thu Jun 15 18:39:09 MDT 2017
# IP Build 1909766 on Thu Jun 15 19:58:00 MDT 2017
# Start of session at: Tue Aug  6 09:25:55 2019
# Process ID: 6112
# Current directory: C:/Users/lsneler/Desktop/Repository/JPEG_conversion/register
# Command line: vivado.exe -gui_launcher_event rodinguilauncherevent3132 C:\Users\lsneler\Desktop\Repository\JPEG_conversion\register\register.xpr
# Log file: C:/Users/lsneler/Desktop/Repository/JPEG_conversion/register/vivado.log
# Journal file: C:/Users/lsneler/Desktop/Repository/JPEG_conversion/register\vivado.jou
#-----------------------------------------------------------
start_gui
open_project C:/Users/lsneler/Desktop/Repository/JPEG_conversion/register/register.xpr
Scanning sources...
Finished scanning sources
INFO: [IP_Flow 19-234] Refreshing IP repositories
INFO: [IP_Flow 19-1704] No user IP repositories specified
INFO: [IP_Flow 19-2313] Loaded Vivado IP repository 'C:/Xilinx/Vivado/2017.2/data/ip'.
open_project: Time (s): cpu = 00:00:11 ; elapsed = 00:00:14 . Memory (MB): peak = 711.543 ; gain = 10.621
update_compile_order -fileset sources_1
exit
INFO: [Common 17-206] Exiting Vivado at Tue Aug  6 11:53:06 2019...
