#
# A fatal error has been detected by the Java Runtime Environment:
#
#  EXCEPTION_ACCESS_VIOLATION (0xc0000005) at pc=0x00007ffc1dcfb23a, pid=7036, tid=0x00000000000008d8
#
# JRE version: Java(TM) SE Runtime Environment (8.0_112-b15) (build 1.8.0_112-b15)
# Java VM: Java HotSpot(TM) 64-Bit Server VM (25.112-b15 mixed mode windows-amd64 compressed oops)
# Problematic frame:
# C  [librdi_filemgmt.dll+0x7b23a]
#
# Failed to write core dump. Minidumps are not enabled by default on client versions of Windows
#
# If you would like to submit a bug report, please visit:
#   http://bugreport.java.com/bugreport/crash.jsp
# The crash happened outside the Java Virtual Machine in native code.
# See problematic frame for where to report the bug.
#

---------------  T H R E A D  ---------------

Current thread (0x00000067f9ed1000):  JavaThread "AWT-EventQueue-1" [_thread_in_native, id=2264, stack(0x00000067fa720000,0x00000067fac20000)]

siginfo: ExceptionCode=0xc0000005, reading address 0x0000000000000007

Registers:
RAX=0x0000000000000007, RBX=0x00000067fa223730, RCX=0x0000006801ff52e0, RDX=0x00000067fddc62f0
RSP=0x00000067fac1c220, RBP=0x00000067fac1c410, RSI=0x0000000000000007, RDI=0x00000067fa223730
R8 =0x0000000000000007, R9 =0x00007ffc25382c80, R10=0x00007ffc1dd96ab0, R11=0x00000067fac1c3a0
R12=0x0000000000000000, R13=0x0000000000000001, R14=0x0000000000000000, R15=0x00000067f9ed1000
RIP=0x00007ffc1dcfb23a, EFLAGS=0x0000000000010202

Top of Stack: (sp=0x00000067fac1c220)
0x00000067fac1c220:   00000067f9ed1000 00007ffc25382c80
0x00000067fac1c230:   00000067d5a90080 00000067fac1c3d0
0x00000067fac1c240:   00000007bcf4c2e8 0000000000000000
0x00000067fac1c250:   0000000000000000 00000007bcf4a078
0x00000067fac1c260:   fffffffffffffffe 00000007bcf4a2d0
0x00000067fac1c270:   409db00000000000 00000067f9ed1000
0x00000067fac1c280:   00000067fac1c400 00000007bcf4c298
0x00000067fac1c290:   0000000000000000 0000000000000cdf
0x00000067fac1c2a0:   00000067829071c0 00000067fac1c410
0x00000067fac1c2b0:   00000067fa223730 00007ffc1dcfb536
0x00000067fac1c2c0:   0000000000000000 0000006801ff5310
0x00000067fac1c2d0:   00000067fac1c410 00000007bcf4c2e8
0x00000067fac1c2e0:   0000000000001362 00007ffc1dd96adf
0x00000067fac1c2f0:   00000067f9ed11f8 fffffffffffffffe
0x00000067fac1c300:   0000000000000000 00000067dc2f0000
0x00000067fac1c310:   00000067f9ed11f8 fffffffffffffffe 

Instructions: (pc=0x00007ffc1dcfb23a)
0x00007ffc1dcfb21a:   66 0f 1f 44 00 00 48 8b 47 28 48 8b 48 f8 48 8b
0x00007ffc1dcfb22a:   01 80 79 08 00 0f 84 a3 02 00 00 ff 10 48 8b f0
0x00007ffc1dcfb23a:   48 8b 10 48 8b c8 ff 92 38 01 00 00 84 c0 74 3a
0x00007ffc1dcfb24a:   48 8b 4f 10 e8 bd f0 01 00 84 c0 74 2d 48 8b 4f 


Register to memory mapping:

RAX=0x0000000000000007 is an unknown value
RBX=0x00000067fa223730 is an unknown value
RCX=0x0000006801ff52e0 is an unknown value
RDX=0x00000067fddc62f0 is an unknown value
RSP=0x00000067fac1c220 is pointing into the stack for thread: 0x00000067f9ed1000
RBP=0x00000067fac1c410 is pointing into the stack for thread: 0x00000067f9ed1000
RSI=0x0000000000000007 is an unknown value
RDI=0x00000067fa223730 is an unknown value
R8 =0x0000000000000007 is an unknown value
R9 =0x00007ffc25382c80 is an unknown value
R10=0x00007ffc1dd96ab0 is an unknown value
R11=0x00000067fac1c3a0 is pointing into the stack for thread: 0x00000067f9ed1000
R12=0x0000000000000000 is an unknown value
R13=0x0000000000000001 is an unknown value
R14=0x0000000000000000 is an unknown value
R15=0x00000067f9ed1000 is a thread


Stack: [0x00000067fa720000,0x00000067fac20000],  sp=0x00000067fac1c220,  free space=5104k
Native frames: (J=compiled Java code, j=interpreted, Vv=VM code, C=native code)
C  [librdi_filemgmt.dll+0x7b23a]
C  [librdi_filemgmt.dll+0x7b536]
C  [librdi_filemgmt.dll+0x116adf]
C  0x00000067dc780d9a

Java frames: (J=compiled Java code, j=interpreted, Vv=VM code)
J 8671  ui.data.design.dai.SrcFileIter_next(J)J (0 bytes) @ 0x00000067dc780d01 [0x00000067dc780cc0+0x41]
J 18038 C1 ui.project.r.efe()Z (167 bytes) @ 0x00000067dc33b014 [0x00000067dc339660+0x19b4]
J 18594 C1 ui.views.c.o.m.k(Lui/views/O/f;)Z (8 bytes) @ 0x00000067dd09de94 [0x00000067dd09de00+0x94]
J 15757 C2 ui.views.O.b.l.L(Lui/views/O/s;)Z (51 bytes) @ 0x00000067ddeaea3c [0x00000067ddeae9e0+0x5c]
J 18035 C1 ui.views.O.b.j.createModel()V (997 bytes) @ 0x00000067df5271f4 [0x00000067df525d20+0x14d4]
J 18230 C1 ui.views.O.b.s.update()V (45 bytes) @ 0x00000067deb722cc [0x00000067deb716e0+0xbec]
J 16883 C1 ui.bf.R()V (88 bytes) @ 0x00000067df07285c [0x00000067df072560+0x2fc]
J 18613 C1 ui.g.q.alO()V (44 bytes) @ 0x00000067dd3ebb2c [0x00000067dd3eb400+0x72c]
j  ui.views.waveform.c.b.focusLost(Ljava/awt/event/FocusEvent;)V+176
J 16889 C1 java.awt.AWTEventMulticaster.focusLost(Ljava/awt/event/FocusEvent;)V (27 bytes) @ 0x00000067dd0c7ebc [0x00000067dd0c7ca0+0x21c]
J 16889 C1 java.awt.AWTEventMulticaster.focusLost(Ljava/awt/event/FocusEvent;)V (27 bytes) @ 0x00000067dd0c7ebc [0x00000067dd0c7ca0+0x21c]
J 16889 C1 java.awt.AWTEventMulticaster.focusLost(Ljava/awt/event/FocusEvent;)V (27 bytes) @ 0x00000067dd0c7ebc [0x00000067dd0c7ca0+0x21c]
j  java.awt.Component.processFocusEvent(Ljava/awt/event/FocusEvent;)V+52
J 9377 C2 java.awt.Container.processEvent(Ljava/awt/AWTEvent;)V (22 bytes) @ 0x00000067ddc6daf4 [0x00000067ddc6da20+0xd4]
J 17412 C2 java.awt.Component.dispatchEventImpl(Ljava/awt/AWTEvent;)V (883 bytes) @ 0x00000067df4250d8 [0x00000067df424580+0xb58]
J 17149 C2 java.awt.Container.dispatchEventImpl(Ljava/awt/AWTEvent;)V (129 bytes) @ 0x00000067df2bae9c [0x00000067df2bace0+0x1bc]
J 16077 C1 java.awt.DefaultKeyboardFocusManager.typeAheadAssertions(Ljava/awt/Component;Ljava/awt/AWTEvent;)Z (352 bytes) @ 0x00000067defd88c4 [0x00000067defd6660+0x2264]
J 15084 C2 java.awt.DefaultKeyboardFocusManager.dispatchEvent(Ljava/awt/AWTEvent;)Z (1589 bytes) @ 0x00000067ded1dac4 [0x00000067ded1c240+0x1884]
J 17412 C2 java.awt.Component.dispatchEventImpl(Ljava/awt/AWTEvent;)V (883 bytes) @ 0x00000067df424afc [0x00000067df424580+0x57c]
J 17149 C2 java.awt.Container.dispatchEventImpl(Ljava/awt/AWTEvent;)V (129 bytes) @ 0x00000067df2bae9c [0x00000067df2bace0+0x1bc]
J 11658 C2 java.awt.EventQueue$3.run()Ljava/lang/Object; (5 bytes) @ 0x00000067de43f9b4 [0x00000067de43f5e0+0x3d4]
v  ~StubRoutines::call_stub
J 1613  java.security.AccessController.doPrivileged(Ljava/security/PrivilegedAction;Ljava/security/AccessControlContext;)Ljava/lang/Object; (0 bytes) @ 0x00000067dc68d726 [0x00000067dc68d6c0+0x66]
J 15786 C2 java.awt.EventQueue$4.run()Ljava/lang/Object; (5 bytes) @ 0x00000067def45634 [0x00000067def454a0+0x194]
v  ~StubRoutines::call_stub
J 1613  java.security.AccessController.doPrivileged(Ljava/security/PrivilegedAction;Ljava/security/AccessControlContext;)Ljava/lang/Object; (0 bytes) @ 0x00000067dc68d726 [0x00000067dc68d6c0+0x66]
J 11657 C2 ui.frmwork.a.d.dispatchEvent(Ljava/awt/AWTEvent;)V (30 bytes) @ 0x00000067de4380b4 [0x00000067de437e00+0x2b4]
J 14799 C2 java.awt.EventDispatchThread.pumpOneEventForFilters(I)V (295 bytes) @ 0x00000067dc343edc [0x00000067dc343b80+0x35c]
J 18564% C1 java.awt.EventDispatchThread.pumpEventsForFilter(ILjava/awt/Conditional;Ljava/awt/EventFilter;)V (47 bytes) @ 0x00000067dc366ff4 [0x00000067dc366ca0+0x354]
j  java.awt.EventDispatchThread.pumpEventsForHierarchy(ILjava/awt/Conditional;Ljava/awt/Component;)V+11
j  java.awt.EventDispatchThread.pumpEvents(ILjava/awt/Conditional;)V+4
j  java.awt.EventDispatchThread.pumpEvents(Ljava/awt/Conditional;)V+3
j  java.awt.EventDispatchThread.run()V+9
v  ~StubRoutines::call_stub

---------------  P R O C E S S  ---------------

Java Threads: ( => current thread )
  0x00000067fe8af000 JavaThread "Update Design Hierarchy" [_thread_blocked, id=3348, stack(0x0000006784cb0000,0x00000067851b0000)]
  0x00000067d6441800 JavaThread "Thread-214" [_thread_in_native, id=4660, stack(0x0000006781be0000,0x0000006781ce0000)]
  0x00000067d7fe6800 JavaThread "Thread-189" [_thread_in_native, id=2572, stack(0x00000067822e0000,0x00000067823e0000)]
  0x00000067fb53d000 JavaThread "Thread-112" [_thread_in_native, id=4944, stack(0x0000006780ad0000,0x0000006780bd0000)]
  0x00000067fe148000 JavaThread "Thread-111" [_thread_in_native, id=368, stack(0x00000067809d0000,0x0000006780ad0000)]
  0x00000067f9af7000 JavaThread "Thread-83" [_thread_in_native, id=7484, stack(0x00000067809d0000,0x0000006780ad0000)]
  0x00000067ff12e000 JavaThread "SyntheticaAnimation 50" daemon [_thread_blocked, id=3848, stack(0x0000006786290000,0x0000006786790000)]
  0x00000067fd8da800 JavaThread "Thread-22" [_thread_in_native, id=6892, stack(0x0000006782be0000,0x0000006782ce0000)]
  0x0000006802395800 JavaThread "Thread-21" [_thread_in_native, id=5080, stack(0x0000006782ae0000,0x0000006782be0000)]
  0x0000006801635000 JavaThread "hw_ila_monitor" [_thread_blocked, id=1256, stack(0x0000006783fb0000,0x00000067844b0000)]
  0x00000067fa439800 JavaThread "Update Runs Swing Worker" [_thread_blocked, id=3320, stack(0x0000006783ab0000,0x0000006783fb0000)]
  0x00000067ff410800 JavaThread "Refresh Filesets Swing Worker" [_thread_blocked, id=2180, stack(0x00000067835b0000,0x0000006783ab0000)]
  0x0000006803e97800 JavaThread "SyntheticaAnimation 70" daemon [_thread_blocked, id=6784, stack(0x0000006782eb0000,0x00000067833b0000)]
  0x00000067fdfb0800 JavaThread "SyntheticaAnimation 25" daemon [_thread_blocked, id=4012, stack(0x00000067823e0000,0x00000067828e0000)]
  0x00000067fdbc2800 JavaThread "SyntheticaAnimation 50" daemon [_thread_blocked, id=8024, stack(0x0000006780fd0000,0x00000067814d0000)]
  0x00000067f9da7800 JavaThread "Batik CleanerThread" daemon [_thread_blocked, id=676, stack(0x00000067fc620000,0x00000067fcb20000)]
  0x00000067fb7f7800 JavaThread "SyntheticaCleanerThread" daemon [_thread_blocked, id=7264, stack(0x00000067fb820000,0x00000067fbd20000)]
=>0x00000067f9ed1000 JavaThread "AWT-EventQueue-1" [_thread_in_native, id=2264, stack(0x00000067fa720000,0x00000067fac20000)]
  0x00000067f9ed2000 JavaThread "Process Messages" [_thread_blocked, id=6944, stack(0x00000067f8a40000,0x00000067f8f40000)]
  0x00000067fa1bf800 JavaThread "Thread-2" [_thread_in_native, id=3888, stack(0x00000067d69c0000,0x00000067d7dc0000)]
  0x00000067f61f5000 JavaThread "AWT-Windows" daemon [_thread_in_native, id=6056, stack(0x00000067f7db0000,0x00000067f82b0000)]
  0x00000067f6241800 JavaThread "AWT-Shutdown" [_thread_blocked, id=4532, stack(0x00000067f76b0000,0x00000067f7bb0000)]
  0x00000067f6242800 JavaThread "Java2D Disposer" daemon [_thread_blocked, id=2508, stack(0x00000067f71b0000,0x00000067f76b0000)]
  0x00000067f6153000 JavaThread "TimerQueue" daemon [_thread_blocked, id=1720, stack(0x00000067f6bb0000,0x00000067f70b0000)]
  0x00000067f3825800 JavaThread "Service Thread" daemon [_thread_blocked, id=2432, stack(0x00000067f54a0000,0x00000067f59a0000)]
  0x00000067f3837800 JavaThread "C1 CompilerThread3" daemon [_thread_blocked, id=7704, stack(0x00000067f53a0000,0x00000067f54a0000)]
  0x00000067f3838800 JavaThread "C2 CompilerThread2" daemon [_thread_blocked, id=7824, stack(0x00000067f52a0000,0x00000067f53a0000)]
  0x00000067f383a000 JavaThread "C2 CompilerThread1" daemon [_thread_blocked, id=7116, stack(0x00000067f51a0000,0x00000067f52a0000)]
  0x00000067f3830800 JavaThread "C2 CompilerThread0" daemon [_thread_blocked, id=6964, stack(0x00000067f50a0000,0x00000067f51a0000)]
  0x00000067f3850800 JavaThread "Attach Listener" daemon [_thread_blocked, id=3228, stack(0x00000067f4ba0000,0x00000067f50a0000)]
  0x00000067f3851800 JavaThread "Signal Dispatcher" daemon [_thread_blocked, id=5228, stack(0x00000067f46a0000,0x00000067f4ba0000)]
  0x00000067f388a000 JavaThread "Finalizer" daemon [_thread_blocked, id=6468, stack(0x00000067f40c0000,0x00000067f45c0000)]
  0x00000067f38b5000 JavaThread "Reference Handler" daemon [_thread_blocked, id=2364, stack(0x00000067f3bc0000,0x00000067f40c0000)]
  0x00000067dbf26000 JavaThread "main" [_thread_blocked, id=3100, stack(0x00000067dbfc0000,0x00000067dc0c0000)]

Other Threads:
  0x00000067f38ba000 VMThread [stack: 0x00000067f3ac0000,0x00000067f3bc0000] [id=4176]
  0x00000067f36d7800 WatcherThread [stack: 0x00000067f5ba0000,0x00000067f5ca0000] [id=1404]

VM state:not at safepoint (normal execution)

VM Mutex/Monitor currently owned by a thread: None

Heap:
 PSYoungGen      total 59392K, used 14336K [0x00000007bc400000, 0x00000007c0000000, 0x00000007c0000000)
  eden space 57344K, 22% used [0x00000007bc400000,0x00000007bd0b0b00,0x00000007bfc00000)
  from space 2048K, 65% used [0x00000007bfc00000,0x00000007bfd4f7e0,0x00000007bfe00000)
  to   space 2048K, 0% used [0x00000007bfe00000,0x00000007bfe00000,0x00000007c0000000)
 ParOldGen       total 206848K, used 55691K [0x0000000700000000, 0x000000070ca00000, 0x00000007bc400000)
  object space 206848K, 26% used [0x0000000700000000,0x0000000703662cc8,0x000000070ca00000)
 Metaspace       used 70148K, capacity 70801K, committed 71424K, reserved 1112064K
  class space    used 9312K, capacity 9461K, committed 9472K, reserved 1048576K

Card table byte_map: [0x00000067eb480000,0x00000067eba90000] byte_map_base: 0x00000067e7c80000

Marking Bits: (ParMarkBitMap*) 0x00000000741ea6d0
 Begin Bits: [0x00000067ec880000, 0x00000067ef880000)
 End Bits:   [0x00000067ef880000, 0x00000067f2880000)

Polling page: 0x00000067d5d60000

CodeCache: size=245760Kb used=56053Kb max_used=56064Kb free=189707Kb
 bounds [0x00000067dc0c0000, 0x00000067df7f0000, 0x00000067eb0c0000]
 total_blobs=15183 nmethods=14277 adapters=810
 compilation: enabled

Compilation events (10 events):
Event: 465.888 Thread 0x00000067f3837800 nmethod 18751 0x00000067df7dbad0 code [0x00000067df7dbde0, 0x00000067df7dd2b0]
Event: 465.891 Thread 0x00000067f383a000 nmethod 18750 0x00000067ddf01fd0 code [0x00000067ddf02220, 0x00000067ddf02790]
Event: 465.891 Thread 0x00000067f3838800 18752       4       java.nio.ByteBuffer::<init> (45 bytes)
Event: 465.892 Thread 0x00000067f3838800 nmethod 18752 0x00000067df2305d0 code [0x00000067df230720, 0x00000067df230958]
Event: 465.893 Thread 0x00000067f3837800 18753       3       javax.swing.plaf.basic.BasicProgressBarUI$Handler::propertyChange (52 bytes)
Event: 465.894 Thread 0x00000067f3837800 nmethod 18753 0x00000067de604d50 code [0x00000067de604f20, 0x00000067de605570]
Event: 465.894 Thread 0x00000067f3837800 18754       3       javax.swing.plaf.synth.SynthProgressBarUI::propertyChange (31 bytes)
Event: 465.894 Thread 0x00000067f3837800 nmethod 18754 0x00000067decc7e10 code [0x00000067decc8000, 0x00000067decc88f0]
Event: 465.920 Thread 0x00000067f3837800 18755       3       ui.data.experiment.m::next (5 bytes)
Event: 465.920 Thread 0x00000067f3837800 nmethod 18755 0x00000067dd23e590 code [0x00000067dd23e720, 0x00000067dd23ea00]

GC Heap History (10 events):
Event: 458.068 GC heap before
{Heap before GC invocations=410 (full 133):
 PSYoungGen      total 60416K, used 59808K [0x00000007bc400000, 0x00000007c0000000, 0x00000007c0000000)
  eden space 59392K, 100% used [0x00000007bc400000,0x00000007bfe00000,0x00000007bfe00000)
  from space 1024K, 40% used [0x00000007bff00000,0x00000007bff68000,0x00000007c0000000)
  to   space 1024K, 0% used [0x00000007bfe00000,0x00000007bfe00000,0x00000007bff00000)
 ParOldGen       total 206848K, used 54811K [0x0000000700000000, 0x000000070ca00000, 0x00000007bc400000)
  object space 206848K, 26% used [0x0000000700000000,0x0000000703586fe0,0x000000070ca00000)
 Metaspace       used 70121K, capacity 70801K, committed 71424K, reserved 1112064K
  class space    used 9312K, capacity 9461K, committed 9472K, reserved 1048576K
Event: 458.072 GC heap after
Heap after GC invocations=410 (full 133):
 PSYoungGen      total 60416K, used 1021K [0x00000007bc400000, 0x00000007c0000000, 0x00000007c0000000)
  eden space 59392K, 0% used [0x00000007bc400000,0x00000007bc400000,0x00000007bfe00000)
  from space 1024K, 99% used [0x00000007bfe00000,0x00000007bfeff7e0,0x00000007bff00000)
  to   space 1024K, 0% used [0x00000007bff00000,0x00000007bff00000,0x00000007c0000000)
 ParOldGen       total 206848K, used 54819K [0x0000000700000000, 0x000000070ca00000, 0x00000007bc400000)
  object space 206848K, 26% used [0x0000000700000000,0x0000000703588fe0,0x000000070ca00000)
 Metaspace       used 70121K, capacity 70801K, committed 71424K, reserved 1112064K
  class space    used 9312K, capacity 9461K, committed 9472K, reserved 1048576K
}
Event: 465.032 GC heap before
{Heap before GC invocations=411 (full 133):
 PSYoungGen      total 60416K, used 60413K [0x00000007bc400000, 0x00000007c0000000, 0x00000007c0000000)
  eden space 59392K, 100% used [0x00000007bc400000,0x00000007bfe00000,0x00000007bfe00000)
  from space 1024K, 99% used [0x00000007bfe00000,0x00000007bfeff7e0,0x00000007bff00000)
  to   space 1024K, 0% used [0x00000007bff00000,0x00000007bff00000,0x00000007c0000000)
 ParOldGen       total 206848K, used 54819K [0x0000000700000000, 0x000000070ca00000, 0x00000007bc400000)
  object space 206848K, 26% used [0x0000000700000000,0x0000000703588fe0,0x000000070ca00000)
 Metaspace       used 70134K, capacity 70801K, committed 71424K, reserved 1112064K
  class space    used 9312K, capacity 9461K, committed 9472K, reserved 1048576K
Event: 465.037 GC heap after
Heap after GC invocations=411 (full 133):
 PSYoungGen      total 59392K, used 1021K [0x00000007bc400000, 0x00000007c0000000, 0x00000007c0000000)
  eden space 58368K, 0% used [0x00000007bc400000,0x00000007bc400000,0x00000007bfd00000)
  from space 1024K, 99% used [0x00000007bff00000,0x00000007bffff7e0,0x00000007c0000000)
  to   space 1536K, 0% used [0x00000007bfd00000,0x00000007bfd00000,0x00000007bfe80000)
 ParOldGen       total 206848K, used 55691K [0x0000000700000000, 0x000000070ca00000, 0x00000007bc400000)
  object space 206848K, 26% used [0x0000000700000000,0x0000000703662cc8,0x000000070ca00000)
 Metaspace       used 70134K, capacity 70801K, committed 71424K, reserved 1112064K
  class space    used 9312K, capacity 9461K, committed 9472K, reserved 1048576K
}
Event: 465.330 GC heap before
{Heap before GC invocations=412 (full 133):
 PSYoungGen      total 59392K, used 59389K [0x00000007bc400000, 0x00000007c0000000, 0x00000007c0000000)
  eden space 58368K, 100% used [0x00000007bc400000,0x00000007bfd00000,0x00000007bfd00000)
  from space 1024K, 99% used [0x00000007bff00000,0x00000007bffff7e0,0x00000007c0000000)
  to   space 1536K, 0% used [0x00000007bfd00000,0x00000007bfd00000,0x00000007bfe80000)
 ParOldGen       total 206848K, used 55691K [0x0000000700000000, 0x000000070ca00000, 0x00000007bc400000)
  object space 206848K, 26% used [0x0000000700000000,0x0000000703662cc8,0x000000070ca00000)
 Metaspace       used 70134K, capacity 70801K, committed 71424K, reserved 1112064K
  class space    used 9312K, capacity 9461K, committed 9472K, reserved 1048576K
Event: 465.333 GC heap after
Heap after GC invocations=412 (full 133):
 PSYoungGen      total 59904K, used 1181K [0x00000007bc400000, 0x00000007c0000000, 0x00000007c0000000)
  eden space 58368K, 0% used [0x00000007bc400000,0x00000007bc400000,0x00000007bfd00000)
  from space 1536K, 76% used [0x00000007bfd00000,0x00000007bfe277e0,0x00000007bfe80000)
  to   space 1536K, 0% used [0x00000007bfe80000,0x00000007bfe80000,0x00000007c0000000)
 ParOldGen       total 206848K, used 55691K [0x0000000700000000, 0x000000070ca00000, 0x00000007bc400000)
  object space 206848K, 26% used [0x0000000700000000,0x0000000703662cc8,0x000000070ca00000)
 Metaspace       used 70134K, capacity 70801K, committed 71424K, reserved 1112064K
  class space    used 9312K, capacity 9461K, committed 9472K, reserved 1048576K
}
Event: 465.635 GC heap before
{Heap before GC invocations=413 (full 133):
 PSYoungGen      total 59904K, used 59549K [0x00000007bc400000, 0x00000007c0000000, 0x00000007c0000000)
  eden space 58368K, 100% used [0x00000007bc400000,0x00000007bfd00000,0x00000007bfd00000)
  from space 1536K, 76% used [0x00000007bfd00000,0x00000007bfe277e0,0x00000007bfe80000)
  to   space 1536K, 0% used [0x00000007bfe80000,0x00000007bfe80000,0x00000007c0000000)
 ParOldGen       total 206848K, used 55691K [0x0000000700000000, 0x000000070ca00000, 0x00000007bc400000)
  object space 206848K, 26% used [0x0000000700000000,0x0000000703662cc8,0x000000070ca00000)
 Metaspace       used 70134K, capacity 70801K, committed 71424K, reserved 1112064K
  class space    used 9312K, capacity 9461K, committed 9472K, reserved 1048576K
Event: 465.639 GC heap after
Heap after GC invocations=413 (full 133):
 PSYoungGen      total 58880K, used 1373K [0x00000007bc400000, 0x00000007c0000000, 0x00000007c0000000)
  eden space 57344K, 0% used [0x00000007bc400000,0x00000007bc400000,0x00000007bfc00000)
  from space 1536K, 89% used [0x00000007bfe80000,0x00000007bffd77e0,0x00000007c0000000)
  to   space 2048K, 0% used [0x00000007bfc00000,0x00000007bfc00000,0x00000007bfe00000)
 ParOldGen       total 206848K, used 55691K [0x0000000700000000, 0x000000070ca00000, 0x00000007bc400000)
  object space 206848K, 26% used [0x0000000700000000,0x0000000703662cc8,0x000000070ca00000)
 Metaspace       used 70134K, capacity 70801K, committed 71424K, reserved 1112064K
  class space    used 9312K, capacity 9461K, committed 9472K, reserved 1048576K
}
Event: 465.876 GC heap before
{Heap before GC invocations=414 (full 133):
 PSYoungGen      total 58880K, used 58717K [0x00000007bc400000, 0x00000007c0000000, 0x00000007c0000000)
  eden space 57344K, 100% used [0x00000007bc400000,0x00000007bfc00000,0x00000007bfc00000)
  from space 1536K, 89% used [0x00000007bfe80000,0x00000007bffd77e0,0x00000007c0000000)
  to   space 2048K, 0% used [0x00000007bfc00000,0x00000007bfc00000,0x00000007bfe00000)
 ParOldGen       total 206848K, used 55691K [0x0000000700000000, 0x000000070ca00000, 0x00000007bc400000)
  object space 206848K, 26% used [0x0000000700000000,0x0000000703662cc8,0x000000070ca00000)
 Metaspace       used 70142K, capacity 70801K, committed 71424K, reserved 1112064K
  class space    used 9312K, capacity 9461K, committed 9472K, reserved 1048576K
Event: 465.879 GC heap after
Heap after GC invocations=414 (full 133):
 PSYoungGen      total 59392K, used 1341K [0x00000007bc400000, 0x00000007c0000000, 0x00000007c0000000)
  eden space 57344K, 0% used [0x00000007bc400000,0x00000007bc400000,0x00000007bfc00000)
  from space 2048K, 65% used [0x00000007bfc00000,0x00000007bfd4f7e0,0x00000007bfe00000)
  to   space 2048K, 0% used [0x00000007bfe00000,0x00000007bfe00000,0x00000007c0000000)
 ParOldGen       total 206848K, used 55691K [0x0000000700000000, 0x000000070ca00000, 0x00000007bc400000)
  object space 206848K, 26% used [0x0000000700000000,0x0000000703662cc8,0x000000070ca00000)
 Metaspace       used 70142K, capacity 70801K, committed 71424K, reserved 1112064K
  class space    used 9312K, capacity 9461K, committed 9472K, reserved 1048576K
}

Deoptimization events (10 events):
Event: 365.736 Thread 0x00000067f9ed1000 Uncommon trap: reason=unstable_if action=reinterpret pc=0x00000067def84fd8 method=com.jidesoft.editor.CodeEditorPainter.paintLine(Ljava/awt/Graphics;Lcom/jidesoft/editor/tokenmarker/TokenMarker;IILcom/jidesoft/editor/caret/CaretPosition;Lcom/jidesoft/edit
Event: 367.157 Thread 0x00000067f6153000 Uncommon trap: reason=unstable_if action=reinterpret pc=0x00000067ddfb8514 method=java.util.concurrent.locks.AbstractQueuedSynchronizer.acquireInterruptibly(I)V @ 19
Event: 369.376 Thread 0x00000067f9ed1000 Uncommon trap: reason=unstable_if action=reinterpret pc=0x00000067dd3cf538 method=sun.java2d.pipe.SpanShapeRenderer.renderRect(Lsun/java2d/SunGraphics2D;Ljava/awt/geom/Rectangle2D;)V @ 224
Event: 374.217 Thread 0x00000067f9ed1000 Uncommon trap: reason=unstable_if action=reinterpret pc=0x00000067dec28cac method=javax.swing.text.GapContent.getPositionsInRange(Ljava/util/Vector;II)Ljava/util/Vector; @ 20
Event: 374.217 Thread 0x00000067f9ed1000 Uncommon trap: reason=unstable_if action=reinterpret pc=0x00000067deeca16c method=javax.swing.text.GapVector.close(II)V @ 27
Event: 404.141 Thread 0x00000067f9ed1000 Uncommon trap: reason=unstable_if action=reinterpret pc=0x00000067dd30d084 method=ui.g.n.h.b.f(Ljava/awt/Rectangle;Ljava/awt/Rectangle;)Z @ 39
Event: 404.141 Thread 0x00000067f9ed1000 Uncommon trap: reason=unstable_if action=reinterpret pc=0x00000067dd1af348 method=ui.g.n.h.b.f(Ljava/awt/Rectangle;Ljava/awt/Rectangle;)Z @ 39
Event: 407.017 Thread 0x00000067f9ed1000 Uncommon trap: reason=bimorphic action=maybe_recompile pc=0x00000067de7b9be0 method=javax.swing.JComponent._paintImmediately(IIII)V @ 218
Event: 446.771 Thread 0x00000067f9ed1000 Uncommon trap: reason=bimorphic action=maybe_recompile pc=0x00000067de7b9be0 method=javax.swing.JComponent._paintImmediately(IIII)V @ 218
Event: 454.085 Thread 0x00000067f9ed1000 Uncommon trap: reason=bimorphic action=maybe_recompile pc=0x00000067de7b9be0 method=javax.swing.JComponent._paintImmediately(IIII)V @ 218

Internal exceptions (10 events):
Event: 416.698 Thread 0x00000067f9ed1000 Exception <a 'java/io/FileNotFoundException'> (0x00000007bee90c80) thrown at [C:\re\workspace\8-2-build-windows-amd64-cygwin\jdk8u112\7884\hotspot\src\share\vm\prims\jni.cpp, line 709]
Event: 421.763 Thread 0x00000067f9ed1000 Exception <a 'java/io/FileNotFoundException'> (0x00000007be75f980) thrown at [C:\re\workspace\8-2-build-windows-amd64-cygwin\jdk8u112\7884\hotspot\src\share\vm\prims\jni.cpp, line 709]
Event: 426.699 Thread 0x00000067f9ed1000 Exception <a 'java/io/FileNotFoundException'> (0x00000007be199528) thrown at [C:\re\workspace\8-2-build-windows-amd64-cygwin\jdk8u112\7884\hotspot\src\share\vm\prims\jni.cpp, line 709]
Event: 431.700 Thread 0x00000067f9ed1000 Exception <a 'java/io/FileNotFoundException'> (0x00000007bc690bb8) thrown at [C:\re\workspace\8-2-build-windows-amd64-cygwin\jdk8u112\7884\hotspot\src\share\vm\prims\jni.cpp, line 709]
Event: 436.840 Thread 0x00000067f9ed1000 Exception <a 'java/io/FileNotFoundException'> (0x00000007bdf709e0) thrown at [C:\re\workspace\8-2-build-windows-amd64-cygwin\jdk8u112\7884\hotspot\src\share\vm\prims\jni.cpp, line 709]
Event: 441.701 Thread 0x00000067f9ed1000 Exception <a 'java/io/FileNotFoundException'> (0x00000007bef36358) thrown at [C:\re\workspace\8-2-build-windows-amd64-cygwin\jdk8u112\7884\hotspot\src\share\vm\prims\jni.cpp, line 709]
Event: 446.808 Thread 0x00000067f9ed1000 Exception <a 'java/io/FileNotFoundException'> (0x00000007bd7a8f00) thrown at [C:\re\workspace\8-2-build-windows-amd64-cygwin\jdk8u112\7884\hotspot\src\share\vm\prims\jni.cpp, line 709]
Event: 451.702 Thread 0x00000067f9ed1000 Exception <a 'java/io/FileNotFoundException'> (0x00000007bc515e10) thrown at [C:\re\workspace\8-2-build-windows-amd64-cygwin\jdk8u112\7884\hotspot\src\share\vm\prims\jni.cpp, line 709]
Event: 456.703 Thread 0x00000067f9ed1000 Exception <a 'java/io/FileNotFoundException'> (0x00000007bf773410) thrown at [C:\re\workspace\8-2-build-windows-amd64-cygwin\jdk8u112\7884\hotspot\src\share\vm\prims\jni.cpp, line 709]
Event: 461.703 Thread 0x00000067f9ed1000 Exception <a 'java/io/FileNotFoundException'> (0x00000007bd0b50d0) thrown at [C:\re\workspace\8-2-build-windows-amd64-cygwin\jdk8u112\7884\hotspot\src\share\vm\prims\jni.cpp, line 709]

Events (10 events):
Event: 465.037 Executing VM operation: ParallelGCFailedAllocation done
Event: 465.037 Executing VM operation: RevokeBias
Event: 465.037 Executing VM operation: RevokeBias done
Event: 465.329 Executing VM operation: ParallelGCFailedAllocation
Event: 465.333 Executing VM operation: ParallelGCFailedAllocation done
Event: 465.635 Executing VM operation: ParallelGCFailedAllocation
Event: 465.639 Executing VM operation: ParallelGCFailedAllocation done
Event: 465.875 Executing VM operation: ParallelGCFailedAllocation
Event: 465.879 Executing VM operation: ParallelGCFailedAllocation done
Event: 465.918 Thread 0x00000067fe8af000 Thread added: 0x00000067fe8af000


Dynamic libraries:
0x00007ff6ef750000 - 0x00007ff6ef782000 	C:\Xilinx\Vivado\2017.2\bin\unwrapped\win64.o\vivado.exe
0x00007ffc49130000 - 0x00007ffc492dd000 	C:\Windows\SYSTEM32\ntdll.dll
0x00007ffc46b10000 - 0x00007ffc46c4e000 	C:\Windows\system32\KERNEL32.DLL
0x00007ffc465f0000 - 0x00007ffc46705000 	C:\Windows\system32\KERNELBASE.dll
0x000000000a900000 - 0x000000000a983000 	C:\Xilinx\Vivado\2017.2\lib\win64.o\SHSMP64.dll
0x00007ffc43220000 - 0x00007ffc43234000 	C:\Xilinx\Vivado\2017.2\lib\win64.o\libboost_signals.dll
0x00007ffc2e9e0000 - 0x00007ffc2f5ef000 	C:\Xilinx\Vivado\2017.2\lib\win64.o\librdi_common.dll
0x00007ffc33d00000 - 0x00007ffc33d14000 	C:\Xilinx\Vivado\2017.2\lib\win64.o\librdi_commonmain.dll
0x00007ffc33d90000 - 0x00007ffc33e2b000 	C:\Windows\SYSTEM32\MSVCP140.dll
0x00007ffc35330000 - 0x00007ffc35345000 	C:\Windows\SYSTEM32\VCRUNTIME140.dll
0x00007ffc3a4e0000 - 0x00007ffc3a4e4000 	C:\Windows\SYSTEM32\api-ms-win-crt-runtime-l1-1-0.dll
0x00007ffc39230000 - 0x00007ffc39235000 	C:\Windows\SYSTEM32\api-ms-win-crt-math-l1-1-0.dll
0x00007ffc388f0000 - 0x00007ffc388f4000 	C:\Windows\SYSTEM32\api-ms-win-crt-stdio-l1-1-0.dll
0x00007ffc39270000 - 0x00007ffc39273000 	C:\Windows\SYSTEM32\api-ms-win-crt-locale-l1-1-0.dll
0x00007ffc39590000 - 0x00007ffc39593000 	C:\Windows\SYSTEM32\api-ms-win-crt-heap-l1-1-0.dll
0x00007ffc48ba0000 - 0x00007ffc48d17000 	C:\Windows\system32\USER32.dll
0x00007ffc48860000 - 0x00007ffc4890a000 	C:\Windows\system32\ADVAPI32.dll
0x00007ffc3c730000 - 0x00007ffc3c73a000 	C:\Windows\SYSTEM32\VERSION.dll
0x00007ffc2fd40000 - 0x00007ffc300ae000 	C:\Xilinx\Vivado\2017.2\lib\win64.o\libCOIN-all.dll
0x00007ffc2f9c0000 - 0x00007ffc2fcb1000 	C:\Xilinx\Vivado\2017.2\lib\win64.o\libXil_lmgr11.dll
0x00007ffc31070000 - 0x00007ffc31084000 	C:\Xilinx\Vivado\2017.2\lib\win64.o\libboost_date_time.dll
0x00007ffc2f990000 - 0x00007ffc2f9b6000 	C:\Xilinx\Vivado\2017.2\lib\win64.o\libboost_filesystem.dll
0x00007ffc2f910000 - 0x00007ffc2f98e000 	C:\Xilinx\Vivado\2017.2\lib\win64.o\libboost_program_options.dll
0x00007ffc2e8d0000 - 0x00007ffc2e9dd000 	C:\Xilinx\Vivado\2017.2\lib\win64.o\libboost_regex.dll
0x00007ffc43210000 - 0x00007ffc4321b000 	C:\Xilinx\Vivado\2017.2\lib\win64.o\libboost_system.dll
0x00007ffc2f8f0000 - 0x00007ffc2f910000 	C:\Xilinx\Vivado\2017.2\lib\win64.o\libboost_thread.dll
0x00007ffc31060000 - 0x00007ffc3106f000 	C:\Xilinx\Vivado\2017.2\lib\win64.o\libboost_xilinx.dll
0x00007ffc2f860000 - 0x00007ffc2f8e2000 	C:\Xilinx\Vivado\2017.2\lib\win64.o\libhdlpsolve.dll
0x00007ffc2f7b0000 - 0x00007ffc2f855000 	C:\Xilinx\Vivado\2017.2\lib\win64.o\libhdxml.dll
0x00007ffc2e270000 - 0x00007ffc2e64e000 	C:\Xilinx\Vivado\2017.2\lib\win64.o\libisl_iostreams.dll
0x00007ffc2f780000 - 0x00007ffc2f7ae000 	C:\Xilinx\Vivado\2017.2\lib\win64.o\libisl_sysinfo.dll
0x00000000739d0000 - 0x000000007426a000 	C:\Xilinx\Vivado\2017.2\tps\win64\jre\bin\server\jvm.dll
0x00007ffc2f760000 - 0x00007ffc2f775000 	C:\Xilinx\Vivado\2017.2\lib\win64.o\pthreadVC2.dll
0x00007ffc2e160000 - 0x00007ffc2e261000 	C:\Xilinx\Vivado\2017.2\lib\win64.o\librdi_commonxillic.dll
0x00007ffc2e000000 - 0x00007ffc2e151000 	C:\Xilinx\Vivado\2017.2\lib\win64.o\librdi_curl.dll
0x00007ffc2f720000 - 0x00007ffc2f73c000 	C:\Xilinx\Vivado\2017.2\lib\win64.o\librdiconfig.dll
0x00007ffc2f6f0000 - 0x00007ffc2f711000 	C:\Xilinx\Vivado\2017.2\lib\win64.o\librdizlib.dll
0x00000000738a0000 - 0x00000000739cb000 	C:\Xilinx\Vivado\2017.2\lib\win64.o\tcl85t.dll
0x0000000012000000 - 0x0000000012272000 	C:\Xilinx\Vivado\2017.2\lib\win64.o\xerces-c_3_1.dll
0x00007ffc3f400000 - 0x00007ffc3f721000 	C:\Windows\SYSTEM32\WININET.dll
0x00007ffc3e020000 - 0x00007ffc3e0e7000 	C:\Windows\SYSTEM32\WINHTTP.dll
0x00007ffc3fa00000 - 0x00007ffc3fb85000 	C:\Windows\SYSTEM32\urlmon.dll
0x00007ffc46fb0000 - 0x00007ffc484dc000 	C:\Windows\system32\SHELL32.dll
0x00007ffc2cbd0000 - 0x00007ffc2da61000 	C:\Xilinx\Vivado\2017.2\lib\win64.o\gurobi65.dll
0x00007ffc43640000 - 0x00007ffc43649000 	C:\Windows\SYSTEM32\WSOCK32.dll
0x00007ffc2df30000 - 0x00007ffc2df5e000 	C:\Windows\SYSTEM32\VCOMP140.DLL
0x00007ffc381c0000 - 0x00007ffc381c4000 	C:\Windows\SYSTEM32\api-ms-win-crt-convert-l1-1-0.dll
0x00007ffc38310000 - 0x00007ffc38314000 	C:\Windows\SYSTEM32\api-ms-win-crt-string-l1-1-0.dll
0x00007ffc37ef0000 - 0x00007ffc37ef3000 	C:\Windows\SYSTEM32\api-ms-win-crt-filesystem-l1-1-0.dll
0x00007ffc34420000 - 0x00007ffc34423000 	C:\Windows\SYSTEM32\api-ms-win-crt-utility-l1-1-0.dll
0x00007ffc35620000 - 0x00007ffc35623000 	C:\Windows\SYSTEM32\api-ms-win-crt-time-l1-1-0.dll
0x00007ffc34430000 - 0x00007ffc34433000 	C:\Windows\SYSTEM32\api-ms-win-crt-environment-l1-1-0.dll
0x00007ffc2e840000 - 0x00007ffc2e843000 	C:\Windows\SYSTEM32\api-ms-win-crt-conio-l1-1-0.dll
0x00007ffc2df20000 - 0x00007ffc2df2a000 	C:\Xilinx\Vivado\2017.2\lib\win64.o\librdi_commonversion.dll
0x00007ffc46e50000 - 0x00007ffc46f9b000 	C:\Windows\system32\GDI32.dll
0x00007ffc486e0000 - 0x00007ffc4878a000 	C:\Windows\system32\msvcrt.dll
0x00007ffc467c0000 - 0x00007ffc46819000 	C:\Windows\SYSTEM32\sechost.dll
0x00007ffc485a0000 - 0x00007ffc486e0000 	C:\Windows\system32\RPCRT4.dll
0x00007ffc44750000 - 0x00007ffc44766000 	C:\Windows\SYSTEM32\NETAPI32.dll
0x00007ffc484e0000 - 0x00007ffc48596000 	C:\Windows\system32\COMDLG32.dll
0x00007ffc39b20000 - 0x00007ffc39bc4000 	C:\Windows\WinSxS\amd64_microsoft.windows.common-controls_6595b64144ccf1df_5.82.9600.17810_none_34ae2abd958aedeb\COMCTL32.dll
0x00007ffc46a30000 - 0x00007ffc46af6000 	C:\Windows\system32\OLEAUT32.dll
0x00007ffc48d20000 - 0x00007ffc48eb4000 	C:\Windows\system32\ole32.dll
0x00007ffc2de40000 - 0x00007ffc2df14000 	C:\Windows\SYSTEM32\MSVCR110.dll
0x00007ffc463b0000 - 0x00007ffc46401000 	C:\Windows\system32\WINTRUST.dll
0x00007ffc46410000 - 0x00007ffc465ef000 	C:\Windows\system32\CRYPT32.dll
0x00007ffc30d30000 - 0x00007ffc30e24000 	C:\Windows\SYSTEM32\ucrtbase.DLL
0x00007ffc2de30000 - 0x00007ffc2de3d000 	C:\Xilinx\Vivado\2017.2\lib\win64.o\libboost_chrono.dll
0x00007ffc2de00000 - 0x00007ffc2de1b000 	C:\Xilinx\Vivado\2017.2\lib\win64.o\libboost_iostreams.dll
0x00007ffc2ddd0000 - 0x00007ffc2ddf5000 	C:\Xilinx\Vivado\2017.2\lib\win64.o\libisl_iosutils.dll
0x00007ffc46990000 - 0x00007ffc469ea000 	C:\Windows\system32\WS2_32.dll
0x00007ffc3eba0000 - 0x00007ffc3ebc2000 	C:\Windows\SYSTEM32\WINMM.dll
0x00007ffc46b00000 - 0x00007ffc46b07000 	C:\Windows\system32\PSAPI.DLL
0x00000000737c0000 - 0x0000000073892000 	C:\Windows\SYSTEM32\MSVCR100.dll
0x00007ffc3f730000 - 0x00007ffc3f9fa000 	C:\Windows\SYSTEM32\iertutil.dll
0x00007ffc45820000 - 0x00007ffc45841000 	C:\Windows\SYSTEM32\USERENV.dll
0x00007ffc48920000 - 0x00007ffc48b32000 	C:\Windows\SYSTEM32\combase.dll
0x00007ffc48800000 - 0x00007ffc48854000 	C:\Windows\system32\SHLWAPI.dll
0x00007ffc46380000 - 0x00007ffc463ae000 	C:\Windows\system32\SspiCli.dll
0x00007ffc454c0000 - 0x00007ffc454cc000 	C:\Windows\SYSTEM32\netutils.dll
0x00007ffc460c0000 - 0x00007ffc460e6000 	C:\Windows\SYSTEM32\srvcli.dll
0x00007ffc44a90000 - 0x00007ffc44aa7000 	C:\Windows\SYSTEM32\wkscli.dll
0x00007ffc46310000 - 0x00007ffc46321000 	C:\Windows\system32\MSASN1.dll
0x00007ffc46fa0000 - 0x00007ffc46fa9000 	C:\Windows\system32\NSI.dll
0x00007ffc3e6c0000 - 0x00007ffc3e6ea000 	C:\Windows\SYSTEM32\WINMMBASE.dll
0x00007ffc46260000 - 0x00007ffc46275000 	C:\Windows\SYSTEM32\profapi.dll
0x00007ffc46330000 - 0x00007ffc4637f000 	C:\Windows\SYSTEM32\cfgmgr32.dll
0x00007ffc45070000 - 0x00007ffc45098000 	C:\Windows\SYSTEM32\DEVOBJ.dll
0x00007ffc445b0000 - 0x00007ffc44662000 	C:\Windows\SYSTEM32\SHCORE.DLL
0x00007ffc469f0000 - 0x00007ffc46a26000 	C:\Windows\system32\IMM32.DLL
0x00007ffc46830000 - 0x00007ffc46981000 	C:\Windows\system32\MSCTF.dll
0x00007ffc450c0000 - 0x00007ffc450cb000 	C:\Windows\SYSTEM32\kernel.appcore.dll
0x00007ffc2c760000 - 0x00007ffc2cbc3000 	C:\Xilinx\Vivado\2017.2\lib\win64.o\librdi_commontasks.dll
0x00007ffc2b880000 - 0x00007ffc2baaa000 	C:\Xilinx\Vivado\2017.2\lib\win64.o\librdi_sio.dll
0x00007ffc40280000 - 0x00007ffc402aa000 	C:\Windows\SYSTEM32\IPHLPAPI.DLL
0x00007ffc40260000 - 0x00007ffc4026a000 	C:\Windows\SYSTEM32\WINNSI.DLL
0x00007ffc298f0000 - 0x00007ffc2b871000 	C:\Xilinx\Vivado\2017.2\lib\win64.o\librdi_tcltasks.dll
0x00007ffc29580000 - 0x00007ffc298e2000 	C:\Xilinx\Vivado\2017.2\lib\win64.o\librdi_bitstream.dll
0x00007ffc29400000 - 0x00007ffc29575000 	C:\Xilinx\Vivado\2017.2\lib\win64.o\librdi_board.dll
0x00007ffc2c130000 - 0x00007ffc2c198000 	C:\Xilinx\Vivado\2017.2\lib\win64.o\librdi_boarddep.dll
0x00007ffc291e0000 - 0x00007ffc293f9000 	C:\Xilinx\Vivado\2017.2\lib\win64.o\librdi_chipscope.dll
0x00007ffc276d0000 - 0x00007ffc28bc6000 	C:\Xilinx\Vivado\2017.2\lib\win64.o\librdi_constraints.dll
0x00007ffc275d0000 - 0x00007ffc276ce000 	C:\Xilinx\Vivado\2017.2\lib\win64.o\librdi_containers.dll
0x00007ffc22d60000 - 0x00007ffc2584f000 	C:\Xilinx\Vivado\2017.2\lib\win64.o\librdi_coregen.dll
0x00007ffc1f2d0000 - 0x00007ffc22d5d000 	C:\Xilinx\Vivado\2017.2\lib\win64.o\librdi_designutils.dll
0x00007ffc10560000 - 0x00007ffc1c63b000 	C:\Xilinx\Vivado\2017.2\lib\win64.o\librdi_device.dll
0x00007ffc1e8f0000 - 0x00007ffc1eb50000 	C:\Xilinx\Vivado\2017.2\lib\win64.o\librdi_dlyest.dll
0x00007ffc1e360000 - 0x00007ffc1e863000 	C:\Xilinx\Vivado\2017.2\lib\win64.o\librdi_drc.dll
0x00007ffc1e1c0000 - 0x00007ffc1e28e000 	C:\Xilinx\Vivado\2017.2\lib\win64.o\librdi_dsp.dll
0x00007ffc1dc80000 - 0x00007ffc1e1c0000 	C:\Xilinx\Vivado\2017.2\lib\win64.o\librdi_filemgmt.dll
0x00007ffc1da00000 - 0x00007ffc1dc7a000 	C:\Xilinx\Vivado\2017.2\lib\win64.o\librdi_guitools.dll
0x00007ffc1cae0000 - 0x00007ffc1d9f3000 	C:\Xilinx\Vivado\2017.2\lib\win64.o\librdi_implflow.dll
0x00007ffc0ff60000 - 0x00007ffc10554000 	C:\Xilinx\Vivado\2017.2\lib\win64.o\librdi_memdata.dll
0x00007ffc0b170000 - 0x00007ffc0d0b9000 	C:\Xilinx\Vivado\2017.2\lib\win64.o\librdi_mig.dll
0x00007ffc0fad0000 - 0x00007ffc0ff55000 	C:\Xilinx\Vivado\2017.2\lib\win64.o\librdi_netlist.dll
0x00007ffc1c980000 - 0x00007ffc1c9c1000 	C:\Xilinx\Vivado\2017.2\lib\win64.o\librdi_pfi.dll
0x00007ffc0de70000 - 0x00007ffc0faca000 	C:\Xilinx\Vivado\2017.2\lib\win64.o\librdi_place.dll
0x00007ffc1c7c0000 - 0x00007ffc1c97b000 	C:\Xilinx\Vivado\2017.2\lib\win64.o\librdi_platform.dll
0x00007ffc0d7f0000 - 0x00007ffc0de65000 	C:\Xilinx\Vivado\2017.2\lib\win64.o\librdi_power.dll
0x00007ffc0d0d0000 - 0x00007ffc0d5de000 	C:\Xilinx\Vivado\2017.2\lib\win64.o\librdi_project.dll
0x00007ffc0a5c0000 - 0x00007ffc0aba2000 	C:\Xilinx\Vivado\2017.2\lib\win64.o\librdi_psta.dll
0x00007ffc09ee0000 - 0x00007ffc0a5b3000 	C:\Xilinx\Vivado\2017.2\lib\win64.o\librdi_rsb.dll
0x00007ffc09b60000 - 0x00007ffc09ed8000 	C:\Xilinx\Vivado\2017.2\lib\win64.o\librdi_runs.dll
0x00007ffc1c730000 - 0x00007ffc1c7b9000 	C:\Xilinx\Vivado\2017.2\lib\win64.o\librdi_runsbase.dll
0x00007ffc099b0000 - 0x00007ffc09b5e000 	C:\Xilinx\Vivado\2017.2\lib\win64.o\librdi_simdata.dll
0x00007ffc08de0000 - 0x00007ffc099a9000 	C:\Xilinx\Vivado\2017.2\lib\win64.o\librdi_timing.dll
0x00007ffc1c6c0000 - 0x00007ffc1c725000 	C:\Xilinx\Vivado\2017.2\lib\win64.o\liblmx6.0.dll
0x00007ffc08710000 - 0x00007ffc08dd6000 	C:\Xilinx\Vivado\2017.2\lib\win64.o\librdi_coregenipxact.dll

VM Arguments:
jvm_args: -Dsun.java2d.pmoffscreen=false -Dsun.java2d.d3d=false -Dsun.awt.nopixfmt=true -Xverify:none -Dswing.aatext=true -XX:-UsePerfData -Djdk.map.althashing.threshold=512 -XX:StringTableSize=4072 -XX:NewSize=60m -XX:MaxNewSize=60m -Xms128m -Xmx3072m -Xss5m 
java_command: <unknown>
java_class_path (initial): C:/Xilinx/Vivado/2017.2\lib\classes\alloy.jar;C:/Xilinx/Vivado/2017.2\lib\classes\batik-anim.jar;C:/Xilinx/Vivado/2017.2\lib\classes\batik-awt-util.jar;C:/Xilinx/Vivado/2017.2\lib\classes\batik-bridge.jar;C:/Xilinx/Vivado/2017.2\lib\classes\batik-codec.jar;C:/Xilinx/Vivado/2017.2\lib\classes\batik-css.jar;C:/Xilinx/Vivado/2017.2\lib\classes\batik-dom.jar;C:/Xilinx/Vivado/2017.2\lib\classes\batik-ext.jar;C:/Xilinx/Vivado/2017.2\lib\classes\batik-gui-util.jar;C:/Xilinx/Vivado/2017.2\lib\classes\batik-gvt.jar;C:/Xilinx/Vivado/2017.2\lib\classes\batik-parser.jar;C:/Xilinx/Vivado/2017.2\lib\classes\batik-script.jar;C:/Xilinx/Vivado/2017.2\lib\classes\batik-svg-dom.jar;C:/Xilinx/Vivado/2017.2\lib\classes\batik-swing.jar;C:/Xilinx/Vivado/2017.2\lib\classes\batik-transcoder.jar;C:/Xilinx/Vivado/2017.2\lib\classes\batik-util.jar;C:/Xilinx/Vivado/2017.2\lib\classes\batik-xml.jar;C:/Xilinx/Vivado/2017.2\lib\classes\commons-math-2.2.jar;C:/Xilinx/Vivado/2017.2\lib\classes\dom4j-1.6.1.jar;C:/Xilinx/Vivado/2017.2\lib\classes\forms.jar;C:/Xilinx/Vivado/2017.2\lib\classes\guava-18.0.jar;C:/Xilinx/Vivado/2017.2\lib\classes\help.jar;C:/Xilinx/Vivado/2017.2\lib\classes\hsqldb.jar;C:/Xilinx/Vivado/2017.2\lib\classes\jh.jar;C:/Xilinx/Vivado/2017.2\lib\classes\jide-action.jar;C:/Xilinx/Vivado/2017.2\lib\classes\jide-charts.jar;C:/Xilinx/Vivado/2017.2\lib\classes\jide-common.jar;C:/Xilinx/Vivado/2017.2\lib\classes\jide-components.jar;C:/Xilinx/Vivado/2017.2\lib\classes\jide-dashboard.jar;C:/Xilinx/Vivado/2017.2\lib\classes\jide-data.jar;C:/Xilinx/Vivado/2017.2\lib\classes\jide-dialogs.jar;C:/Xilinx/Vivado/2017.2\lib\classes\jide-diff.jar;C:/Xilinx/Vivado/2017.2\lib\classes\jide-dock.jar;C:/Xilinx/Vivado/2017.2\lib\classes\jide-editor.jar;C:/Xilinx/Vivado/2017.2\lib\classes\jide-gantt.jar;C:/Xilinx/Vivado/2017.2\lib\classes\jide-grids.jar;C:/Xilinx/Vivado/2017.2\lib\classes\jide-pivot.jar;C:/Xilinx/Vivado/2017.2\lib\classes\jide-plaf-jdk7.jar;C:/Xilinx/Vivado/2
Launcher Type: generic

Environment Variables:
PATH=C:/Xilinx/Vivado/2017.2/bin;C:/Xilinx/Vivado/2017.2/lib/win64.o;C:/Xilinx/Vivado/2017.2/tps/win64/jre/bin/server;C:/Xilinx/Vivado/2017.2/tps/win64/jre/bin;C:/Xilinx/SDK/2017.2/bin;C:/Xilinx/Vivado/2017.2/ids_lite/ISE/bin/nt64;C:/Xilinx/Vivado/2017.2/ids_lite/ISE/lib/nt64;C:/Xilinx/Vivado_HLS/2017.2/bin;C:\Program Files (x86)\Common Files\Oracle\Java\javapath;C:\Program Files\MIPS\Simulators\IASim\IASim_4_1_0\bin\Windows64;C:\ProgramData\Oracle\Java\javapath;C:\Python27\;C:\Windows\System32;C:\Windows;C:\Windows\System32\Wbem;C:\Tcl\bin;D:\Xilinx\14.7\ISE_DS\ISE\bin\nt;D:\Xilinx\14.7\ISE_DS\ISE\lib\nt;D:\Xilinx\14.7\ISE_DS;C:\questasim64_10.4d\win64;C:\Xilinx\Vivado\2017.2;d:\questasim64_10.6a\win64;C:\Imperas\bin\Windows32;C:/Xilinx/Vivado/2017.2\tps\mingw\6.2.0\win64.o\nt\bin;C:/Xilinx/Vivado/2017.2\tps\mingw\6.2.0\win64.o\nt\libexec\gcc\x86_64-w64-mingw32\6.2.0
USERNAME=lsneler
OS=Windows_NT
PROCESSOR_IDENTIFIER=Intel64 Family 6 Model 94 Stepping 3, GenuineIntel



---------------  S Y S T E M  ---------------

OS: Windows 8.1 , 64 bit Build 9600 (6.3.9600.17415)

CPU:total 8 (4 cores per cpu, 2 threads per core) family 6 model 94 stepping 3, cmov, cx8, fxsr, mmx, sse, sse2, sse3, ssse3, sse4.1, sse4.2, popcnt, avx, avx2, aes, clmul, erms, rtm, 3dnowpref, lzcnt, ht, tsc, tscinvbit, bmi1, bmi2, adx

Memory: 4k page, physical 16654336k(9385040k free), swap 19144704k(10597692k free)

vm_info: Java HotSpot(TM) 64-Bit Server VM (25.112-b15) for windows-amd64 JRE (1.8.0_112-b15), built on Sep 22 2016 21:31:56 by "java_re" with MS VC++ 10.0 (VS2010)

time: Tue Aug 13 12:05:29 2019
elapsed time: 465 seconds (0d 0h 7m 45s)

