#-----------------------------------------------------------
# Vivado v2017.2 (64-bit)
# SW Build 1909853 on Thu Jun 15 18:39:09 MDT 2017
# IP Build 1909766 on Thu Jun 15 19:58:00 MDT 2017
# Start of session at: Thu Aug  1 11:19:08 2019
# Process ID: 1656
# Current directory: C:/Users/lsneler/Desktop/Repository/JPEG_conversion/combinatoryDCT
# Command line: vivado.exe -gui_launcher_event rodinguilauncherevent1488 C:\Users\lsneler\Desktop\Repository\JPEG_conversion\combinatoryDCT\DCT.xpr
# Log file: C:/Users/lsneler/Desktop/Repository/JPEG_conversion/combinatoryDCT/vivado.log
# Journal file: C:/Users/lsneler/Desktop/Repository/JPEG_conversion/combinatoryDCT\vivado.jou
#-----------------------------------------------------------
start_gui
open_project C:/Users/lsneler/Desktop/Repository/JPEG_conversion/combinatoryDCT/DCT.xpr
INFO: [Project 1-313] Project file moved from 'C:/Users/lsneler/Desktop/Repository/DCT/combinatoryDCT' since last save.
CRITICAL WARNING: [Project 1-19] Could not find the file 'C:/users/lsneler/desktop/repository/dct/combinatorydct/component.xml'.
CRITICAL WARNING: [Project 1-311] Could not find the file 'C:/Users/lsneler/Desktop/Repository/JPEG_conversion/combinatoryDCT/tb_DCT_behav.wcfg', nor could it be found using path 'C:/Users/lsneler/Desktop/Repository/DCT/combinatoryDCT/tb_DCT_behav.wcfg'.
CRITICAL WARNING: [Project 1-311] Could not find the file 'C:/Users/lsneler/Desktop/Repository/JPEG_conversion/combinatoryDCT/tb_DCT_behav1.wcfg', nor could it be found using path 'C:/Users/lsneler/Desktop/Repository/DCT/combinatoryDCT/tb_DCT_behav1.wcfg'.
CRITICAL WARNING: [Project 1-311] Could not find the file 'C:/Users/lsneler/Desktop/Repository/JPEG_conversion/combinatoryDCT/tb_DCT_behav2.wcfg', nor could it be found using path 'C:/Users/lsneler/Desktop/Repository/DCT/combinatoryDCT/tb_DCT_behav2.wcfg'.
CRITICAL WARNING: [Project 1-311] Could not find the file 'C:/Users/lsneler/Desktop/Repository/JPEG_conversion/combinatoryDCT/tb_DCT_behav3.wcfg', nor could it be found using path 'C:/Users/lsneler/Desktop/Repository/DCT/combinatoryDCT/tb_DCT_behav3.wcfg'.
Scanning sources...
Finished scanning sources
WARNING: [filemgmt 56-3] IP Repository Path: Could not find the directory 'C:/users/lsneler/desktop/repository/dct/combinatorydct'.
INFO: [IP_Flow 19-234] Refreshing IP repositories
WARNING: [IP_Flow 19-2248] Failed to load user IP repository 'c:/users/lsneler/desktop/repository/dct/combinatorydct'; Can't find the specified path.
If this directory should no longer be in your list of user repositories, go to the IP Settings dialog and remove it.
INFO: [IP_Flow 19-2313] Loaded Vivado IP repository 'C:/Xilinx/Vivado/2017.2/data/ip'.
update_compile_order -fileset sources_1
ipx::package_project -root_dir c:/users/lsneler/desktop/repository -vendor domain.local -library user -taxonomy /UserIP
INFO: [IP_Flow 19-4753] Inferred signal 'reset' from port 'rst' as interface 'rst'.
INFO: [IP_Flow 19-4753] Inferred signal 'clock' from port 'clk' as interface 'clk'.
INFO: [IP_Flow 19-4728] Bus Interface 'clk': Added interface parameter 'ASSOCIATED_RESET' with value 'rst'.
set_property display_name DCT_2D [ipx::current_core]
set_property description DCT_2D [ipx::current_core]
exit
INFO: [Common 17-206] Exiting Vivado at Thu Aug  1 11:27:19 2019...
