#-----------------------------------------------------------
# Vivado v2017.2 (64-bit)
# SW Build 1909853 on Thu Jun 15 18:39:09 MDT 2017
# IP Build 1909766 on Thu Jun 15 19:58:00 MDT 2017
# Start of session at: Wed Jul 31 09:28:48 2019
# Process ID: 6804
# Current directory: C:/Users/lsneler/Desktop/Repository/DCT/combinatoryDCT
# Command line: vivado.exe -gui_launcher_event rodinguilauncherevent4428 C:\Users\lsneler\Desktop\Repository\DCT\combinatoryDCT\DCT.xpr
# Log file: C:/Users/lsneler/Desktop/Repository/DCT/combinatoryDCT/vivado.log
# Journal file: C:/Users/lsneler/Desktop/Repository/DCT/combinatoryDCT\vivado.jou
#-----------------------------------------------------------
start_gui
open_project C:/Users/lsneler/Desktop/Repository/DCT/combinatoryDCT/DCT.xpr
Scanning sources...
Finished scanning sources
INFO: [IP_Flow 19-234] Refreshing IP repositories
INFO: [IP_Flow 19-1704] No user IP repositories specified
INFO: [IP_Flow 19-2313] Loaded Vivado IP repository 'C:/Xilinx/Vivado/2017.2/data/ip'.
open_project: Time (s): cpu = 00:00:08 ; elapsed = 00:00:11 . Memory (MB): peak = 720.789 ; gain = 17.664
update_compile_order -fileset sources_1
update_compile_order -fileset sources_1
update_compile_order -fileset sources_1
update_compile_order -fileset sources_1
update_compile_order -fileset sources_1
update_compile_order -fileset sources_1
update_compile_order -fileset sources_1
update_compile_order -fileset sources_1
launch_simulation
INFO: [SIM-utils-51] Simulation object is 'sim_1'
INFO: [SIM-utils-54] Inspecting design source files for 'tb_DCT_2D' in fileset 'sim_1'...
INFO: [USF-XSim-97] Finding global include files...
INFO: [USF-XSim-98] Fetching design files from 'sim_1'...
INFO: [USF-XSim-2] XSim::Compile design
INFO: [USF-XSim-61] Executing 'COMPILE and ANALYZE' step in 'C:/Users/lsneler/Desktop/Repository/DCT/combinatoryDCT/DCT.sim/sim_1/behav'
"xvlog -m64 --relax -prj tb_DCT_2D_vlog.prj"
INFO: [VRFC 10-2263] Analyzing Verilog file "C:/Users/lsneler/Desktop/Repository/DCT/combinatoryDCT/DCT.srcs/sources_1/imports/combinatoryDCT/DCT.v" into library xil_defaultlib
INFO: [VRFC 10-311] analyzing module DCT
INFO: [VRFC 10-2263] Analyzing Verilog file "C:/Users/lsneler/Desktop/Repository/DCT/combinatoryDCT/DCT.srcs/sources_1/new/DCT_2D.v" into library xil_defaultlib
INFO: [VRFC 10-311] analyzing module DCT_2D
INFO: [VRFC 10-2263] Analyzing Verilog file "C:/Users/lsneler/Desktop/Repository/DCT/combinatoryDCT/DCT.srcs/sources_1/new/RAM.v" into library xil_defaultlib
INFO: [VRFC 10-311] analyzing module RAM
INFO: [VRFC 10-2263] Analyzing Verilog file "C:/Users/lsneler/Desktop/Repository/DCT/combinatoryDCT/DCT.srcs/sim_1/imports/combinatoryDCT/clk_gen.v" into library xil_defaultlib
INFO: [VRFC 10-311] analyzing module clk_gen
INFO: [VRFC 10-2263] Analyzing Verilog file "C:/Users/lsneler/Desktop/Repository/DCT/combinatoryDCT/DCT.srcs/sources_1/imports/modules_to_import/delay.v" into library xil_defaultlib
INFO: [VRFC 10-311] analyzing module delay
INFO: [VRFC 10-2263] Analyzing Verilog file "C:/Users/lsneler/Desktop/Repository/DCT/combinatoryDCT/DCT.srcs/sources_1/new/full_adder.v" into library xil_defaultlib
INFO: [VRFC 10-311] analyzing module full_adder
INFO: [VRFC 10-2263] Analyzing Verilog file "C:/Users/lsneler/Desktop/Repository/DCT/combinatoryDCT/DCT.srcs/sources_1/imports/combinatoryDCT/full_subtractor.v" into library xil_defaultlib
INFO: [VRFC 10-311] analyzing module full_subtractor
INFO: [VRFC 10-2263] Analyzing Verilog file "C:/Users/lsneler/Desktop/Repository/DCT/combinatoryDCT/DCT.srcs/sources_1/imports/combinatoryDCT/mux_2i.v" into library xil_defaultlib
INFO: [VRFC 10-311] analyzing module mux_2i
INFO: [VRFC 10-2263] Analyzing Verilog file "C:/Users/lsneler/Desktop/Repository/DCT/combinatoryDCT/DCT.srcs/sources_1/imports/combinatoryDCT/mux_3i.v" into library xil_defaultlib
INFO: [VRFC 10-311] analyzing module mux_3i
INFO: [VRFC 10-2263] Analyzing Verilog file "C:/Users/lsneler/Desktop/Repository/DCT/combinatoryDCT/DCT.srcs/sources_1/imports/combinatoryDCT/reg.v" into library xil_defaultlib
INFO: [VRFC 10-311] analyzing module register
INFO: [VRFC 10-2263] Analyzing Verilog file "C:/Users/lsneler/Desktop/Repository/DCT/combinatoryDCT/DCT.srcs/sources_1/imports/combinatoryDCT/reg_mult.v" into library xil_defaultlib
INFO: [VRFC 10-311] analyzing module reg_mult
INFO: [VRFC 10-2263] Analyzing Verilog file "C:/Users/lsneler/Desktop/Repository/DCT/combinatoryDCT/DCT.srcs/sim_1/new/tb_DCT_2D.v" into library xil_defaultlib
INFO: [VRFC 10-311] analyzing module tb_DCT_2D
INFO: [VRFC 10-2263] Analyzing Verilog file "C:/Users/lsneler/Desktop/Repository/DCT/combinatoryDCT/DCT.sim/sim_1/behav/glbl.v" into library xil_defaultlib
INFO: [VRFC 10-311] analyzing module glbl
INFO: [USF-XSim-69] 'compile' step finished in '1' seconds
INFO: [USF-XSim-3] XSim::Elaborate design
INFO: [USF-XSim-61] Executing 'ELABORATE' step in 'C:/Users/lsneler/Desktop/Repository/DCT/combinatoryDCT/DCT.sim/sim_1/behav'
Vivado Simulator 2017.2
Copyright 1986-1999, 2001-2016 Xilinx, Inc. All Rights Reserved.
Running: C:/Xilinx/Vivado/2017.2/bin/unwrapped/win64.o/xelab.exe -wto 315fc604a1a84fd78716f145404ef2f4 --debug typical --relax --mt 2 -L xil_defaultlib -L unisims_ver -L unimacro_ver -L secureip --snapshot tb_DCT_2D_behav xil_defaultlib.tb_DCT_2D xil_defaultlib.glbl -log elaborate.log 
Using 2 slave threads.
Starting static elaboration
WARNING: [VRFC 10-278] actual bit length 11 differs from formal bit length 8 for port pixel_in [C:/Users/lsneler/Desktop/Repository/DCT/combinatoryDCT/DCT.srcs/sim_1/new/tb_DCT_2D.v:77]
WARNING: [VRFC 10-278] actual bit length 8 differs from formal bit length 11 for port pixel_in [C:/Users/lsneler/Desktop/Repository/DCT/combinatoryDCT/DCT.srcs/sources_1/new/DCT_2D.v:48]
WARNING: [VRFC 10-278] actual bit length 14 differs from formal bit length 16 for port i0 [C:/Users/lsneler/Desktop/Repository/DCT/combinatoryDCT/DCT.srcs/sources_1/imports/combinatoryDCT/DCT.v:65]
WARNING: [VRFC 10-278] actual bit length 13 differs from formal bit length 14 for port S [C:/Users/lsneler/Desktop/Repository/DCT/combinatoryDCT/DCT.srcs/sources_1/imports/combinatoryDCT/DCT.v:71]
WARNING: [VRFC 10-278] actual bit length 15 differs from formal bit length 16 for port S [C:/Users/lsneler/Desktop/Repository/DCT/combinatoryDCT/DCT.srcs/sources_1/imports/combinatoryDCT/DCT.v:74]
WARNING: [VRFC 10-278] actual bit length 13 differs from formal bit length 14 for port S [C:/Users/lsneler/Desktop/Repository/DCT/combinatoryDCT/DCT.srcs/sources_1/imports/combinatoryDCT/DCT.v:77]
WARNING: [VRFC 10-278] actual bit length 15 differs from formal bit length 16 for port S [C:/Users/lsneler/Desktop/Repository/DCT/combinatoryDCT/DCT.srcs/sources_1/imports/combinatoryDCT/DCT.v:79]
Completed static elaboration
Starting simulation data flow analysis
Completed simulation data flow analysis
Time Resolution for simulation is 1ps
Compiling module xil_defaultlib.clk_gen
Compiling module xil_defaultlib.RAM(WIDTH=11)
Compiling module xil_defaultlib.delay(reg_width=12)
Compiling module xil_defaultlib.register(WIDTH=12,DELAY=2)
Compiling module xil_defaultlib.register(WIDTH=12,DELAY=1)
Compiling module xil_defaultlib.delay(reg_width=13)
Compiling module xil_defaultlib.register(WIDTH=13,DELAY=2)
Compiling module xil_defaultlib.delay(reg_width=14)
Compiling module xil_defaultlib.register(WIDTH=14,DELAY=2)
Compiling module xil_defaultlib.register(WIDTH=14,DELAY=1)
Compiling module xil_defaultlib.delay(reg_width=15)
Compiling module xil_defaultlib.register(WIDTH=15,DELAY=1)
Compiling module xil_defaultlib.register(WIDTH=13,DELAY=1)
Compiling module xil_defaultlib.mux_3i(WIDTH_I0=12,WIDTH_I1=12,W...
Compiling module xil_defaultlib.mux_3i(WIDTH_I0=16,WIDTH_I1=13,W...
Compiling module xil_defaultlib.mux_3i(WIDTH_I0=13,WIDTH_I1=13,W...
Compiling module xil_defaultlib.mux_3i(WIDTH_I0=13,WIDTH_I1=14,W...
Compiling module xil_defaultlib.full_adder(WIDTH=11)
Compiling module xil_defaultlib.full_adder(WIDTH=12)
Compiling module xil_defaultlib.full_adder(WIDTH=13)
Compiling module xil_defaultlib.full_adder(WIDTH=14)
Compiling module xil_defaultlib.full_adder(WIDTH=15)
Compiling module xil_defaultlib.full_subtractor(WIDTH=11)
Compiling module xil_defaultlib.full_subtractor(WIDTH=13)
Compiling module xil_defaultlib.full_subtractor(WIDTH=15)
Compiling module xil_defaultlib.reg_mult
Compiling module xil_defaultlib.mux_2i(WIDTH_I0=12,WIDTH_I1=12,W...
Compiling module xil_defaultlib.mux_2i(WIDTH_I0=14,WIDTH_I1=14,W...
Compiling module xil_defaultlib.mux_2i(WIDTH_I0=13,WIDTH_I1=13,W...
Compiling module xil_defaultlib.mux_2i(WIDTH_I0=15,WIDTH_I1=15,W...
Compiling module xil_defaultlib.DCT
Compiling module xil_defaultlib.DCT_2D
Compiling module xil_defaultlib.tb_DCT_2D
Compiling module xil_defaultlib.glbl
Built simulation snapshot tb_DCT_2D_behav

****** Webtalk v2017.2 (64-bit)
  **** SW Build 1909853 on Thu Jun 15 18:39:09 MDT 2017
  **** IP Build 1909766 on Thu Jun 15 19:58:00 MDT 2017
    ** Copyright 1986-2017 Xilinx, Inc. All Rights Reserved.

source C:/Users/lsneler/Desktop/Repository/DCT/combinatoryDCT/DCT.sim/sim_1/behav/xsim.dir/tb_DCT_2D_behav/webtalk/xsim_webtalk.tcl -notrace
INFO: [Common 17-186] 'C:/Users/lsneler/Desktop/Repository/DCT/combinatoryDCT/DCT.sim/sim_1/behav/xsim.dir/tb_DCT_2D_behav/webtalk/usage_statistics_ext_xsim.xml' has been successfully sent to Xilinx on Wed Jul 31 10:24:19 2019. For additional details about this file, please refer to the WebTalk help file at C:/Xilinx/Vivado/2017.2/doc/webtalk_introduction.html.
INFO: [Common 17-206] Exiting Webtalk at Wed Jul 31 10:24:19 2019...
run_program: Time (s): cpu = 00:00:00 ; elapsed = 00:00:06 . Memory (MB): peak = 799.590 ; gain = 0.000
INFO: [USF-XSim-69] 'elaborate' step finished in '6' seconds
INFO: [USF-XSim-4] XSim::Simulate design
INFO: [USF-XSim-61] Executing 'SIMULATE' step in 'C:/Users/lsneler/Desktop/Repository/DCT/combinatoryDCT/DCT.sim/sim_1/behav'
INFO: [USF-XSim-98] *** Running xsim
   with args "tb_DCT_2D_behav -key {Behavioral:sim_1:Functional:tb_DCT_2D} -tclbatch {tb_DCT_2D.tcl} -view {C:/Users/lsneler/Desktop/Repository/DCT/combinatoryDCT/tb_DCT_behav.wcfg} -view {C:/Users/lsneler/Desktop/Repository/DCT/combinatoryDCT/tb_DCT_behav1.wcfg} -view {C:/Users/lsneler/Desktop/Repository/DCT/combinatoryDCT/tb_DCT_behav2.wcfg} -log {simulate.log}"
INFO: [USF-XSim-8] Loading simulator feature
Vivado Simulator 2017.2
Time resolution is 1 ps
open_wave_config C:/Users/lsneler/Desktop/Repository/DCT/combinatoryDCT/tb_DCT_behav.wcfg
WARNING: Simulation object /tb_DCT/clk was not found in the design.
WARNING: Simulation object /tb_DCT/cnt was not found in the design.
WARNING: Simulation object /tb_DCT/rst was not found in the design.
WARNING: Simulation object /tb_DCT/start was not found in the design.
WARNING: Simulation object /tb_DCT/pixel_in was not found in the design.
WARNING: Simulation object /tb_DCT/pixel_out was not found in the design.
WARNING: Simulation object /tb_DCT/oRAM was not found in the design.
WARNING: Simulation object /tb_DCT/i_r1 was not found in the design.
WARNING: Simulation object /tb_DCT/o_r1 was not found in the design.
WARNING: Simulation object /tb_DCT/i_r2 was not found in the design.
WARNING: Simulation object /tb_DCT/o_r2 was not found in the design.
WARNING: Simulation object /tb_DCT/o_r3 was not found in the design.
WARNING: Simulation object /tb_DCT/o_r4 was not found in the design.
WARNING: Simulation object /tb_DCT/o_r12 was not found in the design.
WARNING: Simulation object /tb_DCT/o_mo2 was not found in the design.
WARNING: Simulation object /tb_DCT/o_r21 was not found in the design.
WARNING: Simulation object /tb_DCT/i_r5 was not found in the design.
WARNING: Simulation object /tb_DCT/o_r5 was not found in the design.
WARNING: Simulation object /tb_DCT/o_r6 was not found in the design.
WARNING: Simulation object /tb_DCT/o_mo1 was not found in the design.
WARNING: Simulation object /tb_DCT/i_r8 was not found in the design.
WARNING: Simulation object /tb_DCT/i_mo5 was not found in the design.
WARNING: Simulation object /tb_DCT/o_mo5 was not found in the design.
WARNING: Simulation object /tb_DCT/o_r13 was not found in the design.
WARNING: Simulation object /tb_DCT/o_r14 was not found in the design.
WARNING: Simulation object /tb_DCT/o_r16 was not found in the design.
WARNING: Simulation object /tb_DCT/o_r17 was not found in the design.
WARNING: Simulation object /tb_DCT/o_r18 was not found in the design.
WARNING: Simulation object /tb_DCT/o_mo6 was not found in the design.
WARNING: Simulation object /tb_DCT/o_r22 was not found in the design.
WARNING: Simulation object /tb_DCT/i_r7 was not found in the design.
WARNING: Simulation object /tb_DCT/o_r7 was not found in the design.
WARNING: Simulation object /tb_DCT/o_mo3 was not found in the design.
WARNING: Simulation object /tb_DCT/o_r8 was not found in the design.
WARNING: Simulation object /tb_DCT/o_r9 was not found in the design.
WARNING: Simulation object /tb_DCT/o_r10 was not found in the design.
WARNING: Simulation object /tb_DCT/o_mo4 was not found in the design.
WARNING: Simulation object /tb_DCT/i_r19 was not found in the design.
WARNING: Simulation object /tb_DCT/o_r19 was not found in the design.
WARNING: Simulation object /tb_DCT/i_r11 was not found in the design.
WARNING: Simulation object /tb_DCT/o_r11 was not found in the design.
WARNING: Simulation object /tb_DCT/o_mo7 was not found in the design.
WARNING: Simulation object /tb_DCT/i_odd was not found in the design.
WARNING: Simulation object /tb_DCT/i_r20 was not found in the design.
WARNING: Simulation object /tb_DCT/i_even was not found in the design.
open_wave_config C:/Users/lsneler/Desktop/Repository/DCT/combinatoryDCT/tb_DCT_behav1.wcfg
WARNING: Simulation object /tb_DCT/clk was not found in the design.
WARNING: Simulation object /tb_DCT/cnt was not found in the design.
WARNING: Simulation object /tb_DCT/rst was not found in the design.
WARNING: Simulation object /tb_DCT/start was not found in the design.
WARNING: Simulation object /tb_DCT/i_r5 was not found in the design.
WARNING: Simulation object /tb_DCT/o_r13 was not found in the design.
WARNING: Simulation object /tb_DCT/pixel_in was not found in the design.
WARNING: Simulation object /tb_DCT/oRAM was not found in the design.
WARNING: Simulation object /tb_DCT/pixel_out was not found in the design.
WARNING: Simulation object /tb_DCT/STATE was not found in the design.
WARNING: Simulation object /tb_DCT/o_mo1 was not found in the design.
WARNING: Simulation object /tb_DCT/o_mo2 was not found in the design.
WARNING: Simulation object /tb_DCT/o_r13 was not found in the design.
open_wave_config C:/Users/lsneler/Desktop/Repository/DCT/combinatoryDCT/tb_DCT_behav2.wcfg
WARNING: Simulation object /tb_DCT/clk was not found in the design.
WARNING: Simulation object /tb_DCT/cnt was not found in the design.
WARNING: Simulation object /tb_DCT/rst was not found in the design.
WARNING: Simulation object /tb_DCT/start was not found in the design.
WARNING: Simulation object /tb_DCT/pixel_in was not found in the design.
WARNING: Simulation object /tb_DCT/pixel_out was not found in the design.
source tb_DCT_2D.tcl
# set curr_wave [current_wave_config]
# if { [string length $curr_wave] == 0 } {
#   if { [llength [get_objects]] > 0} {
#     add_wave /
#     set_property needs_save false [current_wave_config]
#   } else {
#      send_msg_id Add_Wave-1 WARNING "No top level signals found. Simulator will start without a wave window. If you want to open a wave window go to 'File->New Waveform Configuration' or type 'create_wave_config' in the TCL console."
#   }
# }
# run 1000ns
INFO: [USF-XSim-96] XSim completed. Design snapshot 'tb_DCT_2D_behav' loaded.
INFO: [USF-XSim-97] XSim simulation ran for 1000ns
launch_simulation: Time (s): cpu = 00:00:05 ; elapsed = 00:00:11 . Memory (MB): peak = 826.254 ; gain = 26.664
relaunch_sim
INFO: [SIM-utils-51] Simulation object is 'sim_1'
INFO: [SIM-utils-54] Inspecting design source files for 'tb_DCT_2D' in fileset 'sim_1'...
INFO: [USF-XSim-97] Finding global include files...
INFO: [USF-XSim-98] Fetching design files from 'sim_1'...
INFO: [USF-XSim-2] XSim::Compile design
INFO: [USF-XSim-61] Executing 'COMPILE and ANALYZE' step in 'C:/Users/lsneler/Desktop/Repository/DCT/combinatoryDCT/DCT.sim/sim_1/behav'
"xvlog -m64 --relax -prj tb_DCT_2D_vlog.prj"
INFO: [VRFC 10-2263] Analyzing Verilog file "C:/Users/lsneler/Desktop/Repository/DCT/combinatoryDCT/DCT.srcs/sources_1/imports/combinatoryDCT/DCT.v" into library xil_defaultlib
INFO: [VRFC 10-311] analyzing module DCT
INFO: [VRFC 10-2263] Analyzing Verilog file "C:/Users/lsneler/Desktop/Repository/DCT/combinatoryDCT/DCT.srcs/sources_1/new/DCT_2D.v" into library xil_defaultlib
INFO: [VRFC 10-311] analyzing module DCT_2D
INFO: [VRFC 10-2263] Analyzing Verilog file "C:/Users/lsneler/Desktop/Repository/DCT/combinatoryDCT/DCT.srcs/sources_1/new/RAM.v" into library xil_defaultlib
INFO: [VRFC 10-311] analyzing module RAM
INFO: [VRFC 10-2263] Analyzing Verilog file "C:/Users/lsneler/Desktop/Repository/DCT/combinatoryDCT/DCT.srcs/sim_1/imports/combinatoryDCT/clk_gen.v" into library xil_defaultlib
INFO: [VRFC 10-311] analyzing module clk_gen
INFO: [VRFC 10-2263] Analyzing Verilog file "C:/Users/lsneler/Desktop/Repository/DCT/combinatoryDCT/DCT.srcs/sources_1/imports/modules_to_import/delay.v" into library xil_defaultlib
INFO: [VRFC 10-311] analyzing module delay
INFO: [VRFC 10-2263] Analyzing Verilog file "C:/Users/lsneler/Desktop/Repository/DCT/combinatoryDCT/DCT.srcs/sources_1/new/full_adder.v" into library xil_defaultlib
INFO: [VRFC 10-311] analyzing module full_adder
INFO: [VRFC 10-2263] Analyzing Verilog file "C:/Users/lsneler/Desktop/Repository/DCT/combinatoryDCT/DCT.srcs/sources_1/imports/combinatoryDCT/full_subtractor.v" into library xil_defaultlib
INFO: [VRFC 10-311] analyzing module full_subtractor
INFO: [VRFC 10-2263] Analyzing Verilog file "C:/Users/lsneler/Desktop/Repository/DCT/combinatoryDCT/DCT.srcs/sources_1/imports/combinatoryDCT/mux_2i.v" into library xil_defaultlib
INFO: [VRFC 10-311] analyzing module mux_2i
INFO: [VRFC 10-2263] Analyzing Verilog file "C:/Users/lsneler/Desktop/Repository/DCT/combinatoryDCT/DCT.srcs/sources_1/imports/combinatoryDCT/mux_3i.v" into library xil_defaultlib
INFO: [VRFC 10-311] analyzing module mux_3i
INFO: [VRFC 10-2263] Analyzing Verilog file "C:/Users/lsneler/Desktop/Repository/DCT/combinatoryDCT/DCT.srcs/sources_1/imports/combinatoryDCT/reg.v" into library xil_defaultlib
INFO: [VRFC 10-311] analyzing module register
INFO: [VRFC 10-2263] Analyzing Verilog file "C:/Users/lsneler/Desktop/Repository/DCT/combinatoryDCT/DCT.srcs/sources_1/imports/combinatoryDCT/reg_mult.v" into library xil_defaultlib
INFO: [VRFC 10-311] analyzing module reg_mult
INFO: [VRFC 10-2263] Analyzing Verilog file "C:/Users/lsneler/Desktop/Repository/DCT/combinatoryDCT/DCT.srcs/sim_1/new/tb_DCT_2D.v" into library xil_defaultlib
INFO: [VRFC 10-311] analyzing module tb_DCT_2D
INFO: [VRFC 10-2263] Analyzing Verilog file "C:/Users/lsneler/Desktop/Repository/DCT/combinatoryDCT/DCT.sim/sim_1/behav/glbl.v" into library xil_defaultlib
INFO: [VRFC 10-311] analyzing module glbl
INFO: [USF-XSim-69] 'compile' step finished in '1' seconds
INFO: [USF-XSim-3] XSim::Elaborate design
INFO: [USF-XSim-61] Executing 'ELABORATE' step in 'C:/Users/lsneler/Desktop/Repository/DCT/combinatoryDCT/DCT.sim/sim_1/behav'
Vivado Simulator 2017.2
Copyright 1986-1999, 2001-2016 Xilinx, Inc. All Rights Reserved.
Running: C:/Xilinx/Vivado/2017.2/bin/unwrapped/win64.o/xelab.exe -wto 315fc604a1a84fd78716f145404ef2f4 --debug typical --relax --mt 2 -L xil_defaultlib -L unisims_ver -L unimacro_ver -L secureip --snapshot tb_DCT_2D_behav xil_defaultlib.tb_DCT_2D xil_defaultlib.glbl -log elaborate.log 
Using 2 slave threads.
Starting static elaboration
WARNING: [VRFC 10-278] actual bit length 11 differs from formal bit length 8 for port pixel_in [C:/Users/lsneler/Desktop/Repository/DCT/combinatoryDCT/DCT.srcs/sim_1/new/tb_DCT_2D.v:77]
WARNING: [VRFC 10-278] actual bit length 8 differs from formal bit length 11 for port pixel_in [C:/Users/lsneler/Desktop/Repository/DCT/combinatoryDCT/DCT.srcs/sources_1/new/DCT_2D.v:48]
WARNING: [VRFC 10-278] actual bit length 14 differs from formal bit length 16 for port i0 [C:/Users/lsneler/Desktop/Repository/DCT/combinatoryDCT/DCT.srcs/sources_1/imports/combinatoryDCT/DCT.v:65]
WARNING: [VRFC 10-278] actual bit length 13 differs from formal bit length 14 for port S [C:/Users/lsneler/Desktop/Repository/DCT/combinatoryDCT/DCT.srcs/sources_1/imports/combinatoryDCT/DCT.v:71]
WARNING: [VRFC 10-278] actual bit length 15 differs from formal bit length 16 for port S [C:/Users/lsneler/Desktop/Repository/DCT/combinatoryDCT/DCT.srcs/sources_1/imports/combinatoryDCT/DCT.v:74]
WARNING: [VRFC 10-278] actual bit length 13 differs from formal bit length 14 for port S [C:/Users/lsneler/Desktop/Repository/DCT/combinatoryDCT/DCT.srcs/sources_1/imports/combinatoryDCT/DCT.v:77]
WARNING: [VRFC 10-278] actual bit length 15 differs from formal bit length 16 for port S [C:/Users/lsneler/Desktop/Repository/DCT/combinatoryDCT/DCT.srcs/sources_1/imports/combinatoryDCT/DCT.v:79]
Completed static elaboration
Starting simulation data flow analysis
Completed simulation data flow analysis
Time Resolution for simulation is 1ps
Compiling module xil_defaultlib.clk_gen
Compiling module xil_defaultlib.RAM(WIDTH=11)
Compiling module xil_defaultlib.delay(reg_width=12)
Compiling module xil_defaultlib.register(WIDTH=12,DELAY=2)
Compiling module xil_defaultlib.register(WIDTH=12,DELAY=1)
Compiling module xil_defaultlib.delay(reg_width=13)
Compiling module xil_defaultlib.register(WIDTH=13,DELAY=2)
Compiling module xil_defaultlib.delay(reg_width=14)
Compiling module xil_defaultlib.register(WIDTH=14,DELAY=2)
Compiling module xil_defaultlib.register(WIDTH=14,DELAY=1)
Compiling module xil_defaultlib.delay(reg_width=15)
Compiling module xil_defaultlib.register(WIDTH=15,DELAY=1)
Compiling module xil_defaultlib.register(WIDTH=13,DELAY=1)
Compiling module xil_defaultlib.mux_3i(WIDTH_I0=12,WIDTH_I1=12,W...
Compiling module xil_defaultlib.mux_3i(WIDTH_I0=16,WIDTH_I1=13,W...
Compiling module xil_defaultlib.mux_3i(WIDTH_I0=13,WIDTH_I1=13,W...
Compiling module xil_defaultlib.mux_3i(WIDTH_I0=13,WIDTH_I1=14,W...
Compiling module xil_defaultlib.full_adder(WIDTH=11)
Compiling module xil_defaultlib.full_adder(WIDTH=12)
Compiling module xil_defaultlib.full_adder(WIDTH=13)
Compiling module xil_defaultlib.full_adder(WIDTH=14)
Compiling module xil_defaultlib.full_adder(WIDTH=15)
Compiling module xil_defaultlib.full_subtractor(WIDTH=11)
Compiling module xil_defaultlib.full_subtractor(WIDTH=13)
Compiling module xil_defaultlib.full_subtractor(WIDTH=15)
Compiling module xil_defaultlib.reg_mult
Compiling module xil_defaultlib.mux_2i(WIDTH_I0=12,WIDTH_I1=12,W...
Compiling module xil_defaultlib.mux_2i(WIDTH_I0=14,WIDTH_I1=14,W...
Compiling module xil_defaultlib.mux_2i(WIDTH_I0=13,WIDTH_I1=13,W...
Compiling module xil_defaultlib.mux_2i(WIDTH_I0=15,WIDTH_I1=15,W...
Compiling module xil_defaultlib.DCT
Compiling module xil_defaultlib.DCT_2D
Compiling module xil_defaultlib.tb_DCT_2D
Compiling module xil_defaultlib.glbl
Built simulation snapshot tb_DCT_2D_behav
INFO: [USF-XSim-69] 'elaborate' step finished in '1' seconds
Vivado Simulator 2017.2
Time resolution is 1 ps
relaunch_sim: Time (s): cpu = 00:00:01 ; elapsed = 00:00:07 . Memory (MB): peak = 833.504 ; gain = 0.000
save_wave_config {C:/Users/lsneler/Desktop/Repository/DCT/combinatoryDCT/tb_DCT_behav2.wcfg}
save_wave_config {C:/Users/lsneler/Desktop/Repository/DCT/combinatoryDCT/tb_DCT_behav2.wcfg}
relaunch_sim
INFO: [SIM-utils-51] Simulation object is 'sim_1'
INFO: [SIM-utils-54] Inspecting design source files for 'tb_DCT_2D' in fileset 'sim_1'...
INFO: [USF-XSim-97] Finding global include files...
INFO: [USF-XSim-98] Fetching design files from 'sim_1'...
INFO: [USF-XSim-2] XSim::Compile design
INFO: [USF-XSim-61] Executing 'COMPILE and ANALYZE' step in 'C:/Users/lsneler/Desktop/Repository/DCT/combinatoryDCT/DCT.sim/sim_1/behav'
"xvlog -m64 --relax -prj tb_DCT_2D_vlog.prj"
INFO: [VRFC 10-2263] Analyzing Verilog file "C:/Users/lsneler/Desktop/Repository/DCT/combinatoryDCT/DCT.srcs/sources_1/imports/combinatoryDCT/DCT.v" into library xil_defaultlib
INFO: [VRFC 10-311] analyzing module DCT
INFO: [VRFC 10-2263] Analyzing Verilog file "C:/Users/lsneler/Desktop/Repository/DCT/combinatoryDCT/DCT.srcs/sources_1/new/DCT_2D.v" into library xil_defaultlib
INFO: [VRFC 10-311] analyzing module DCT_2D
INFO: [VRFC 10-2263] Analyzing Verilog file "C:/Users/lsneler/Desktop/Repository/DCT/combinatoryDCT/DCT.srcs/sources_1/new/RAM.v" into library xil_defaultlib
INFO: [VRFC 10-311] analyzing module RAM
INFO: [VRFC 10-2263] Analyzing Verilog file "C:/Users/lsneler/Desktop/Repository/DCT/combinatoryDCT/DCT.srcs/sim_1/imports/combinatoryDCT/clk_gen.v" into library xil_defaultlib
INFO: [VRFC 10-311] analyzing module clk_gen
INFO: [VRFC 10-2263] Analyzing Verilog file "C:/Users/lsneler/Desktop/Repository/DCT/combinatoryDCT/DCT.srcs/sources_1/imports/modules_to_import/delay.v" into library xil_defaultlib
INFO: [VRFC 10-311] analyzing module delay
INFO: [VRFC 10-2263] Analyzing Verilog file "C:/Users/lsneler/Desktop/Repository/DCT/combinatoryDCT/DCT.srcs/sources_1/new/full_adder.v" into library xil_defaultlib
INFO: [VRFC 10-311] analyzing module full_adder
INFO: [VRFC 10-2263] Analyzing Verilog file "C:/Users/lsneler/Desktop/Repository/DCT/combinatoryDCT/DCT.srcs/sources_1/imports/combinatoryDCT/full_subtractor.v" into library xil_defaultlib
INFO: [VRFC 10-311] analyzing module full_subtractor
INFO: [VRFC 10-2263] Analyzing Verilog file "C:/Users/lsneler/Desktop/Repository/DCT/combinatoryDCT/DCT.srcs/sources_1/imports/combinatoryDCT/mux_2i.v" into library xil_defaultlib
INFO: [VRFC 10-311] analyzing module mux_2i
INFO: [VRFC 10-2263] Analyzing Verilog file "C:/Users/lsneler/Desktop/Repository/DCT/combinatoryDCT/DCT.srcs/sources_1/imports/combinatoryDCT/mux_3i.v" into library xil_defaultlib
INFO: [VRFC 10-311] analyzing module mux_3i
INFO: [VRFC 10-2263] Analyzing Verilog file "C:/Users/lsneler/Desktop/Repository/DCT/combinatoryDCT/DCT.srcs/sources_1/imports/combinatoryDCT/reg.v" into library xil_defaultlib
INFO: [VRFC 10-311] analyzing module register
INFO: [VRFC 10-2263] Analyzing Verilog file "C:/Users/lsneler/Desktop/Repository/DCT/combinatoryDCT/DCT.srcs/sources_1/imports/combinatoryDCT/reg_mult.v" into library xil_defaultlib
INFO: [VRFC 10-311] analyzing module reg_mult
INFO: [VRFC 10-2263] Analyzing Verilog file "C:/Users/lsneler/Desktop/Repository/DCT/combinatoryDCT/DCT.srcs/sim_1/new/tb_DCT_2D.v" into library xil_defaultlib
INFO: [VRFC 10-311] analyzing module tb_DCT_2D
INFO: [VRFC 10-2263] Analyzing Verilog file "C:/Users/lsneler/Desktop/Repository/DCT/combinatoryDCT/DCT.sim/sim_1/behav/glbl.v" into library xil_defaultlib
INFO: [VRFC 10-311] analyzing module glbl
INFO: [USF-XSim-69] 'compile' step finished in '1' seconds
INFO: [USF-XSim-3] XSim::Elaborate design
INFO: [USF-XSim-61] Executing 'ELABORATE' step in 'C:/Users/lsneler/Desktop/Repository/DCT/combinatoryDCT/DCT.sim/sim_1/behav'
Vivado Simulator 2017.2
Copyright 1986-1999, 2001-2016 Xilinx, Inc. All Rights Reserved.
Running: C:/Xilinx/Vivado/2017.2/bin/unwrapped/win64.o/xelab.exe -wto 315fc604a1a84fd78716f145404ef2f4 --debug typical --relax --mt 2 -L xil_defaultlib -L unisims_ver -L unimacro_ver -L secureip --snapshot tb_DCT_2D_behav xil_defaultlib.tb_DCT_2D xil_defaultlib.glbl -log elaborate.log 
Using 2 slave threads.
Starting static elaboration
WARNING: [VRFC 10-278] actual bit length 11 differs from formal bit length 8 for port pixel_in [C:/Users/lsneler/Desktop/Repository/DCT/combinatoryDCT/DCT.srcs/sim_1/new/tb_DCT_2D.v:80]
WARNING: [VRFC 10-278] actual bit length 8 differs from formal bit length 11 for port pixel_in [C:/Users/lsneler/Desktop/Repository/DCT/combinatoryDCT/DCT.srcs/sources_1/new/DCT_2D.v:48]
WARNING: [VRFC 10-278] actual bit length 14 differs from formal bit length 16 for port i0 [C:/Users/lsneler/Desktop/Repository/DCT/combinatoryDCT/DCT.srcs/sources_1/imports/combinatoryDCT/DCT.v:65]
WARNING: [VRFC 10-278] actual bit length 13 differs from formal bit length 14 for port S [C:/Users/lsneler/Desktop/Repository/DCT/combinatoryDCT/DCT.srcs/sources_1/imports/combinatoryDCT/DCT.v:71]
WARNING: [VRFC 10-278] actual bit length 15 differs from formal bit length 16 for port S [C:/Users/lsneler/Desktop/Repository/DCT/combinatoryDCT/DCT.srcs/sources_1/imports/combinatoryDCT/DCT.v:74]
WARNING: [VRFC 10-278] actual bit length 13 differs from formal bit length 14 for port S [C:/Users/lsneler/Desktop/Repository/DCT/combinatoryDCT/DCT.srcs/sources_1/imports/combinatoryDCT/DCT.v:77]
WARNING: [VRFC 10-278] actual bit length 15 differs from formal bit length 16 for port S [C:/Users/lsneler/Desktop/Repository/DCT/combinatoryDCT/DCT.srcs/sources_1/imports/combinatoryDCT/DCT.v:79]
Completed static elaboration
Starting simulation data flow analysis
Completed simulation data flow analysis
Time Resolution for simulation is 1ps
Compiling module xil_defaultlib.clk_gen
Compiling module xil_defaultlib.RAM(WIDTH=11)
Compiling module xil_defaultlib.delay(reg_width=12)
Compiling module xil_defaultlib.register(WIDTH=12,DELAY=2)
Compiling module xil_defaultlib.register(WIDTH=12,DELAY=1)
Compiling module xil_defaultlib.delay(reg_width=13)
Compiling module xil_defaultlib.register(WIDTH=13,DELAY=2)
Compiling module xil_defaultlib.delay(reg_width=14)
Compiling module xil_defaultlib.register(WIDTH=14,DELAY=2)
Compiling module xil_defaultlib.register(WIDTH=14,DELAY=1)
Compiling module xil_defaultlib.delay(reg_width=15)
Compiling module xil_defaultlib.register(WIDTH=15,DELAY=1)
Compiling module xil_defaultlib.register(WIDTH=13,DELAY=1)
Compiling module xil_defaultlib.mux_3i(WIDTH_I0=12,WIDTH_I1=12,W...
Compiling module xil_defaultlib.mux_3i(WIDTH_I0=16,WIDTH_I1=13,W...
Compiling module xil_defaultlib.mux_3i(WIDTH_I0=13,WIDTH_I1=13,W...
Compiling module xil_defaultlib.mux_3i(WIDTH_I0=13,WIDTH_I1=14,W...
Compiling module xil_defaultlib.full_adder(WIDTH=11)
Compiling module xil_defaultlib.full_adder(WIDTH=12)
Compiling module xil_defaultlib.full_adder(WIDTH=13)
Compiling module xil_defaultlib.full_adder(WIDTH=14)
Compiling module xil_defaultlib.full_adder(WIDTH=15)
Compiling module xil_defaultlib.full_subtractor(WIDTH=11)
Compiling module xil_defaultlib.full_subtractor(WIDTH=13)
Compiling module xil_defaultlib.full_subtractor(WIDTH=15)
Compiling module xil_defaultlib.reg_mult
Compiling module xil_defaultlib.mux_2i(WIDTH_I0=12,WIDTH_I1=12,W...
Compiling module xil_defaultlib.mux_2i(WIDTH_I0=14,WIDTH_I1=14,W...
Compiling module xil_defaultlib.mux_2i(WIDTH_I0=13,WIDTH_I1=13,W...
Compiling module xil_defaultlib.mux_2i(WIDTH_I0=15,WIDTH_I1=15,W...
Compiling module xil_defaultlib.DCT
Compiling module xil_defaultlib.DCT_2D
Compiling module xil_defaultlib.tb_DCT_2D
Compiling module xil_defaultlib.glbl
Built simulation snapshot tb_DCT_2D_behav
INFO: [USF-XSim-69] 'elaborate' step finished in '1' seconds
Vivado Simulator 2017.2
Time resolution is 1 ps
relaunch_sim
INFO: [SIM-utils-51] Simulation object is 'sim_1'
INFO: [SIM-utils-54] Inspecting design source files for 'tb_DCT_2D' in fileset 'sim_1'...
INFO: [USF-XSim-97] Finding global include files...
INFO: [USF-XSim-98] Fetching design files from 'sim_1'...
INFO: [USF-XSim-2] XSim::Compile design
INFO: [USF-XSim-61] Executing 'COMPILE and ANALYZE' step in 'C:/Users/lsneler/Desktop/Repository/DCT/combinatoryDCT/DCT.sim/sim_1/behav'
"xvlog -m64 --relax -prj tb_DCT_2D_vlog.prj"
INFO: [VRFC 10-2263] Analyzing Verilog file "C:/Users/lsneler/Desktop/Repository/DCT/combinatoryDCT/DCT.srcs/sources_1/imports/combinatoryDCT/DCT.v" into library xil_defaultlib
INFO: [VRFC 10-311] analyzing module DCT
INFO: [VRFC 10-2263] Analyzing Verilog file "C:/Users/lsneler/Desktop/Repository/DCT/combinatoryDCT/DCT.srcs/sources_1/new/DCT_2D.v" into library xil_defaultlib
INFO: [VRFC 10-311] analyzing module DCT_2D
INFO: [VRFC 10-2263] Analyzing Verilog file "C:/Users/lsneler/Desktop/Repository/DCT/combinatoryDCT/DCT.srcs/sources_1/new/RAM.v" into library xil_defaultlib
INFO: [VRFC 10-311] analyzing module RAM
INFO: [VRFC 10-2263] Analyzing Verilog file "C:/Users/lsneler/Desktop/Repository/DCT/combinatoryDCT/DCT.srcs/sim_1/imports/combinatoryDCT/clk_gen.v" into library xil_defaultlib
INFO: [VRFC 10-311] analyzing module clk_gen
INFO: [VRFC 10-2263] Analyzing Verilog file "C:/Users/lsneler/Desktop/Repository/DCT/combinatoryDCT/DCT.srcs/sources_1/imports/modules_to_import/delay.v" into library xil_defaultlib
INFO: [VRFC 10-311] analyzing module delay
INFO: [VRFC 10-2263] Analyzing Verilog file "C:/Users/lsneler/Desktop/Repository/DCT/combinatoryDCT/DCT.srcs/sources_1/new/full_adder.v" into library xil_defaultlib
INFO: [VRFC 10-311] analyzing module full_adder
INFO: [VRFC 10-2263] Analyzing Verilog file "C:/Users/lsneler/Desktop/Repository/DCT/combinatoryDCT/DCT.srcs/sources_1/imports/combinatoryDCT/full_subtractor.v" into library xil_defaultlib
INFO: [VRFC 10-311] analyzing module full_subtractor
INFO: [VRFC 10-2263] Analyzing Verilog file "C:/Users/lsneler/Desktop/Repository/DCT/combinatoryDCT/DCT.srcs/sources_1/imports/combinatoryDCT/mux_2i.v" into library xil_defaultlib
INFO: [VRFC 10-311] analyzing module mux_2i
INFO: [VRFC 10-2263] Analyzing Verilog file "C:/Users/lsneler/Desktop/Repository/DCT/combinatoryDCT/DCT.srcs/sources_1/imports/combinatoryDCT/mux_3i.v" into library xil_defaultlib
INFO: [VRFC 10-311] analyzing module mux_3i
INFO: [VRFC 10-2263] Analyzing Verilog file "C:/Users/lsneler/Desktop/Repository/DCT/combinatoryDCT/DCT.srcs/sources_1/imports/combinatoryDCT/reg.v" into library xil_defaultlib
INFO: [VRFC 10-311] analyzing module register
INFO: [VRFC 10-2263] Analyzing Verilog file "C:/Users/lsneler/Desktop/Repository/DCT/combinatoryDCT/DCT.srcs/sources_1/imports/combinatoryDCT/reg_mult.v" into library xil_defaultlib
INFO: [VRFC 10-311] analyzing module reg_mult
INFO: [VRFC 10-2263] Analyzing Verilog file "C:/Users/lsneler/Desktop/Repository/DCT/combinatoryDCT/DCT.srcs/sim_1/new/tb_DCT_2D.v" into library xil_defaultlib
INFO: [VRFC 10-311] analyzing module tb_DCT_2D
INFO: [VRFC 10-2263] Analyzing Verilog file "C:/Users/lsneler/Desktop/Repository/DCT/combinatoryDCT/DCT.sim/sim_1/behav/glbl.v" into library xil_defaultlib
INFO: [VRFC 10-311] analyzing module glbl
INFO: [USF-XSim-69] 'compile' step finished in '1' seconds
INFO: [USF-XSim-3] XSim::Elaborate design
INFO: [USF-XSim-61] Executing 'ELABORATE' step in 'C:/Users/lsneler/Desktop/Repository/DCT/combinatoryDCT/DCT.sim/sim_1/behav'
Vivado Simulator 2017.2
Copyright 1986-1999, 2001-2016 Xilinx, Inc. All Rights Reserved.
Running: C:/Xilinx/Vivado/2017.2/bin/unwrapped/win64.o/xelab.exe -wto 315fc604a1a84fd78716f145404ef2f4 --debug typical --relax --mt 2 -L xil_defaultlib -L unisims_ver -L unimacro_ver -L secureip --snapshot tb_DCT_2D_behav xil_defaultlib.tb_DCT_2D xil_defaultlib.glbl -log elaborate.log 
Using 2 slave threads.
Starting static elaboration
WARNING: [VRFC 10-278] actual bit length 11 differs from formal bit length 8 for port pixel_in [C:/Users/lsneler/Desktop/Repository/DCT/combinatoryDCT/DCT.srcs/sim_1/new/tb_DCT_2D.v:80]
WARNING: [VRFC 10-278] actual bit length 8 differs from formal bit length 11 for port pixel_in [C:/Users/lsneler/Desktop/Repository/DCT/combinatoryDCT/DCT.srcs/sources_1/new/DCT_2D.v:48]
WARNING: [VRFC 10-278] actual bit length 14 differs from formal bit length 16 for port i0 [C:/Users/lsneler/Desktop/Repository/DCT/combinatoryDCT/DCT.srcs/sources_1/imports/combinatoryDCT/DCT.v:65]
WARNING: [VRFC 10-278] actual bit length 13 differs from formal bit length 14 for port S [C:/Users/lsneler/Desktop/Repository/DCT/combinatoryDCT/DCT.srcs/sources_1/imports/combinatoryDCT/DCT.v:71]
WARNING: [VRFC 10-278] actual bit length 15 differs from formal bit length 16 for port S [C:/Users/lsneler/Desktop/Repository/DCT/combinatoryDCT/DCT.srcs/sources_1/imports/combinatoryDCT/DCT.v:74]
WARNING: [VRFC 10-278] actual bit length 13 differs from formal bit length 14 for port S [C:/Users/lsneler/Desktop/Repository/DCT/combinatoryDCT/DCT.srcs/sources_1/imports/combinatoryDCT/DCT.v:77]
WARNING: [VRFC 10-278] actual bit length 15 differs from formal bit length 16 for port S [C:/Users/lsneler/Desktop/Repository/DCT/combinatoryDCT/DCT.srcs/sources_1/imports/combinatoryDCT/DCT.v:79]
Completed static elaboration
Starting simulation data flow analysis
Completed simulation data flow analysis
Time Resolution for simulation is 1ps
Compiling module xil_defaultlib.clk_gen
Compiling module xil_defaultlib.RAM(WIDTH=11)
Compiling module xil_defaultlib.delay(reg_width=12)
Compiling module xil_defaultlib.register(WIDTH=12,DELAY=2)
Compiling module xil_defaultlib.register(WIDTH=12,DELAY=1)
Compiling module xil_defaultlib.delay(reg_width=13)
Compiling module xil_defaultlib.register(WIDTH=13,DELAY=2)
Compiling module xil_defaultlib.delay(reg_width=14)
Compiling module xil_defaultlib.register(WIDTH=14,DELAY=2)
Compiling module xil_defaultlib.register(WIDTH=14,DELAY=1)
Compiling module xil_defaultlib.delay(reg_width=15)
Compiling module xil_defaultlib.register(WIDTH=15,DELAY=1)
Compiling module xil_defaultlib.register(WIDTH=13,DELAY=1)
Compiling module xil_defaultlib.mux_3i(WIDTH_I0=12,WIDTH_I1=12,W...
Compiling module xil_defaultlib.mux_3i(WIDTH_I0=16,WIDTH_I1=13,W...
Compiling module xil_defaultlib.mux_3i(WIDTH_I0=13,WIDTH_I1=13,W...
Compiling module xil_defaultlib.mux_3i(WIDTH_I0=13,WIDTH_I1=14,W...
Compiling module xil_defaultlib.full_adder(WIDTH=11)
Compiling module xil_defaultlib.full_adder(WIDTH=12)
Compiling module xil_defaultlib.full_adder(WIDTH=13)
Compiling module xil_defaultlib.full_adder(WIDTH=14)
Compiling module xil_defaultlib.full_adder(WIDTH=15)
Compiling module xil_defaultlib.full_subtractor(WIDTH=11)
Compiling module xil_defaultlib.full_subtractor(WIDTH=13)
Compiling module xil_defaultlib.full_subtractor(WIDTH=15)
Compiling module xil_defaultlib.reg_mult
Compiling module xil_defaultlib.mux_2i(WIDTH_I0=12,WIDTH_I1=12,W...
Compiling module xil_defaultlib.mux_2i(WIDTH_I0=14,WIDTH_I1=14,W...
Compiling module xil_defaultlib.mux_2i(WIDTH_I0=13,WIDTH_I1=13,W...
Compiling module xil_defaultlib.mux_2i(WIDTH_I0=15,WIDTH_I1=15,W...
Compiling module xil_defaultlib.DCT
Compiling module xil_defaultlib.DCT_2D
Compiling module xil_defaultlib.tb_DCT_2D
Compiling module xil_defaultlib.glbl
Built simulation snapshot tb_DCT_2D_behav
INFO: [USF-XSim-69] 'elaborate' step finished in '1' seconds
Vivado Simulator 2017.2
Time resolution is 1 ps
save_wave_config {C:/Users/lsneler/Desktop/Repository/DCT/combinatoryDCT/tb_DCT_behav2.wcfg}
