#-----------------------------------------------------------
# Vivado v2017.2 (64-bit)
# SW Build 1909853 on Thu Jun 15 18:39:09 MDT 2017
# IP Build 1909766 on Thu Jun 15 19:58:00 MDT 2017
# Start of session at: Mon Jul 29 10:30:00 2019
# Process ID: 5632
# Current directory: C:/Users/lsneler/Desktop/Repository/DCT/combinatoryDCT
# Command line: vivado.exe -gui_launcher_event rodinguilauncherevent7204 C:\Users\lsneler\Desktop\Repository\DCT\combinatoryDCT\DCT.xpr
# Log file: C:/Users/lsneler/Desktop/Repository/DCT/combinatoryDCT/vivado.log
# Journal file: C:/Users/lsneler/Desktop/Repository/DCT/combinatoryDCT\vivado.jou
#-----------------------------------------------------------
start_gui
open_project C:/Users/lsneler/Desktop/Repository/DCT/combinatoryDCT/DCT.xpr
Scanning sources...
Finished scanning sources
INFO: [IP_Flow 19-234] Refreshing IP repositories
INFO: [IP_Flow 19-1704] No user IP repositories specified
INFO: [IP_Flow 19-2313] Loaded Vivado IP repository 'C:/Xilinx/Vivado/2017.2/data/ip'.
update_compile_order -fileset sources_1
launch_simulation
INFO: [SIM-utils-51] Simulation object is 'sim_1'
INFO: [SIM-utils-54] Inspecting design source files for 'tb_DCT' in fileset 'sim_1'...
INFO: [USF-XSim-97] Finding global include files...
INFO: [USF-XSim-98] Fetching design files from 'sim_1'...
INFO: [USF-XSim-2] XSim::Compile design
INFO: [USF-XSim-61] Executing 'COMPILE and ANALYZE' step in 'C:/Users/lsneler/Desktop/Repository/DCT/combinatoryDCT/DCT.sim/sim_1/behav'
"xvlog -m64 --relax -prj tb_DCT_vlog.prj"
INFO: [VRFC 10-2263] Analyzing Verilog file "C:/Users/lsneler/Desktop/Repository/DCT/combinatoryDCT/DCT.srcs/sources_1/imports/combinatoryDCT/DCT.v" into library xil_defaultlib
INFO: [VRFC 10-311] analyzing module DCT
INFO: [VRFC 10-2263] Analyzing Verilog file "C:/Users/lsneler/Desktop/Repository/DCT/combinatoryDCT/DCT.srcs/sources_1/new/RAM.v" into library xil_defaultlib
INFO: [VRFC 10-311] analyzing module RAM
INFO: [VRFC 10-2263] Analyzing Verilog file "C:/Users/lsneler/Desktop/Repository/DCT/combinatoryDCT/DCT.srcs/sim_1/imports/combinatoryDCT/clk_gen.v" into library xil_defaultlib
INFO: [VRFC 10-311] analyzing module clk_gen
INFO: [VRFC 10-2263] Analyzing Verilog file "C:/Users/lsneler/Desktop/Repository/DCT/combinatoryDCT/DCT.srcs/sources_1/imports/modules_to_import/delay.v" into library xil_defaultlib
INFO: [VRFC 10-311] analyzing module delay
INFO: [VRFC 10-2263] Analyzing Verilog file "C:/Users/lsneler/Desktop/Repository/DCT/combinatoryDCT/DCT.srcs/sources_1/new/full_adder.v" into library xil_defaultlib
INFO: [VRFC 10-311] analyzing module full_adder
INFO: [VRFC 10-2263] Analyzing Verilog file "C:/Users/lsneler/Desktop/Repository/DCT/combinatoryDCT/DCT.srcs/sources_1/imports/combinatoryDCT/full_subtractor.v" into library xil_defaultlib
INFO: [VRFC 10-311] analyzing module full_subtractor
INFO: [VRFC 10-2263] Analyzing Verilog file "C:/Users/lsneler/Desktop/Repository/DCT/combinatoryDCT/DCT.srcs/sources_1/imports/combinatoryDCT/mux_2i.v" into library xil_defaultlib
INFO: [VRFC 10-311] analyzing module mux_2i
INFO: [VRFC 10-2263] Analyzing Verilog file "C:/Users/lsneler/Desktop/Repository/DCT/combinatoryDCT/DCT.srcs/sources_1/imports/combinatoryDCT/mux_3i.v" into library xil_defaultlib
INFO: [VRFC 10-311] analyzing module mux_3i
INFO: [VRFC 10-2263] Analyzing Verilog file "C:/Users/lsneler/Desktop/Repository/DCT/combinatoryDCT/DCT.srcs/sources_1/imports/combinatoryDCT/reg.v" into library xil_defaultlib
INFO: [VRFC 10-311] analyzing module register
INFO: [VRFC 10-2263] Analyzing Verilog file "C:/Users/lsneler/Desktop/Repository/DCT/combinatoryDCT/DCT.srcs/sources_1/imports/combinatoryDCT/reg_mult.v" into library xil_defaultlib
INFO: [VRFC 10-311] analyzing module reg_mult
INFO: [VRFC 10-2263] Analyzing Verilog file "C:/Users/lsneler/Desktop/Repository/DCT/combinatoryDCT/DCT.srcs/sim_1/imports/combinatoryDCT/tb_DCT.v" into library xil_defaultlib
INFO: [VRFC 10-311] analyzing module tb_DCT
INFO: [VRFC 10-2458] undeclared symbol o_r21, assumed default net type wire [C:/Users/lsneler/Desktop/Repository/DCT/combinatoryDCT/DCT.srcs/sim_1/imports/combinatoryDCT/tb_DCT.v:91]
INFO: [VRFC 10-2263] Analyzing Verilog file "C:/Users/lsneler/Desktop/Repository/DCT/combinatoryDCT/DCT.sim/sim_1/behav/glbl.v" into library xil_defaultlib
INFO: [VRFC 10-311] analyzing module glbl
INFO: [USF-XSim-69] 'compile' step finished in '1' seconds
INFO: [USF-XSim-3] XSim::Elaborate design
INFO: [USF-XSim-61] Executing 'ELABORATE' step in 'C:/Users/lsneler/Desktop/Repository/DCT/combinatoryDCT/DCT.sim/sim_1/behav'
Vivado Simulator 2017.2
Copyright 1986-1999, 2001-2016 Xilinx, Inc. All Rights Reserved.
Running: C:/Xilinx/Vivado/2017.2/bin/unwrapped/win64.o/xelab.exe -wto 315fc604a1a84fd78716f145404ef2f4 --debug typical --relax --mt 2 -L xil_defaultlib -L unisims_ver -L unimacro_ver -L secureip --snapshot tb_DCT_behav xil_defaultlib.tb_DCT xil_defaultlib.glbl -log elaborate.log 
Using 2 slave threads.
Starting static elaboration
ERROR: [VRFC 10-426] cannot find port i_r8 on this module [C:/Users/lsneler/Desktop/Repository/DCT/combinatoryDCT/DCT.srcs/sim_1/imports/combinatoryDCT/tb_DCT.v:94]
ERROR: [VRFC 10-2063] Module <RAM> not found while processing module instance <fabric_RAM> [C:/Users/lsneler/Desktop/Repository/DCT/combinatoryDCT/DCT.srcs/sources_1/imports/combinatoryDCT/DCT.v:55]
ERROR: [VRFC 10-2063] Module <register> not found while processing module instance <r1> [C:/Users/lsneler/Desktop/Repository/DCT/combinatoryDCT/DCT.srcs/sources_1/imports/combinatoryDCT/DCT.v:57]
ERROR: [VRFC 10-2063] Module <mux_3i> not found while processing module instance <mo1> [C:/Users/lsneler/Desktop/Repository/DCT/combinatoryDCT/DCT.srcs/sources_1/imports/combinatoryDCT/DCT.v:76]
ERROR: [VRFC 10-2063] Module <full_adder> not found while processing module instance <a1> [C:/Users/lsneler/Desktop/Repository/DCT/combinatoryDCT/DCT.srcs/sources_1/imports/combinatoryDCT/DCT.v:81]
ERROR: [VRFC 10-2063] Module <full_subtractor> not found while processing module instance <s1> [C:/Users/lsneler/Desktop/Repository/DCT/combinatoryDCT/DCT.srcs/sources_1/imports/combinatoryDCT/DCT.v:88]
ERROR: [VRFC 10-2063] Module <reg_mult> not found while processing module instance <m> [C:/Users/lsneler/Desktop/Repository/DCT/combinatoryDCT/DCT.srcs/sources_1/imports/combinatoryDCT/DCT.v:93]
ERROR: [VRFC 10-2063] Module <mux_2i> not found while processing module instance <mo2> [C:/Users/lsneler/Desktop/Repository/DCT/combinatoryDCT/DCT.srcs/sources_1/imports/combinatoryDCT/DCT.v:95]
ERROR: [XSIM 43-3322] Static elaboration of top level Verilog design unit(s) in library work failed.
INFO: [USF-XSim-69] 'elaborate' step finished in '1' seconds
INFO: [USF-XSim-99] Step results log file:'C:/Users/lsneler/Desktop/Repository/DCT/combinatoryDCT/DCT.sim/sim_1/behav/elaborate.log'
ERROR: [USF-XSim-62] 'elaborate' step failed with error(s). Please check the Tcl console output or 'C:/Users/lsneler/Desktop/Repository/DCT/combinatoryDCT/DCT.sim/sim_1/behav/elaborate.log' file for more information.
ERROR: [Vivado 12-4473] Detected error while running simulation. Please correct the issue and retry this operation.
ERROR: [Common 17-39] 'launch_simulation' failed due to earlier errors.
launch_simulation
INFO: [SIM-utils-51] Simulation object is 'sim_1'
INFO: [SIM-utils-54] Inspecting design source files for 'tb_DCT' in fileset 'sim_1'...
INFO: [USF-XSim-97] Finding global include files...
INFO: [USF-XSim-98] Fetching design files from 'sim_1'...
INFO: [USF-XSim-2] XSim::Compile design
INFO: [USF-XSim-61] Executing 'COMPILE and ANALYZE' step in 'C:/Users/lsneler/Desktop/Repository/DCT/combinatoryDCT/DCT.sim/sim_1/behav'
"xvlog -m64 --relax -prj tb_DCT_vlog.prj"
INFO: [VRFC 10-2263] Analyzing Verilog file "C:/Users/lsneler/Desktop/Repository/DCT/combinatoryDCT/DCT.srcs/sources_1/imports/combinatoryDCT/DCT.v" into library xil_defaultlib
INFO: [VRFC 10-311] analyzing module DCT
INFO: [VRFC 10-2263] Analyzing Verilog file "C:/Users/lsneler/Desktop/Repository/DCT/combinatoryDCT/DCT.srcs/sources_1/new/RAM.v" into library xil_defaultlib
INFO: [VRFC 10-311] analyzing module RAM
INFO: [VRFC 10-2263] Analyzing Verilog file "C:/Users/lsneler/Desktop/Repository/DCT/combinatoryDCT/DCT.srcs/sim_1/imports/combinatoryDCT/clk_gen.v" into library xil_defaultlib
INFO: [VRFC 10-311] analyzing module clk_gen
INFO: [VRFC 10-2263] Analyzing Verilog file "C:/Users/lsneler/Desktop/Repository/DCT/combinatoryDCT/DCT.srcs/sources_1/imports/modules_to_import/delay.v" into library xil_defaultlib
INFO: [VRFC 10-311] analyzing module delay
INFO: [VRFC 10-2263] Analyzing Verilog file "C:/Users/lsneler/Desktop/Repository/DCT/combinatoryDCT/DCT.srcs/sources_1/new/full_adder.v" into library xil_defaultlib
INFO: [VRFC 10-311] analyzing module full_adder
INFO: [VRFC 10-2263] Analyzing Verilog file "C:/Users/lsneler/Desktop/Repository/DCT/combinatoryDCT/DCT.srcs/sources_1/imports/combinatoryDCT/full_subtractor.v" into library xil_defaultlib
INFO: [VRFC 10-311] analyzing module full_subtractor
INFO: [VRFC 10-2263] Analyzing Verilog file "C:/Users/lsneler/Desktop/Repository/DCT/combinatoryDCT/DCT.srcs/sources_1/imports/combinatoryDCT/mux_2i.v" into library xil_defaultlib
INFO: [VRFC 10-311] analyzing module mux_2i
INFO: [VRFC 10-2263] Analyzing Verilog file "C:/Users/lsneler/Desktop/Repository/DCT/combinatoryDCT/DCT.srcs/sources_1/imports/combinatoryDCT/mux_3i.v" into library xil_defaultlib
INFO: [VRFC 10-311] analyzing module mux_3i
INFO: [VRFC 10-2263] Analyzing Verilog file "C:/Users/lsneler/Desktop/Repository/DCT/combinatoryDCT/DCT.srcs/sources_1/imports/combinatoryDCT/reg.v" into library xil_defaultlib
INFO: [VRFC 10-311] analyzing module register
INFO: [VRFC 10-2263] Analyzing Verilog file "C:/Users/lsneler/Desktop/Repository/DCT/combinatoryDCT/DCT.srcs/sources_1/imports/combinatoryDCT/reg_mult.v" into library xil_defaultlib
INFO: [VRFC 10-311] analyzing module reg_mult
INFO: [VRFC 10-2263] Analyzing Verilog file "C:/Users/lsneler/Desktop/Repository/DCT/combinatoryDCT/DCT.srcs/sim_1/imports/combinatoryDCT/tb_DCT.v" into library xil_defaultlib
INFO: [VRFC 10-311] analyzing module tb_DCT
INFO: [VRFC 10-2458] undeclared symbol o_r21, assumed default net type wire [C:/Users/lsneler/Desktop/Repository/DCT/combinatoryDCT/DCT.srcs/sim_1/imports/combinatoryDCT/tb_DCT.v:91]
INFO: [VRFC 10-2263] Analyzing Verilog file "C:/Users/lsneler/Desktop/Repository/DCT/combinatoryDCT/DCT.sim/sim_1/behav/glbl.v" into library xil_defaultlib
INFO: [VRFC 10-311] analyzing module glbl
INFO: [USF-XSim-69] 'compile' step finished in '1' seconds
INFO: [USF-XSim-3] XSim::Elaborate design
INFO: [USF-XSim-61] Executing 'ELABORATE' step in 'C:/Users/lsneler/Desktop/Repository/DCT/combinatoryDCT/DCT.sim/sim_1/behav'
Vivado Simulator 2017.2
Copyright 1986-1999, 2001-2016 Xilinx, Inc. All Rights Reserved.
Running: C:/Xilinx/Vivado/2017.2/bin/unwrapped/win64.o/xelab.exe -wto 315fc604a1a84fd78716f145404ef2f4 --debug typical --relax --mt 2 -L xil_defaultlib -L unisims_ver -L unimacro_ver -L secureip --snapshot tb_DCT_behav xil_defaultlib.tb_DCT xil_defaultlib.glbl -log elaborate.log 
Using 2 slave threads.
Starting static elaboration
WARNING: [VRFC 10-278] actual bit length 1 differs from formal bit length 9 for port o_r21 [C:/Users/lsneler/Desktop/Repository/DCT/combinatoryDCT/DCT.srcs/sim_1/imports/combinatoryDCT/tb_DCT.v:91]
Completed static elaboration
Starting simulation data flow analysis
Completed simulation data flow analysis
Time Resolution for simulation is 1ps
Compiling module xil_defaultlib.clk_gen
Compiling module xil_defaultlib.RAM(WIDTH=8)
Compiling module xil_defaultlib.delay(reg_width=9)
Compiling module xil_defaultlib.register(WIDTH=9,DELAY=2)
Compiling module xil_defaultlib.register(WIDTH=9,DELAY=1)
Compiling module xil_defaultlib.delay(reg_width=10)
Compiling module xil_defaultlib.register(WIDTH=10,DELAY=2)
Compiling module xil_defaultlib.delay(reg_width=11)
Compiling module xil_defaultlib.register(WIDTH=11,DELAY=2)
Compiling module xil_defaultlib.delay(reg_width=12)
Compiling module xil_defaultlib.register(WIDTH=12,DELAY=2)
Compiling module xil_defaultlib.delay(reg_width=13)
Compiling module xil_defaultlib.register(WIDTH=13,DELAY=1)
Compiling module xil_defaultlib.delay(reg_width=14)
Compiling module xil_defaultlib.register(WIDTH=14,DELAY=1)
Compiling module xil_defaultlib.mux_3i(WIDTH_I0=9,WIDTH_I1=9,WID...
Compiling module xil_defaultlib.mux_3i(WIDTH_I0=13,WIDTH_I1=10,W...
Compiling module xil_defaultlib.mux_3i(WIDTH_I0=13,WIDTH_I1=13,W...
Compiling module xil_defaultlib.mux_3i(WIDTH_I0=13,WIDTH_I1=12,W...
Compiling module xil_defaultlib.full_adder(WIDTH=8)
Compiling module xil_defaultlib.full_adder(WIDTH=9)
Compiling module xil_defaultlib.full_adder(WIDTH=12)
Compiling module xil_defaultlib.full_adder(WIDTH=13)
Compiling module xil_defaultlib.full_subtractor(WIDTH=8)
Compiling module xil_defaultlib.full_subtractor(WIDTH=12)
Compiling module xil_defaultlib.full_subtractor(WIDTH=10)
Compiling module xil_defaultlib.full_subtractor(WIDTH=13)
Compiling module xil_defaultlib.reg_mult
Compiling module xil_defaultlib.mux_2i(WIDTH_I0=9,WIDTH_I1=9,WID...
Compiling module xil_defaultlib.mux_2i(WIDTH_I0=12,WIDTH_I1=12,W...
Compiling module xil_defaultlib.mux_2i(WIDTH_I0=13,WIDTH_I1=13,W...
Compiling module xil_defaultlib.mux_2i(WIDTH_I0=14,WIDTH_I1=14,W...
Compiling module xil_defaultlib.DCT
Compiling module xil_defaultlib.tb_DCT
Compiling module xil_defaultlib.glbl
Built simulation snapshot tb_DCT_behav

****** Webtalk v2017.2 (64-bit)
  **** SW Build 1909853 on Thu Jun 15 18:39:09 MDT 2017
  **** IP Build 1909766 on Thu Jun 15 19:58:00 MDT 2017
    ** Copyright 1986-2017 Xilinx, Inc. All Rights Reserved.

source C:/Users/lsneler/Desktop/Repository/DCT/combinatoryDCT/DCT.sim/sim_1/behav/xsim.dir/tb_DCT_behav/webtalk/xsim_webtalk.tcl -notrace
INFO: [Common 17-186] 'C:/Users/lsneler/Desktop/Repository/DCT/combinatoryDCT/DCT.sim/sim_1/behav/xsim.dir/tb_DCT_behav/webtalk/usage_statistics_ext_xsim.xml' has been successfully sent to Xilinx on Mon Jul 29 10:33:25 2019. For additional details about this file, please refer to the WebTalk help file at C:/Xilinx/Vivado/2017.2/doc/webtalk_introduction.html.
INFO: [Common 17-206] Exiting Webtalk at Mon Jul 29 10:33:25 2019...
INFO: [USF-XSim-69] 'elaborate' step finished in '4' seconds
INFO: [USF-XSim-4] XSim::Simulate design
INFO: [USF-XSim-61] Executing 'SIMULATE' step in 'C:/Users/lsneler/Desktop/Repository/DCT/combinatoryDCT/DCT.sim/sim_1/behav'
INFO: [USF-XSim-98] *** Running xsim
   with args "tb_DCT_behav -key {Behavioral:sim_1:Functional:tb_DCT} -tclbatch {tb_DCT.tcl} -view {C:/Users/lsneler/Desktop/Repository/DCT/combinatoryDCT/tb_DCT_behav.wcfg} -view {C:/Users/lsneler/Desktop/Repository/DCT/combinatoryDCT/tb_DCT_behav1.wcfg} -view {C:/Users/lsneler/Desktop/Repository/DCT/combinatoryDCT/tb_DCT_behav2.wcfg} -log {simulate.log}"
INFO: [USF-XSim-8] Loading simulator feature
Vivado Simulator 2017.2
Time resolution is 1 ps
open_wave_config C:/Users/lsneler/Desktop/Repository/DCT/combinatoryDCT/tb_DCT_behav.wcfg
WARNING: Simulation object /tb_DCT/i_r8 was not found in the design.
open_wave_config C:/Users/lsneler/Desktop/Repository/DCT/combinatoryDCT/tb_DCT_behav1.wcfg
open_wave_config C:/Users/lsneler/Desktop/Repository/DCT/combinatoryDCT/tb_DCT_behav2.wcfg
WARNING: Simulation object /tb_DCT/i_r8 was not found in the design.
source tb_DCT.tcl
# set curr_wave [current_wave_config]
# if { [string length $curr_wave] == 0 } {
#   if { [llength [get_objects]] > 0} {
#     add_wave /
#     set_property needs_save false [current_wave_config]
#   } else {
#      send_msg_id Add_Wave-1 WARNING "No top level signals found. Simulator will start without a wave window. If you want to open a wave window go to 'File->New Waveform Configuration' or type 'create_wave_config' in the TCL console."
#   }
# }
# run 1000ns
INFO: [USF-XSim-96] XSim completed. Design snapshot 'tb_DCT_behav' loaded.
INFO: [USF-XSim-97] XSim simulation ran for 1000ns
launch_simulation: Time (s): cpu = 00:00:05 ; elapsed = 00:00:07 . Memory (MB): peak = 819.246 ; gain = 15.008
relaunch_sim
