#-----------------------------------------------------------
# Vivado v2017.2 (64-bit)
# SW Build 1909853 on Thu Jun 15 18:39:09 MDT 2017
# IP Build 1909766 on Thu Jun 15 19:58:00 MDT 2017
# Start of session at: Thu Aug 22 10:23:51 2019
# Process ID: 748
# Current directory: C:/Users/lsneler/Desktop/Repo/JPEG_conv/component_modules/DCT
# Command line: vivado.exe -gui_launcher_event rodinguilauncherevent3032 C:\Users\lsneler\Desktop\Repo\JPEG_conv\component_modules\DCT\DCT.xpr
# Log file: C:/Users/lsneler/Desktop/Repo/JPEG_conv/component_modules/DCT/vivado.log
# Journal file: C:/Users/lsneler/Desktop/Repo/JPEG_conv/component_modules/DCT\vivado.jou
#-----------------------------------------------------------
start_gui
open_project C:/Users/lsneler/Desktop/Repo/JPEG_conv/component_modules/DCT/DCT.xpr
INFO: [Project 1-313] Project file moved from 'C:/Users/lsneler/Desktop/Repository/JPEG_conversion/combinatoryDCT' since last save.
Scanning sources...
Finished scanning sources
WARNING: [filemgmt 56-2] IP Repository Path: Could not find the directory 'C:/Users/lsneler/Desktop/Repo/JPEG_conv/component_modules/IP_Core_repo/DCT', nor could it be found using path 'C:/Users/lsneler/Desktop/Repository/JPEG_conversion/IP_Core_repo/DCT'.
WARNING: [filemgmt 56-2] IP Repository Path: Could not find the directory 'C:/Users/users/lsneler/desktop/repository/dct/combinatorydct', nor could it be found using path 'C:/users/lsneler/desktop/repository/dct/combinatorydct'.
INFO: [IP_Flow 19-234] Refreshing IP repositories
WARNING: [IP_Flow 19-2248] Failed to load user IP repository 'c:/Users/lsneler/Desktop/Repo/JPEG_conv/component_modules/IP_Core_repo/DCT'; Can't find the specified path.
If this directory should no longer be in your list of user repositories, go to the IP Settings dialog and remove it.
WARNING: [IP_Flow 19-2248] Failed to load user IP repository 'c:/Users/users/lsneler/desktop/repository/dct/combinatorydct'; Can't find the specified path.
If this directory should no longer be in your list of user repositories, go to the IP Settings dialog and remove it.
INFO: [IP_Flow 19-2313] Loaded Vivado IP repository 'C:/Xilinx/Vivado/2017.2/data/ip'.
update_compile_order -fileset sources_1
exit
INFO: [Common 17-206] Exiting Vivado at Thu Aug 22 10:51:12 2019...
