Unable to capture context for thread 11804 in process 2056, can not generate back trace
Exception at PC 0x00007FF8C10FBB93
Printing stacktrace...

[0]  [0x00007FF8C10FBB93]
[1]  [0x00007FF8C10FBB93]
[2]  [0x00007FF8C10FB4A1]
[3]  [0x00007FF8C10FB3EF]
[4]  [0x00007FF8C10E19FE]
[5]  [0x00007FF8C10E0ED1]
[6]  [0x00007FF8C10E0D76]
[7]  [0x00007FF8C10879F6]
[8]  [0x00007FF8C1077AFB]
[9]  [0x00007FF8C119E90A]
[10]  [0x00007FF8C11B9F87]
[11]  [0x00007FF8C11BA05F]
[12] (BaseThreadInitThunk+0x14) [0x00007FF93E953034]
[13] (RtlUserThreadStart+0x21) [0x00007FF940A51471]
Done
Exception at PC 0x00007FF8C0E01A52
Attemped to write at address 0x00007FF9108FABA4
Printing stacktrace...

[0]  [0x00007FF8C0E01A52]
[1]  [0x00007FF8C0E01A52]
[2]  [0x00007FF8C0E01AD4]
[3]  [0x00007FF8C0F43FF7]
[4]  [0x00007FF8C0E29128]
[5]  [0x00007FF8C10DDFB9]
[6]  [0x00007FF8C12AEF23]
[7]  [0x00007FF8C11BB06B]
[8]  [0x00007FF8C11B08AF]
[9]  [0x00007FF8C11B0A32]
[10] (RtlActivateActivationContextUnsafeFast+0x123) [0x00007FF940A14063]
[11] (LdrShutdownProcess+0x125) [0x00007FF940A20A15]
[12] (RtlExitUserProcess+0xd8) [0x00007FF940A208D8]
[13] (FatalExit+0xa) [0x00007FF93E95B19A]
[14] (exit+0x75) [0x00007FF940839CE5]
[15] (initterm_e+0x235) [0x00007FF94083A345]
[16]  [0x00000000004014CD]
[17]  [0x000000000040151B]
[18] (BaseThreadInitThunk+0x14) [0x00007FF93E953034]
[19] (RtlUserThreadStart+0x21) [0x00007FF940A51471]
Done
