#-----------------------------------------------------------
# Vivado v2017.2 (64-bit)
# SW Build 1909853 on Thu Jun 15 18:39:09 MDT 2017
# IP Build 1909766 on Thu Jun 15 19:58:00 MDT 2017
# Start of session at: Tue Aug 13 15:12:07 2019
# Process ID: 6316
# Current directory: C:/Users/lsneler/Desktop/Repository/JPEG_conversion/exemplary_projects/AxiLiteZynqBRAMDemo3
# Command line: vivado.exe -gui_launcher_event rodinguilauncherevent8000 C:\Users\lsneler\Desktop\Repository\JPEG_conversion\exemplary_projects\AxiLiteZynqBRAMDemo3\AxiLiteZynqBRAMDemo.xpr
# Log file: C:/Users/lsneler/Desktop/Repository/JPEG_conversion/exemplary_projects/AxiLiteZynqBRAMDemo3/vivado.log
# Journal file: C:/Users/lsneler/Desktop/Repository/JPEG_conversion/exemplary_projects/AxiLiteZynqBRAMDemo3\vivado.jou
#-----------------------------------------------------------
start_gui
open_project C:/Users/lsneler/Desktop/Repository/JPEG_conversion/exemplary_projects/AxiLiteZynqBRAMDemo3/AxiLiteZynqBRAMDemo.xpr
INFO: [ProjectBase 1-489] The host OS only allows 260 characters in a normal path. The project is stored in a path with more than 80 characters. If you experience issues with IP, Block Designs, or files not being found, please consider moving the project to a location with a shorter path. Alternately consider using the OS subst command to map part of the path to a drive letter.
Current project path is 'C:/Users/lsneler/Desktop/Repository/JPEG_conversion/exemplary_projects/AxiLiteZynqBRAMDemo3'
INFO: [Project 1-313] Project file moved from 'C:/Users/lsneler/Desktop/Repository/JPEG_conversion/exemplary_projects/AxiLiteZynqBRAMDemo3/AxiLiteZynqBRAMDemo' since last save.
WARNING: [Project 1-312] File not found as 'C:/Users/lsneler/Desktop/Repository/JPEG_conversion/exemplary_projects/ZYBO_Master.xdc'; using path 'C:/Users/lsneler/Desktop/Repository/JPEG_conversion/exemplary_projects/AxiLiteZynqBRAMDemo3/ZYBO_Master.xdc' instead.
Scanning sources...
Finished scanning sources
WARNING: [Project 1-312] File not found as 'C:/Users/lsneler/Desktop/Repository/JPEG_conversion/exemplary_projects/ZYBO_Master.xdc'; using path 'C:/Users/lsneler/Desktop/Repository/JPEG_conversion/exemplary_projects/AxiLiteZynqBRAMDemo3/ZYBO_Master.xdc' instead.
WARNING: [Project 1-312] File not found as 'C:/Users/lsneler/Desktop/Repository/JPEG_conversion/exemplary_projects/ZYBO_Master.xdc'; using path 'C:/Users/lsneler/Desktop/Repository/JPEG_conversion/exemplary_projects/AxiLiteZynqBRAMDemo3/ZYBO_Master.xdc' instead.
INFO: [filemgmt 56-1] IP Repository Path: Directory not found as 'C:/Users/lsneler/Desktop/Repository/JPEG_conversion/exemplary_projects/ip_repo/AXILiteToBRAMIntf_1.0'; using path 'C:/Users/lsneler/Desktop/Repository/JPEG_conversion/exemplary_projects/AxiLiteZynqBRAMDemo3/ip_repo/AXILiteToBRAMIntf_1.0' instead.
WARNING: [filemgmt 56-2] IP Repository Path: Could not find the directory 'C:/Users/lsneler/Desktop/Repository/JPEG_conversion/exemplary_projects/ip_repo/BRAMContrl_1.0', nor could it be found using path 'C:/Users/lsneler/Desktop/Repository/JPEG_conversion/exemplary_projects/AxiLiteZynqBRAMDemo3/ip_repo/BRAMContrl_1.0'.
INFO: [IP_Flow 19-234] Refreshing IP repositories
INFO: [IP_Flow 19-1700] Loaded user IP repository 'c:/Users/lsneler/Desktop/Repository/JPEG_conversion/exemplary_projects/AxiLiteZynqBRAMDemo3/ip_repo/AXILiteToBRAMIntf_1.0'.
WARNING: [IP_Flow 19-2248] Failed to load user IP repository 'c:/Users/lsneler/Desktop/Repository/JPEG_conversion/exemplary_projects/ip_repo/BRAMContrl_1.0'; Can't find the specified path.
If this directory should no longer be in your list of user repositories, go to the IP Settings dialog and remove it.
INFO: [IP_Flow 19-2313] Loaded Vivado IP repository 'C:/Xilinx/Vivado/2017.2/data/ip'.
WARNING: [IP_Flow 19-3664] IP 'design_1_auto_pc_0' generated file not found 'c:/Users/lsneler/Desktop/Repository/JPEG_conversion/exemplary_projects/AxiLiteZynqBRAMDemo3/AxiLiteZynqBRAMDemo.srcs/sources_1/bd/design_1/ip/design_1_auto_pc_0/stats.txt'. Please regenerate to continue.
open_project: Time (s): cpu = 00:00:18 ; elapsed = 00:00:12 . Memory (MB): peak = 853.898 ; gain = 94.004
update_compile_order -fileset sources_1
reset_run impl_1
launch_runs impl_1 -to_step write_bitstream -jobs 4
[Tue Aug 13 15:12:37 2019] Launched impl_1...
Run output will be captured here: C:/Users/lsneler/Desktop/Repository/JPEG_conversion/exemplary_projects/AxiLiteZynqBRAMDemo3/AxiLiteZynqBRAMDemo.runs/impl_1/runme.log
exit
INFO: [Common 17-206] Exiting Vivado at Tue Aug 13 15:14:11 2019...
