#-----------------------------------------------------------
# Vivado v2017.2 (64-bit)
# SW Build 1909853 on Thu Jun 15 18:39:09 MDT 2017
# IP Build 1909766 on Thu Jun 15 19:58:00 MDT 2017
# Start of session at: Mon Aug 19 11:15:40 2019
# Process ID: 6860
# Current directory: C:/Users/lsneler/Desktop/Repo/JPEG_conv/exemp_proj/AxiLite3
# Command line: vivado.exe -gui_launcher_event rodinguilauncherevent4956 C:\Users\lsneler\Desktop\Repo\JPEG_conv\exemp_proj\AxiLite3\AxiLiteZynqBRAMDemo.xpr
# Log file: C:/Users/lsneler/Desktop/Repo/JPEG_conv/exemp_proj/AxiLite3/vivado.log
# Journal file: C:/Users/lsneler/Desktop/Repo/JPEG_conv/exemp_proj/AxiLite3\vivado.jou
#-----------------------------------------------------------
start_gui
open_project C:/Users/lsneler/Desktop/Repo/JPEG_conv/exemp_proj/AxiLite3/AxiLiteZynqBRAMDemo.xpr
Scanning sources...
Finished scanning sources
WARNING: [filemgmt 56-3] IP Repository Path: Could not find the directory 'C:/Users/lsneler/Desktop/Repo/JPEG_conv/exemp_proj/ip_repo/BRAMContrl_1.0'.
INFO: [IP_Flow 19-234] Refreshing IP repositories
INFO: [IP_Flow 19-1700] Loaded user IP repository 'c:/Users/lsneler/Desktop/Repo/JPEG_conv/exemp_proj/AxiLite3/ip_repo/AXILiteToBRAMIntf_1.0'.
WARNING: [IP_Flow 19-2248] Failed to load user IP repository 'c:/Users/lsneler/Desktop/Repo/JPEG_conv/exemp_proj/ip_repo/BRAMContrl_1.0'; Can't find the specified path.
If this directory should no longer be in your list of user repositories, go to the IP Settings dialog and remove it.
INFO: [IP_Flow 19-2313] Loaded Vivado IP repository 'C:/Xilinx/Vivado/2017.2/data/ip'.
WARNING: [IP_Flow 19-3664] IP 'design_1_auto_pc_0' generated file not found 'c:/Users/lsneler/Desktop/Repo/JPEG_conv/exemp_proj/AxiLite3/AxiLiteZynqBRAMDemo.srcs/sources_1/bd/design_1/ip/design_1_auto_pc_0/stats.txt'. Please regenerate to continue.
open_project: Time (s): cpu = 00:00:21 ; elapsed = 00:00:38 . Memory (MB): peak = 794.605 ; gain = 113.707
update_compile_order -fileset sources_1
exit
INFO: [Common 17-206] Exiting Vivado at Mon Aug 19 11:22:09 2019...
