Unable to capture context for thread 5752 in process 3524, can not generate back trace
Unable to capture context for thread 6812 in process 3524, can not generate back trace
Exception at PC 0x00007FFBED3CBB93
Printing stacktrace...

[0]  [0x00007FFBED3CBB93]
[1]  [0x00007FFBED3CBB93]
[2]  [0x00007FFBED3CB4A1]
[3]  [0x00007FFBED3CB3EF]
[4]  [0x00007FFBED3B19FE]
[5]  [0x00007FFBED3B0ED1]
[6]  [0x00007FFBED3B0D76]
[7]  [0x00007FFBED3579F6]
[8]  [0x00007FFBED347AFB]
[9]  [0x00007FFBED46E90A]
[10]  [0x00007FFBED489F87]
[11]  [0x00007FFBED48A05F]
[12] (BaseThreadInitThunk+0x22) [0x00007FFC46B113D2]
[13] (RtlUserThreadStart+0x34) [0x00007FFC491454F4]
Done
Exception at PC 0x00007FFBED0D1A52
Attemped to write at address 0x00007FFC1D64ABA4
Printing stacktrace...

[0]  [0x00007FFBED0D1A52]
[1]  [0x00007FFBED0D1A52]
[2]  [0x00007FFBED0D1AD4]
[3]  [0x00007FFBED213FF7]
[4]  [0x00007FFBED0F9128]
[5]  [0x00007FFBED3ADFB9]
[6]  [0x00007FFBED57EF23]
[7]  [0x00007FFBED48B06B]
[8]  [0x00007FFBED4808AF]
[9]  [0x00007FFBED480A32]
[10] (RtlActivateActivationContextUnsafeFast+0x114) [0x00007FFC4914C114]
[11] (LdrShutdownProcess+0x142) [0x00007FFC4914B522]
[12] (RtlExitUserProcess+0x98) [0x00007FFC49148538]
[13] (FatalExit+0xa) [0x00007FFC46B1516A]
[14] (exit+0x25) [0x00007FFC486E71D5]
[15] (flushall+0x22f) [0x00007FFC486E6E6F]
[16]  [0x00000000004014CD]
[17]  [0x000000000040151B]
[18] (BaseThreadInitThunk+0x22) [0x00007FFC46B113D2]
[19] (RtlUserThreadStart+0x34) [0x00007FFC491454F4]
Done
