
*** Running vivado
    with args -log blk_mem_gen_0.vds -m64 -product Vivado -mode batch -messageDb vivado.pb -notrace -source blk_mem_gen_0.tcl


****** Vivado v2017.2 (64-bit)
  **** SW Build 1909853 on Thu Jun 15 18:39:09 MDT 2017
  **** IP Build 1909766 on Thu Jun 15 19:58:00 MDT 2017
    ** Copyright 1986-2017 Xilinx, Inc. All Rights Reserved.

source blk_mem_gen_0.tcl -notrace
Starting RTL Elaboration : Time (s): cpu = 00:00:04 ; elapsed = 00:00:05 . Memory (MB): peak = 320.539 ; gain = 80.070
INFO: [Synth 8-638] synthesizing module 'blk_mem_gen_0' [c:/Users/lsneler/Desktop/Repo/JPEG_conv/component_modules/DCT/DCT.srcs/sources_1/ip/blk_mem_gen_0/synth/blk_mem_gen_0.vhd:69]
INFO: [Synth 8-256] done synthesizing module 'blk_mem_gen_0' (9#1) [c:/Users/lsneler/Desktop/Repo/JPEG_conv/component_modules/DCT/DCT.srcs/sources_1/ip/blk_mem_gen_0/synth/blk_mem_gen_0.vhd:69]
Finished RTL Elaboration : Time (s): cpu = 00:00:42 ; elapsed = 00:00:43 . Memory (MB): peak = 527.375 ; gain = 286.906
Finished RTL Optimization Phase 1 : Time (s): cpu = 00:00:42 ; elapsed = 00:00:43 . Memory (MB): peak = 527.375 ; gain = 286.906
INFO: [Device 21-403] Loading part xc7z010clg400-1
Constraint Validation Runtime : Time (s): cpu = 00:00:00 ; elapsed = 00:00:00.011 . Memory (MB): peak = 587.383 ; gain = 0.000
Finished Constraint Validation : Time (s): cpu = 00:00:50 ; elapsed = 00:01:00 . Memory (MB): peak = 587.383 ; gain = 346.914
Finished Loading Part and Timing Information : Time (s): cpu = 00:00:50 ; elapsed = 00:01:00 . Memory (MB): peak = 587.383 ; gain = 346.914
Finished applying 'set_property' XDC Constraints : Time (s): cpu = 00:00:50 ; elapsed = 00:01:00 . Memory (MB): peak = 587.383 ; gain = 346.914
Finished RTL Optimization Phase 2 : Time (s): cpu = 00:00:50 ; elapsed = 00:01:01 . Memory (MB): peak = 587.383 ; gain = 346.914
Finished Cross Boundary and Area Optimization : Time (s): cpu = 00:00:50 ; elapsed = 00:01:01 . Memory (MB): peak = 587.383 ; gain = 346.914
Finished Applying XDC Timing Constraints : Time (s): cpu = 00:00:59 ; elapsed = 00:01:10 . Memory (MB): peak = 616.762 ; gain = 376.293
Finished Timing Optimization : Time (s): cpu = 00:00:59 ; elapsed = 00:01:10 . Memory (MB): peak = 616.762 ; gain = 376.293
Finished Technology Mapping : Time (s): cpu = 00:00:59 ; elapsed = 00:01:10 . Memory (MB): peak = 626.902 ; gain = 386.434
Finished IO Insertion : Time (s): cpu = 00:00:59 ; elapsed = 00:01:10 . Memory (MB): peak = 626.902 ; gain = 386.434
Finished Renaming Generated Instances : Time (s): cpu = 00:00:59 ; elapsed = 00:01:10 . Memory (MB): peak = 626.902 ; gain = 386.434
Finished Rebuilding User Hierarchy : Time (s): cpu = 00:00:59 ; elapsed = 00:01:10 . Memory (MB): peak = 626.902 ; gain = 386.434
Finished Renaming Generated Ports : Time (s): cpu = 00:00:59 ; elapsed = 00:01:10 . Memory (MB): peak = 626.902 ; gain = 386.434
Finished Handling Custom Attributes : Time (s): cpu = 00:00:59 ; elapsed = 00:01:10 . Memory (MB): peak = 626.902 ; gain = 386.434
Finished Renaming Generated Nets : Time (s): cpu = 00:00:59 ; elapsed = 00:01:10 . Memory (MB): peak = 626.902 ; gain = 386.434

Report Cell Usage: 
+------+---------+------+
|      |Cell     |Count |
+------+---------+------+
|1     |RAMB18E1 |     1|
+------+---------+------+
Finished Writing Synthesis Report : Time (s): cpu = 00:00:59 ; elapsed = 00:01:10 . Memory (MB): peak = 626.902 ; gain = 386.434
synth_design: Time (s): cpu = 00:01:00 ; elapsed = 00:01:11 . Memory (MB): peak = 639.430 ; gain = 401.590
