#-----------------------------------------------------------
# Vivado v2017.2 (64-bit)
# SW Build 1909853 on Thu Jun 15 18:39:09 MDT 2017
# IP Build 1909766 on Thu Jun 15 19:58:00 MDT 2017
# Start of session at: Wed Jul 17 15:58:03 2019
# Process ID: 7032
# Current directory: C:/Users/lsneler/Desktop/Repository/DCT/DCT
# Command line: vivado.exe -gui_launcher_event rodinguilauncherevent1620 C:\Users\lsneler\Desktop\Repository\DCT\DCT\DCT.xpr
# Log file: C:/Users/lsneler/Desktop/Repository/DCT/DCT/vivado.log
# Journal file: C:/Users/lsneler/Desktop/Repository/DCT/DCT\vivado.jou
#-----------------------------------------------------------
start_gui
open_project C:/Users/lsneler/Desktop/Repository/DCT/DCT/DCT.xpr
CRITICAL WARNING: [Project 1-19] Could not find the file 'C:/Users/lsneler/Desktop/Repository/DCT/DCT/tb_DCT_int_behav.wcfg'.
CRITICAL WARNING: [Project 1-19] Could not find the file 'C:/Users/lsneler/Desktop/Repository/DCT/DCT/tb_DCT_int_behav1.wcfg'.
CRITICAL WARNING: [Project 1-19] Could not find the file 'C:/Users/lsneler/Desktop/Repository/DCT/DCT/tb_DCT_int_behav2.wcfg'.
CRITICAL WARNING: [Project 1-19] Could not find the file 'C:/Users/lsneler/Desktop/Repository/DCT/DCT/tb_DCT_fp_behav.wcfg'.
Scanning sources...
Finished scanning sources
INFO: [IP_Flow 19-234] Refreshing IP repositories
INFO: [IP_Flow 19-1704] No user IP repositories specified
INFO: [IP_Flow 19-2313] Loaded Vivado IP repository 'C:/Xilinx/Vivado/2017.2/data/ip'.
launch_simulation
WARNING: [Vivado 12-3661] Failed to remove file:C:/Users/lsneler/Desktop/Repository/DCT/DCT/DCT.sim/sim_1/behav/simulate.log
WARNING: [Vivado 12-3661] Failed to remove file:C:/Users/lsneler/Desktop/Repository/DCT/DCT/DCT.sim/sim_1/behav/tb_DCT_behav.wdb
WARNING: [Vivado 12-3661] Failed to remove file:C:/Users/lsneler/Desktop/Repository/DCT/DCT/DCT.sim/sim_1/behav/tb_DCT_fp_behav.wdb
WARNING: [Vivado 12-3661] Failed to remove file:C:/Users/lsneler/Desktop/Repository/DCT/DCT/DCT.sim/sim_1/behav/xelab.pb
INFO: [SIM-utils-51] Simulation object is 'sim_1'
INFO: [SIM-utils-54] Inspecting design source files for 'tb_DCT_fp' in fileset 'sim_1'...
INFO: [USF-XSim-97] Finding global include files...
INFO: [USF-XSim-100] Fetching design files from 'sources_1'...(this may take a while)...
INFO: [USF-XSim-101] Fetching design files from 'sim_1'...
INFO: [USF-XSim-2] XSim::Compile design
INFO: [USF-XSim-61] Executing 'COMPILE and ANALYZE' step in 'C:/Users/lsneler/Desktop/Repository/DCT/DCT/DCT.sim/sim_1/behav'
"xvlog -m64 --relax -prj tb_DCT_fp_vlog.prj"
INFO: [VRFC 10-2263] Analyzing Verilog file "C:/Users/lsneler/Desktop/Repository/DCT/DCT/DCT.srcs/sources_1/imports/new/full_adder.v" into library xil_defaultlib
INFO: [VRFC 10-311] analyzing module full_adder
INFO: [VRFC 10-2263] Analyzing Verilog file "C:/Users/lsneler/Desktop/Repository/DCT/DCT/DCT.srcs/sources_1/new/DCT_int.v" into library xil_defaultlib
INFO: [VRFC 10-311] analyzing module DCT_int
INFO: [VRFC 10-2263] Analyzing Verilog file "C:/Users/lsneler/Desktop/Repository/DCT/DCT/DCT.srcs/sources_1/new/DCT_fp.v" into library xil_defaultlib
INFO: [VRFC 10-311] analyzing module DCT_fp
INFO: [VRFC 10-2263] Analyzing Verilog file "C:/Users/lsneler/Desktop/Repository/DCT/DCT/DCT.srcs/sources_1/new/DCT.v" into library xil_defaultlib
INFO: [VRFC 10-311] analyzing module DCT
INFO: [VRFC 10-2263] Analyzing Verilog file "C:/Users/lsneler/Desktop/Repository/DCT/DCT/DCT.srcs/sim_1/imports/sources_1/clk_gen.v" into library xil_defaultlib
INFO: [VRFC 10-311] analyzing module clk_gen
INFO: [VRFC 10-2263] Analyzing Verilog file "C:/Users/lsneler/Desktop/Repository/DCT/DCT/DCT.srcs/sim_1/new/tb_DCT_int.v" into library xil_defaultlib
INFO: [VRFC 10-311] analyzing module tb_DCT_int
INFO: [VRFC 10-2263] Analyzing Verilog file "C:/Users/lsneler/Desktop/Repository/DCT/DCT/DCT.srcs/sim_1/imports/new/tb_full_adder.v" into library xil_defaultlib
INFO: [VRFC 10-311] analyzing module tb_full_adder
INFO: [VRFC 10-2263] Analyzing Verilog file "C:/Users/lsneler/Desktop/Repository/DCT/DCT/DCT.srcs/sim_1/new/tb_DCT_fp.v" into library xil_defaultlib
INFO: [VRFC 10-311] analyzing module tb_DCT_fp
INFO: [VRFC 10-2263] Analyzing Verilog file "C:/Users/lsneler/Desktop/Repository/DCT/DCT/DCT.srcs/sim_1/new/tb_DCT.v" into library xil_defaultlib
INFO: [VRFC 10-311] analyzing module tb_DCT
INFO: [VRFC 10-2263] Analyzing Verilog file "C:/Users/lsneler/Desktop/Repository/DCT/DCT/DCT.sim/sim_1/behav/glbl.v" into library xil_defaultlib
INFO: [VRFC 10-311] analyzing module glbl
INFO: [USF-XSim-69] 'compile' step finished in '1' seconds
INFO: [USF-XSim-3] XSim::Elaborate design
INFO: [USF-XSim-61] Executing 'ELABORATE' step in 'C:/Users/lsneler/Desktop/Repository/DCT/DCT/DCT.sim/sim_1/behav'
Vivado Simulator 2017.2
Copyright 1986-1999, 2001-2016 Xilinx, Inc. All Rights Reserved.
Running: C:/Xilinx/Vivado/2017.2/bin/unwrapped/win64.o/xelab.exe -wto 4452bdac857f45c49b0b6db2118e3c55 --debug typical --relax --mt 2 -L xil_defaultlib -L unisims_ver -L unimacro_ver -L secureip --snapshot tb_DCT_fp_behav xil_defaultlib.tb_DCT_fp xil_defaultlib.glbl -log elaborate.log 
Using 2 slave threads.
Starting static elaboration
Completed static elaboration
Starting simulation data flow analysis
Completed simulation data flow analysis
Time Resolution for simulation is 1ps
Compiling module xil_defaultlib.clk_gen
Compiling module xil_defaultlib.DCT_fp
Compiling module xil_defaultlib.tb_DCT_fp
Compiling module xil_defaultlib.glbl
Built simulation snapshot tb_DCT_fp_behav

****** Webtalk v2017.2 (64-bit)
  **** SW Build 1909853 on Thu Jun 15 18:39:09 MDT 2017
  **** IP Build 1909766 on Thu Jun 15 19:58:00 MDT 2017
    ** Copyright 1986-2017 Xilinx, Inc. All Rights Reserved.

source C:/Users/lsneler/Desktop/Repository/DCT/DCT/DCT.sim/sim_1/behav/xsim.dir/tb_DCT_fp_behav/webtalk/xsim_webtalk.tcl -notrace
INFO: [Common 17-186] 'C:/Users/lsneler/Desktop/Repository/DCT/DCT/DCT.sim/sim_1/behav/xsim.dir/tb_DCT_fp_behav/webtalk/usage_statistics_ext_xsim.xml' has been successfully sent to Xilinx on Wed Jul 17 15:58:30 2019. For additional details about this file, please refer to the WebTalk help file at C:/Xilinx/Vivado/2017.2/doc/webtalk_introduction.html.
INFO: [Common 17-206] Exiting Webtalk at Wed Jul 17 15:58:30 2019...
INFO: [USF-XSim-69] 'elaborate' step finished in '4' seconds
INFO: [USF-XSim-4] XSim::Simulate design
WARNING: [USF-XSim-17] WCFG file does not exist:C:/Users/lsneler/Desktop/Repository/DCT/DCT/tb_DCT_int_behav.wcfg
WARNING: [USF-XSim-17] WCFG file does not exist:C:/Users/lsneler/Desktop/Repository/DCT/DCT/tb_DCT_int_behav1.wcfg
WARNING: [USF-XSim-17] WCFG file does not exist:C:/Users/lsneler/Desktop/Repository/DCT/DCT/tb_DCT_int_behav2.wcfg
WARNING: [USF-XSim-17] WCFG file does not exist:C:/Users/lsneler/Desktop/Repository/DCT/DCT/tb_DCT_fp_behav.wcfg
WARNING: [USF-XSim-17] WCFG file does not exist:C:/Users/lsneler/Desktop/Repository/DCT/DCT/tb_DCT_int_behav.wcfg
WARNING: [USF-XSim-17] WCFG file does not exist:C:/Users/lsneler/Desktop/Repository/DCT/DCT/tb_DCT_int_behav1.wcfg
WARNING: [USF-XSim-17] WCFG file does not exist:C:/Users/lsneler/Desktop/Repository/DCT/DCT/tb_DCT_int_behav2.wcfg
WARNING: [USF-XSim-17] WCFG file does not exist:C:/Users/lsneler/Desktop/Repository/DCT/DCT/tb_DCT_fp_behav.wcfg
INFO: [USF-XSim-61] Executing 'SIMULATE' step in 'C:/Users/lsneler/Desktop/Repository/DCT/DCT/DCT.sim/sim_1/behav'
INFO: [USF-XSim-98] *** Running xsim
   with args "tb_DCT_fp_behav -key {Behavioral:sim_1:Functional:tb_DCT_fp} -tclbatch {tb_DCT_fp.tcl} -view {C:/Users/lsneler/Desktop/Repository/DCT/DCT/tb_DCT_behav.wcfg} -log {simulate.log}"
INFO: [USF-XSim-8] Loading simulator feature
Vivado Simulator 2017.2
Time resolution is 1 ps
open_wave_config C:/Users/lsneler/Desktop/Repository/DCT/DCT/tb_DCT_behav.wcfg
WARNING: Simulation object /tb_DCT/clk was not found in the design.
WARNING: Simulation object /tb_DCT/cnt was not found in the design.
WARNING: Simulation object /tb_DCT/rst was not found in the design.
WARNING: Simulation object /tb_DCT/start was not found in the design.
WARNING: Simulation object /tb_DCT/pixel_in was not found in the design.
WARNING: Simulation object /tb_DCT/pixel_out was not found in the design.
source tb_DCT_fp.tcl
# set curr_wave [current_wave_config]
# if { [string length $curr_wave] == 0 } {
#   if { [llength [get_objects]] > 0} {
#     add_wave /
#     set_property needs_save false [current_wave_config]
#   } else {
#      send_msg_id Add_Wave-1 WARNING "No top level signals found. Simulator will start without a wave window. If you want to open a wave window go to 'File->New Waveform Configuration' or type 'create_wave_config' in the TCL console."
#   }
# }
# run 1000ns
INFO: [USF-XSim-96] XSim completed. Design snapshot 'tb_DCT_fp_behav' loaded.
INFO: [USF-XSim-97] XSim simulation ran for 1000ns
launch_simulation: Time (s): cpu = 00:00:04 ; elapsed = 00:00:07 . Memory (MB): peak = 884.863 ; gain = 3.199
relaunch_sim
INFO: [SIM-utils-51] Simulation object is 'sim_1'
INFO: [SIM-utils-54] Inspecting design source files for 'tb_DCT_fp' in fileset 'sim_1'...
INFO: [USF-XSim-97] Finding global include files...
INFO: [USF-XSim-100] Fetching design files from 'sources_1'...(this may take a while)...
INFO: [USF-XSim-101] Fetching design files from 'sim_1'...
INFO: [USF-XSim-2] XSim::Compile design
INFO: [USF-XSim-61] Executing 'COMPILE and ANALYZE' step in 'C:/Users/lsneler/Desktop/Repository/DCT/DCT/DCT.sim/sim_1/behav'
"xvlog -m64 --relax -prj tb_DCT_fp_vlog.prj"
INFO: [VRFC 10-2263] Analyzing Verilog file "C:/Users/lsneler/Desktop/Repository/DCT/DCT/DCT.srcs/sources_1/imports/new/full_adder.v" into library xil_defaultlib
INFO: [VRFC 10-311] analyzing module full_adder
INFO: [VRFC 10-2263] Analyzing Verilog file "C:/Users/lsneler/Desktop/Repository/DCT/DCT/DCT.srcs/sources_1/new/DCT_int.v" into library xil_defaultlib
INFO: [VRFC 10-311] analyzing module DCT_int
INFO: [VRFC 10-2263] Analyzing Verilog file "C:/Users/lsneler/Desktop/Repository/DCT/DCT/DCT.srcs/sources_1/new/DCT_fp.v" into library xil_defaultlib
INFO: [VRFC 10-311] analyzing module DCT_fp
INFO: [VRFC 10-2263] Analyzing Verilog file "C:/Users/lsneler/Desktop/Repository/DCT/DCT/DCT.srcs/sources_1/new/DCT.v" into library xil_defaultlib
INFO: [VRFC 10-311] analyzing module DCT
INFO: [VRFC 10-2263] Analyzing Verilog file "C:/Users/lsneler/Desktop/Repository/DCT/DCT/DCT.srcs/sim_1/imports/sources_1/clk_gen.v" into library xil_defaultlib
INFO: [VRFC 10-311] analyzing module clk_gen
INFO: [VRFC 10-2263] Analyzing Verilog file "C:/Users/lsneler/Desktop/Repository/DCT/DCT/DCT.srcs/sim_1/new/tb_DCT_int.v" into library xil_defaultlib
INFO: [VRFC 10-311] analyzing module tb_DCT_int
INFO: [VRFC 10-2263] Analyzing Verilog file "C:/Users/lsneler/Desktop/Repository/DCT/DCT/DCT.srcs/sim_1/imports/new/tb_full_adder.v" into library xil_defaultlib
INFO: [VRFC 10-311] analyzing module tb_full_adder
INFO: [VRFC 10-2263] Analyzing Verilog file "C:/Users/lsneler/Desktop/Repository/DCT/DCT/DCT.srcs/sim_1/new/tb_DCT_fp.v" into library xil_defaultlib
INFO: [VRFC 10-311] analyzing module tb_DCT_fp
INFO: [VRFC 10-2263] Analyzing Verilog file "C:/Users/lsneler/Desktop/Repository/DCT/DCT/DCT.srcs/sim_1/new/tb_DCT.v" into library xil_defaultlib
INFO: [VRFC 10-311] analyzing module tb_DCT
INFO: [VRFC 10-2263] Analyzing Verilog file "C:/Users/lsneler/Desktop/Repository/DCT/DCT/DCT.sim/sim_1/behav/glbl.v" into library xil_defaultlib
INFO: [VRFC 10-311] analyzing module glbl
INFO: [USF-XSim-69] 'compile' step finished in '1' seconds
INFO: [USF-XSim-3] XSim::Elaborate design
INFO: [USF-XSim-61] Executing 'ELABORATE' step in 'C:/Users/lsneler/Desktop/Repository/DCT/DCT/DCT.sim/sim_1/behav'
Vivado Simulator 2017.2
Copyright 1986-1999, 2001-2016 Xilinx, Inc. All Rights Reserved.
Running: C:/Xilinx/Vivado/2017.2/bin/unwrapped/win64.o/xelab.exe -wto 4452bdac857f45c49b0b6db2118e3c55 --debug typical --relax --mt 2 -L xil_defaultlib -L unisims_ver -L unimacro_ver -L secureip --snapshot tb_DCT_fp_behav xil_defaultlib.tb_DCT_fp xil_defaultlib.glbl -log elaborate.log 
Using 2 slave threads.
Starting static elaboration
Completed static elaboration
Starting simulation data flow analysis
Completed simulation data flow analysis
Time Resolution for simulation is 1ps
Compiling module xil_defaultlib.clk_gen
Compiling module xil_defaultlib.DCT_fp
Compiling module xil_defaultlib.tb_DCT_fp
Compiling module xil_defaultlib.glbl
Built simulation snapshot tb_DCT_fp_behav
INFO: [USF-XSim-69] 'elaborate' step finished in '1' seconds
Vivado Simulator 2017.2
Time resolution is 1 ps
relaunch_sim: Time (s): cpu = 00:00:01 ; elapsed = 00:00:07 . Memory (MB): peak = 948.402 ; gain = 0.000
save_wave_config {C:/Users/lsneler/Desktop/Repository/DCT/DCT/tb_DCT_behav.wcfg}
save_wave_config {C:/Users/lsneler/Desktop/Repository/DCT/DCT/tb_DCT_behav.wcfg}
relaunch_sim
INFO: [SIM-utils-51] Simulation object is 'sim_1'
INFO: [SIM-utils-54] Inspecting design source files for 'tb_DCT_fp' in fileset 'sim_1'...
INFO: [USF-XSim-97] Finding global include files...
INFO: [USF-XSim-100] Fetching design files from 'sources_1'...(this may take a while)...
INFO: [USF-XSim-101] Fetching design files from 'sim_1'...
INFO: [USF-XSim-2] XSim::Compile design
INFO: [USF-XSim-61] Executing 'COMPILE and ANALYZE' step in 'C:/Users/lsneler/Desktop/Repository/DCT/DCT/DCT.sim/sim_1/behav'
"xvlog -m64 --relax -prj tb_DCT_fp_vlog.prj"
INFO: [VRFC 10-2263] Analyzing Verilog file "C:/Users/lsneler/Desktop/Repository/DCT/DCT/DCT.srcs/sources_1/imports/new/full_adder.v" into library xil_defaultlib
INFO: [VRFC 10-311] analyzing module full_adder
INFO: [VRFC 10-2263] Analyzing Verilog file "C:/Users/lsneler/Desktop/Repository/DCT/DCT/DCT.srcs/sources_1/new/DCT_int.v" into library xil_defaultlib
INFO: [VRFC 10-311] analyzing module DCT_int
INFO: [VRFC 10-2263] Analyzing Verilog file "C:/Users/lsneler/Desktop/Repository/DCT/DCT/DCT.srcs/sources_1/new/DCT_fp.v" into library xil_defaultlib
INFO: [VRFC 10-311] analyzing module DCT_fp
INFO: [VRFC 10-2263] Analyzing Verilog file "C:/Users/lsneler/Desktop/Repository/DCT/DCT/DCT.srcs/sources_1/new/DCT.v" into library xil_defaultlib
INFO: [VRFC 10-311] analyzing module DCT
INFO: [VRFC 10-2263] Analyzing Verilog file "C:/Users/lsneler/Desktop/Repository/DCT/DCT/DCT.srcs/sim_1/imports/sources_1/clk_gen.v" into library xil_defaultlib
INFO: [VRFC 10-311] analyzing module clk_gen
INFO: [VRFC 10-2263] Analyzing Verilog file "C:/Users/lsneler/Desktop/Repository/DCT/DCT/DCT.srcs/sim_1/new/tb_DCT_int.v" into library xil_defaultlib
INFO: [VRFC 10-311] analyzing module tb_DCT_int
INFO: [VRFC 10-2263] Analyzing Verilog file "C:/Users/lsneler/Desktop/Repository/DCT/DCT/DCT.srcs/sim_1/imports/new/tb_full_adder.v" into library xil_defaultlib
INFO: [VRFC 10-311] analyzing module tb_full_adder
INFO: [VRFC 10-2263] Analyzing Verilog file "C:/Users/lsneler/Desktop/Repository/DCT/DCT/DCT.srcs/sim_1/new/tb_DCT_fp.v" into library xil_defaultlib
INFO: [VRFC 10-311] analyzing module tb_DCT_fp
INFO: [VRFC 10-2263] Analyzing Verilog file "C:/Users/lsneler/Desktop/Repository/DCT/DCT/DCT.srcs/sim_1/new/tb_DCT.v" into library xil_defaultlib
INFO: [VRFC 10-311] analyzing module tb_DCT
INFO: [VRFC 10-2263] Analyzing Verilog file "C:/Users/lsneler/Desktop/Repository/DCT/DCT/DCT.sim/sim_1/behav/glbl.v" into library xil_defaultlib
INFO: [VRFC 10-311] analyzing module glbl
INFO: [USF-XSim-69] 'compile' step finished in '1' seconds
INFO: [USF-XSim-3] XSim::Elaborate design
INFO: [USF-XSim-61] Executing 'ELABORATE' step in 'C:/Users/lsneler/Desktop/Repository/DCT/DCT/DCT.sim/sim_1/behav'
Vivado Simulator 2017.2
Copyright 1986-1999, 2001-2016 Xilinx, Inc. All Rights Reserved.
Running: C:/Xilinx/Vivado/2017.2/bin/unwrapped/win64.o/xelab.exe -wto 4452bdac857f45c49b0b6db2118e3c55 --debug typical --relax --mt 2 -L xil_defaultlib -L unisims_ver -L unimacro_ver -L secureip --snapshot tb_DCT_fp_behav xil_defaultlib.tb_DCT_fp xil_defaultlib.glbl -log elaborate.log 
Using 2 slave threads.
Starting static elaboration
Completed static elaboration
Starting simulation data flow analysis
Completed simulation data flow analysis
Time Resolution for simulation is 1ps
Compiling module xil_defaultlib.clk_gen
Compiling module xil_defaultlib.DCT_fp
Compiling module xil_defaultlib.tb_DCT_fp
Compiling module xil_defaultlib.glbl
Built simulation snapshot tb_DCT_fp_behav
INFO: [USF-XSim-69] 'elaborate' step finished in '2' seconds
Vivado Simulator 2017.2
Time resolution is 1 ps
relaunch_sim: Time (s): cpu = 00:00:02 ; elapsed = 00:00:06 . Memory (MB): peak = 948.402 ; gain = 0.000
save_wave_config {C:/Users/lsneler/Desktop/Repository/DCT/DCT/tb_DCT_behav.wcfg}
relaunch_sim
INFO: [SIM-utils-51] Simulation object is 'sim_1'
INFO: [SIM-utils-54] Inspecting design source files for 'tb_DCT_fp' in fileset 'sim_1'...
INFO: [USF-XSim-97] Finding global include files...
INFO: [USF-XSim-100] Fetching design files from 'sources_1'...(this may take a while)...
INFO: [USF-XSim-101] Fetching design files from 'sim_1'...
INFO: [USF-XSim-2] XSim::Compile design
INFO: [USF-XSim-61] Executing 'COMPILE and ANALYZE' step in 'C:/Users/lsneler/Desktop/Repository/DCT/DCT/DCT.sim/sim_1/behav'
"xvlog -m64 --relax -prj tb_DCT_fp_vlog.prj"
INFO: [VRFC 10-2263] Analyzing Verilog file "C:/Users/lsneler/Desktop/Repository/DCT/DCT/DCT.srcs/sources_1/imports/new/full_adder.v" into library xil_defaultlib
INFO: [VRFC 10-311] analyzing module full_adder
INFO: [VRFC 10-2263] Analyzing Verilog file "C:/Users/lsneler/Desktop/Repository/DCT/DCT/DCT.srcs/sources_1/new/DCT_int.v" into library xil_defaultlib
INFO: [VRFC 10-311] analyzing module DCT_int
INFO: [VRFC 10-2263] Analyzing Verilog file "C:/Users/lsneler/Desktop/Repository/DCT/DCT/DCT.srcs/sources_1/new/DCT_fp.v" into library xil_defaultlib
INFO: [VRFC 10-311] analyzing module DCT_fp
INFO: [VRFC 10-2263] Analyzing Verilog file "C:/Users/lsneler/Desktop/Repository/DCT/DCT/DCT.srcs/sources_1/new/DCT.v" into library xil_defaultlib
INFO: [VRFC 10-311] analyzing module DCT
INFO: [VRFC 10-2263] Analyzing Verilog file "C:/Users/lsneler/Desktop/Repository/DCT/DCT/DCT.srcs/sim_1/imports/sources_1/clk_gen.v" into library xil_defaultlib
INFO: [VRFC 10-311] analyzing module clk_gen
INFO: [VRFC 10-2263] Analyzing Verilog file "C:/Users/lsneler/Desktop/Repository/DCT/DCT/DCT.srcs/sim_1/new/tb_DCT_int.v" into library xil_defaultlib
INFO: [VRFC 10-311] analyzing module tb_DCT_int
INFO: [VRFC 10-2263] Analyzing Verilog file "C:/Users/lsneler/Desktop/Repository/DCT/DCT/DCT.srcs/sim_1/imports/new/tb_full_adder.v" into library xil_defaultlib
INFO: [VRFC 10-311] analyzing module tb_full_adder
INFO: [VRFC 10-2263] Analyzing Verilog file "C:/Users/lsneler/Desktop/Repository/DCT/DCT/DCT.srcs/sim_1/new/tb_DCT_fp.v" into library xil_defaultlib
INFO: [VRFC 10-311] analyzing module tb_DCT_fp
INFO: [VRFC 10-2263] Analyzing Verilog file "C:/Users/lsneler/Desktop/Repository/DCT/DCT/DCT.srcs/sim_1/new/tb_DCT.v" into library xil_defaultlib
INFO: [VRFC 10-311] analyzing module tb_DCT
INFO: [VRFC 10-2263] Analyzing Verilog file "C:/Users/lsneler/Desktop/Repository/DCT/DCT/DCT.sim/sim_1/behav/glbl.v" into library xil_defaultlib
INFO: [VRFC 10-311] analyzing module glbl
INFO: [USF-XSim-69] 'compile' step finished in '1' seconds
INFO: [USF-XSim-3] XSim::Elaborate design
INFO: [USF-XSim-61] Executing 'ELABORATE' step in 'C:/Users/lsneler/Desktop/Repository/DCT/DCT/DCT.sim/sim_1/behav'
Vivado Simulator 2017.2
Copyright 1986-1999, 2001-2016 Xilinx, Inc. All Rights Reserved.
Running: C:/Xilinx/Vivado/2017.2/bin/unwrapped/win64.o/xelab.exe -wto 4452bdac857f45c49b0b6db2118e3c55 --debug typical --relax --mt 2 -L xil_defaultlib -L unisims_ver -L unimacro_ver -L secureip --snapshot tb_DCT_fp_behav xil_defaultlib.tb_DCT_fp xil_defaultlib.glbl -log elaborate.log 
Using 2 slave threads.
Starting static elaboration
Completed static elaboration
Starting simulation data flow analysis
Completed simulation data flow analysis
Time Resolution for simulation is 1ps
Compiling module xil_defaultlib.clk_gen
Compiling module xil_defaultlib.DCT_fp
Compiling module xil_defaultlib.tb_DCT_fp
Compiling module xil_defaultlib.glbl
Built simulation snapshot tb_DCT_fp_behav
INFO: [USF-XSim-69] 'elaborate' step finished in '1' seconds
Vivado Simulator 2017.2
Time resolution is 1 ps
save_wave_config {C:/Users/lsneler/Desktop/Repository/DCT/DCT/tb_DCT_behav.wcfg}
relaunch_sim
INFO: [SIM-utils-51] Simulation object is 'sim_1'
INFO: [SIM-utils-54] Inspecting design source files for 'tb_DCT_fp' in fileset 'sim_1'...
INFO: [USF-XSim-97] Finding global include files...
INFO: [USF-XSim-100] Fetching design files from 'sources_1'...(this may take a while)...
INFO: [USF-XSim-101] Fetching design files from 'sim_1'...
INFO: [USF-XSim-2] XSim::Compile design
INFO: [USF-XSim-61] Executing 'COMPILE and ANALYZE' step in 'C:/Users/lsneler/Desktop/Repository/DCT/DCT/DCT.sim/sim_1/behav'
"xvlog -m64 --relax -prj tb_DCT_fp_vlog.prj"
INFO: [VRFC 10-2263] Analyzing Verilog file "C:/Users/lsneler/Desktop/Repository/DCT/DCT/DCT.srcs/sources_1/imports/new/full_adder.v" into library xil_defaultlib
INFO: [VRFC 10-311] analyzing module full_adder
INFO: [VRFC 10-2263] Analyzing Verilog file "C:/Users/lsneler/Desktop/Repository/DCT/DCT/DCT.srcs/sources_1/new/DCT_int.v" into library xil_defaultlib
INFO: [VRFC 10-311] analyzing module DCT_int
INFO: [VRFC 10-2263] Analyzing Verilog file "C:/Users/lsneler/Desktop/Repository/DCT/DCT/DCT.srcs/sources_1/new/DCT_fp.v" into library xil_defaultlib
INFO: [VRFC 10-311] analyzing module DCT_fp
INFO: [VRFC 10-2263] Analyzing Verilog file "C:/Users/lsneler/Desktop/Repository/DCT/DCT/DCT.srcs/sources_1/new/DCT.v" into library xil_defaultlib
INFO: [VRFC 10-311] analyzing module DCT
INFO: [VRFC 10-2263] Analyzing Verilog file "C:/Users/lsneler/Desktop/Repository/DCT/DCT/DCT.srcs/sim_1/imports/sources_1/clk_gen.v" into library xil_defaultlib
INFO: [VRFC 10-311] analyzing module clk_gen
INFO: [VRFC 10-2263] Analyzing Verilog file "C:/Users/lsneler/Desktop/Repository/DCT/DCT/DCT.srcs/sim_1/new/tb_DCT_int.v" into library xil_defaultlib
INFO: [VRFC 10-311] analyzing module tb_DCT_int
INFO: [VRFC 10-2263] Analyzing Verilog file "C:/Users/lsneler/Desktop/Repository/DCT/DCT/DCT.srcs/sim_1/imports/new/tb_full_adder.v" into library xil_defaultlib
INFO: [VRFC 10-311] analyzing module tb_full_adder
INFO: [VRFC 10-2263] Analyzing Verilog file "C:/Users/lsneler/Desktop/Repository/DCT/DCT/DCT.srcs/sim_1/new/tb_DCT_fp.v" into library xil_defaultlib
INFO: [VRFC 10-311] analyzing module tb_DCT_fp
INFO: [VRFC 10-2263] Analyzing Verilog file "C:/Users/lsneler/Desktop/Repository/DCT/DCT/DCT.srcs/sim_1/new/tb_DCT.v" into library xil_defaultlib
INFO: [VRFC 10-311] analyzing module tb_DCT
INFO: [VRFC 10-2263] Analyzing Verilog file "C:/Users/lsneler/Desktop/Repository/DCT/DCT/DCT.sim/sim_1/behav/glbl.v" into library xil_defaultlib
INFO: [VRFC 10-311] analyzing module glbl
INFO: [USF-XSim-69] 'compile' step finished in '1' seconds
INFO: [USF-XSim-3] XSim::Elaborate design
INFO: [USF-XSim-61] Executing 'ELABORATE' step in 'C:/Users/lsneler/Desktop/Repository/DCT/DCT/DCT.sim/sim_1/behav'
Vivado Simulator 2017.2
Copyright 1986-1999, 2001-2016 Xilinx, Inc. All Rights Reserved.
Running: C:/Xilinx/Vivado/2017.2/bin/unwrapped/win64.o/xelab.exe -wto 4452bdac857f45c49b0b6db2118e3c55 --debug typical --relax --mt 2 -L xil_defaultlib -L unisims_ver -L unimacro_ver -L secureip --snapshot tb_DCT_fp_behav xil_defaultlib.tb_DCT_fp xil_defaultlib.glbl -log elaborate.log 
Using 2 slave threads.
Starting static elaboration
Completed static elaboration
Starting simulation data flow analysis
Completed simulation data flow analysis
Time Resolution for simulation is 1ps
Compiling module xil_defaultlib.clk_gen
Compiling module xil_defaultlib.DCT_fp
Compiling module xil_defaultlib.tb_DCT_fp
Compiling module xil_defaultlib.glbl
Built simulation snapshot tb_DCT_fp_behav
INFO: [USF-XSim-69] 'elaborate' step finished in '1' seconds
Vivado Simulator 2017.2
Time resolution is 1 ps
set_property top tb_DCT [get_filesets sim_1]
set_property top_lib xil_defaultlib [get_filesets sim_1]
close_sim
INFO: [Simtcl 6-16] Simulation closed
exit
INFO: [Common 17-206] Exiting Vivado at Wed Jul 17 18:02:08 2019...
