Unable to capture context for thread 5348 in process 3340, can not generate back trace
Exception at PC 0x00007FFF513FBB93
Printing stacktrace...

[0]  [0x00007FFF513FBB93]
[1]  [0x00007FFF513FBB93]
[2]  [0x00007FFF513FB4A1]
[3]  [0x00007FFF513FB3EF]
[4]  [0x00007FFF513E19FE]
[5]  [0x00007FFF513E0ED1]
[6]  [0x00007FFF513E0D76]
[7]  [0x00007FFF513879F6]
[8]  [0x00007FFF51377AFB]
[9]  [0x00007FFF5149E90A]
[10]  [0x00007FFF514B9F87]
[11]  [0x00007FFF514BA05F]
[12] (BaseThreadInitThunk+0x22) [0x00007FFFAD1A13D2]
[13] (RtlUserThreadStart+0x34) [0x00007FFFAD4E54F4]
Done
Exception at PC 0x00007FFF51101A52
Attemped to write at address 0x00007FFF9B3EABA4
Printing stacktrace...

[0]  [0x00007FFF51101A52]
[1]  [0x00007FFF51101A52]
[2]  [0x00007FFF51101AD4]
[3]  [0x00007FFF51243FF7]
[4]  [0x00007FFF51129128]
[5]  [0x00007FFF513DDFB9]
[6]  [0x00007FFF515AEF23]
[7]  [0x00007FFF514BB06B]
[8]  [0x00007FFF514B08AF]
[9]  [0x00007FFF514B0A32]
[10] (RtlActivateActivationContextUnsafeFast+0x114) [0x00007FFFAD4EC114]
[11] (LdrShutdownProcess+0x142) [0x00007FFFAD4EB522]
[12] (RtlExitUserProcess+0x98) [0x00007FFFAD4E8538]
[13] (FatalExit+0xa) [0x00007FFFAD1A516A]
[14] (exit+0x25) [0x00007FFFACEC71D5]
[15] (flushall+0x22f) [0x00007FFFACEC6E6F]
[16]  [0x00000000004014CD]
[17]  [0x000000000040151B]
[18] (BaseThreadInitThunk+0x22) [0x00007FFFAD1A13D2]
[19] (RtlUserThreadStart+0x34) [0x00007FFFAD4E54F4]
Done
