
*** Running vivado
    with args -log converter_quant_0_0.vds -m64 -product Vivado -mode batch -messageDb vivado.pb -notrace -source converter_quant_0_0.tcl


****** Vivado v2017.2 (64-bit)
  **** SW Build 1909853 on Thu Jun 15 18:39:09 MDT 2017
  **** IP Build 1909766 on Thu Jun 15 19:58:00 MDT 2017
    ** Copyright 1986-2017 Xilinx, Inc. All Rights Reserved.

source converter_quant_0_0.tcl -notrace
Command: synth_design -top converter_quant_0_0 -part xc7z010clg400-1 -mode out_of_context
Starting synth_design
Attempting to get a license for feature 'Synthesis' and/or device 'xc7z010-clg400'
INFO: [Common 17-349] Got license for feature 'Synthesis' and/or device 'xc7z010-clg400'
INFO: Launching helper process for spawning children vivado processes
INFO: Helper process launched with PID 3704 
---------------------------------------------------------------------------------
Starting RTL Elaboration : Time (s): cpu = 00:00:07 ; elapsed = 00:00:07 . Memory (MB): peak = 333.168 ; gain = 81.516
---------------------------------------------------------------------------------
INFO: [Synth 8-638] synthesizing module 'converter_quant_0_0' [c:/Users/lsneler/Desktop/Repo/JPEG_conv/raw2jpeg/raw2jpeg.srcs/sources_1/bd/converter/ip/converter_quant_0_0/synth/converter_quant_0_0.v:56]
INFO: [Synth 8-638] synthesizing module 'quant' [c:/Users/lsneler/Desktop/Repo/JPEG_conv/raw2jpeg/raw2jpeg.srcs/sources_1/bd/converter/ipshared/3d36/src/quant.v:23]
INFO: [Synth 8-638] synthesizing module 'chrominance_quant' [c:/Users/lsneler/Desktop/Repo/JPEG_conv/raw2jpeg/raw2jpeg.srcs/sources_1/bd/converter/ip/converter_quant_0_0/src/chrominance_quant/synth/chrominance_quant.vhd:69]
INFO: [Synth 8-3491] module 'blk_mem_gen_v8_3_6' declared at 'c:/Users/lsneler/Desktop/Repo/JPEG_conv/raw2jpeg/raw2jpeg.srcs/sources_1/bd/converter/ip/converter_quant_0_0/src/chrominance_quant/hdl/blk_mem_gen_v8_3_vhsyn_rfs.vhd:195260' bound to instance 'U0' of component 'blk_mem_gen_v8_3_6' [c:/Users/lsneler/Desktop/Repo/JPEG_conv/raw2jpeg/raw2jpeg.srcs/sources_1/bd/converter/ip/converter_quant_0_0/src/chrominance_quant/synth/chrominance_quant.vhd:230]
WARNING: [Synth 8-6014] Unused sequential element i_reg was removed. 
WARNING: [Synth 8-6014] Unused sequential element i_reg was removed. 
INFO: [Synth 8-256] done synthesizing module 'chrominance_quant' (9#1) [c:/Users/lsneler/Desktop/Repo/JPEG_conv/raw2jpeg/raw2jpeg.srcs/sources_1/bd/converter/ip/converter_quant_0_0/src/chrominance_quant/synth/chrominance_quant.vhd:69]
INFO: [Synth 8-638] synthesizing module 'luminance_quant' [c:/Users/lsneler/Desktop/Repo/JPEG_conv/raw2jpeg/raw2jpeg.srcs/sources_1/bd/converter/ip/converter_quant_0_0/src/luminance_quant/synth/luminance_quant.vhd:69]
INFO: [Synth 8-3491] module 'blk_mem_gen_v8_3_6' declared at 'c:/Users/lsneler/Desktop/Repo/JPEG_conv/raw2jpeg/raw2jpeg.srcs/sources_1/bd/converter/ip/converter_quant_0_0/src/chrominance_quant/hdl/blk_mem_gen_v8_3_vhsyn_rfs.vhd:195260' bound to instance 'U0' of component 'blk_mem_gen_v8_3_6' [c:/Users/lsneler/Desktop/Repo/JPEG_conv/raw2jpeg/raw2jpeg.srcs/sources_1/bd/converter/ip/converter_quant_0_0/src/luminance_quant/synth/luminance_quant.vhd:230]
