Vivado Simulator 2017.2
Copyright 1986-1999, 2001-2016 Xilinx, Inc. All Rights Reserved.
Running: C:/Xilinx/Vivado/2017.2/bin/unwrapped/win64.o/xelab.exe -wto 315fc604a1a84fd78716f145404ef2f4 --debug typical --relax --mt 2 -L blk_mem_gen_v8_3_6 -L xil_defaultlib -L unisims_ver -L unimacro_ver -L secureip -L xpm --snapshot tb_DCT_2D_BRAM_behav xil_defaultlib.tb_DCT_2D_BRAM xil_defaultlib.glbl -log elaborate.log 
Using 2 slave threads.
Starting static elaboration
WARNING: [VRFC 10-278] actual bit length 14 differs from formal bit length 16 for port i0 [C:/Users/lsneler/Desktop/Repository/JPEG_conversion/combinatoryDCT/DCT.srcs/sources_1/imports/combinatoryDCT/DCT.v:65]
WARNING: [VRFC 10-278] actual bit length 13 differs from formal bit length 14 for port S [C:/Users/lsneler/Desktop/Repository/JPEG_conversion/combinatoryDCT/DCT.srcs/sources_1/imports/combinatoryDCT/DCT.v:71]
WARNING: [VRFC 10-278] actual bit length 15 differs from formal bit length 16 for port S [C:/Users/lsneler/Desktop/Repository/JPEG_conversion/combinatoryDCT/DCT.srcs/sources_1/imports/combinatoryDCT/DCT.v:74]
WARNING: [VRFC 10-278] actual bit length 13 differs from formal bit length 14 for port S [C:/Users/lsneler/Desktop/Repository/JPEG_conversion/combinatoryDCT/DCT.srcs/sources_1/imports/combinatoryDCT/DCT.v:77]
WARNING: [VRFC 10-278] actual bit length 15 differs from formal bit length 16 for port S [C:/Users/lsneler/Desktop/Repository/JPEG_conversion/combinatoryDCT/DCT.srcs/sources_1/imports/combinatoryDCT/DCT.v:79]
WARNING: [VRFC 10-278] actual bit length 1 differs from formal bit length 6 for port addra [C:/Users/lsneler/Desktop/Repository/JPEG_conversion/combinatoryDCT/DCT.srcs/sim_1/new/tb_DCT_2D_BRAM.v:75]
WARNING: [VRFC 10-1783] select index 30 into current_contents is out of bounds [/wrk/2017.2/nightly/2017_06_15_1909853/packages/customer/vivado/data/ip/xilinx/blk_mem_gen_v8_3/simulation/blk_mem_gen_v8_3.v:2419]
WARNING: [VRFC 10-1783] select index 62 into current_contents is out of bounds [/wrk/2017.2/nightly/2017_06_15_1909853/packages/customer/vivado/data/ip/xilinx/blk_mem_gen_v8_3/simulation/blk_mem_gen_v8_3.v:2420]
Completed static elaboration
Starting simulation data flow analysis
Completed simulation data flow analysis
Time Resolution for simulation is 1ps
Compiling module xil_defaultlib.clk_gen
Compiling module blk_mem_gen_v8_3_6.blk_mem_gen_v8_3_6_output_stage(...
Compiling module blk_mem_gen_v8_3_6.blk_mem_gen_v8_3_6_output_stage(...
Compiling module blk_mem_gen_v8_3_6.blk_mem_gen_v8_3_6_softecc_outpu...
Compiling module blk_mem_gen_v8_3_6.blk_mem_gen_v8_3_6_mem_module(C_...
Compiling module blk_mem_gen_v8_3_6.blk_mem_gen_v8_3_6(C_FAMILY="zyn...
Compiling module xil_defaultlib.blk_mem_gen_0
Compiling module xil_defaultlib.RAM(WIDTH=11)
Compiling module xil_defaultlib.register(WIDTH=12)
Compiling module xil_defaultlib.delay(reg_width=12)
Compiling module xil_defaultlib.register(WIDTH=12,DELAY=1)
Compiling module xil_defaultlib.delay(reg_width=13)
Compiling module xil_defaultlib.register(WIDTH=13,DELAY=1)
Compiling module xil_defaultlib.register(WIDTH=13,DELAY=2)
Compiling module xil_defaultlib.delay(reg_width=14)
Compiling module xil_defaultlib.register(WIDTH=14,DELAY=2)
Compiling module xil_defaultlib.register(WIDTH=14)
Compiling module xil_defaultlib.delay(reg_width=15)
Compiling module xil_defaultlib.register(WIDTH=15,DELAY=2)
Compiling module xil_defaultlib.register(WIDTH=12,DELAY=2)
Compiling module xil_defaultlib.register(WIDTH=15,DELAY=1)
Compiling module xil_defaultlib.register(WIDTH=14,DELAY=1)
Compiling module xil_defaultlib.mux_3i(WIDTH_I0=12,WIDTH_I1=12,W...
Compiling module xil_defaultlib.mux_3i(WIDTH_I0=16,WIDTH_I1=13,W...
Compiling module xil_defaultlib.mux_3i(WIDTH_I0=13,WIDTH_I1=13,W...
Compiling module xil_defaultlib.mux_3i(WIDTH_I0=13,WIDTH_I1=14,W...
Compiling module xil_defaultlib.full_adder(WIDTH=11)
Compiling module xil_defaultlib.full_adder(WIDTH=12)
Compiling module xil_defaultlib.full_adder(WIDTH=13)
Compiling module xil_defaultlib.full_adder(WIDTH=14)
Compiling module xil_defaultlib.full_adder(WIDTH=15)
Compiling module xil_defaultlib.full_subtractor(WIDTH=11)
Compiling module xil_defaultlib.full_subtractor(WIDTH=13)
Compiling module xil_defaultlib.full_subtractor(WIDTH=15)
Compiling module xil_defaultlib.reg_mult
Compiling module xil_defaultlib.mux_2i(WIDTH_I0=12,WIDTH_I1=12,W...
Compiling module xil_defaultlib.mux_2i(WIDTH_I0=14,WIDTH_I1=14,W...
Compiling module xil_defaultlib.mux_2i(WIDTH_I0=13,WIDTH_I1=13,W...
Compiling module xil_defaultlib.mux_2i(WIDTH_I0=15,WIDTH_I1=15,W...
Compiling module xil_defaultlib.DCT
Compiling module xil_defaultlib.DCT_2D
Compiling module blk_mem_gen_v8_3_6.blk_mem_gen_v8_3_6_output_stage(...
Compiling module blk_mem_gen_v8_3_6.blk_mem_gen_v8_3_6_output_stage(...
Compiling module blk_mem_gen_v8_3_6.blk_mem_gen_v8_3_6_softecc_outpu...
Compiling module blk_mem_gen_v8_3_6.blk_mem_gen_v8_3_6_mem_module(C_...
Compiling module blk_mem_gen_v8_3_6.blk_mem_gen_v8_3_6(C_FAMILY="zyn...
Compiling module xil_defaultlib.blk_mem_gen_1
Compiling module xil_defaultlib.tb_DCT_2D_BRAM
Compiling module xil_defaultlib.glbl
Built simulation snapshot tb_DCT_2D_BRAM_behav
