INFO: [VRFC 10-2263] Analyzing Verilog file "C:/Users/lsneler/Desktop/Repo/JPEG_conv/component_modules/DCT/DCT.srcs/sources_1/ip/blk_mem_gen_1/sim/blk_mem_gen_1.v" into library xil_defaultlib
INFO: [VRFC 10-311] analyzing module blk_mem_gen_1
INFO: [VRFC 10-2263] Analyzing Verilog file "C:/Users/lsneler/Desktop/Repo/JPEG_conv/component_modules/DCT/DCT.srcs/sources_1/ip/blk_mem_gen_0/sim/blk_mem_gen_0.v" into library xil_defaultlib
INFO: [VRFC 10-311] analyzing module blk_mem_gen_0
INFO: [VRFC 10-2263] Analyzing Verilog file "C:/Users/lsneler/Desktop/Repo/JPEG_conv/component_modules/DCT/DCT.srcs/sources_1/ip/controller_0/src/controller.v" into library xil_defaultlib
INFO: [VRFC 10-311] analyzing module controller
INFO: [VRFC 10-2263] Analyzing Verilog file "C:/Users/lsneler/Desktop/Repo/JPEG_conv/component_modules/DCT/DCT.srcs/sources_1/ip/controller_0/sim/controller_0.v" into library xil_defaultlib
INFO: [VRFC 10-311] analyzing module controller_0
INFO: [VRFC 10-2263] Analyzing Verilog file "C:/Users/lsneler/Desktop/Repo/JPEG_conv/component_modules/DCT/DCT.srcs/sources_1/imports/combinatoryDCT/DCT.v" into library xil_defaultlib
INFO: [VRFC 10-311] analyzing module DCT
INFO: [VRFC 10-2263] Analyzing Verilog file "C:/Users/lsneler/Desktop/Repo/JPEG_conv/component_modules/DCT/DCT.srcs/sources_1/new/DCT_2D.v" into library xil_defaultlib
INFO: [VRFC 10-311] analyzing module DCT_2D
INFO: [VRFC 10-2263] Analyzing Verilog file "C:/Users/lsneler/Desktop/Repo/JPEG_conv/component_modules/DCT/DCT.srcs/sources_1/new/RAM.v" into library xil_defaultlib
INFO: [VRFC 10-311] analyzing module RAM
INFO: [VRFC 10-2263] Analyzing Verilog file "C:/Users/lsneler/Desktop/Repo/JPEG_conv/component_modules/DCT/DCT.srcs/sim_1/imports/combinatoryDCT/clk_gen.v" into library xil_defaultlib
INFO: [VRFC 10-311] analyzing module clk_gen
INFO: [VRFC 10-2263] Analyzing Verilog file "C:/Users/lsneler/Desktop/Repo/JPEG_conv/component_modules/DCT/DCT.srcs/sources_1/imports/modules_to_import/delay.v" into library xil_defaultlib
INFO: [VRFC 10-311] analyzing module delay
INFO: [VRFC 10-2263] Analyzing Verilog file "C:/Users/lsneler/Desktop/Repo/JPEG_conv/component_modules/DCT/DCT.srcs/sources_1/new/full_adder.v" into library xil_defaultlib
INFO: [VRFC 10-311] analyzing module full_adder
INFO: [VRFC 10-2263] Analyzing Verilog file "C:/Users/lsneler/Desktop/Repo/JPEG_conv/component_modules/DCT/DCT.srcs/sources_1/imports/combinatoryDCT/full_subtractor.v" into library xil_defaultlib
INFO: [VRFC 10-311] analyzing module full_subtractor
INFO: [VRFC 10-2263] Analyzing Verilog file "C:/Users/lsneler/Desktop/Repo/JPEG_conv/component_modules/DCT/DCT.srcs/sources_1/imports/combinatoryDCT/mux_2i.v" into library xil_defaultlib
INFO: [VRFC 10-311] analyzing module mux_2i
INFO: [VRFC 10-2263] Analyzing Verilog file "C:/Users/lsneler/Desktop/Repo/JPEG_conv/component_modules/DCT/DCT.srcs/sources_1/imports/combinatoryDCT/mux_3i.v" into library xil_defaultlib
INFO: [VRFC 10-311] analyzing module mux_3i
INFO: [VRFC 10-2263] Analyzing Verilog file "C:/Users/lsneler/Desktop/Repo/JPEG_conv/component_modules/DCT/DCT.srcs/sources_1/imports/combinatoryDCT/reg.v" into library xil_defaultlib
INFO: [VRFC 10-311] analyzing module register
INFO: [VRFC 10-2263] Analyzing Verilog file "C:/Users/lsneler/Desktop/Repo/JPEG_conv/component_modules/DCT/DCT.srcs/sources_1/imports/combinatoryDCT/reg_mult.v" into library xil_defaultlib
INFO: [VRFC 10-311] analyzing module reg_mult
INFO: [VRFC 10-2263] Analyzing Verilog file "C:/Users/lsneler/Desktop/Repo/JPEG_conv/component_modules/DCT/DCT.srcs/sim_1/new/tb_DCT_2D_BRAM.v" into library xil_defaultlib
INFO: [VRFC 10-311] analyzing module tb_DCT_2D_BRAM
INFO: [VRFC 10-2458] undeclared symbol addr_out, assumed default net type wire [C:/Users/lsneler/Desktop/Repo/JPEG_conv/component_modules/DCT/DCT.srcs/sim_1/new/tb_DCT_2D_BRAM.v:78]
INFO: [VRFC 10-2263] Analyzing Verilog file "C:/Users/lsneler/Desktop/Repo/JPEG_conv/component_modules/DCT/DCT.sim/sim_1/behav/glbl.v" into library xil_defaultlib
INFO: [VRFC 10-311] analyzing module glbl
