
*** Running vivado
    with args -log design_1_blk_mem_gen_1_0.vds -m64 -product Vivado -mode batch -messageDb vivado.pb -notrace -source design_1_blk_mem_gen_1_0.tcl


****** Vivado v2017.2 (64-bit)
  **** SW Build 1909853 on Thu Jun 15 18:39:09 MDT 2017
  **** IP Build 1909766 on Thu Jun 15 19:58:00 MDT 2017
    ** Copyright 1986-2017 Xilinx, Inc. All Rights Reserved.

source design_1_blk_mem_gen_1_0.tcl -notrace
Starting RTL Elaboration : Time (s): cpu = 00:00:04 ; elapsed = 00:00:04 . Memory (MB): peak = 320.965 ; gain = 80.695
INFO: [Synth 8-638] synthesizing module 'design_1_blk_mem_gen_1_0' [c:/Users/lsneler/Desktop/Repo/JPEG_conv/raw2jpeg/raw2jpeg.srcs/sources_1/bd/design_1/ip/design_1_blk_mem_gen_1_0/synth/design_1_blk_mem_gen_1_0.vhd:73]
INFO: [Synth 8-256] done synthesizing module 'design_1_blk_mem_gen_1_0' (9#1) [c:/Users/lsneler/Desktop/Repo/JPEG_conv/raw2jpeg/raw2jpeg.srcs/sources_1/bd/design_1/ip/design_1_blk_mem_gen_1_0/synth/design_1_blk_mem_gen_1_0.vhd:73]
Finished RTL Elaboration : Time (s): cpu = 00:00:42 ; elapsed = 00:00:43 . Memory (MB): peak = 527.652 ; gain = 287.383
Finished RTL Optimization Phase 1 : Time (s): cpu = 00:00:42 ; elapsed = 00:00:43 . Memory (MB): peak = 527.652 ; gain = 287.383
INFO: [Device 21-403] Loading part xc7z010clg400-1
Constraint Validation Runtime : Time (s): cpu = 00:00:00 ; elapsed = 00:00:00.013 . Memory (MB): peak = 587.684 ; gain = 0.000
Finished Constraint Validation : Time (s): cpu = 00:00:50 ; elapsed = 00:01:00 . Memory (MB): peak = 587.684 ; gain = 347.414
Finished Loading Part and Timing Information : Time (s): cpu = 00:00:50 ; elapsed = 00:01:00 . Memory (MB): peak = 587.684 ; gain = 347.414
Finished applying 'set_property' XDC Constraints : Time (s): cpu = 00:00:50 ; elapsed = 00:01:00 . Memory (MB): peak = 587.684 ; gain = 347.414
Finished RTL Optimization Phase 2 : Time (s): cpu = 00:00:50 ; elapsed = 00:01:00 . Memory (MB): peak = 587.684 ; gain = 347.414
Finished Cross Boundary and Area Optimization : Time (s): cpu = 00:00:50 ; elapsed = 00:01:00 . Memory (MB): peak = 587.684 ; gain = 347.414
Finished Applying XDC Timing Constraints : Time (s): cpu = 00:00:59 ; elapsed = 00:01:09 . Memory (MB): peak = 616.023 ; gain = 375.754
Finished Timing Optimization : Time (s): cpu = 00:00:59 ; elapsed = 00:01:09 . Memory (MB): peak = 616.023 ; gain = 375.754
Finished Technology Mapping : Time (s): cpu = 00:00:59 ; elapsed = 00:01:09 . Memory (MB): peak = 626.168 ; gain = 385.898
Finished IO Insertion : Time (s): cpu = 00:01:00 ; elapsed = 00:01:09 . Memory (MB): peak = 626.168 ; gain = 385.898
Finished Renaming Generated Instances : Time (s): cpu = 00:01:00 ; elapsed = 00:01:10 . Memory (MB): peak = 626.168 ; gain = 385.898
Finished Rebuilding User Hierarchy : Time (s): cpu = 00:01:00 ; elapsed = 00:01:10 . Memory (MB): peak = 626.168 ; gain = 385.898
Finished Renaming Generated Ports : Time (s): cpu = 00:01:00 ; elapsed = 00:01:10 . Memory (MB): peak = 626.168 ; gain = 385.898
Finished Handling Custom Attributes : Time (s): cpu = 00:01:00 ; elapsed = 00:01:10 . Memory (MB): peak = 626.168 ; gain = 385.898
Finished Renaming Generated Nets : Time (s): cpu = 00:01:00 ; elapsed = 00:01:10 . Memory (MB): peak = 626.168 ; gain = 385.898

Report Cell Usage: 
+------+---------+------+
|      |Cell     |Count |
+------+---------+------+
|1     |RAMB18E1 |     1|
+------+---------+------+
Finished Writing Synthesis Report : Time (s): cpu = 00:01:00 ; elapsed = 00:01:10 . Memory (MB): peak = 626.168 ; gain = 385.898
synth_design: Time (s): cpu = 00:01:00 ; elapsed = 00:01:11 . Memory (MB): peak = 638.730 ; gain = 400.086
