#-----------------------------------------------------------
# Vivado v2017.2 (64-bit)
# SW Build 1909853 on Thu Jun 15 18:39:09 MDT 2017
# IP Build 1909766 on Thu Jun 15 19:58:00 MDT 2017
# Start of session at: Wed Aug 21 10:55:43 2019
# Process ID: 5368
# Current directory: C:/Users/lsneler/Desktop/Repo/JPEG_conv/component_modules/controller
# Command line: vivado.exe -gui_launcher_event rodinguilauncherevent2084 C:\Users\lsneler\Desktop\Repo\JPEG_conv\component_modules\controller\controller.xpr
# Log file: C:/Users/lsneler/Desktop/Repo/JPEG_conv/component_modules/controller/vivado.log
# Journal file: C:/Users/lsneler/Desktop/Repo/JPEG_conv/component_modules/controller\vivado.jou
#-----------------------------------------------------------
start_gui
open_project C:/Users/lsneler/Desktop/Repo/JPEG_conv/component_modules/controller/controller.xpr
INFO: [Project 1-313] Project file moved from 'C:/Users/lsneler/Desktop/Repo/JPEG_conv/controller' since last save.
Scanning sources...
Finished scanning sources
INFO: [filemgmt 56-1] IP Repository Path: Directory not found as 'C:/Users/lsneler/Desktop/Repo/JPEG_conv/component_modules/IP_Core_repo/controller'; using path 'C:/Users/lsneler/Desktop/Repo/JPEG_conv/IP_Core_repo/controller' instead.
INFO: [IP_Flow 19-234] Refreshing IP repositories
INFO: [IP_Flow 19-1700] Loaded user IP repository 'c:/Users/lsneler/Desktop/Repo/JPEG_conv/component_modules/controller/controller.srcs/sources_1/new'.
INFO: [IP_Flow 19-1700] Loaded user IP repository 'c:/Users/lsneler/Desktop/Repo/JPEG_conv/IP_Core_repo/controller'.
INFO: [IP_Flow 19-2313] Loaded Vivado IP repository 'C:/Xilinx/Vivado/2017.2/data/ip'.
update_compile_order -fileset sources_1
ipx::package_project -root_dir C:/Users/lsneler/Desktop/Repo/JPEG_conv/IP_Core_repo/controller -vendor domain.local -library user -taxonomy /UserIP -import_files -set_current false -force
INFO: [IP_Flow 19-4753] Inferred signal 'reset' from port 'rst' as interface 'rst'.
INFO: [IP_Flow 19-4753] Inferred signal 'clock' from port 'clk' as interface 'clk'.
INFO: [IP_Flow 19-4728] Bus Interface 'clk': Added interface parameter 'ASSOCIATED_RESET' with value 'rst'.
ipx::unload_core c:/Users/lsneler/Desktop/Repo/JPEG_conv/IP_Core_repo/controller/component.xml
ipx::edit_ip_in_project -upgrade true -name tmp_edit_project -directory C:/Users/lsneler/Desktop/Repo/JPEG_conv/IP_Core_repo/controller c:/Users/lsneler/Desktop/Repo/JPEG_conv/IP_Core_repo/controller/component.xml
INFO: [IP_Flow 19-234] Refreshing IP repositories
INFO: [IP_Flow 19-1704] No user IP repositories specified
INFO: [IP_Flow 19-2313] Loaded Vivado IP repository 'C:/Xilinx/Vivado/2017.2/data/ip'.
INFO: [IP_Flow 19-234] Refreshing IP repositories
INFO: [IP_Flow 19-1700] Loaded user IP repository 'c:/Users/lsneler/Desktop/Repo/JPEG_conv/component_modules/controller/controller.srcs/sources_1/new'.
INFO: [IP_Flow 19-1700] Loaded user IP repository 'c:/Users/lsneler/Desktop/Repo/JPEG_conv/IP_Core_repo/controller'.
INFO: [IP_Flow 19-795] Syncing license key meta-data
INFO: [IP_Flow 19-793] Syncing display name meta-data
INFO: [IP_Flow 19-798] Syncing taxonomy meta-data
update_compile_order -fileset sources_1
set_property core_revision 2 [ipx::current_core]
ipx::create_xgui_files [ipx::current_core]
ipx::update_checksums [ipx::current_core]
ipx::save_core [ipx::current_core]
close_project -delete
update_ip_catalog -rebuild -repo_path c:/Users/lsneler/Desktop/Repo/JPEG_conv/IP_Core_repo/controller
INFO: [IP_Flow 19-725] Reloaded user IP repository 'c:/Users/lsneler/Desktop/Repo/JPEG_conv/IP_Core_repo/controller'
exit
INFO: [Common 17-206] Exiting Vivado at Wed Aug 21 12:20:16 2019...
