
*** Running vivado
    with args -log blk_mem_gen_0.vds -m64 -product Vivado -mode batch -messageDb vivado.pb -notrace -source blk_mem_gen_0.tcl


****** Vivado v2017.2 (64-bit)
  **** SW Build 1909853 on Thu Jun 15 18:39:09 MDT 2017
  **** IP Build 1909766 on Thu Jun 15 19:58:00 MDT 2017
    ** Copyright 1986-2017 Xilinx, Inc. All Rights Reserved.

source blk_mem_gen_0.tcl -notrace
Starting RTL Elaboration : Time (s): cpu = 00:00:04 ; elapsed = 00:00:05 . Memory (MB): peak = 320.848 ; gain = 81.168
INFO: [Synth 8-638] synthesizing module 'blk_mem_gen_0' [c:/Users/lsneler/Desktop/Repository/DCT/combinatoryDCT/DCT.srcs/sources_1/ip/blk_mem_gen_0/synth/blk_mem_gen_0.vhd:67]
INFO: [Synth 8-256] done synthesizing module 'blk_mem_gen_0' (9#1) [c:/Users/lsneler/Desktop/Repository/DCT/combinatoryDCT/DCT.srcs/sources_1/ip/blk_mem_gen_0/synth/blk_mem_gen_0.vhd:67]
Finished RTL Elaboration : Time (s): cpu = 00:00:44 ; elapsed = 00:00:45 . Memory (MB): peak = 526.641 ; gain = 286.961
Finished RTL Optimization Phase 1 : Time (s): cpu = 00:00:44 ; elapsed = 00:00:46 . Memory (MB): peak = 526.641 ; gain = 286.961
INFO: [Device 21-403] Loading part xc7z010clg400-1
Constraint Validation Runtime : Time (s): cpu = 00:00:00 ; elapsed = 00:00:00.036 . Memory (MB): peak = 587.621 ; gain = 0.000
Finished Constraint Validation : Time (s): cpu = 00:00:52 ; elapsed = 00:01:03 . Memory (MB): peak = 587.621 ; gain = 347.941
Finished Loading Part and Timing Information : Time (s): cpu = 00:00:52 ; elapsed = 00:01:03 . Memory (MB): peak = 587.621 ; gain = 347.941
Finished applying 'set_property' XDC Constraints : Time (s): cpu = 00:00:52 ; elapsed = 00:01:03 . Memory (MB): peak = 587.621 ; gain = 347.941
Finished RTL Optimization Phase 2 : Time (s): cpu = 00:00:52 ; elapsed = 00:01:04 . Memory (MB): peak = 587.621 ; gain = 347.941
Finished Cross Boundary and Area Optimization : Time (s): cpu = 00:00:53 ; elapsed = 00:01:04 . Memory (MB): peak = 587.621 ; gain = 347.941
Finished Applying XDC Timing Constraints : Time (s): cpu = 00:01:02 ; elapsed = 00:01:13 . Memory (MB): peak = 615.969 ; gain = 376.289
Finished Timing Optimization : Time (s): cpu = 00:01:02 ; elapsed = 00:01:13 . Memory (MB): peak = 615.969 ; gain = 376.289
Finished Technology Mapping : Time (s): cpu = 00:01:02 ; elapsed = 00:01:13 . Memory (MB): peak = 627.113 ; gain = 387.434
Finished IO Insertion : Time (s): cpu = 00:01:03 ; elapsed = 00:01:14 . Memory (MB): peak = 627.113 ; gain = 387.434
Finished Renaming Generated Instances : Time (s): cpu = 00:01:03 ; elapsed = 00:01:14 . Memory (MB): peak = 627.113 ; gain = 387.434
Finished Rebuilding User Hierarchy : Time (s): cpu = 00:01:03 ; elapsed = 00:01:14 . Memory (MB): peak = 627.113 ; gain = 387.434
Finished Renaming Generated Ports : Time (s): cpu = 00:01:03 ; elapsed = 00:01:14 . Memory (MB): peak = 627.113 ; gain = 387.434
Finished Handling Custom Attributes : Time (s): cpu = 00:01:03 ; elapsed = 00:01:14 . Memory (MB): peak = 627.113 ; gain = 387.434
Finished Renaming Generated Nets : Time (s): cpu = 00:01:03 ; elapsed = 00:01:14 . Memory (MB): peak = 627.113 ; gain = 387.434

Report Cell Usage: 
+------+---------+------+
|      |Cell     |Count |
+------+---------+------+
|1     |RAMB18E1 |     1|
+------+---------+------+
Finished Writing Synthesis Report : Time (s): cpu = 00:01:03 ; elapsed = 00:01:14 . Memory (MB): peak = 627.113 ; gain = 387.434
synth_design: Time (s): cpu = 00:01:03 ; elapsed = 00:01:16 . Memory (MB): peak = 639.645 ; gain = 401.590
