
*** Running vivado
    with args -log blk_mem_gen_1.vds -m64 -product Vivado -mode batch -messageDb vivado.pb -notrace -source blk_mem_gen_1.tcl


****** Vivado v2017.2 (64-bit)
  **** SW Build 1909853 on Thu Jun 15 18:39:09 MDT 2017
  **** IP Build 1909766 on Thu Jun 15 19:58:00 MDT 2017
    ** Copyright 1986-2017 Xilinx, Inc. All Rights Reserved.

source blk_mem_gen_1.tcl -notrace
Starting RTL Elaboration : Time (s): cpu = 00:00:04 ; elapsed = 00:00:05 . Memory (MB): peak = 330.391 ; gain = 80.891
INFO: [Synth 8-638] synthesizing module 'blk_mem_gen_1' [c:/Users/lsneler/Desktop/Repo/JPEG_conv/raw2jpeg/raw2jpeg.srcs/sources_1/ip/blk_mem_gen_1/synth/blk_mem_gen_1.vhd:71]
INFO: [Synth 8-256] done synthesizing module 'blk_mem_gen_1' (9#1) [c:/Users/lsneler/Desktop/Repo/JPEG_conv/raw2jpeg/raw2jpeg.srcs/sources_1/ip/blk_mem_gen_1/synth/blk_mem_gen_1.vhd:71]
Finished RTL Elaboration : Time (s): cpu = 00:00:42 ; elapsed = 00:00:43 . Memory (MB): peak = 536.211 ; gain = 286.711
Finished RTL Optimization Phase 1 : Time (s): cpu = 00:00:42 ; elapsed = 00:00:43 . Memory (MB): peak = 536.211 ; gain = 286.711
INFO: [Device 21-403] Loading part xc7z010clg400-1
Constraint Validation Runtime : Time (s): cpu = 00:00:00 ; elapsed = 00:00:00.012 . Memory (MB): peak = 596.227 ; gain = 0.000
Finished Constraint Validation : Time (s): cpu = 00:00:50 ; elapsed = 00:01:00 . Memory (MB): peak = 596.227 ; gain = 346.727
Finished Loading Part and Timing Information : Time (s): cpu = 00:00:50 ; elapsed = 00:01:00 . Memory (MB): peak = 596.227 ; gain = 346.727
Finished applying 'set_property' XDC Constraints : Time (s): cpu = 00:00:50 ; elapsed = 00:01:00 . Memory (MB): peak = 596.227 ; gain = 346.727
Finished RTL Optimization Phase 2 : Time (s): cpu = 00:00:50 ; elapsed = 00:01:01 . Memory (MB): peak = 596.227 ; gain = 346.727
Finished Cross Boundary and Area Optimization : Time (s): cpu = 00:00:50 ; elapsed = 00:01:01 . Memory (MB): peak = 596.227 ; gain = 346.727
Finished Applying XDC Timing Constraints : Time (s): cpu = 00:00:59 ; elapsed = 00:01:10 . Memory (MB): peak = 624.570 ; gain = 375.070
Finished Timing Optimization : Time (s): cpu = 00:00:59 ; elapsed = 00:01:10 . Memory (MB): peak = 624.570 ; gain = 375.070
Finished Technology Mapping : Time (s): cpu = 00:00:59 ; elapsed = 00:01:10 . Memory (MB): peak = 634.715 ; gain = 385.215
Finished IO Insertion : Time (s): cpu = 00:01:00 ; elapsed = 00:01:10 . Memory (MB): peak = 634.715 ; gain = 385.215
Finished Renaming Generated Instances : Time (s): cpu = 00:01:00 ; elapsed = 00:01:11 . Memory (MB): peak = 634.715 ; gain = 385.215
Finished Rebuilding User Hierarchy : Time (s): cpu = 00:01:00 ; elapsed = 00:01:11 . Memory (MB): peak = 634.715 ; gain = 385.215
Finished Renaming Generated Ports : Time (s): cpu = 00:01:00 ; elapsed = 00:01:11 . Memory (MB): peak = 634.715 ; gain = 385.215
Finished Handling Custom Attributes : Time (s): cpu = 00:01:00 ; elapsed = 00:01:11 . Memory (MB): peak = 634.715 ; gain = 385.215
Finished Renaming Generated Nets : Time (s): cpu = 00:01:00 ; elapsed = 00:01:11 . Memory (MB): peak = 634.715 ; gain = 385.215

Report Cell Usage: 
+------+---------+------+
|      |Cell     |Count |
+------+---------+------+
|1     |RAMB18E1 |     1|
+------+---------+------+
Finished Writing Synthesis Report : Time (s): cpu = 00:01:00 ; elapsed = 00:01:11 . Memory (MB): peak = 634.715 ; gain = 385.215
synth_design: Time (s): cpu = 00:01:02 ; elapsed = 00:01:12 . Memory (MB): peak = 648.246 ; gain = 406.512
