
*** Running vivado
    with args -log controller_0.vds -m64 -product Vivado -mode batch -messageDb vivado.pb -notrace -source controller_0.tcl


****** Vivado v2017.2 (64-bit)
  **** SW Build 1909853 on Thu Jun 15 18:39:09 MDT 2017
  **** IP Build 1909766 on Thu Jun 15 19:58:00 MDT 2017
    ** Copyright 1986-2017 Xilinx, Inc. All Rights Reserved.

source controller_0.tcl -notrace
Command: synth_design -top controller_0 -part xc7z010clg400-1 -mode out_of_context
Starting synth_design
Attempting to get a license for feature 'Synthesis' and/or device 'xc7z010-clg400'
INFO: [Common 17-349] Got license for feature 'Synthesis' and/or device 'xc7z010-clg400'
INFO: Launching helper process for spawning children vivado processes
INFO: Helper process launched with PID 3452 
---------------------------------------------------------------------------------
Starting Synthesize : Time (s): cpu = 00:00:03 ; elapsed = 00:00:03 . Memory (MB): peak = 318.340 ; gain = 78.867
---------------------------------------------------------------------------------
INFO: [Synth 8-638] synthesizing module 'controller_0' [c:/Users/lsneler/Desktop/Repo/JPEG_conv/component_modules/DCT/DCT.srcs/sources_1/ip/controller_0/synth/controller_0.v:56]
INFO: [Synth 8-638] synthesizing module 'controller' [c:/Users/lsneler/Desktop/Repo/JPEG_conv/component_modules/DCT/DCT.srcs/sources_1/ip/controller_0/src/controller.v:23]
INFO: [Synth 8-256] done synthesizing module 'controller' (1#1) [c:/Users/lsneler/Desktop/Repo/JPEG_conv/component_modules/DCT/DCT.srcs/sources_1/ip/controller_0/src/controller.v:23]
INFO: [Synth 8-256] done synthesizing module 'controller_0' (2#1) [c:/Users/lsneler/Desktop/Repo/JPEG_conv/component_modules/DCT/DCT.srcs/sources_1/ip/controller_0/synth/controller_0.v:56]
---------------------------------------------------------------------------------
Finished Synthesize : Time (s): cpu = 00:00:04 ; elapsed = 00:00:03 . Memory (MB): peak = 358.418 ; gain = 118.945
---------------------------------------------------------------------------------
---------------------------------------------------------------------------------
Finished Constraint Validation : Time (s): cpu = 00:00:04 ; elapsed = 00:00:03 . Memory (MB): peak = 358.418 ; gain = 118.945
---------------------------------------------------------------------------------
---------------------------------------------------------------------------------
Start Loading Part and Timing Information
---------------------------------------------------------------------------------
Loading part: xc7z010clg400-1
---------------------------------------------------------------------------------
Finished Loading Part and Timing Information : Time (s): cpu = 00:00:04 ; elapsed = 00:00:03 . Memory (MB): peak = 358.418 ; gain = 118.945
---------------------------------------------------------------------------------
INFO: [Device 21-403] Loading part xc7z010clg400-1
INFO: [Synth 8-5546] ROM "v_sync" won't be mapped to RAM because it is too sparse
INFO: [Synth 8-5544] ROM "_rst" won't be mapped to Block RAM because address size (3) smaller than threshold (5)
INFO: [Synth 8-5544] ROM "_rst" won't be mapped to Block RAM because address size (3) smaller than threshold (5)
INFO: [Synth 8-5544] ROM "rst_trigger" won't be mapped to Block RAM because address size (3) smaller than threshold (5)
INFO: [Synth 8-5544] ROM "_ce_input_DCT_quant" won't be mapped to Block RAM because address size (3) smaller than threshold (5)
INFO: [Synth 8-5544] ROM "ce_trigger" won't be mapped to Block RAM because address size (3) smaller than threshold (5)
INFO: [Synth 8-5546] ROM "_addr_zzBRAM_in" won't be mapped to RAM because it is too sparse
INFO: [Synth 8-5546] ROM "_ce_zig_zag" won't be mapped to RAM because it is too sparse
INFO: [Synth 8-5546] ROM "_we_zzBRAM_in" won't be mapped to RAM because it is too sparse
WARNING: [Synth 8-6014] Unused sequential element _addr_input_reg was removed.  [c:/Users/lsneler/Desktop/Repo/JPEG_conv/component_modules/DCT/DCT.srcs/sources_1/ip/controller_0/src/controller.v:71]
WARNING: [Synth 8-6014] Unused sequential element _addr_quant_reg was removed.  [c:/Users/lsneler/Desktop/Repo/JPEG_conv/component_modules/DCT/DCT.srcs/sources_1/ip/controller_0/src/controller.v:72]
WARNING: [Synth 8-6014] Unused sequential element _addr_zzBRAM_in_reg was removed.  [c:/Users/lsneler/Desktop/Repo/JPEG_conv/component_modules/DCT/DCT.srcs/sources_1/ip/controller_0/src/controller.v:76]
WARNING: [Synth 8-6014] Unused sequential element ce_zz_bram_trigger_reg was removed.  [c:/Users/lsneler/Desktop/Repo/JPEG_conv/component_modules/DCT/DCT.srcs/sources_1/ip/controller_0/src/controller.v:75]
WARNING: [Synth 8-6014] Unused sequential element cnt_sim_eof_reg was removed.  [c:/Users/lsneler/Desktop/Repo/JPEG_conv/component_modules/DCT/DCT.srcs/sources_1/ip/controller_0/src/controller.v:84]
---------------------------------------------------------------------------------
Finished RTL Optimization Phase 2 : Time (s): cpu = 00:00:04 ; elapsed = 00:00:03 . Memory (MB): peak = 358.418 ; gain = 118.945
---------------------------------------------------------------------------------

Report RTL Partitions: 
+-+--------------+------------+----------+
| |RTL Partition |Replication |Instances |
+-+--------------+------------+----------+
+-+--------------+------------+----------+
No constraint files found.
---------------------------------------------------------------------------------
Start RTL Component Statistics 
---------------------------------------------------------------------------------
Detailed RTL Component Info : 
+---Adders : 
	   2 Input      8 Bit       Adders := 2     
	   2 Input      7 Bit       Adders := 1     
	   2 Input      6 Bit       Adders := 2     
	   2 Input      3 Bit       Adders := 2     
	   2 Input      1 Bit       Adders := 1     
+---Registers : 
	                8 Bit    Registers := 2     
	                7 Bit    Registers := 1     
	                6 Bit    Registers := 2     
	                3 Bit    Registers := 2     
	                1 Bit    Registers := 5     
+---Muxes : 
	   2 Input      1 Bit        Muxes := 9     
---------------------------------------------------------------------------------
Finished RTL Component Statistics 
---------------------------------------------------------------------------------
---------------------------------------------------------------------------------
Start RTL Hierarchical Component Statistics 
---------------------------------------------------------------------------------
Hierarchical RTL Component report 
Module controller 
Detailed RTL Component Info : 
+---Adders : 
	   2 Input      8 Bit       Adders := 2     
	   2 Input      7 Bit       Adders := 1     
	   2 Input      6 Bit       Adders := 2     
	   2 Input      3 Bit       Adders := 2     
	   2 Input      1 Bit       Adders := 1     
+---Registers : 
	                8 Bit    Registers := 2     
	                7 Bit    Registers := 1     
	                6 Bit    Registers := 2     
	                3 Bit    Registers := 2     
	                1 Bit    Registers := 5     
+---Muxes : 
	   2 Input      1 Bit        Muxes := 9     
---------------------------------------------------------------------------------
Finished RTL Hierarchical Component Statistics
---------------------------------------------------------------------------------
---------------------------------------------------------------------------------
Start Part Resource Summary
---------------------------------------------------------------------------------
Part Resources:
DSPs: 80 (col length:40)
BRAMs: 120 (col length: RAMB18 40 RAMB36 20)
---------------------------------------------------------------------------------
Finished Part Resource Summary
---------------------------------------------------------------------------------
No constraint files found.
---------------------------------------------------------------------------------
Start Cross Boundary and Area Optimization
---------------------------------------------------------------------------------
INFO: [Synth 8-5546] ROM "inst/_ce_zig_zag" won't be mapped to RAM because it is too sparse
INFO: [Synth 8-5546] ROM "inst/_we_zzBRAM_in" won't be mapped to RAM because it is too sparse
INFO: [Synth 8-5546] ROM "inst/_addr_zzBRAM_in" won't be mapped to RAM because it is too sparse
INFO: [Synth 8-5546] ROM "inst/v_sync" won't be mapped to RAM because it is too sparse
WARNING: [Synth 8-6014] Unused sequential element inst/_addr_input_reg was removed.  [c:/Users/lsneler/Desktop/Repo/JPEG_conv/component_modules/DCT/DCT.srcs/sources_1/ip/controller_0/src/controller.v:71]
WARNING: [Synth 8-6014] Unused sequential element inst/_addr_quant_reg was removed.  [c:/Users/lsneler/Desktop/Repo/JPEG_conv/component_modules/DCT/DCT.srcs/sources_1/ip/controller_0/src/controller.v:72]
WARNING: [Synth 8-6014] Unused sequential element inst/ce_zz_bram_trigger_reg was removed.  [c:/Users/lsneler/Desktop/Repo/JPEG_conv/component_modules/DCT/DCT.srcs/sources_1/ip/controller_0/src/controller.v:75]
WARNING: [Synth 8-6014] Unused sequential element inst/_addr_zzBRAM_in_reg was removed.  [c:/Users/lsneler/Desktop/Repo/JPEG_conv/component_modules/DCT/DCT.srcs/sources_1/ip/controller_0/src/controller.v:76]
WARNING: [Synth 8-6014] Unused sequential element inst/cnt_sim_eof_reg was removed.  [c:/Users/lsneler/Desktop/Repo/JPEG_conv/component_modules/DCT/DCT.srcs/sources_1/ip/controller_0/src/controller.v:84]
INFO: [Synth 8-3917] design controller_0 has port we_zzBRAM_out driven by constant 0
---------------------------------------------------------------------------------
Finished Cross Boundary and Area Optimization : Time (s): cpu = 00:00:06 ; elapsed = 00:00:06 . Memory (MB): peak = 497.184 ; gain = 257.711
---------------------------------------------------------------------------------

Report RTL Partitions: 
+-+--------------+------------+----------+
| |RTL Partition |Replication |Instances |
+-+--------------+------------+----------+
+-+--------------+------------+----------+
No constraint files found.
---------------------------------------------------------------------------------
Start Timing Optimization
---------------------------------------------------------------------------------
---------------------------------------------------------------------------------
Finished Timing Optimization : Time (s): cpu = 00:00:06 ; elapsed = 00:00:06 . Memory (MB): peak = 497.184 ; gain = 257.711
---------------------------------------------------------------------------------

Report RTL Partitions: 
+-+--------------+------------+----------+
| |RTL Partition |Replication |Instances |
+-+--------------+------------+----------+
+-+--------------+------------+----------+
---------------------------------------------------------------------------------
Start Technology Mapping
---------------------------------------------------------------------------------
---------------------------------------------------------------------------------
Finished Technology Mapping : Time (s): cpu = 00:00:06 ; elapsed = 00:00:06 . Memory (MB): peak = 498.184 ; gain = 258.711
---------------------------------------------------------------------------------

Report RTL Partitions: 
+-+--------------+------------+----------+
| |RTL Partition |Replication |Instances |
+-+--------------+------------+----------+
+-+--------------+------------+----------+
---------------------------------------------------------------------------------
Start IO Insertion
---------------------------------------------------------------------------------
---------------------------------------------------------------------------------
Start Flattening Before IO Insertion
---------------------------------------------------------------------------------
---------------------------------------------------------------------------------
Finished Flattening Before IO Insertion
---------------------------------------------------------------------------------
---------------------------------------------------------------------------------
Start Final Netlist Cleanup
---------------------------------------------------------------------------------
---------------------------------------------------------------------------------
Finished Final Netlist Cleanup
---------------------------------------------------------------------------------
---------------------------------------------------------------------------------
Finished IO Insertion : Time (s): cpu = 00:00:07 ; elapsed = 00:00:07 . Memory (MB): peak = 498.184 ; gain = 258.711
---------------------------------------------------------------------------------

Report Check Netlist: 
+------+------------------+-------+---------+-------+------------------+
|      |Item              |Errors |Warnings |Status |Description       |
+------+------------------+-------+---------+-------+------------------+
|1     |multi_driven_nets |      0|        0|Passed |Multi driven nets |
+------+------------------+-------+---------+-------+------------------+
---------------------------------------------------------------------------------
Start Renaming Generated Instances
---------------------------------------------------------------------------------
---------------------------------------------------------------------------------
Finished Renaming Generated Instances : Time (s): cpu = 00:00:07 ; elapsed = 00:00:07 . Memory (MB): peak = 498.184 ; gain = 258.711
---------------------------------------------------------------------------------

Report RTL Partitions: 
+-+--------------+------------+----------+
| |RTL Partition |Replication |Instances |
+-+--------------+------------+----------+
+-+--------------+------------+----------+
---------------------------------------------------------------------------------
Start Rebuilding User Hierarchy
---------------------------------------------------------------------------------
---------------------------------------------------------------------------------
Finished Rebuilding User Hierarchy : Time (s): cpu = 00:00:07 ; elapsed = 00:00:07 . Memory (MB): peak = 498.184 ; gain = 258.711
---------------------------------------------------------------------------------
---------------------------------------------------------------------------------
Start Renaming Generated Ports
---------------------------------------------------------------------------------
---------------------------------------------------------------------------------
Finished Renaming Generated Ports : Time (s): cpu = 00:00:07 ; elapsed = 00:00:07 . Memory (MB): peak = 498.184 ; gain = 258.711
---------------------------------------------------------------------------------
---------------------------------------------------------------------------------
Start Handling Custom Attributes
---------------------------------------------------------------------------------
---------------------------------------------------------------------------------
Finished Handling Custom Attributes : Time (s): cpu = 00:00:07 ; elapsed = 00:00:07 . Memory (MB): peak = 498.184 ; gain = 258.711
---------------------------------------------------------------------------------
---------------------------------------------------------------------------------
Start Renaming Generated Nets
---------------------------------------------------------------------------------
---------------------------------------------------------------------------------
Finished Renaming Generated Nets : Time (s): cpu = 00:00:07 ; elapsed = 00:00:07 . Memory (MB): peak = 498.184 ; gain = 258.711
---------------------------------------------------------------------------------
---------------------------------------------------------------------------------
Start Writing Synthesis Report
---------------------------------------------------------------------------------

Report BlackBoxes: 
+-+--------------+----------+
| |BlackBox name |Instances |
+-+--------------+----------+
+-+--------------+----------+

Report Cell Usage: 
+------+-----+------+
|      |Cell |Count |
+------+-----+------+
|1     |LUT1 |     5|
|2     |LUT2 |    12|
|3     |LUT3 |    14|
|4     |LUT4 |     8|
|5     |LUT5 |     6|
|6     |LUT6 |    10|
|7     |FDRE |    41|
|8     |FDSE |     5|
+------+-----+------+

Report Instance Areas: 
+------+---------+-----------+------+
|      |Instance |Module     |Cells |
+------+---------+-----------+------+
|1     |top      |           |   101|
|2     |  inst   |controller |   101|
+------+---------+-----------+------+
---------------------------------------------------------------------------------
Finished Writing Synthesis Report : Time (s): cpu = 00:00:07 ; elapsed = 00:00:07 . Memory (MB): peak = 498.184 ; gain = 258.711
---------------------------------------------------------------------------------
Synthesis finished with 0 errors, 0 critical warnings and 10 warnings.
Synthesis Optimization Runtime : Time (s): cpu = 00:00:07 ; elapsed = 00:00:07 . Memory (MB): peak = 498.184 ; gain = 258.711
Synthesis Optimization Complete : Time (s): cpu = 00:00:07 ; elapsed = 00:00:07 . Memory (MB): peak = 498.184 ; gain = 258.711
INFO: [Project 1-571] Translating synthesized netlist
INFO: [Project 1-570] Preparing netlist for logic optimization
INFO: [Opt 31-138] Pushed 0 inverter(s) to 0 load pin(s).
INFO: [Project 1-111] Unisim Transformation Summary:
No Unisim elements were transformed.

24 Infos, 10 Warnings, 0 Critical Warnings and 0 Errors encountered.
synth_design completed successfully
synth_design: Time (s): cpu = 00:00:09 ; elapsed = 00:00:19 . Memory (MB): peak = 574.863 ; gain = 337.020
INFO: [Timing 38-35] Done setting XDC timing constraints.
INFO: [Common 17-1381] The checkpoint 'C:/Users/lsneler/Desktop/Repo/JPEG_conv/component_modules/DCT/DCT.runs/controller_0_synth_1/controller_0.dcp' has been generated.
write_checkpoint: Time (s): cpu = 00:00:10 ; elapsed = 00:00:10 . Memory (MB): peak = 1028.406 ; gain = 453.543
