#-----------------------------------------------------------
# Vivado v2017.2 (64-bit)
# SW Build 1909853 on Thu Jun 15 18:39:09 MDT 2017
# IP Build 1909766 on Thu Jun 15 19:58:00 MDT 2017
# Start of session at: Tue Aug 20 14:19:21 2019
# Process ID: 2976
# Current directory: C:/Users/lsneler/Desktop/Repo/JPEG_conv/component_modules/DPCM
# Command line: vivado.exe -gui_launcher_event rodinguilauncherevent5728 C:\Users\lsneler\Desktop\Repo\JPEG_conv\component_modules\DPCM\DPCM.xpr
# Log file: C:/Users/lsneler/Desktop/Repo/JPEG_conv/component_modules/DPCM/vivado.log
# Journal file: C:/Users/lsneler/Desktop/Repo/JPEG_conv/component_modules/DPCM\vivado.jou
#-----------------------------------------------------------
start_gui
open_project C:/Users/lsneler/Desktop/Repo/JPEG_conv/component_modules/DPCM/DPCM.xpr
INFO: [Project 1-313] Project file moved from 'C:/Users/lsneler/Desktop/Repo/JPEG_conv/component_modules' since last save.
Scanning sources...
Finished scanning sources
INFO: [filemgmt 56-1] IP Repository Path: Directory not found as 'C:/Users/lsneler/Desktop/Repo/JPEG_conv/component_modules/IP_Core_repo/DPCM'; using path 'C:/Users/lsneler/Desktop/Repo/JPEG_conv/IP_Core_repo/DPCM' instead.
INFO: [IP_Flow 19-234] Refreshing IP repositories
INFO: [IP_Flow 19-1700] Loaded user IP repository 'c:/Users/lsneler/Desktop/Repo/JPEG_conv/IP_Core_repo/DPCM'.
INFO: [IP_Flow 19-2313] Loaded Vivado IP repository 'C:/Xilinx/Vivado/2017.2/data/ip'.
update_compile_order -fileset sources_1
launch_runs synth_1 -jobs 4
[Tue Aug 20 14:19:40 2019] Launched synth_1...
Run output will be captured here: C:/Users/lsneler/Desktop/Repo/JPEG_conv/component_modules/DPCM/DPCM.runs/synth_1/runme.log
exit
INFO: [Common 17-206] Exiting Vivado at Tue Aug 20 14:20:23 2019...
