Copyright 1986-2017 Xilinx, Inc. All Rights Reserved.
------------------------------------------------------------------------------------
| Tool Version : Vivado v.2017.2 (win64) Build 1909853 Thu Jun 15 18:39:09 MDT 2017
| Date         : Fri Jul 26 15:02:03 2019
| Host         : RTRKOS054 running 64-bit major release  (build 9200)
| Command      : upgrade_ip
| Device       : xc7z010clg400-1
------------------------------------------------------------------------------------

Upgrade Log for IP 'design_1_PC_0_2'

1. Summary
----------

CAUTION (success, with warnings) in the upgrade of design_1_PC_0_2 from domain.local:user:PC:2.2 (Rev. 5) to domain.local:user:PC:2.3 (Rev. 1)

After upgrade, an IP may have parameter and port differences compared to the original customization. Please review the parameters within the IP customization GUI to ensure proper functionality. Also, please review the updated IP instantiation template to ensure proper connectivity, and update your design if required.

2. Connection Warnings
----------------------

Detected external port differences while upgrading 'design_1_PC_0_2'. These changes may impact your design.


-Upgrade has added port 'Adress1Del'







Copyright 1986-2017 Xilinx, Inc. All Rights Reserved.
------------------------------------------------------------------------------------
| Tool Version : Vivado v.2017.2 (win64) Build 1909853 Thu Jun 15 18:39:09 MDT 2017
| Date         : Fri Jul 26 14:42:08 2019
| Host         : RTRKOS054 running 64-bit major release  (build 9200)
| Command      : upgrade_ip
| Device       : xc7z010clg400-1
------------------------------------------------------------------------------------

Upgrade Log for IP 'design_1_PC_0_2'

1. Summary
----------

SUCCESS in the upgrade of design_1_PC_0_2 (domain.local:user:PC:2.2) from (Rev. 4) to (Rev. 5)






Copyright 1986-2017 Xilinx, Inc. All Rights Reserved.
------------------------------------------------------------------------------------
| Tool Version : Vivado v.2017.2 (win64) Build 1909853 Thu Jun 15 18:39:09 MDT 2017
| Date         : Fri Jul 26 12:45:55 2019
| Host         : RTRKOS054 running 64-bit major release  (build 9200)
| Command      : upgrade_ip
| Device       : xc7z010clg400-1
------------------------------------------------------------------------------------

Upgrade Log for IP 'design_1_PC_0_1'

1. Summary
----------

SUCCESS in the upgrade of design_1_PC_0_1 from domain.local:user:PC:2.0 (Rev. 1) to domain.local:user:PC:2.1 (Rev. 1)






Copyright 1986-2017 Xilinx, Inc. All Rights Reserved.
------------------------------------------------------------------------------------
| Tool Version : Vivado v.2017.2 (win64) Build 1909853 Thu Jun 15 18:39:09 MDT 2017
| Date         : Thu Jul 25 18:01:58 2019
| Host         : RTRKOS054 running 64-bit major release  (build 9200)
| Command      : upgrade_ip
| Device       : xc7z010clg400-1
------------------------------------------------------------------------------------

Upgrade Log for IP 'design_1_PC_0_1'

1. Summary
----------

SUCCESS in the upgrade of design_1_PC_0_1 from domain.local:user:PC:1.9 (Rev. 1) to domain.local:user:PC:2.0 (Rev. 1)






Copyright 1986-2017 Xilinx, Inc. All Rights Reserved.
------------------------------------------------------------------------------------
| Tool Version : Vivado v.2017.2 (win64) Build 1909853 Thu Jun 15 18:39:09 MDT 2017
| Date         : Thu Jul 25 17:54:15 2019
| Host         : RTRKOS054 running 64-bit major release  (build 9200)
| Command      : upgrade_ip
| Device       : xc7z010clg400-1
------------------------------------------------------------------------------------

Upgrade Log for IP 'design_1_PC_0_1'

1. Summary
----------

SUCCESS in the upgrade of design_1_PC_0_1 from domain.local:user:PC:1.8 (Rev. 1) to domain.local:user:PC:1.9 (Rev. 1)






Copyright 1986-2017 Xilinx, Inc. All Rights Reserved.
------------------------------------------------------------------------------------
| Tool Version : Vivado v.2017.2 (win64) Build 1909853 Thu Jun 15 18:39:09 MDT 2017
| Date         : Thu Jul 25 17:50:56 2019
| Host         : RTRKOS054 running 64-bit major release  (build 9200)
| Command      : upgrade_ip
| Device       : xc7z010clg400-1
------------------------------------------------------------------------------------

Upgrade Log for IP 'design_1_PC_0_1'

1. Summary
----------

SUCCESS in the upgrade of design_1_PC_0_1 from domain.local:user:PC:1.7 (Rev. 1) to domain.local:user:PC:1.8 (Rev. 1)






Copyright 1986-2017 Xilinx, Inc. All Rights Reserved.
------------------------------------------------------------------------------------
| Tool Version : Vivado v.2017.2 (win64) Build 1909853 Thu Jun 15 18:39:09 MDT 2017
| Date         : Thu Jul 25 16:17:50 2019
| Host         : RTRKOS054 running 64-bit major release  (build 9200)
| Command      : upgrade_ip
| Device       : xc7z010clg400-1
------------------------------------------------------------------------------------

Upgrade Log for IP 'design_1_PC_0_1'

1. Summary
----------

SUCCESS in the upgrade of design_1_PC_0_1 from domain.local:user:PC:1.6 (Rev. 1) to domain.local:user:PC:1.7 (Rev. 1)






Copyright 1986-2017 Xilinx, Inc. All Rights Reserved.
------------------------------------------------------------------------------------
| Tool Version : Vivado v.2017.2 (win64) Build 1909853 Thu Jun 15 18:39:09 MDT 2017
| Date         : Thu Jul 25 16:15:39 2019
| Host         : RTRKOS054 running 64-bit major release  (build 9200)
| Command      : upgrade_ip
| Device       : xc7z010clg400-1
------------------------------------------------------------------------------------

Upgrade Log for IP 'design_1_PC_0_1'

1. Summary
----------

SUCCESS in the upgrade of design_1_PC_0_1 from domain.local:user:PC:1.5 (Rev. 1) to domain.local:user:PC:1.6 (Rev. 1)






Copyright 1986-2017 Xilinx, Inc. All Rights Reserved.
------------------------------------------------------------------------------------
| Tool Version : Vivado v.2017.2 (win64) Build 1909853 Thu Jun 15 18:39:09 MDT 2017
| Date         : Thu Jul 25 16:06:29 2019
| Host         : RTRKOS054 running 64-bit major release  (build 9200)
| Command      : upgrade_ip
| Device       : xc7z010clg400-1
------------------------------------------------------------------------------------

Upgrade Log for IP 'design_1_PC_0_1'

1. Summary
----------

SUCCESS in the upgrade of design_1_PC_0_1 from domain.local:user:PC:1.4 (Rev. 1) to domain.local:user:PC:1.5 (Rev. 1)






Copyright 1986-2017 Xilinx, Inc. All Rights Reserved.
------------------------------------------------------------------------------------
| Tool Version : Vivado v.2017.2 (win64) Build 1909853 Thu Jun 15 18:39:09 MDT 2017
| Date         : Thu Jul 25 15:53:48 2019
| Host         : RTRKOS054 running 64-bit major release  (build 9200)
| Command      : upgrade_ip
| Device       : xc7z010clg400-1
------------------------------------------------------------------------------------

Upgrade Log for IP 'design_1_PC_0_1'

1. Summary
----------

SUCCESS in the upgrade of design_1_PC_0_1 from domain.local:user:PC:1.3 (Rev. 1) to domain.local:user:PC:1.4 (Rev. 1)






Copyright 1986-2017 Xilinx, Inc. All Rights Reserved.
------------------------------------------------------------------------------------
| Tool Version : Vivado v.2017.2 (win64) Build 1909853 Thu Jun 15 18:39:09 MDT 2017
| Date         : Thu Jul 25 15:27:59 2019
| Host         : RTRKOS054 running 64-bit major release  (build 9200)
| Command      : upgrade_ip
| Device       : xc7z010clg400-1
------------------------------------------------------------------------------------

Upgrade Log for IP 'design_1_PC_0_1'

1. Summary
----------

CAUTION (success, with warnings) in the upgrade of design_1_PC_0_1 from domain.local:user:PC:1.2 (Rev. 1) to domain.local:user:PC:1.3 (Rev. 1)

After upgrade, an IP may have parameter and port differences compared to the original customization. Please review the parameters within the IP customization GUI to ensure proper functionality. Also, please review the updated IP instantiation template to ensure proper connectivity, and update your design if required.

2. Connection Warnings
----------------------

Detected external port differences while upgrading 'design_1_PC_0_1'. These changes may impact your design.


-Upgraded port 'Addresso' width 6 differs from original width 5

-Upgrade has added port 'ena'







Copyright 1986-2017 Xilinx, Inc. All Rights Reserved.
------------------------------------------------------------------------------------
| Tool Version : Vivado v.2017.2 (win64) Build 1909853 Thu Jun 15 18:39:09 MDT 2017
| Date         : Thu Jul 25 15:22:13 2019
| Host         : RTRKOS054 running 64-bit major release  (build 9200)
| Command      : upgrade_ip
| Device       : xc7z010clg400-1
------------------------------------------------------------------------------------

Upgrade Log for IP 'design_1_PC_0_0'

1. Summary
----------

SUCCESS in the upgrade of design_1_PC_0_0 from domain.local:user:PC:1.1 (Rev. 2) to domain.local:user:PC:1.2 (Rev. 1)






Copyright 1986-2017 Xilinx, Inc. All Rights Reserved.
------------------------------------------------------------------------------------
| Tool Version : Vivado v.2017.2 (win64) Build 1909853 Thu Jun 15 18:39:09 MDT 2017
| Date         : Thu Jul 25 15:16:34 2019
| Host         : RTRKOS054 running 64-bit major release  (build 9200)
| Command      : upgrade_ip
| Device       : xc7z010clg400-1
------------------------------------------------------------------------------------

Upgrade Log for IP 'design_1_PC_0_0'

1. Summary
----------

SUCCESS in the upgrade of design_1_PC_0_0 (domain.local:user:PC:1.1) from (Rev. 1) to (Rev. 2)






Copyright 1986-2017 Xilinx, Inc. All Rights Reserved.
------------------------------------------------------------------------------------
| Tool Version : Vivado v.2017.2 (win64) Build 1909853 Thu Jun 15 18:39:09 MDT 2017
| Date         : Thu Jul 25 15:13:44 2019
| Host         : RTRKOS054 running 64-bit major release  (build 9200)
| Command      : upgrade_ip
| Device       : xc7z010clg400-1
------------------------------------------------------------------------------------

Upgrade Log for IP 'design_1_PC_0_0'

1. Summary
----------

SUCCESS in the upgrade of design_1_PC_0_0 from domain.local:user:PC:1.0 (Rev. 4) to domain.local:user:PC:1.1 (Rev. 1)






Copyright 1986-2017 Xilinx, Inc. All Rights Reserved.
------------------------------------------------------------------------------------
| Tool Version : Vivado v.2017.2 (win64) Build 1909853 Thu Jun 15 18:39:09 MDT 2017
| Date         : Thu Jul 25 15:07:09 2019
| Host         : RTRKOS054 running 64-bit major release  (build 9200)
| Command      : upgrade_ip
| Device       : xc7z010clg400-1
------------------------------------------------------------------------------------

Upgrade Log for IP 'design_1_PC_0_0'

1. Summary
----------

SUCCESS in the upgrade of design_1_PC_0_0 (domain.local:user:PC:1.0) from (Rev. 2) to (Rev. 4)

