#-----------------------------------------------------------
# Vivado v2017.2 (64-bit)
# SW Build 1909853 on Thu Jun 15 18:39:09 MDT 2017
# IP Build 1909766 on Thu Jun 15 19:58:00 MDT 2017
# Start of session at: Mon Aug 12 12:26:39 2019
# Process ID: 3588
# Current directory: C:/Users/lsneler/Desktop/Repository/JPEG_conversion/exemplary_projects/AxiLiteZynqBRAMDemo/AxiLiteZynqBRAMDemo
# Command line: vivado.exe -gui_launcher_event rodinguilauncherevent7912 C:\Users\lsneler\Desktop\Repository\JPEG_conversion\exemplary_projects\AxiLiteZynqBRAMDemo\AxiLiteZynqBRAMDemo\AxiLiteZynqBRAMDemo.xpr
# Log file: C:/Users/lsneler/Desktop/Repository/JPEG_conversion/exemplary_projects/AxiLiteZynqBRAMDemo/AxiLiteZynqBRAMDemo/vivado.log
# Journal file: C:/Users/lsneler/Desktop/Repository/JPEG_conversion/exemplary_projects/AxiLiteZynqBRAMDemo/AxiLiteZynqBRAMDemo\vivado.jou
#-----------------------------------------------------------
start_gui
open_project C:/Users/lsneler/Desktop/Repository/JPEG_conversion/exemplary_projects/AxiLiteZynqBRAMDemo/AxiLiteZynqBRAMDemo/AxiLiteZynqBRAMDemo.xpr
INFO: [ProjectBase 1-489] The host OS only allows 260 characters in a normal path. The project is stored in a path with more than 80 characters. If you experience issues with IP, Block Designs, or files not being found, please consider moving the project to a location with a shorter path. Alternately consider using the OS subst command to map part of the path to a drive letter.
Current project path is 'C:/Users/lsneler/Desktop/Repository/JPEG_conversion/exemplary_projects/AxiLiteZynqBRAMDemo/AxiLiteZynqBRAMDemo'
Scanning sources...
Finished scanning sources
WARNING: [filemgmt 56-3] IP Repository Path: Could not find the directory 'C:/Users/lsneler/Desktop/Repository/JPEG_conversion/exemplary_projects/AxiLiteZynqBRAMDemo/ip_repo/BRAMContrl_1.0'.
INFO: [IP_Flow 19-234] Refreshing IP repositories
INFO: [IP_Flow 19-1700] Loaded user IP repository 'c:/Users/lsneler/Desktop/Repository/JPEG_conversion/exemplary_projects/AxiLiteZynqBRAMDemo/ip_repo/AXILiteToBRAMIntf_1.0'.
WARNING: [IP_Flow 19-2248] Failed to load user IP repository 'c:/Users/lsneler/Desktop/Repository/JPEG_conversion/exemplary_projects/AxiLiteZynqBRAMDemo/ip_repo/BRAMContrl_1.0'; Can't find the specified path.
If this directory should no longer be in your list of user repositories, go to the IP Settings dialog and remove it.
INFO: [IP_Flow 19-2313] Loaded Vivado IP repository 'C:/Xilinx/Vivado/2017.2/data/ip'.
WARNING: [IP_Flow 19-3664] IP 'design_1_auto_pc_0' generated file not found 'c:/Users/lsneler/Desktop/Repository/JPEG_conversion/exemplary_projects/AxiLiteZynqBRAMDemo/AxiLiteZynqBRAMDemo/AxiLiteZynqBRAMDemo.srcs/sources_1/bd/design_1/ip/design_1_auto_pc_0/stats.txt'. Please regenerate to continue.
open_project: Time (s): cpu = 00:00:14 ; elapsed = 00:00:11 . Memory (MB): peak = 823.156 ; gain = 56.828
update_compile_order -fileset sources_1
file mkdir C:/Users/lsneler/Desktop/Repository/JPEG_conversion/exemplary_projects/AxiLiteZynqBRAMDemo/AxiLiteZynqBRAMDemo/AxiLiteZynqBRAMDemo.sdk
write_hwdef -force  -file C:/Users/lsneler/Desktop/Repository/JPEG_conversion/exemplary_projects/AxiLiteZynqBRAMDemo/AxiLiteZynqBRAMDemo/AxiLiteZynqBRAMDemo.sdk/design_1_wrapper.hdf
file mkdir C:/Users/lsneler/Desktop/Repository/JPEG_conversion/exemplary_projects/AxiLiteZynqBRAMDemo/AxiLiteZynqBRAMDemo/AxiLiteZynqBRAMDemo.sdk
file copy -force C:/Users/lsneler/Desktop/Repository/JPEG_conversion/exemplary_projects/AxiLiteZynqBRAMDemo/AxiLiteZynqBRAMDemo/AxiLiteZynqBRAMDemo.runs/impl_1/design_1_wrapper.sysdef C:/Users/lsneler/Desktop/Repository/JPEG_conversion/exemplary_projects/AxiLiteZynqBRAMDemo/AxiLiteZynqBRAMDemo/AxiLiteZynqBRAMDemo.sdk/design_1_wrapper.hdf

launch_sdk -workspace C:/Users/lsneler/Desktop/Repository/JPEG_conversion/exemplary_projects/AxiLiteZynqBRAMDemo/AxiLiteZynqBRAMDemo/AxiLiteZynqBRAMDemo.sdk -hwspec C:/Users/lsneler/Desktop/Repository/JPEG_conversion/exemplary_projects/AxiLiteZynqBRAMDemo/AxiLiteZynqBRAMDemo/AxiLiteZynqBRAMDemo.sdk/design_1_wrapper.hdf
INFO: [Vivado 12-393] Launching SDK...
INFO: [Vivado 12-417] Running xsdk -workspace C:/Users/lsneler/Desktop/Repository/JPEG_conversion/exemplary_projects/AxiLiteZynqBRAMDemo/AxiLiteZynqBRAMDemo/AxiLiteZynqBRAMDemo.sdk -hwspec C:/Users/lsneler/Desktop/Repository/JPEG_conversion/exemplary_projects/AxiLiteZynqBRAMDemo/AxiLiteZynqBRAMDemo/AxiLiteZynqBRAMDemo.sdk/design_1_wrapper.hdf
INFO: [Vivado 12-3157] SDK launch initiated. Please check console for any further messages.
open_bd_design {C:/Users/lsneler/Desktop/Repository/JPEG_conversion/exemplary_projects/AxiLiteZynqBRAMDemo/AxiLiteZynqBRAMDemo/AxiLiteZynqBRAMDemo.srcs/sources_1/bd/design_1/design_1.bd}
Adding cell -- xilinx.com:ip:blk_mem_gen:8.3 - blk_mem_gen_0
Adding cell -- xilinx.com:ip:processing_system7:5.5 - processing_system7_0
Adding cell -- xilinx.com:ip:proc_sys_reset:5.0 - rst_ps7_0_50M
Adding cell -- xilinx.com:user:AXILiteToBRAMIntf:1.0 - AXILiteToBRAMIntf_0
Adding cell -- xilinx.com:ip:axi_protocol_converter:2.1 - auto_pc
Successfully read diagram <design_1> from BD file <C:/Users/lsneler/Desktop/Repository/JPEG_conversion/exemplary_projects/AxiLiteZynqBRAMDemo/AxiLiteZynqBRAMDemo/AxiLiteZynqBRAMDemo.srcs/sources_1/bd/design_1/design_1.bd>
open_bd_design: Time (s): cpu = 00:00:07 ; elapsed = 00:00:06 . Memory (MB): peak = 901.090 ; gain = 61.465
exit
INFO: [Common 17-206] Exiting Vivado at Mon Aug 12 12:46:38 2019...
