Unable to capture context for thread 7880 in process 3468, can not generate back trace
Exception at PC 0x00007FF8C2E0BB93
Printing stacktrace...

[0]  [0x00007FF8C2E0BB93]
[1]  [0x00007FF8C2E0BB93]
[2]  [0x00007FF8C2E0B4A1]
[3]  [0x00007FF8C2E0B3EF]
[4]  [0x00007FF8C2DF19FE]
[5]  [0x00007FF8C2DF0ED1]
[6]  [0x00007FF8C2DF0D76]
[7]  [0x00007FF8C2D979F6]
[8]  [0x00007FF8C2D87AFB]
[9]  [0x00007FF8C2EAE90A]
[10]  [0x00007FF8C2EC9F87]
[11]  [0x00007FF8C2ECA05F]
[12] (BaseThreadInitThunk+0x14) [0x00007FF93E953034]
[13] (RtlUserThreadStart+0x21) [0x00007FF940A51471]
Done
Exception at PC 0x00007FF8C2B11A52
Attemped to write at address 0x00007FF8FF2FABA4
Printing stacktrace...

[0]  [0x00007FF8C2B11A52]
[1]  [0x00007FF8C2B11A52]
[2]  [0x00007FF8C2B11AD4]
[3]  [0x00007FF8C2C53FF7]
[4]  [0x00007FF8C2B39128]
[5]  [0x00007FF8C2DEDFB9]
[6]  [0x00007FF8C2FBEF23]
[7]  [0x00007FF8C2ECB06B]
[8]  [0x00007FF8C2EC08AF]
[9]  [0x00007FF8C2EC0A32]
[10] (RtlActivateActivationContextUnsafeFast+0x123) [0x00007FF940A14063]
[11] (LdrShutdownProcess+0x125) [0x00007FF940A20A15]
[12] (RtlExitUserProcess+0xd8) [0x00007FF940A208D8]
[13] (FatalExit+0xa) [0x00007FF93E95B19A]
[14] (exit+0x75) [0x00007FF940839CE5]
[15] (initterm_e+0x235) [0x00007FF94083A345]
[16]  [0x00000000004014CD]
[17]  [0x000000000040151B]
[18] (BaseThreadInitThunk+0x14) [0x00007FF93E953034]
[19] (RtlUserThreadStart+0x21) [0x00007FF940A51471]
Done
