
*** Running vivado
    with args -log design_1_blk_mem_gen_0_0.vds -m64 -product Vivado -mode batch -messageDb vivado.pb -notrace -source design_1_blk_mem_gen_0_0.tcl


****** Vivado v2017.2 (64-bit)
  **** SW Build 1909853 on Thu Jun 15 18:39:09 MDT 2017
  **** IP Build 1909766 on Thu Jun 15 19:58:00 MDT 2017
    ** Copyright 1986-2017 Xilinx, Inc. All Rights Reserved.

source design_1_blk_mem_gen_0_0.tcl -notrace
Starting RTL Elaboration : Time (s): cpu = 00:00:05 ; elapsed = 00:00:05 . Memory (MB): peak = 315.199 ; gain = 80.137
INFO: [Synth 8-638] synthesizing module 'design_1_blk_mem_gen_0_0' [d:/VivadoProjects/Memory/memory/memory.srcs/sources_1/bd/design_1/ip/design_1_blk_mem_gen_0_0/synth/design_1_blk_mem_gen_0_0.vhd:68]
INFO: [Synth 8-256] done synthesizing module 'design_1_blk_mem_gen_0_0' (9#1) [d:/VivadoProjects/Memory/memory/memory.srcs/sources_1/bd/design_1/ip/design_1_blk_mem_gen_0_0/synth/design_1_blk_mem_gen_0_0.vhd:68]
Finished RTL Elaboration : Time (s): cpu = 00:00:41 ; elapsed = 00:00:42 . Memory (MB): peak = 520.801 ; gain = 285.738
Finished RTL Optimization Phase 1 : Time (s): cpu = 00:00:42 ; elapsed = 00:00:42 . Memory (MB): peak = 520.801 ; gain = 285.738
INFO: [Device 21-403] Loading part xc7z010clg400-1
Constraint Validation Runtime : Time (s): cpu = 00:00:00 ; elapsed = 00:00:00.011 . Memory (MB): peak = 581.664 ; gain = 0.000
Finished Constraint Validation : Time (s): cpu = 00:00:48 ; elapsed = 00:00:50 . Memory (MB): peak = 581.664 ; gain = 346.602
Finished Loading Part and Timing Information : Time (s): cpu = 00:00:48 ; elapsed = 00:00:50 . Memory (MB): peak = 581.664 ; gain = 346.602
Finished applying 'set_property' XDC Constraints : Time (s): cpu = 00:00:48 ; elapsed = 00:00:50 . Memory (MB): peak = 581.664 ; gain = 346.602
Finished RTL Optimization Phase 2 : Time (s): cpu = 00:00:49 ; elapsed = 00:00:50 . Memory (MB): peak = 581.664 ; gain = 346.602
Finished Cross Boundary and Area Optimization : Time (s): cpu = 00:00:49 ; elapsed = 00:00:50 . Memory (MB): peak = 581.664 ; gain = 346.602
Finished Applying XDC Timing Constraints : Time (s): cpu = 00:00:57 ; elapsed = 00:00:59 . Memory (MB): peak = 609.938 ; gain = 374.875
Finished Timing Optimization : Time (s): cpu = 00:00:57 ; elapsed = 00:00:59 . Memory (MB): peak = 609.938 ; gain = 374.875
Finished Technology Mapping : Time (s): cpu = 00:00:57 ; elapsed = 00:00:59 . Memory (MB): peak = 620.086 ; gain = 385.023
Finished IO Insertion : Time (s): cpu = 00:00:58 ; elapsed = 00:00:59 . Memory (MB): peak = 620.086 ; gain = 385.023
Finished Renaming Generated Instances : Time (s): cpu = 00:00:58 ; elapsed = 00:00:59 . Memory (MB): peak = 620.086 ; gain = 385.023
Finished Rebuilding User Hierarchy : Time (s): cpu = 00:00:58 ; elapsed = 00:00:59 . Memory (MB): peak = 620.086 ; gain = 385.023
Finished Renaming Generated Ports : Time (s): cpu = 00:00:58 ; elapsed = 00:00:59 . Memory (MB): peak = 620.086 ; gain = 385.023
Finished Handling Custom Attributes : Time (s): cpu = 00:00:58 ; elapsed = 00:00:59 . Memory (MB): peak = 620.086 ; gain = 385.023
Finished Renaming Generated Nets : Time (s): cpu = 00:00:58 ; elapsed = 00:00:59 . Memory (MB): peak = 620.086 ; gain = 385.023

Report Cell Usage: 
+------+---------+------+
|      |Cell     |Count |
+------+---------+------+
|1     |RAMB18E1 |     1|
+------+---------+------+
Finished Writing Synthesis Report : Time (s): cpu = 00:00:58 ; elapsed = 00:00:59 . Memory (MB): peak = 620.086 ; gain = 385.023
synth_design: Time (s): cpu = 00:00:59 ; elapsed = 00:01:01 . Memory (MB): peak = 632.609 ; gain = 399.172
