
*** Running vivado
    with args -log converter_clk_wiz_0_0.vds -m64 -product Vivado -mode batch -messageDb vivado.pb -notrace -source converter_clk_wiz_0_0.tcl


****** Vivado v2017.2 (64-bit)
  **** SW Build 1909853 on Thu Jun 15 18:39:09 MDT 2017
  **** IP Build 1909766 on Thu Jun 15 19:58:00 MDT 2017
    ** Copyright 1986-2017 Xilinx, Inc. All Rights Reserved.

source converter_clk_wiz_0_0.tcl -notrace
Starting RTL Elaboration : Time (s): cpu = 00:00:02 ; elapsed = 00:00:02 . Memory (MB): peak = 325.660 ; gain = 80.699
INFO: [Synth 8-638] synthesizing module 'converter_clk_wiz_0_0' [c:/Users/lsneler/Desktop/Repository/JPEG_conversion/raw2jpeg/raw2jpeg.srcs/sources_1/bd/converter/ip/converter_clk_wiz_0_0/converter_clk_wiz_0_0.v:70]
INFO: [Synth 8-638] synthesizing module 'converter_clk_wiz_0_0_clk_wiz' [c:/Users/lsneler/Desktop/Repository/JPEG_conversion/raw2jpeg/raw2jpeg.srcs/sources_1/bd/converter/ip/converter_clk_wiz_0_0/converter_clk_wiz_0_0_clk_wiz.v:68]
INFO: [Synth 8-638] synthesizing module 'IBUF' [C:/Xilinx/Vivado/2017.2/scripts/rt/data/unisim_comp.v:14470]
INFO: [Synth 8-256] done synthesizing module 'IBUF' (1#1) [C:/Xilinx/Vivado/2017.2/scripts/rt/data/unisim_comp.v:14470]
INFO: [Synth 8-638] synthesizing module 'PLLE2_ADV' [C:/Xilinx/Vivado/2017.2/scripts/rt/data/unisim_comp.v:33019]
INFO: [Synth 8-256] done synthesizing module 'PLLE2_ADV' (2#1) [C:/Xilinx/Vivado/2017.2/scripts/rt/data/unisim_comp.v:33019]
INFO: [Synth 8-638] synthesizing module 'BUFG' [C:/Xilinx/Vivado/2017.2/scripts/rt/data/unisim_comp.v:607]
INFO: [Synth 8-256] done synthesizing module 'BUFG' (3#1) [C:/Xilinx/Vivado/2017.2/scripts/rt/data/unisim_comp.v:607]
INFO: [Synth 8-256] done synthesizing module 'converter_clk_wiz_0_0_clk_wiz' (4#1) [c:/Users/lsneler/Desktop/Repository/JPEG_conversion/raw2jpeg/raw2jpeg.srcs/sources_1/bd/converter/ip/converter_clk_wiz_0_0/converter_clk_wiz_0_0_clk_wiz.v:68]
INFO: [Synth 8-256] done synthesizing module 'converter_clk_wiz_0_0' (5#1) [c:/Users/lsneler/Desktop/Repository/JPEG_conversion/raw2jpeg/raw2jpeg.srcs/sources_1/bd/converter/ip/converter_clk_wiz_0_0/converter_clk_wiz_0_0.v:70]
Finished RTL Elaboration : Time (s): cpu = 00:00:03 ; elapsed = 00:00:03 . Memory (MB): peak = 365.988 ; gain = 121.027
Finished RTL Optimization Phase 1 : Time (s): cpu = 00:00:03 ; elapsed = 00:00:03 . Memory (MB): peak = 365.988 ; gain = 121.027
INFO: [Device 21-403] Loading part xc7z010clg400-1
Constraint Validation Runtime : Time (s): cpu = 00:00:00 ; elapsed = 00:00:00.012 . Memory (MB): peak = 583.000 ; gain = 0.000
Finished Constraint Validation : Time (s): cpu = 00:00:10 ; elapsed = 00:00:21 . Memory (MB): peak = 583.000 ; gain = 338.039
Finished Loading Part and Timing Information : Time (s): cpu = 00:00:10 ; elapsed = 00:00:21 . Memory (MB): peak = 583.000 ; gain = 338.039
Finished applying 'set_property' XDC Constraints : Time (s): cpu = 00:00:10 ; elapsed = 00:00:21 . Memory (MB): peak = 583.000 ; gain = 338.039
Finished RTL Optimization Phase 2 : Time (s): cpu = 00:00:11 ; elapsed = 00:00:21 . Memory (MB): peak = 583.000 ; gain = 338.039
Finished Cross Boundary and Area Optimization : Time (s): cpu = 00:00:11 ; elapsed = 00:00:21 . Memory (MB): peak = 583.000 ; gain = 338.039
Finished Applying XDC Timing Constraints : Time (s): cpu = 00:00:20 ; elapsed = 00:00:30 . Memory (MB): peak = 608.246 ; gain = 363.285
Finished Timing Optimization : Time (s): cpu = 00:00:20 ; elapsed = 00:00:30 . Memory (MB): peak = 608.246 ; gain = 363.285
Finished Technology Mapping : Time (s): cpu = 00:00:20 ; elapsed = 00:00:30 . Memory (MB): peak = 617.383 ; gain = 372.422
Finished IO Insertion : Time (s): cpu = 00:00:20 ; elapsed = 00:00:30 . Memory (MB): peak = 617.383 ; gain = 372.422
Finished Renaming Generated Instances : Time (s): cpu = 00:00:20 ; elapsed = 00:00:30 . Memory (MB): peak = 617.383 ; gain = 372.422
Finished Rebuilding User Hierarchy : Time (s): cpu = 00:00:20 ; elapsed = 00:00:30 . Memory (MB): peak = 617.383 ; gain = 372.422
Finished Renaming Generated Ports : Time (s): cpu = 00:00:20 ; elapsed = 00:00:30 . Memory (MB): peak = 617.383 ; gain = 372.422
Finished Handling Custom Attributes : Time (s): cpu = 00:00:20 ; elapsed = 00:00:30 . Memory (MB): peak = 617.383 ; gain = 372.422
Finished Renaming Generated Nets : Time (s): cpu = 00:00:20 ; elapsed = 00:00:30 . Memory (MB): peak = 617.383 ; gain = 372.422

Report Cell Usage: 
+------+----------+------+
|      |Cell      |Count |
+------+----------+------+
|1     |BUFG      |     2|
|2     |PLLE2_ADV |     1|
|3     |IBUF      |     1|
+------+----------+------+
Finished Writing Synthesis Report : Time (s): cpu = 00:00:20 ; elapsed = 00:00:30 . Memory (MB): peak = 617.383 ; gain = 372.422
synth_design: Time (s): cpu = 00:00:22 ; elapsed = 00:00:32 . Memory (MB): peak = 629.910 ; gain = 391.586
