#-----------------------------------------------------------
# Vivado v2017.2 (64-bit)
# SW Build 1909853 on Thu Jun 15 18:39:09 MDT 2017
# IP Build 1909766 on Thu Jun 15 19:58:00 MDT 2017
# Start of session at: Wed Aug 14 13:56:07 2019
# Process ID: 7376
# Current directory: C:/Users/lsneler/Desktop/Repo/JPEG_conv/zig_zag
# Command line: vivado.exe -gui_launcher_event rodinguilauncherevent3436 C:\Users\lsneler\Desktop\Repo\JPEG_conv\zig_zag\zig_zag.xpr
# Log file: C:/Users/lsneler/Desktop/Repo/JPEG_conv/zig_zag/vivado.log
# Journal file: C:/Users/lsneler/Desktop/Repo/JPEG_conv/zig_zag\vivado.jou
#-----------------------------------------------------------
start_gui
open_project C:/Users/lsneler/Desktop/Repo/JPEG_conv/zig_zag/zig_zag.xpr
Scanning sources...
Finished scanning sources
INFO: [IP_Flow 19-234] Refreshing IP repositories
INFO: [IP_Flow 19-1704] No user IP repositories specified
INFO: [IP_Flow 19-2313] Loaded Vivado IP repository 'C:/Xilinx/Vivado/2017.2/data/ip'.
update_compile_order -fileset sources_1
file mkdir C:/Users/lsneler/Desktop/Repo/JPEG_conv/zig_zag/zig_zag.srcs/sim_1/new
set_property SOURCE_SET sources_1 [get_filesets sim_1]
close [ open C:/Users/lsneler/Desktop/Repo/JPEG_conv/zig_zag/zig_zag.srcs/sim_1/new/tb_zig_zag.v w ]
add_files -fileset sim_1 C:/Users/lsneler/Desktop/Repo/JPEG_conv/zig_zag/zig_zag.srcs/sim_1/new/tb_zig_zag.v
update_compile_order -fileset sim_1
set_property top tb_zig_zag [get_filesets sim_1]
set_property top_lib xil_defaultlib [get_filesets sim_1]
update_compile_order -fileset sim_1
set_property SOURCE_SET sources_1 [get_filesets sim_1]
import_files -fileset sim_1 -norecurse C:/Users/lsneler/Desktop/Repo/JPEG_conv/raw2jpeg/raw2jpeg.srcs/sim_1/imports/combinatoryDCT/clk_gen.v
update_compile_order -fileset sim_1
update_compile_order -fileset sim_1
launch_simulation
INFO: [Vivado 12-4795] Using compiled simulation libraries for IPs
INFO: [SIM-utils-51] Simulation object is 'sim_1'
INFO: [USF-XSim-7] Finding pre-compiled libraries...
INFO: [USF-XSim-11] File 'C:/Xilinx/Vivado/2017.2/data/xsim/ip/xsim_ip.ini' copied to run dir:'C:/Users/lsneler/Desktop/Repo/JPEG_conv/zig_zag/zig_zag.sim/sim_1/behav'
INFO: [SIM-utils-54] Inspecting design source files for 'tb_zig_zag' in fileset 'sim_1'...
INFO: [SIM-utils-43] Exported 'C:/Users/lsneler/Desktop/Repo/JPEG_conv/zig_zag/zig_zag.sim/sim_1/behav/blk_mem_gen_0.mif'
INFO: [SIM-utils-43] Exported 'C:/Users/lsneler/Desktop/Repo/JPEG_conv/zig_zag/zig_zag.sim/sim_1/behav/zig_zag_addr_table.coe'
INFO: [USF-XSim-97] Finding global include files...
INFO: [USF-XSim-98] Fetching design files from 'sim_1'...
INFO: [USF-XSim-2] XSim::Compile design
INFO: [USF-XSim-61] Executing 'COMPILE and ANALYZE' step in 'C:/Users/lsneler/Desktop/Repo/JPEG_conv/zig_zag/zig_zag.sim/sim_1/behav'
"xvlog -m64 --relax -prj tb_zig_zag_vlog.prj"
INFO: [VRFC 10-2263] Analyzing Verilog file "C:/Users/lsneler/Desktop/Repo/JPEG_conv/zig_zag/zig_zag.srcs/sources_1/ip/blk_mem_gen_0/sim/blk_mem_gen_0.v" into library xil_defaultlib
INFO: [VRFC 10-311] analyzing module blk_mem_gen_0
INFO: [VRFC 10-2263] Analyzing Verilog file "C:/Users/lsneler/Desktop/Repo/JPEG_conv/zig_zag/zig_zag.srcs/sim_1/imports/combinatoryDCT/clk_gen.v" into library xil_defaultlib
INFO: [VRFC 10-311] analyzing module clk_gen
INFO: [VRFC 10-2263] Analyzing Verilog file "C:/Users/lsneler/Desktop/Repo/JPEG_conv/zig_zag/zig_zag.srcs/sources_1/new/zig_zag.v" into library xil_defaultlib
INFO: [VRFC 10-311] analyzing module zig_zag
INFO: [VRFC 10-2263] Analyzing Verilog file "C:/Users/lsneler/Desktop/Repo/JPEG_conv/zig_zag/zig_zag.srcs/sim_1/new/tb_zig_zag.v" into library xil_defaultlib
INFO: [VRFC 10-311] analyzing module tb_zig_zag
INFO: [VRFC 10-2263] Analyzing Verilog file "C:/Users/lsneler/Desktop/Repo/JPEG_conv/zig_zag/zig_zag.sim/sim_1/behav/glbl.v" into library xil_defaultlib
INFO: [VRFC 10-311] analyzing module glbl
INFO: [USF-XSim-69] 'compile' step finished in '1' seconds
INFO: [USF-XSim-3] XSim::Elaborate design
INFO: [USF-XSim-61] Executing 'ELABORATE' step in 'C:/Users/lsneler/Desktop/Repo/JPEG_conv/zig_zag/zig_zag.sim/sim_1/behav'
Vivado Simulator 2017.2
Copyright 1986-1999, 2001-2016 Xilinx, Inc. All Rights Reserved.
Running: C:/Xilinx/Vivado/2017.2/bin/unwrapped/win64.o/xelab.exe -wto cfcf844fdb9f419fa42cc061c8bd559f --debug typical --relax --mt 2 -L blk_mem_gen_v8_3_6 -L xil_defaultlib -L unisims_ver -L unimacro_ver -L secureip -L xpm --snapshot tb_zig_zag_behav xil_defaultlib.tb_zig_zag xil_defaultlib.glbl -log elaborate.log 
Using 2 slave threads.
Starting static elaboration
ERROR: [VRFC 10-2538] module instantiation should have an instance name [C:/Users/lsneler/Desktop/Repo/JPEG_conv/zig_zag/zig_zag.srcs/sim_1/new/tb_zig_zag.v:27]
ERROR: [VRFC 10-2063] Module <zig_zag> not found while processing module instance <mod> [C:/Users/lsneler/Desktop/Repo/JPEG_conv/zig_zag/zig_zag.srcs/sim_1/new/tb_zig_zag.v:28]
ERROR: [XSIM 43-3322] Static elaboration of top level Verilog design unit(s) in library work failed.
INFO: [USF-XSim-69] 'elaborate' step finished in '1' seconds
INFO: [USF-XSim-99] Step results log file:'C:/Users/lsneler/Desktop/Repo/JPEG_conv/zig_zag/zig_zag.sim/sim_1/behav/elaborate.log'
ERROR: [USF-XSim-62] 'elaborate' step failed with error(s). Please check the Tcl console output or 'C:/Users/lsneler/Desktop/Repo/JPEG_conv/zig_zag/zig_zag.sim/sim_1/behav/elaborate.log' file for more information.
ERROR: [Vivado 12-4473] Detected error while running simulation. Please correct the issue and retry this operation.
ERROR: [Common 17-39] 'launch_simulation' failed due to earlier errors.
launch_simulation
INFO: [Vivado 12-4795] Using compiled simulation libraries for IPs
INFO: [SIM-utils-51] Simulation object is 'sim_1'
INFO: [USF-XSim-7] Finding pre-compiled libraries...
INFO: [USF-XSim-11] File 'C:/Xilinx/Vivado/2017.2/data/xsim/ip/xsim_ip.ini' copied to run dir:'C:/Users/lsneler/Desktop/Repo/JPEG_conv/zig_zag/zig_zag.sim/sim_1/behav'
INFO: [SIM-utils-54] Inspecting design source files for 'tb_zig_zag' in fileset 'sim_1'...
INFO: [SIM-utils-43] Exported 'C:/Users/lsneler/Desktop/Repo/JPEG_conv/zig_zag/zig_zag.sim/sim_1/behav/blk_mem_gen_0.mif'
INFO: [SIM-utils-43] Exported 'C:/Users/lsneler/Desktop/Repo/JPEG_conv/zig_zag/zig_zag.sim/sim_1/behav/zig_zag_addr_table.coe'
INFO: [USF-XSim-97] Finding global include files...
INFO: [USF-XSim-98] Fetching design files from 'sim_1'...
INFO: [USF-XSim-2] XSim::Compile design
INFO: [USF-XSim-61] Executing 'COMPILE and ANALYZE' step in 'C:/Users/lsneler/Desktop/Repo/JPEG_conv/zig_zag/zig_zag.sim/sim_1/behav'
"xvlog -m64 --relax -prj tb_zig_zag_vlog.prj"
INFO: [VRFC 10-2263] Analyzing Verilog file "C:/Users/lsneler/Desktop/Repo/JPEG_conv/zig_zag/zig_zag.srcs/sources_1/ip/blk_mem_gen_0/sim/blk_mem_gen_0.v" into library xil_defaultlib
INFO: [VRFC 10-311] analyzing module blk_mem_gen_0
INFO: [VRFC 10-2263] Analyzing Verilog file "C:/Users/lsneler/Desktop/Repo/JPEG_conv/zig_zag/zig_zag.srcs/sim_1/imports/combinatoryDCT/clk_gen.v" into library xil_defaultlib
INFO: [VRFC 10-311] analyzing module clk_gen
INFO: [VRFC 10-2263] Analyzing Verilog file "C:/Users/lsneler/Desktop/Repo/JPEG_conv/zig_zag/zig_zag.srcs/sources_1/new/zig_zag.v" into library xil_defaultlib
INFO: [VRFC 10-311] analyzing module zig_zag
INFO: [VRFC 10-2263] Analyzing Verilog file "C:/Users/lsneler/Desktop/Repo/JPEG_conv/zig_zag/zig_zag.srcs/sim_1/new/tb_zig_zag.v" into library xil_defaultlib
INFO: [VRFC 10-311] analyzing module tb_zig_zag
INFO: [VRFC 10-2263] Analyzing Verilog file "C:/Users/lsneler/Desktop/Repo/JPEG_conv/zig_zag/zig_zag.sim/sim_1/behav/glbl.v" into library xil_defaultlib
INFO: [VRFC 10-311] analyzing module glbl
INFO: [USF-XSim-69] 'compile' step finished in '1' seconds
INFO: [USF-XSim-3] XSim::Elaborate design
INFO: [USF-XSim-61] Executing 'ELABORATE' step in 'C:/Users/lsneler/Desktop/Repo/JPEG_conv/zig_zag/zig_zag.sim/sim_1/behav'
Vivado Simulator 2017.2
Copyright 1986-1999, 2001-2016 Xilinx, Inc. All Rights Reserved.
Running: C:/Xilinx/Vivado/2017.2/bin/unwrapped/win64.o/xelab.exe -wto cfcf844fdb9f419fa42cc061c8bd559f --debug typical --relax --mt 2 -L blk_mem_gen_v8_3_6 -L xil_defaultlib -L unisims_ver -L unimacro_ver -L secureip -L xpm --snapshot tb_zig_zag_behav xil_defaultlib.tb_zig_zag xil_defaultlib.glbl -log elaborate.log 
Using 2 slave threads.
Starting static elaboration
WARNING: [VRFC 10-278] actual bit length 6 differs from formal bit length 8 for port addr_BRAM [C:/Users/lsneler/Desktop/Repo/JPEG_conv/zig_zag/zig_zag.srcs/sim_1/new/tb_zig_zag.v:28]
WARNING: [VRFC 10-1783] select index 30 into current_contents is out of bounds [/wrk/2017.2/nightly/2017_06_15_1909853/packages/customer/vivado/data/ip/xilinx/blk_mem_gen_v8_3/simulation/blk_mem_gen_v8_3.v:2419]
WARNING: [VRFC 10-1783] select index 62 into current_contents is out of bounds [/wrk/2017.2/nightly/2017_06_15_1909853/packages/customer/vivado/data/ip/xilinx/blk_mem_gen_v8_3/simulation/blk_mem_gen_v8_3.v:2420]
Completed static elaboration
Starting simulation data flow analysis
Completed simulation data flow analysis
Time Resolution for simulation is 1ps
Compiling module xil_defaultlib.clk_gen
Compiling module blk_mem_gen_v8_3_6.blk_mem_gen_v8_3_6_output_stage(...
Compiling module blk_mem_gen_v8_3_6.blk_mem_gen_v8_3_6_output_stage(...
Compiling module blk_mem_gen_v8_3_6.blk_mem_gen_v8_3_6_softecc_outpu...
Compiling module blk_mem_gen_v8_3_6.blk_mem_gen_v8_3_6_mem_module(C_...
Compiling module blk_mem_gen_v8_3_6.blk_mem_gen_v8_3_6(C_FAMILY="zyn...
Compiling module xil_defaultlib.blk_mem_gen_0
Compiling module xil_defaultlib.zig_zag
Compiling module xil_defaultlib.tb_zig_zag
Compiling module xil_defaultlib.glbl
Built simulation snapshot tb_zig_zag_behav

****** Webtalk v2017.2 (64-bit)
  **** SW Build 1909853 on Thu Jun 15 18:39:09 MDT 2017
  **** IP Build 1909766 on Thu Jun 15 19:58:00 MDT 2017
    ** Copyright 1986-2017 Xilinx, Inc. All Rights Reserved.

source C:/Users/lsneler/Desktop/Repo/JPEG_conv/zig_zag/zig_zag.sim/sim_1/behav/xsim.dir/tb_zig_zag_behav/webtalk/xsim_webtalk.tcl -notrace
INFO: [Common 17-186] 'C:/Users/lsneler/Desktop/Repo/JPEG_conv/zig_zag/zig_zag.sim/sim_1/behav/xsim.dir/tb_zig_zag_behav/webtalk/usage_statistics_ext_xsim.xml' has been successfully sent to Xilinx on Wed Aug 14 14:04:03 2019. For additional details about this file, please refer to the WebTalk help file at C:/Xilinx/Vivado/2017.2/doc/webtalk_introduction.html.
INFO: [Common 17-206] Exiting Webtalk at Wed Aug 14 14:04:03 2019...
run_program: Time (s): cpu = 00:00:00 ; elapsed = 00:00:07 . Memory (MB): peak = 876.445 ; gain = 0.000
INFO: [USF-XSim-69] 'elaborate' step finished in '7' seconds
INFO: [USF-XSim-4] XSim::Simulate design
INFO: [USF-XSim-61] Executing 'SIMULATE' step in 'C:/Users/lsneler/Desktop/Repo/JPEG_conv/zig_zag/zig_zag.sim/sim_1/behav'
INFO: [USF-XSim-98] *** Running xsim
   with args "tb_zig_zag_behav -key {Behavioral:sim_1:Functional:tb_zig_zag} -tclbatch {tb_zig_zag.tcl} -log {simulate.log}"
INFO: [USF-XSim-8] Loading simulator feature
Vivado Simulator 2017.2
Time resolution is 1 ps
source tb_zig_zag.tcl
# set curr_wave [current_wave_config]
# if { [string length $curr_wave] == 0 } {
#   if { [llength [get_objects]] > 0} {
#     add_wave /
#     set_property needs_save false [current_wave_config]
#   } else {
#      send_msg_id Add_Wave-1 WARNING "No top level signals found. Simulator will start without a wave window. If you want to open a wave window go to 'File->New Waveform Configuration' or type 'create_wave_config' in the TCL console."
#   }
# }
# run 1000ns
 Block Memory Generator module loading initial data...
 Block Memory Generator data initialization complete.
Block Memory Generator module tb_zig_zag.mod.addr_source.inst.native_mem_module.blk_mem_gen_v8_3_6_inst is using a behavioral model for simulation which will not precisely model memory collision behavior.
INFO: [USF-XSim-96] XSim completed. Design snapshot 'tb_zig_zag_behav' loaded.
INFO: [USF-XSim-97] XSim simulation ran for 1000ns
launch_simulation: Time (s): cpu = 00:00:03 ; elapsed = 00:00:10 . Memory (MB): peak = 876.445 ; gain = 0.000
relaunch_sim
INFO: [Vivado 12-4795] Using compiled simulation libraries for IPs
INFO: [SIM-utils-51] Simulation object is 'sim_1'
INFO: [USF-XSim-7] Finding pre-compiled libraries...
INFO: [USF-XSim-11] File 'C:/Xilinx/Vivado/2017.2/data/xsim/ip/xsim_ip.ini' copied to run dir:'C:/Users/lsneler/Desktop/Repo/JPEG_conv/zig_zag/zig_zag.sim/sim_1/behav'
INFO: [SIM-utils-54] Inspecting design source files for 'tb_zig_zag' in fileset 'sim_1'...
INFO: [SIM-utils-43] Exported 'C:/Users/lsneler/Desktop/Repo/JPEG_conv/zig_zag/zig_zag.sim/sim_1/behav/blk_mem_gen_0.mif'
INFO: [SIM-utils-43] Exported 'C:/Users/lsneler/Desktop/Repo/JPEG_conv/zig_zag/zig_zag.sim/sim_1/behav/zig_zag_addr_table.coe'
INFO: [USF-XSim-97] Finding global include files...
INFO: [USF-XSim-98] Fetching design files from 'sim_1'...
INFO: [USF-XSim-2] XSim::Compile design
INFO: [USF-XSim-61] Executing 'COMPILE and ANALYZE' step in 'C:/Users/lsneler/Desktop/Repo/JPEG_conv/zig_zag/zig_zag.sim/sim_1/behav'
"xvlog -m64 --relax -prj tb_zig_zag_vlog.prj"
INFO: [VRFC 10-2263] Analyzing Verilog file "C:/Users/lsneler/Desktop/Repo/JPEG_conv/zig_zag/zig_zag.srcs/sources_1/ip/blk_mem_gen_0/sim/blk_mem_gen_0.v" into library xil_defaultlib
INFO: [VRFC 10-311] analyzing module blk_mem_gen_0
INFO: [VRFC 10-2263] Analyzing Verilog file "C:/Users/lsneler/Desktop/Repo/JPEG_conv/zig_zag/zig_zag.srcs/sim_1/imports/combinatoryDCT/clk_gen.v" into library xil_defaultlib
INFO: [VRFC 10-311] analyzing module clk_gen
INFO: [VRFC 10-2263] Analyzing Verilog file "C:/Users/lsneler/Desktop/Repo/JPEG_conv/zig_zag/zig_zag.srcs/sources_1/new/zig_zag.v" into library xil_defaultlib
INFO: [VRFC 10-311] analyzing module zig_zag
INFO: [VRFC 10-2263] Analyzing Verilog file "C:/Users/lsneler/Desktop/Repo/JPEG_conv/zig_zag/zig_zag.srcs/sim_1/new/tb_zig_zag.v" into library xil_defaultlib
INFO: [VRFC 10-311] analyzing module tb_zig_zag
INFO: [VRFC 10-2263] Analyzing Verilog file "C:/Users/lsneler/Desktop/Repo/JPEG_conv/zig_zag/zig_zag.sim/sim_1/behav/glbl.v" into library xil_defaultlib
INFO: [VRFC 10-311] analyzing module glbl
INFO: [USF-XSim-69] 'compile' step finished in '1' seconds
INFO: [Vivado 12-4795] Using compiled simulation libraries for IPs
INFO: [USF-XSim-3] XSim::Elaborate design
INFO: [USF-XSim-61] Executing 'ELABORATE' step in 'C:/Users/lsneler/Desktop/Repo/JPEG_conv/zig_zag/zig_zag.sim/sim_1/behav'
Vivado Simulator 2017.2
Copyright 1986-1999, 2001-2016 Xilinx, Inc. All Rights Reserved.
Running: C:/Xilinx/Vivado/2017.2/bin/unwrapped/win64.o/xelab.exe -wto cfcf844fdb9f419fa42cc061c8bd559f --debug typical --relax --mt 2 -L blk_mem_gen_v8_3_6 -L xil_defaultlib -L unisims_ver -L unimacro_ver -L secureip -L xpm --snapshot tb_zig_zag_behav xil_defaultlib.tb_zig_zag xil_defaultlib.glbl -log elaborate.log 
Using 2 slave threads.
Starting static elaboration
WARNING: [VRFC 10-278] actual bit length 6 differs from formal bit length 8 for port addr_BRAM [C:/Users/lsneler/Desktop/Repo/JPEG_conv/zig_zag/zig_zag.srcs/sim_1/new/tb_zig_zag.v:28]
WARNING: [VRFC 10-278] actual bit length 8 differs from formal bit length 6 for port douta [C:/Users/lsneler/Desktop/Repo/JPEG_conv/zig_zag/zig_zag.srcs/sources_1/new/zig_zag.v:31]
WARNING: [VRFC 10-1783] select index 30 into current_contents is out of bounds [/wrk/2017.2/nightly/2017_06_15_1909853/packages/customer/vivado/data/ip/xilinx/blk_mem_gen_v8_3/simulation/blk_mem_gen_v8_3.v:2419]
WARNING: [VRFC 10-1783] select index 62 into current_contents is out of bounds [/wrk/2017.2/nightly/2017_06_15_1909853/packages/customer/vivado/data/ip/xilinx/blk_mem_gen_v8_3/simulation/blk_mem_gen_v8_3.v:2420]
Completed static elaboration
Starting simulation data flow analysis
Completed simulation data flow analysis
Time Resolution for simulation is 1ps
Compiling module xil_defaultlib.clk_gen
Compiling module blk_mem_gen_v8_3_6.blk_mem_gen_v8_3_6_output_stage(...
Compiling module blk_mem_gen_v8_3_6.blk_mem_gen_v8_3_6_output_stage(...
Compiling module blk_mem_gen_v8_3_6.blk_mem_gen_v8_3_6_softecc_outpu...
Compiling module blk_mem_gen_v8_3_6.blk_mem_gen_v8_3_6_mem_module(C_...
Compiling module blk_mem_gen_v8_3_6.blk_mem_gen_v8_3_6(C_FAMILY="zyn...
Compiling module xil_defaultlib.blk_mem_gen_0
Compiling module xil_defaultlib.zig_zag
Compiling module xil_defaultlib.tb_zig_zag
Compiling module xil_defaultlib.glbl
Built simulation snapshot tb_zig_zag_behav
INFO: [USF-XSim-69] 'elaborate' step finished in '1' seconds
Vivado Simulator 2017.2
Time resolution is 1 ps
 Block Memory Generator module loading initial data...
 Block Memory Generator data initialization complete.
Block Memory Generator module tb_zig_zag.mod.addr_source.inst.native_mem_module.blk_mem_gen_v8_3_6_inst is using a behavioral model for simulation which will not precisely model memory collision behavior.
relaunch_sim: Time (s): cpu = 00:00:02 ; elapsed = 00:00:08 . Memory (MB): peak = 876.445 ; gain = 0.000
relaunch_sim
INFO: [Vivado 12-4795] Using compiled simulation libraries for IPs
INFO: [SIM-utils-51] Simulation object is 'sim_1'
INFO: [USF-XSim-7] Finding pre-compiled libraries...
INFO: [USF-XSim-11] File 'C:/Xilinx/Vivado/2017.2/data/xsim/ip/xsim_ip.ini' copied to run dir:'C:/Users/lsneler/Desktop/Repo/JPEG_conv/zig_zag/zig_zag.sim/sim_1/behav'
INFO: [SIM-utils-54] Inspecting design source files for 'tb_zig_zag' in fileset 'sim_1'...
INFO: [SIM-utils-43] Exported 'C:/Users/lsneler/Desktop/Repo/JPEG_conv/zig_zag/zig_zag.sim/sim_1/behav/blk_mem_gen_0.mif'
INFO: [SIM-utils-43] Exported 'C:/Users/lsneler/Desktop/Repo/JPEG_conv/zig_zag/zig_zag.sim/sim_1/behav/zig_zag_addr_table.coe'
INFO: [USF-XSim-97] Finding global include files...
INFO: [USF-XSim-98] Fetching design files from 'sim_1'...
INFO: [USF-XSim-2] XSim::Compile design
INFO: [USF-XSim-61] Executing 'COMPILE and ANALYZE' step in 'C:/Users/lsneler/Desktop/Repo/JPEG_conv/zig_zag/zig_zag.sim/sim_1/behav'
"xvlog -m64 --relax -prj tb_zig_zag_vlog.prj"
INFO: [VRFC 10-2263] Analyzing Verilog file "C:/Users/lsneler/Desktop/Repo/JPEG_conv/zig_zag/zig_zag.srcs/sources_1/ip/blk_mem_gen_0/sim/blk_mem_gen_0.v" into library xil_defaultlib
INFO: [VRFC 10-311] analyzing module blk_mem_gen_0
INFO: [VRFC 10-2263] Analyzing Verilog file "C:/Users/lsneler/Desktop/Repo/JPEG_conv/zig_zag/zig_zag.srcs/sim_1/imports/combinatoryDCT/clk_gen.v" into library xil_defaultlib
INFO: [VRFC 10-311] analyzing module clk_gen
INFO: [VRFC 10-2263] Analyzing Verilog file "C:/Users/lsneler/Desktop/Repo/JPEG_conv/zig_zag/zig_zag.srcs/sources_1/new/zig_zag.v" into library xil_defaultlib
INFO: [VRFC 10-311] analyzing module zig_zag
INFO: [VRFC 10-2263] Analyzing Verilog file "C:/Users/lsneler/Desktop/Repo/JPEG_conv/zig_zag/zig_zag.srcs/sim_1/new/tb_zig_zag.v" into library xil_defaultlib
INFO: [VRFC 10-311] analyzing module tb_zig_zag
INFO: [VRFC 10-2263] Analyzing Verilog file "C:/Users/lsneler/Desktop/Repo/JPEG_conv/zig_zag/zig_zag.sim/sim_1/behav/glbl.v" into library xil_defaultlib
INFO: [VRFC 10-311] analyzing module glbl
INFO: [USF-XSim-69] 'compile' step finished in '1' seconds
INFO: [Vivado 12-4795] Using compiled simulation libraries for IPs
INFO: [USF-XSim-3] XSim::Elaborate design
INFO: [USF-XSim-61] Executing 'ELABORATE' step in 'C:/Users/lsneler/Desktop/Repo/JPEG_conv/zig_zag/zig_zag.sim/sim_1/behav'
Vivado Simulator 2017.2
Copyright 1986-1999, 2001-2016 Xilinx, Inc. All Rights Reserved.
Running: C:/Xilinx/Vivado/2017.2/bin/unwrapped/win64.o/xelab.exe -wto cfcf844fdb9f419fa42cc061c8bd559f --debug typical --relax --mt 2 -L blk_mem_gen_v8_3_6 -L xil_defaultlib -L unisims_ver -L unimacro_ver -L secureip -L xpm --snapshot tb_zig_zag_behav xil_defaultlib.tb_zig_zag xil_defaultlib.glbl -log elaborate.log 
Using 2 slave threads.
Starting static elaboration
WARNING: [VRFC 10-278] actual bit length 6 differs from formal bit length 8 for port addr_BRAM [C:/Users/lsneler/Desktop/Repo/JPEG_conv/zig_zag/zig_zag.srcs/sim_1/new/tb_zig_zag.v:28]
WARNING: [VRFC 10-278] actual bit length 8 differs from formal bit length 6 for port douta [C:/Users/lsneler/Desktop/Repo/JPEG_conv/zig_zag/zig_zag.srcs/sources_1/new/zig_zag.v:31]
WARNING: [VRFC 10-1783] select index 30 into current_contents is out of bounds [/wrk/2017.2/nightly/2017_06_15_1909853/packages/customer/vivado/data/ip/xilinx/blk_mem_gen_v8_3/simulation/blk_mem_gen_v8_3.v:2419]
WARNING: [VRFC 10-1783] select index 62 into current_contents is out of bounds [/wrk/2017.2/nightly/2017_06_15_1909853/packages/customer/vivado/data/ip/xilinx/blk_mem_gen_v8_3/simulation/blk_mem_gen_v8_3.v:2420]
Completed static elaboration
Starting simulation data flow analysis
Completed simulation data flow analysis
Time Resolution for simulation is 1ps
Compiling module xil_defaultlib.clk_gen
Compiling module blk_mem_gen_v8_3_6.blk_mem_gen_v8_3_6_output_stage(...
Compiling module blk_mem_gen_v8_3_6.blk_mem_gen_v8_3_6_output_stage(...
Compiling module blk_mem_gen_v8_3_6.blk_mem_gen_v8_3_6_softecc_outpu...
Compiling module blk_mem_gen_v8_3_6.blk_mem_gen_v8_3_6_mem_module(C_...
Compiling module blk_mem_gen_v8_3_6.blk_mem_gen_v8_3_6(C_FAMILY="zyn...
Compiling module xil_defaultlib.blk_mem_gen_0
Compiling module xil_defaultlib.zig_zag
Compiling module xil_defaultlib.tb_zig_zag
Compiling module xil_defaultlib.glbl
Built simulation snapshot tb_zig_zag_behav
INFO: [USF-XSim-69] 'elaborate' step finished in '1' seconds
Vivado Simulator 2017.2
Time resolution is 1 ps
 Block Memory Generator module loading initial data...
 Block Memory Generator data initialization complete.
Block Memory Generator module tb_zig_zag.mod.addr_source.inst.native_mem_module.blk_mem_gen_v8_3_6_inst is using a behavioral model for simulation which will not precisely model memory collision behavior.
save_wave_config {C:/Users/lsneler/Desktop/Repo/JPEG_conv/zig_zag/tb_zig_zag_behav.wcfg}
add_files -fileset sim_1 -norecurse C:/Users/lsneler/Desktop/Repo/JPEG_conv/zig_zag/tb_zig_zag_behav.wcfg
set_property xsim.view C:/Users/lsneler/Desktop/Repo/JPEG_conv/zig_zag/tb_zig_zag_behav.wcfg [get_filesets sim_1]
relaunch_sim
INFO: [Vivado 12-4795] Using compiled simulation libraries for IPs
INFO: [SIM-utils-51] Simulation object is 'sim_1'
INFO: [USF-XSim-7] Finding pre-compiled libraries...
INFO: [USF-XSim-11] File 'C:/Xilinx/Vivado/2017.2/data/xsim/ip/xsim_ip.ini' copied to run dir:'C:/Users/lsneler/Desktop/Repo/JPEG_conv/zig_zag/zig_zag.sim/sim_1/behav'
INFO: [SIM-utils-54] Inspecting design source files for 'tb_zig_zag' in fileset 'sim_1'...
INFO: [SIM-utils-43] Exported 'C:/Users/lsneler/Desktop/Repo/JPEG_conv/zig_zag/zig_zag.sim/sim_1/behav/blk_mem_gen_0.mif'
INFO: [SIM-utils-43] Exported 'C:/Users/lsneler/Desktop/Repo/JPEG_conv/zig_zag/zig_zag.sim/sim_1/behav/zig_zag_addr_table.coe'
INFO: [USF-XSim-97] Finding global include files...
INFO: [USF-XSim-98] Fetching design files from 'sim_1'...
INFO: [USF-XSim-2] XSim::Compile design
INFO: [USF-XSim-61] Executing 'COMPILE and ANALYZE' step in 'C:/Users/lsneler/Desktop/Repo/JPEG_conv/zig_zag/zig_zag.sim/sim_1/behav'
"xvlog -m64 --relax -prj tb_zig_zag_vlog.prj"
INFO: [VRFC 10-2263] Analyzing Verilog file "C:/Users/lsneler/Desktop/Repo/JPEG_conv/zig_zag/zig_zag.srcs/sources_1/ip/blk_mem_gen_0/sim/blk_mem_gen_0.v" into library xil_defaultlib
INFO: [VRFC 10-311] analyzing module blk_mem_gen_0
INFO: [VRFC 10-2263] Analyzing Verilog file "C:/Users/lsneler/Desktop/Repo/JPEG_conv/zig_zag/zig_zag.srcs/sim_1/imports/combinatoryDCT/clk_gen.v" into library xil_defaultlib
INFO: [VRFC 10-311] analyzing module clk_gen
INFO: [VRFC 10-2263] Analyzing Verilog file "C:/Users/lsneler/Desktop/Repo/JPEG_conv/zig_zag/zig_zag.srcs/sources_1/new/zig_zag.v" into library xil_defaultlib
INFO: [VRFC 10-311] analyzing module zig_zag
INFO: [VRFC 10-2263] Analyzing Verilog file "C:/Users/lsneler/Desktop/Repo/JPEG_conv/zig_zag/zig_zag.srcs/sim_1/new/tb_zig_zag.v" into library xil_defaultlib
INFO: [VRFC 10-311] analyzing module tb_zig_zag
INFO: [VRFC 10-2263] Analyzing Verilog file "C:/Users/lsneler/Desktop/Repo/JPEG_conv/zig_zag/zig_zag.sim/sim_1/behav/glbl.v" into library xil_defaultlib
INFO: [VRFC 10-311] analyzing module glbl
INFO: [USF-XSim-69] 'compile' step finished in '1' seconds
INFO: [Vivado 12-4795] Using compiled simulation libraries for IPs
INFO: [USF-XSim-3] XSim::Elaborate design
INFO: [USF-XSim-61] Executing 'ELABORATE' step in 'C:/Users/lsneler/Desktop/Repo/JPEG_conv/zig_zag/zig_zag.sim/sim_1/behav'
Vivado Simulator 2017.2
Copyright 1986-1999, 2001-2016 Xilinx, Inc. All Rights Reserved.
Running: C:/Xilinx/Vivado/2017.2/bin/unwrapped/win64.o/xelab.exe -wto cfcf844fdb9f419fa42cc061c8bd559f --debug typical --relax --mt 2 -L blk_mem_gen_v8_3_6 -L xil_defaultlib -L unisims_ver -L unimacro_ver -L secureip -L xpm --snapshot tb_zig_zag_behav xil_defaultlib.tb_zig_zag xil_defaultlib.glbl -log elaborate.log 
Using 2 slave threads.
Starting static elaboration
WARNING: [VRFC 10-278] actual bit length 6 differs from formal bit length 8 for port addr_BRAM [C:/Users/lsneler/Desktop/Repo/JPEG_conv/zig_zag/zig_zag.srcs/sim_1/new/tb_zig_zag.v:28]
WARNING: [VRFC 10-278] actual bit length 8 differs from formal bit length 6 for port douta [C:/Users/lsneler/Desktop/Repo/JPEG_conv/zig_zag/zig_zag.srcs/sources_1/new/zig_zag.v:31]
WARNING: [VRFC 10-1783] select index 30 into current_contents is out of bounds [/wrk/2017.2/nightly/2017_06_15_1909853/packages/customer/vivado/data/ip/xilinx/blk_mem_gen_v8_3/simulation/blk_mem_gen_v8_3.v:2419]
WARNING: [VRFC 10-1783] select index 62 into current_contents is out of bounds [/wrk/2017.2/nightly/2017_06_15_1909853/packages/customer/vivado/data/ip/xilinx/blk_mem_gen_v8_3/simulation/blk_mem_gen_v8_3.v:2420]
Completed static elaboration
Starting simulation data flow analysis
Completed simulation data flow analysis
Time Resolution for simulation is 1ps
Compiling module xil_defaultlib.clk_gen
Compiling module blk_mem_gen_v8_3_6.blk_mem_gen_v8_3_6_output_stage(...
Compiling module blk_mem_gen_v8_3_6.blk_mem_gen_v8_3_6_output_stage(...
Compiling module blk_mem_gen_v8_3_6.blk_mem_gen_v8_3_6_softecc_outpu...
Compiling module blk_mem_gen_v8_3_6.blk_mem_gen_v8_3_6_mem_module(C_...
Compiling module blk_mem_gen_v8_3_6.blk_mem_gen_v8_3_6(C_FAMILY="zyn...
Compiling module xil_defaultlib.blk_mem_gen_0
Compiling module xil_defaultlib.zig_zag
Compiling module xil_defaultlib.tb_zig_zag
Compiling module xil_defaultlib.glbl
Built simulation snapshot tb_zig_zag_behav
INFO: [USF-XSim-69] 'elaborate' step finished in '1' seconds
Vivado Simulator 2017.2
Time resolution is 1 ps
 Block Memory Generator module loading initial data...
 Block Memory Generator data initialization complete.
Block Memory Generator module tb_zig_zag.mod.addr_source.inst.native_mem_module.blk_mem_gen_v8_3_6_inst is using a behavioral model for simulation which will not precisely model memory collision behavior.
close_sim
INFO: [Simtcl 6-16] Simulation closed
exit
INFO: [Common 17-206] Exiting Vivado at Wed Aug 14 14:24:29 2019...
