#-----------------------------------------------------------
# Vivado v2017.2 (64-bit)
# SW Build 1909853 on Thu Jun 15 18:39:09 MDT 2017
# IP Build 1909766 on Thu Jun 15 19:58:00 MDT 2017
# Start of session at: Fri Aug 23 14:15:06 2019
# Process ID: 5484
# Current directory: C:/Users/lsneler/Desktop/Repo/JPEG_conv/component_modules/zig_zag
# Command line: vivado.exe -gui_launcher_event rodinguilauncherevent6524 C:\Users\lsneler\Desktop\Repo\JPEG_conv\component_modules\zig_zag\zig_zag.xpr
# Log file: C:/Users/lsneler/Desktop/Repo/JPEG_conv/component_modules/zig_zag/vivado.log
# Journal file: C:/Users/lsneler/Desktop/Repo/JPEG_conv/component_modules/zig_zag\vivado.jou
#-----------------------------------------------------------
start_gui
open_project C:/Users/lsneler/Desktop/Repo/JPEG_conv/component_modules/zig_zag/zig_zag.xpr
Scanning sources...
Finished scanning sources
INFO: [IP_Flow 19-234] Refreshing IP repositories
INFO: [IP_Flow 19-1700] Loaded user IP repository 'c:/Users/lsneler/Desktop/Repo/JPEG_conv/IP_Core_repo/zig_zag'.
INFO: [IP_Flow 19-2313] Loaded Vivado IP repository 'C:/Xilinx/Vivado/2017.2/data/ip'.
update_compile_order -fileset sources_1
exit
INFO: [Common 17-206] Exiting Vivado at Fri Aug 23 14:16:14 2019...
