
*** Running vivado
    with args -log converter_controller_0_0.vds -m64 -product Vivado -mode batch -messageDb vivado.pb -notrace -source converter_controller_0_0.tcl


****** Vivado v2017.2 (64-bit)
  **** SW Build 1909853 on Thu Jun 15 18:39:09 MDT 2017
  **** IP Build 1909766 on Thu Jun 15 19:58:00 MDT 2017
    ** Copyright 1986-2017 Xilinx, Inc. All Rights Reserved.

source converter_controller_0_0.tcl -notrace
Command: synth_design -top converter_controller_0_0 -part xc7z010clg400-1 -mode out_of_context
Starting synth_design
Attempting to get a license for feature 'Synthesis' and/or device 'xc7z010-clg400'
INFO: [Common 17-349] Got license for feature 'Synthesis' and/or device 'xc7z010-clg400'
INFO: Launching helper process for spawning children vivado processes
INFO: Helper process launched with PID 5852 
---------------------------------------------------------------------------------
Starting RTL Elaboration : Time (s): cpu = 00:00:02 ; elapsed = 00:00:03 . Memory (MB): peak = 319.492 ; gain = 80.969
---------------------------------------------------------------------------------
INFO: [Synth 8-638] synthesizing module 'converter_controller_0_0' [c:/Users/lsneler/Desktop/Repository/JPEG_conversion/raw2jpeg/raw2jpeg.srcs/sources_1/bd/converter/ip/converter_controller_0_0/synth/converter_controller_0_0.v:56]
INFO: [Synth 8-638] synthesizing module 'controller' [c:/Users/lsneler/Desktop/Repository/JPEG_conversion/raw2jpeg/raw2jpeg.srcs/sources_1/bd/converter/ipshared/a191/src/controller.v:23]
INFO: [Synth 8-256] done synthesizing module 'controller' (1#1) [c:/Users/lsneler/Desktop/Repository/JPEG_conversion/raw2jpeg/raw2jpeg.srcs/sources_1/bd/converter/ipshared/a191/src/controller.v:23]
INFO: [Synth 8-256] done synthesizing module 'converter_controller_0_0' (2#1) [c:/Users/lsneler/Desktop/Repository/JPEG_conversion/raw2jpeg/raw2jpeg.srcs/sources_1/bd/converter/ip/converter_controller_0_0/synth/converter_controller_0_0.v:56]
---------------------------------------------------------------------------------
Finished RTL Elaboration : Time (s): cpu = 00:00:03 ; elapsed = 00:00:04 . Memory (MB): peak = 359.820 ; gain = 121.297
---------------------------------------------------------------------------------

Report Check Netlist: 
+------+------------------+-------+---------+-------+------------------+
|      |Item              |Errors |Warnings |Status |Description       |
+------+------------------+-------+---------+-------+------------------+
|1     |multi_driven_nets |      0|        0|Passed |Multi driven nets |
+------+------------------+-------+---------+-------+------------------+
---------------------------------------------------------------------------------
Finished RTL Optimization Phase 1 : Time (s): cpu = 00:00:03 ; elapsed = 00:00:04 . Memory (MB): peak = 359.820 ; gain = 121.297
---------------------------------------------------------------------------------
INFO: [Device 21-403] Loading part xc7z010clg400-1
INFO: [Project 1-570] Preparing netlist for logic optimization

Processing XDC Constraints
Initializing timing engine
Completed Processing XDC Constraints

INFO: [Project 1-111] Unisim Transformation Summary:
No Unisim elements were transformed.

Constraint Validation Runtime : Time (s): cpu = 00:00:00 ; elapsed = 00:00:00.012 . Memory (MB): peak = 625.313 ; gain = 0.000
---------------------------------------------------------------------------------
Finished Constraint Validation : Time (s): cpu = 00:00:11 ; elapsed = 00:00:22 . Memory (MB): peak = 625.313 ; gain = 386.789
---------------------------------------------------------------------------------
---------------------------------------------------------------------------------
Start Loading Part and Timing Information
---------------------------------------------------------------------------------
Loading part: xc7z010clg400-1
---------------------------------------------------------------------------------
Finished Loading Part and Timing Information : Time (s): cpu = 00:00:11 ; elapsed = 00:00:22 . Memory (MB): peak = 625.313 ; gain = 386.789
---------------------------------------------------------------------------------
---------------------------------------------------------------------------------
Start Applying 'set_property' XDC Constraints
---------------------------------------------------------------------------------
---------------------------------------------------------------------------------
Finished applying 'set_property' XDC Constraints : Time (s): cpu = 00:00:11 ; elapsed = 00:00:22 . Memory (MB): peak = 625.313 ; gain = 386.789
---------------------------------------------------------------------------------
INFO: [Synth 8-5544] ROM "_rst" won't be mapped to Block RAM because address size (3) smaller than threshold (5)
INFO: [Synth 8-5544] ROM "_rst" won't be mapped to Block RAM because address size (3) smaller than threshold (5)
INFO: [Synth 8-5544] ROM "rst_trigger" won't be mapped to Block RAM because address size (3) smaller than threshold (5)
INFO: [Synth 8-5544] ROM "_ce" won't be mapped to Block RAM because address size (3) smaller than threshold (5)
INFO: [Synth 8-5544] ROM "ce_trigger" won't be mapped to Block RAM because address size (3) smaller than threshold (5)
WARNING: [Synth 8-6014] Unused sequential element addr_in_reg was removed.  [c:/Users/lsneler/Desktop/Repository/JPEG_conversion/raw2jpeg/raw2jpeg.srcs/sources_1/bd/converter/ipshared/a191/src/controller.v:60]
WARNING: [Synth 8-6014] Unused sequential element addr_qu_reg was removed.  [c:/Users/lsneler/Desktop/Repository/JPEG_conversion/raw2jpeg/raw2jpeg.srcs/sources_1/bd/converter/ipshared/a191/src/controller.v:61]
---------------------------------------------------------------------------------
Finished RTL Optimization Phase 2 : Time (s): cpu = 00:00:11 ; elapsed = 00:00:22 . Memory (MB): peak = 625.313 ; gain = 386.789
---------------------------------------------------------------------------------

Report RTL Partitions: 
+-+--------------+------------+----------+
| |RTL Partition |Replication |Instances |
+-+--------------+------------+----------+
+-+--------------+------------+----------+
---------------------------------------------------------------------------------
Start RTL Component Statistics 
---------------------------------------------------------------------------------
Detailed RTL Component Info : 
+---Adders : 
	   2 Input      6 Bit       Adders := 2     
	   2 Input      3 Bit       Adders := 2     
+---Registers : 
	                6 Bit    Registers := 2     
	                3 Bit    Registers := 2     
	                1 Bit    Registers := 2     
+---Muxes : 
	   2 Input      1 Bit        Muxes := 5     
---------------------------------------------------------------------------------
Finished RTL Component Statistics 
---------------------------------------------------------------------------------
---------------------------------------------------------------------------------
Start RTL Hierarchical Component Statistics 
---------------------------------------------------------------------------------
Hierarchical RTL Component report 
Module controller 
Detailed RTL Component Info : 
+---Adders : 
	   2 Input      6 Bit       Adders := 2     
	   2 Input      3 Bit       Adders := 2     
+---Registers : 
	                6 Bit    Registers := 2     
	                3 Bit    Registers := 2     
	                1 Bit    Registers := 2     
+---Muxes : 
	   2 Input      1 Bit        Muxes := 5     
---------------------------------------------------------------------------------
Finished RTL Hierarchical Component Statistics
---------------------------------------------------------------------------------
---------------------------------------------------------------------------------
Start Part Resource Summary
---------------------------------------------------------------------------------
Part Resources:
DSPs: 80 (col length:40)
BRAMs: 120 (col length: RAMB18 40 RAMB36 20)
---------------------------------------------------------------------------------
Finished Part Resource Summary
---------------------------------------------------------------------------------
---------------------------------------------------------------------------------
Start Cross Boundary and Area Optimization
---------------------------------------------------------------------------------
WARNING: [Synth 8-6014] Unused sequential element inst/addr_in_reg was removed.  [c:/Users/lsneler/Desktop/Repository/JPEG_conversion/raw2jpeg/raw2jpeg.srcs/sources_1/bd/converter/ipshared/a191/src/controller.v:60]
WARNING: [Synth 8-6014] Unused sequential element inst/addr_qu_reg was removed.  [c:/Users/lsneler/Desktop/Repository/JPEG_conversion/raw2jpeg/raw2jpeg.srcs/sources_1/bd/converter/ipshared/a191/src/controller.v:61]
INFO: [Synth 8-3333] propagating constant 1 across sequential element (\inst/_ce_reg )
INFO: [Synth 8-3332] Sequential element (inst/ce_trigger_reg[2]) is unused and will be removed from module converter_controller_0_0.
INFO: [Synth 8-3332] Sequential element (inst/ce_trigger_reg[1]) is unused and will be removed from module converter_controller_0_0.
INFO: [Synth 8-3332] Sequential element (inst/ce_trigger_reg[0]) is unused and will be removed from module converter_controller_0_0.
INFO: [Synth 8-3332] Sequential element (inst/_ce_reg) is unused and will be removed from module converter_controller_0_0.
---------------------------------------------------------------------------------
Finished Cross Boundary and Area Optimization : Time (s): cpu = 00:00:11 ; elapsed = 00:00:22 . Memory (MB): peak = 625.313 ; gain = 386.789
---------------------------------------------------------------------------------

Report RTL Partitions: 
+-+--------------+------------+----------+
| |RTL Partition |Replication |Instances |
+-+--------------+------------+----------+
+-+--------------+------------+----------+
---------------------------------------------------------------------------------
Start Applying XDC Timing Constraints
---------------------------------------------------------------------------------
---------------------------------------------------------------------------------
Finished Applying XDC Timing Constraints : Time (s): cpu = 00:00:21 ; elapsed = 00:00:32 . Memory (MB): peak = 625.313 ; gain = 386.789
---------------------------------------------------------------------------------
---------------------------------------------------------------------------------
Start Timing Optimization
---------------------------------------------------------------------------------
---------------------------------------------------------------------------------
Finished Timing Optimization : Time (s): cpu = 00:00:21 ; elapsed = 00:00:32 . Memory (MB): peak = 625.313 ; gain = 386.789
---------------------------------------------------------------------------------

Report RTL Partitions: 
+-+--------------+------------+----------+
| |RTL Partition |Replication |Instances |
+-+--------------+------------+----------+
+-+--------------+------------+----------+
---------------------------------------------------------------------------------
Start Technology Mapping
---------------------------------------------------------------------------------
---------------------------------------------------------------------------------
Finished Technology Mapping : Time (s): cpu = 00:00:21 ; elapsed = 00:00:32 . Memory (MB): peak = 640.656 ; gain = 402.133
---------------------------------------------------------------------------------

Report RTL Partitions: 
+-+--------------+------------+----------+
| |RTL Partition |Replication |Instances |
+-+--------------+------------+----------+
+-+--------------+------------+----------+
---------------------------------------------------------------------------------
Start IO Insertion
---------------------------------------------------------------------------------
---------------------------------------------------------------------------------
Start Flattening Before IO Insertion
---------------------------------------------------------------------------------
---------------------------------------------------------------------------------
Finished Flattening Before IO Insertion
---------------------------------------------------------------------------------
---------------------------------------------------------------------------------
Start Final Netlist Cleanup
---------------------------------------------------------------------------------
---------------------------------------------------------------------------------
Finished Final Netlist Cleanup
---------------------------------------------------------------------------------
---------------------------------------------------------------------------------
Finished IO Insertion : Time (s): cpu = 00:00:21 ; elapsed = 00:00:32 . Memory (MB): peak = 640.656 ; gain = 402.133
---------------------------------------------------------------------------------

Report Check Netlist: 
+------+------------------+-------+---------+-------+------------------+
|      |Item              |Errors |Warnings |Status |Description       |
+------+------------------+-------+---------+-------+------------------+
|1     |multi_driven_nets |      0|        0|Passed |Multi driven nets |
+------+------------------+-------+---------+-------+------------------+
---------------------------------------------------------------------------------
Start Renaming Generated Instances
---------------------------------------------------------------------------------
---------------------------------------------------------------------------------
Finished Renaming Generated Instances : Time (s): cpu = 00:00:21 ; elapsed = 00:00:32 . Memory (MB): peak = 640.656 ; gain = 402.133
---------------------------------------------------------------------------------

Report RTL Partitions: 
+-+--------------+------------+----------+
| |RTL Partition |Replication |Instances |
+-+--------------+------------+----------+
+-+--------------+------------+----------+
---------------------------------------------------------------------------------
Start Rebuilding User Hierarchy
---------------------------------------------------------------------------------
---------------------------------------------------------------------------------
Finished Rebuilding User Hierarchy : Time (s): cpu = 00:00:21 ; elapsed = 00:00:32 . Memory (MB): peak = 640.656 ; gain = 402.133
---------------------------------------------------------------------------------
---------------------------------------------------------------------------------
Start Renaming Generated Ports
---------------------------------------------------------------------------------
---------------------------------------------------------------------------------
Finished Renaming Generated Ports : Time (s): cpu = 00:00:21 ; elapsed = 00:00:32 . Memory (MB): peak = 640.656 ; gain = 402.133
---------------------------------------------------------------------------------
---------------------------------------------------------------------------------
Start Handling Custom Attributes
---------------------------------------------------------------------------------
---------------------------------------------------------------------------------
Finished Handling Custom Attributes : Time (s): cpu = 00:00:21 ; elapsed = 00:00:32 . Memory (MB): peak = 640.656 ; gain = 402.133
---------------------------------------------------------------------------------
---------------------------------------------------------------------------------
Start Renaming Generated Nets
---------------------------------------------------------------------------------
---------------------------------------------------------------------------------
Finished Renaming Generated Nets : Time (s): cpu = 00:00:21 ; elapsed = 00:00:32 . Memory (MB): peak = 640.656 ; gain = 402.133
---------------------------------------------------------------------------------
---------------------------------------------------------------------------------
Start Writing Synthesis Report
---------------------------------------------------------------------------------

Report BlackBoxes: 
+-+--------------+----------+
| |BlackBox name |Instances |
+-+--------------+----------+
+-+--------------+----------+

Report Cell Usage: 
+------+-----+------+
|      |Cell |Count |
+------+-----+------+
|1     |LUT1 |     2|
|2     |LUT2 |     3|
|3     |LUT3 |     4|
|4     |LUT4 |     3|
|5     |LUT5 |     2|
|6     |LUT6 |     2|
|7     |FDRE |    11|
|8     |FDSE |     5|
+------+-----+------+

Report Instance Areas: 
+------+---------+-----------+------+
|      |Instance |Module     |Cells |
+------+---------+-----------+------+
|1     |top      |           |    32|
|2     |  inst   |controller |    32|
+------+---------+-----------+------+
---------------------------------------------------------------------------------
Finished Writing Synthesis Report : Time (s): cpu = 00:00:21 ; elapsed = 00:00:32 . Memory (MB): peak = 640.656 ; gain = 402.133
---------------------------------------------------------------------------------
Synthesis finished with 0 errors, 0 critical warnings and 4 warnings.
Synthesis Optimization Runtime : Time (s): cpu = 00:00:14 ; elapsed = 00:00:18 . Memory (MB): peak = 640.656 ; gain = 136.641
Synthesis Optimization Complete : Time (s): cpu = 00:00:22 ; elapsed = 00:00:33 . Memory (MB): peak = 640.656 ; gain = 402.133
INFO: [Project 1-571] Translating synthesized netlist
INFO: [Project 1-570] Preparing netlist for logic optimization
INFO: [Opt 31-138] Pushed 0 inverter(s) to 0 load pin(s).
INFO: [Project 1-111] Unisim Transformation Summary:
No Unisim elements were transformed.

22 Infos, 4 Warnings, 0 Critical Warnings and 0 Errors encountered.
synth_design completed successfully
synth_design: Time (s): cpu = 00:00:23 ; elapsed = 00:00:34 . Memory (MB): peak = 645.078 ; gain = 407.184
INFO: [Common 17-1381] The checkpoint 'C:/Users/lsneler/Desktop/Repository/JPEG_conversion/raw2jpeg/raw2jpeg.runs/converter_controller_0_0_synth_1/converter_controller_0_0.dcp' has been generated.
