15:09:37 INFO  : Registering command handlers for SDK TCF services
15:09:38 INFO  : Launching XSCT server: xsct.bat -interactive C:\Users\lsneler\Desktop\Repository\JPEG_conversion\exemplary_projects\AxiLiteZynqBRAMDemo3\AxiLiteZynqBRAMDemo\AxiLiteZynqBRAMDemo.sdk\temp_xsdb_launch_script.tcl
15:09:39 INFO  : XSCT server has started successfully.
15:09:39 INFO  : Successfully done setting XSCT server connection channel  
15:09:41 INFO  : Successfully done setting SDK workspace  
15:09:41 INFO  : Processing command line option -hwspec C:/Users/lsneler/Desktop/Repository/JPEG_conversion/exemplary_projects/AxiLiteZynqBRAMDemo3/AxiLiteZynqBRAMDemo/AxiLiteZynqBRAMDemo.sdk/design_1_wrapper.hdf.
15:11:35 INFO  : Connected to target on host '127.0.0.1' and port '3121'.
15:11:37 INFO  : 'targets -set -filter {jtag_cable_name =~ "Digilent Zybo 210279A42FD7A" && level==0} -index 1' command is executed.
15:11:39 INFO  : FPGA configured successfully with bitstream "C:/Users/lsneler/Desktop/Repository/JPEG_conversion/exemplary_projects/AxiLiteZynqBRAMDemo3/AxiLiteZynqBRAMDemo/AxiLiteZynqBRAMDemo.sdk/design_1_wrapper_hw_platform_0/design_1_wrapper.bit"
15:12:22 ERROR : Unexpected error while launching program.
java.lang.RuntimeException: Error in Resetting Target

    Could not stop the processor after reset


	at com.xilinx.sdk.targetmanager.internal.TM.doProcessorReset(TM.java:1011)
	at com.xilinx.sdk.debug.core.XilinxAppLaunchConfigurationDelegate.runTargetSetup(XilinxAppLaunchConfigurationDelegate.java:534)
	at com.xilinx.sdk.debug.core.XilinxAppLaunchConfigurationDelegate.runApplication(XilinxAppLaunchConfigurationDelegate.java:616)
	at com.xilinx.sdk.debug.core.XilinxAppLaunchConfigurationDelegate.launch(XilinxAppLaunchConfigurationDelegate.java:309)
	at com.xilinx.sdk.debug.ui.XilinxAppLaunchDelegateWrapper.launch(XilinxAppLaunchDelegateWrapper.java:31)
	at org.eclipse.debug.internal.core.LaunchConfiguration.launch(LaunchConfiguration.java:885)
	at org.eclipse.debug.internal.core.LaunchConfiguration.launch(LaunchConfiguration.java:739)
	at org.eclipse.debug.internal.ui.DebugUIPlugin.buildAndLaunch(DebugUIPlugin.java:1039)
	at org.eclipse.debug.internal.ui.DebugUIPlugin$8.run(DebugUIPlugin.java:1256)
	at org.eclipse.core.internal.jobs.Worker.run(Worker.java:55)
15:15:09 INFO  : Connected to target on host '127.0.0.1' and port '3121'.
15:15:09 INFO  : 'targets -set -filter {jtag_cable_name =~ "Digilent Zybo 210279A42FD7A" && level==0} -index 1' command is executed.
15:15:10 INFO  : FPGA configured successfully with bitstream "C:/Users/lsneler/Desktop/Repository/JPEG_conversion/exemplary_projects/AxiLiteZynqBRAMDemo3/AxiLiteZynqBRAMDemo/AxiLiteZynqBRAMDemo.sdk/design_1_wrapper_hw_platform_0/design_1_wrapper.bit"
15:15:21 ERROR : Unexpected error while launching program.
java.lang.RuntimeException: Error in Resetting Target

    Could not stop the processor after reset


	at com.xilinx.sdk.targetmanager.internal.TM.doProcessorReset(TM.java:1011)
	at com.xilinx.sdk.debug.core.XilinxAppLaunchConfigurationDelegate.runTargetSetup(XilinxAppLaunchConfigurationDelegate.java:534)
	at com.xilinx.sdk.debug.core.XilinxAppLaunchConfigurationDelegate.runApplication(XilinxAppLaunchConfigurationDelegate.java:616)
	at com.xilinx.sdk.debug.core.XilinxAppLaunchConfigurationDelegate.launch(XilinxAppLaunchConfigurationDelegate.java:309)
	at com.xilinx.sdk.debug.ui.XilinxAppLaunchDelegateWrapper.launch(XilinxAppLaunchDelegateWrapper.java:31)
	at org.eclipse.debug.internal.core.LaunchConfiguration.launch(LaunchConfiguration.java:885)
	at org.eclipse.debug.internal.core.LaunchConfiguration.launch(LaunchConfiguration.java:739)
	at org.eclipse.debug.internal.ui.DebugUIPlugin.buildAndLaunch(DebugUIPlugin.java:1039)
	at org.eclipse.debug.internal.ui.DebugUIPlugin$8.run(DebugUIPlugin.java:1256)
	at org.eclipse.core.internal.jobs.Worker.run(Worker.java:55)
15:17:18 INFO  : Connected to target on host '127.0.0.1' and port '3121'.
15:17:18 INFO  : 'targets -set -filter {jtag_cable_name =~ "Digilent Zybo 210279A42FD7A" && level==0} -index 1' command is executed.
15:17:20 INFO  : FPGA configured successfully with bitstream "C:/Users/lsneler/Desktop/Repository/JPEG_conversion/exemplary_projects/AxiLiteZynqBRAMDemo3/AxiLiteZynqBRAMDemo/AxiLiteZynqBRAMDemo.sdk/design_1_wrapper_hw_platform_0/design_1_wrapper.bit"
15:18:04 ERROR : Unexpected error while launching program.
java.lang.RuntimeException: Error in Resetting Target

    Could not stop the processor after reset


	at com.xilinx.sdk.targetmanager.internal.TM.doProcessorReset(TM.java:1011)
	at com.xilinx.sdk.debug.core.XilinxAppLaunchConfigurationDelegate.runTargetSetup(XilinxAppLaunchConfigurationDelegate.java:534)
	at com.xilinx.sdk.debug.core.XilinxAppLaunchConfigurationDelegate.runApplication(XilinxAppLaunchConfigurationDelegate.java:616)
	at com.xilinx.sdk.debug.core.XilinxAppLaunchConfigurationDelegate.launch(XilinxAppLaunchConfigurationDelegate.java:309)
	at com.xilinx.sdk.debug.ui.XilinxAppLaunchDelegateWrapper.launch(XilinxAppLaunchDelegateWrapper.java:31)
	at org.eclipse.debug.internal.core.LaunchConfiguration.launch(LaunchConfiguration.java:885)
	at org.eclipse.debug.internal.core.LaunchConfiguration.launch(LaunchConfiguration.java:739)
	at org.eclipse.debug.internal.ui.DebugUIPlugin.buildAndLaunch(DebugUIPlugin.java:1039)
	at org.eclipse.debug.internal.ui.DebugUIPlugin$8.run(DebugUIPlugin.java:1256)
	at org.eclipse.core.internal.jobs.Worker.run(Worker.java:55)
15:20:10 ERROR : Unexpected error while launching program.
java.lang.RuntimeException: Error in Resetting Target

    Could not stop the processor after reset


	at com.xilinx.sdk.targetmanager.internal.TM.doProcessorReset(TM.java:1011)
	at com.xilinx.sdk.debug.core.XilinxAppLaunchConfigurationDelegate.runTargetSetup(XilinxAppLaunchConfigurationDelegate.java:534)
	at com.xilinx.sdk.debug.core.XilinxAppLaunchConfigurationDelegate.runApplication(XilinxAppLaunchConfigurationDelegate.java:616)
	at com.xilinx.sdk.debug.core.XilinxAppLaunchConfigurationDelegate.launch(XilinxAppLaunchConfigurationDelegate.java:309)
	at com.xilinx.sdk.debug.ui.XilinxAppLaunchDelegateWrapper.launch(XilinxAppLaunchDelegateWrapper.java:31)
	at org.eclipse.debug.internal.core.LaunchConfiguration.launch(LaunchConfiguration.java:885)
	at org.eclipse.debug.internal.core.LaunchConfiguration.launch(LaunchConfiguration.java:739)
	at org.eclipse.debug.internal.ui.DebugUIPlugin.buildAndLaunch(DebugUIPlugin.java:1039)
	at org.eclipse.debug.internal.ui.DebugUIPlugin$8.run(DebugUIPlugin.java:1256)
	at org.eclipse.core.internal.jobs.Worker.run(Worker.java:55)
15:21:45 INFO  : Connected to target on host '127.0.0.1' and port '3121'.
15:21:45 INFO  : 'targets -set -filter {jtag_cable_name =~ "Digilent Zybo 210279A42FD7A" && level==0} -index 1' command is executed.
15:21:47 INFO  : FPGA configured successfully with bitstream "C:/Users/lsneler/Desktop/Repository/JPEG_conversion/exemplary_projects/AxiLiteZynqBRAMDemo3/AxiLiteZynqBRAMDemo/AxiLiteZynqBRAMDemo.sdk/design_1_wrapper_hw_platform_0/design_1_wrapper.bit"
15:22:14 ERROR : Unexpected error while launching program.
java.lang.RuntimeException: Error in Resetting Target

    Could not stop the processor after reset


	at com.xilinx.sdk.targetmanager.internal.TM.doProcessorReset(TM.java:1011)
	at com.xilinx.sdk.debug.core.XilinxAppLaunchConfigurationDelegate.runTargetSetup(XilinxAppLaunchConfigurationDelegate.java:534)
	at com.xilinx.sdk.debug.core.XilinxAppLaunchConfigurationDelegate.runApplication(XilinxAppLaunchConfigurationDelegate.java:616)
	at com.xilinx.sdk.debug.core.XilinxAppLaunchConfigurationDelegate.launch(XilinxAppLaunchConfigurationDelegate.java:309)
	at com.xilinx.sdk.debug.ui.XilinxAppLaunchDelegateWrapper.launch(XilinxAppLaunchDelegateWrapper.java:31)
	at org.eclipse.debug.internal.core.LaunchConfiguration.launch(LaunchConfiguration.java:885)
	at org.eclipse.debug.internal.core.LaunchConfiguration.launch(LaunchConfiguration.java:739)
	at org.eclipse.debug.internal.ui.DebugUIPlugin.buildAndLaunch(DebugUIPlugin.java:1039)
	at org.eclipse.debug.internal.ui.DebugUIPlugin$8.run(DebugUIPlugin.java:1256)
	at org.eclipse.core.internal.jobs.Worker.run(Worker.java:55)
15:22:27 ERROR : Unexpected error while parsing XMD response ?: com.google.gson.JsonSyntaxException: com.google.gson.stream.MalformedJsonException: invalid number or unquoted string near 
15:26:37 INFO  : Registering command handlers for SDK TCF services
15:26:37 INFO  : Launching XSCT server: xsct.bat -interactive C:\Users\lsneler\Desktop\Repo\JPEG_conv\exemp_proj\AxiLite3\AxiLiteZynqBRAMDemo.sdk\temp_xsdb_launch_script.tcl
15:26:39 INFO  : XSCT server has started successfully.
15:26:42 INFO  : Successfully done setting XSCT server connection channel  
15:26:42 INFO  : Successfully done setting SDK workspace  
15:26:42 INFO  : Processing command line option -hwspec C:/Users/lsneler/Desktop/Repo/JPEG_conv/exemp_proj/AxiLite3/AxiLiteZynqBRAMDemo.sdk/design_1_wrapper.hdf.
15:27:56 INFO  : Connected to target on host '127.0.0.1' and port '3121'.
15:27:58 INFO  : 'targets -set -filter {jtag_cable_name =~ "Digilent Zybo 210279A42FD7A" && level==0} -index 1' command is executed.
15:27:59 INFO  : FPGA configured successfully with bitstream "C:/Users/lsneler/Desktop/Repo/JPEG_conv/exemp_proj/AxiLite3/AxiLiteZynqBRAMDemo.sdk/design_1_wrapper_hw_platform_0/design_1_wrapper.bit"
15:28:08 INFO  : ps7_init is completed.
15:28:09 INFO  : ps7_post_config is completed.
15:28:09 INFO  : Processor reset is completed for ps7_cortexa9_0
15:44:15 ERROR : Unexpected error while parsing XMD response ?: com.google.gson.JsonSyntaxException: com.google.gson.stream.MalformedJsonException: invalid number or unquoted string near 
09:29:12 INFO  : Registering command handlers for SDK TCF services
09:29:12 INFO  : Launching XSCT server: xsct.bat -interactive C:\Users\lsneler\Desktop\Repo\JPEG_conv\exemp_proj\AxiLite3\AxiLiteZynqBRAMDemo.sdk\temp_xsdb_launch_script.tcl
09:29:17 INFO  : XSCT server has started successfully.
09:29:31 INFO  : Successfully done setting XSCT server connection channel  
09:29:31 INFO  : Successfully done setting SDK workspace  
09:29:31 INFO  : Processing command line option -hwspec C:/Users/lsneler/Desktop/Repo/JPEG_conv/exemp_proj/AxiLite3/AxiLiteZynqBRAMDemo.sdk/design_1_wrapper.hdf.
09:29:31 INFO  : Checking for hwspec changes in the project design_1_wrapper_hw_platform_1.
09:44:48 INFO  : Connected to target on host '127.0.0.1' and port '3121'.
09:44:48 INFO  : 'targets -set -filter {jtag_cable_name =~ "Digilent Zybo 210279A42FD7A" && level==0} -index 1' command is executed.
09:44:50 INFO  : FPGA configured successfully with bitstream "C:/Users/lsneler/Desktop/Repo/JPEG_conv/exemp_proj/AxiLite3/AxiLiteZynqBRAMDemo.sdk/design_1_wrapper_hw_platform_0/design_1_wrapper.bit"
09:45:01 INFO  : ps7_init is completed.
09:45:01 INFO  : ps7_post_config is completed.
09:45:01 INFO  : Processor reset is completed for ps7_cortexa9_0
09:48:18 INFO  : Processor reset is completed for ps7_cortexa9_0
09:54:40 INFO  : Processor reset is completed for ps7_cortexa9_0
09:57:52 INFO  : Processor reset is completed for ps7_cortexa9_0
09:59:20 INFO  : Processor reset is completed for ps7_cortexa9_0
10:00:25 INFO  : Processor reset is completed for ps7_cortexa9_0
10:00:34 INFO  : Processor reset is completed for ps7_cortexa9_0
10:02:34 INFO  : Processor reset is completed for ps7_cortexa9_0
10:04:16 INFO  : Processor reset is completed for ps7_cortexa9_0
10:05:15 INFO  : Processor reset is completed for ps7_cortexa9_0
10:06:57 INFO  : Processor reset is completed for ps7_cortexa9_0
10:15:57 INFO  : Processor reset is completed for ps7_cortexa9_0
10:18:16 INFO  : Processor reset is completed for ps7_cortexa9_0
10:18:53 INFO  : Processor reset is completed for ps7_cortexa9_0
10:21:26 INFO  : Processor reset is completed for ps7_cortexa9_0
10:21:42 INFO  : Processor reset is completed for ps7_cortexa9_0
10:21:49 INFO  : Processor reset is completed for ps7_cortexa9_0
10:22:09 INFO  : Processor reset is completed for ps7_cortexa9_0
10:22:20 INFO  : Processor reset is completed for ps7_cortexa9_0
10:22:37 INFO  : Processor reset is completed for ps7_cortexa9_0
10:23:49 INFO  : Processor reset is completed for ps7_cortexa9_0
10:23:57 INFO  : Processor reset is completed for ps7_cortexa9_0
10:24:10 INFO  : Processor reset is completed for ps7_cortexa9_0
10:25:29 INFO  : Processor reset is completed for ps7_cortexa9_0
10:27:01 INFO  : Processor reset is completed for ps7_cortexa9_0
10:31:43 INFO  : Processor reset is completed for ps7_cortexa9_0
10:32:48 INFO  : Processor reset is completed for ps7_cortexa9_0
10:35:08 INFO  : Processor reset is completed for ps7_cortexa9_0
10:35:20 INFO  : Processor reset is completed for ps7_cortexa9_0
10:35:28 INFO  : Processor reset is completed for ps7_cortexa9_0
10:35:51 INFO  : Processor reset is completed for ps7_cortexa9_0
10:37:28 INFO  : Processor reset is completed for ps7_cortexa9_0
10:37:34 INFO  : Processor reset is completed for ps7_cortexa9_0
10:38:30 INFO  : Processor reset is completed for ps7_cortexa9_0
10:39:33 INFO  : Processor reset is completed for ps7_cortexa9_0
10:56:25 INFO  : Connected to target on host '127.0.0.1' and port '3121'.
10:56:25 INFO  : 'targets -set -filter {jtag_cable_name =~ "Digilent Zybo 210279A42FD7A" && level==0} -index 1' command is executed.
10:56:26 INFO  : FPGA configured successfully with bitstream "C:/Users/lsneler/Desktop/Repo/JPEG_conv/exemp_proj/AxiLite3/AxiLiteZynqBRAMDemo.sdk/design_1_wrapper_hw_platform_0/design_1_wrapper.bit"
10:56:29 INFO  : Processor reset is completed for ps7_cortexa9_0
10:56:55 INFO  : Processor reset is completed for ps7_cortexa9_0
10:58:33 ERROR : Unexpected error while parsing XMD response ?: com.google.gson.JsonSyntaxException: com.google.gson.stream.MalformedJsonException: invalid number or unquoted string near 
11:02:59 INFO  : Registering command handlers for SDK TCF services
11:03:00 INFO  : Launching XSCT server: xsct.bat -interactive C:\Users\lsneler\Desktop\Repo\JPEG_conv\exemp_proj\AxiLite3\AxiLiteZynqBRAMDemo.sdk\temp_xsdb_launch_script.tcl
11:03:02 INFO  : XSCT server has started successfully.
11:03:02 INFO  : Successfully done setting XSCT server connection channel  
11:03:05 INFO  : Successfully done setting SDK workspace  
11:03:05 INFO  : Processing command line option -hwspec C:/Users/lsneler/Desktop/Repo/JPEG_conv/exemp_proj/AxiLite3/AxiLiteZynqBRAMDemo.sdk/design_1_wrapper.hdf.
11:03:05 INFO  : Checking for hwspec changes in the project design_1_wrapper_hw_platform_1.
11:03:09 INFO  : SDK has detected change in the last modified timestamps for source hardware specification file Source:1565772453461,  Project:1565702733995
11:03:09 INFO  : The hardware specification for project 'design_1_wrapper_hw_platform_1' is different from C:/Users/lsneler/Desktop/Repo/JPEG_conv/exemp_proj/AxiLite3/AxiLiteZynqBRAMDemo.sdk/design_1_wrapper.hdf.
11:03:09 INFO  : Copied contents of C:/Users/lsneler/Desktop/Repo/JPEG_conv/exemp_proj/AxiLite3/AxiLiteZynqBRAMDemo.sdk/design_1_wrapper.hdf into \design_1_wrapper_hw_platform_1\system.hdf.
11:03:14 INFO  : Synchronizing projects in the workspace with the hardware platform specification changes.
11:03:14 INFO  : Clearing existing target manager status.
11:03:14 INFO  : Workspace synchronized with the new hardware specification file. Cleaning dependent projects...
11:03:14 WARN  : Linker script will not be updated automatically. Users need to update it manually.
11:04:04 INFO  : Processor reset is completed for ps7_cortexa9_0
11:05:02 INFO  : Processor reset is completed for ps7_cortexa9_0
11:05:22 INFO  : Processor reset is completed for ps7_cortexa9_0
11:06:35 INFO  : Processor reset is completed for ps7_cortexa9_0
11:07:08 INFO  : Processor reset is completed for ps7_cortexa9_0
11:10:07 INFO  : Connected to target on host '127.0.0.1' and port '3121'.
11:10:08 INFO  : 'targets -set -filter {jtag_cable_name =~ "Digilent Zybo 210279A42FD7A" && level==0} -index 1' command is executed.
11:10:09 INFO  : FPGA configured successfully with bitstream "C:/Users/lsneler/Desktop/Repo/JPEG_conv/exemp_proj/AxiLite3/AxiLiteZynqBRAMDemo.sdk/design_1_wrapper_hw_platform_0/design_1_wrapper.bit"
11:15:57 INFO  : Processor reset is completed for ps7_cortexa9_0
11:16:11 INFO  : Processor reset is completed for ps7_cortexa9_0
11:18:55 INFO  : Connected to target on host '127.0.0.1' and port '3121'.
11:18:55 INFO  : 'targets -set -filter {jtag_cable_name =~ "Digilent Zybo 210279A42FD7A" && level==0} -index 1' command is executed.
11:18:57 INFO  : FPGA configured successfully with bitstream "C:/Users/lsneler/Desktop/Repo/JPEG_conv/exemp_proj/AxiLite3/AxiLiteZynqBRAMDemo.sdk/design_1_wrapper_hw_platform_0/design_1_wrapper.bit"
11:19:16 INFO  : Processor reset is completed for ps7_cortexa9_0
11:22:33 ERROR : Unexpected error while parsing XMD response ?: com.google.gson.JsonSyntaxException: com.google.gson.stream.MalformedJsonException: invalid number or unquoted string near 
11:37:40 INFO  : Registering command handlers for SDK TCF services
11:37:41 INFO  : Launching XSCT server: xsct.bat -interactive C:\Users\lsneler\Desktop\Repo\JPEG_conv\exemp_proj\AxiLite3\AxiLiteZynqBRAMDemo.sdk\temp_xsdb_launch_script.tcl
11:37:43 INFO  : XSCT server has started successfully.
11:37:46 INFO  : Successfully done setting XSCT server connection channel  
11:37:46 INFO  : Successfully done setting SDK workspace  
11:37:46 INFO  : Processing command line option -hwspec C:/Users/lsneler/Desktop/Repo/JPEG_conv/exemp_proj/AxiLite3/AxiLiteZynqBRAMDemo.sdk/design_1_wrapper.hdf.
11:37:46 INFO  : Checking for hwspec changes in the project design_1_wrapper_hw_platform_1.
11:37:50 INFO  : SDK has detected change in the last modified timestamps for source hardware specification file Source:1565775132986,  Project:1565772453461
11:37:50 INFO  : The hardware specification for project 'design_1_wrapper_hw_platform_1' is different from C:/Users/lsneler/Desktop/Repo/JPEG_conv/exemp_proj/AxiLite3/AxiLiteZynqBRAMDemo.sdk/design_1_wrapper.hdf.
11:37:50 INFO  : Copied contents of C:/Users/lsneler/Desktop/Repo/JPEG_conv/exemp_proj/AxiLite3/AxiLiteZynqBRAMDemo.sdk/design_1_wrapper.hdf into \design_1_wrapper_hw_platform_1\system.hdf.
11:37:55 INFO  : Synchronizing projects in the workspace with the hardware platform specification changes.
11:37:55 INFO  : Clearing existing target manager status.
11:37:56 INFO  : Workspace synchronized with the new hardware specification file. Cleaning dependent projects...
11:37:56 WARN  : Linker script will not be updated automatically. Users need to update it manually.
11:39:13 INFO  : Connected to target on host '127.0.0.1' and port '3121'.
11:39:13 INFO  : 'targets -set -filter {jtag_cable_name =~ "Digilent Zybo 210279A42FD7A" && level==0} -index 1' command is executed.
11:39:14 INFO  : FPGA configured successfully with bitstream "C:/Users/lsneler/Desktop/Repo/JPEG_conv/exemp_proj/AxiLite3/AxiLiteZynqBRAMDemo.sdk/design_1_wrapper_hw_platform_0/design_1_wrapper.bit"
11:39:19 INFO  : ps7_init is completed.
11:39:19 INFO  : ps7_post_config is completed.
11:39:19 INFO  : Processor reset is completed for ps7_cortexa9_0
11:39:58 INFO  : Processor reset is completed for ps7_cortexa9_0
11:40:30 INFO  : Processor reset is completed for ps7_cortexa9_0
11:43:53 INFO  : Processor reset is completed for ps7_cortexa9_0
11:46:24 INFO  : Processor reset is completed for ps7_cortexa9_0
11:47:29 INFO  : Processor reset is completed for ps7_cortexa9_0
11:48:18 INFO  : ps7_cortexa9_0 Processor is in use. Please stop existing Run or Debug sessions before launching.
11:48:21 INFO  : Processor reset is completed for ps7_cortexa9_0
11:49:43 INFO  : Time out for XMD transaction is 60000
If you want to increase the timeout value, goto Windows-> Preferences -> Xilinx SDK -> XMD Startup
11:49:43 ERROR : Timeout occured while waiting to get reply for command "xdisconnect 64"
11:49:43 ERROR : Disconnect target failed.
11:49:55 ERROR : Unexpected error while launching program.
java.lang.RuntimeException: Error while running ps7_init method.
No Target with ID 64 in the System


	at com.xilinx.sdk.targetmanager.internal.TM.run_ps7_init(TM.java:1089)
	at com.xilinx.sdk.debug.core.XilinxAppLaunchConfigurationDelegate.runTargetSetup(XilinxAppLaunchConfigurationDelegate.java:514)
	at com.xilinx.sdk.debug.core.XilinxAppLaunchConfigurationDelegate.runApplication(XilinxAppLaunchConfigurationDelegate.java:616)
	at com.xilinx.sdk.debug.core.XilinxAppLaunchConfigurationDelegate.launch(XilinxAppLaunchConfigurationDelegate.java:309)
	at com.xilinx.sdk.debug.ui.XilinxAppLaunchDelegateWrapper.launch(XilinxAppLaunchDelegateWrapper.java:31)
	at org.eclipse.debug.internal.core.LaunchConfiguration.launch(LaunchConfiguration.java:885)
	at org.eclipse.debug.internal.core.LaunchConfiguration.launch(LaunchConfiguration.java:739)
	at org.eclipse.debug.internal.ui.DebugUIPlugin.buildAndLaunch(DebugUIPlugin.java:1039)
	at org.eclipse.debug.internal.ui.DebugUIPlugin$8.run(DebugUIPlugin.java:1256)
	at org.eclipse.core.internal.jobs.Worker.run(Worker.java:55)
11:49:55 ERROR : Disconnect target failed.No Target with ID 64 in the System


11:50:07 ERROR : Unexpected error while launching program.
java.lang.RuntimeException: Error while running ps7_init method.
No Target with ID 64 in the System


	at com.xilinx.sdk.targetmanager.internal.TM.run_ps7_init(TM.java:1089)
	at com.xilinx.sdk.debug.core.XilinxAppLaunchConfigurationDelegate.runTargetSetup(XilinxAppLaunchConfigurationDelegate.java:514)
	at com.xilinx.sdk.debug.core.XilinxAppLaunchConfigurationDelegate.runApplication(XilinxAppLaunchConfigurationDelegate.java:616)
	at com.xilinx.sdk.debug.core.XilinxAppLaunchConfigurationDelegate.launch(XilinxAppLaunchConfigurationDelegate.java:309)
	at com.xilinx.sdk.debug.ui.XilinxAppLaunchDelegateWrapper.launch(XilinxAppLaunchDelegateWrapper.java:31)
	at org.eclipse.debug.internal.core.LaunchConfiguration.launch(LaunchConfiguration.java:885)
	at org.eclipse.debug.internal.core.LaunchConfiguration.launch(LaunchConfiguration.java:739)
	at org.eclipse.debug.internal.ui.DebugUIPlugin.buildAndLaunch(DebugUIPlugin.java:1039)
	at org.eclipse.debug.internal.ui.DebugUIPlugin$8.run(DebugUIPlugin.java:1256)
	at org.eclipse.core.internal.jobs.Worker.run(Worker.java:55)
11:50:07 ERROR : Disconnect target failed.No Target with ID 64 in the System


11:50:21 INFO  : FPGA Cable Disconnected. All active launches will be terminated.
11:50:21 ERROR : Disconnect target failed.No Target with ID 64 in the System


11:50:27 ERROR : Checking FPGA configuration failed..Lost communication with jtag cable. Run "xdisconnect -cable"
                           and start over again


11:50:27 ERROR : Unexpected error while launching program.
com.xilinx.sdk.targetmanager.TMException: Lost communication with jtag cable. Run "xdisconnect -cable"
                           and start over again


	at com.xilinx.sdk.targetmanager.internal.TM.isFPGAConfigured(TM.java:374)
	at com.xilinx.sdk.debug.core.XilinxAppLaunchConfigurationDelegate.isFpgaConfigured(XilinxAppLaunchConfigurationDelegate.java:409)
	at com.xilinx.sdk.debug.core.XilinxAppLaunchConfigurationDelegate.launch(XilinxAppLaunchConfigurationDelegate.java:303)
	at com.xilinx.sdk.debug.ui.XilinxAppLaunchDelegateWrapper.launch(XilinxAppLaunchDelegateWrapper.java:31)
	at org.eclipse.debug.internal.core.LaunchConfiguration.launch(LaunchConfiguration.java:885)
	at org.eclipse.debug.internal.core.LaunchConfiguration.launch(LaunchConfiguration.java:739)
	at org.eclipse.debug.internal.ui.DebugUIPlugin.buildAndLaunch(DebugUIPlugin.java:1039)
	at org.eclipse.debug.internal.ui.DebugUIPlugin$8.run(DebugUIPlugin.java:1256)
	at org.eclipse.core.internal.jobs.Worker.run(Worker.java:55)
11:50:27 ERROR : Disconnect target failed.No Target with ID 64 in the System


11:50:33 ERROR : Checking FPGA configuration failed..Lost communication with jtag cable. Run "xdisconnect -cable"
                           and start over again


11:50:33 ERROR : Unexpected error while launching program.
com.xilinx.sdk.targetmanager.TMException: Lost communication with jtag cable. Run "xdisconnect -cable"
                           and start over again


	at com.xilinx.sdk.targetmanager.internal.TM.isFPGAConfigured(TM.java:374)
	at com.xilinx.sdk.debug.core.XilinxAppLaunchConfigurationDelegate.isFpgaConfigured(XilinxAppLaunchConfigurationDelegate.java:409)
	at com.xilinx.sdk.debug.core.XilinxAppLaunchConfigurationDelegate.launch(XilinxAppLaunchConfigurationDelegate.java:303)
	at com.xilinx.sdk.debug.ui.XilinxAppLaunchDelegateWrapper.launch(XilinxAppLaunchDelegateWrapper.java:31)
	at org.eclipse.debug.internal.core.LaunchConfiguration.launch(LaunchConfiguration.java:885)
	at org.eclipse.debug.internal.core.LaunchConfiguration.launch(LaunchConfiguration.java:739)
	at org.eclipse.debug.internal.ui.DebugUIPlugin.buildAndLaunch(DebugUIPlugin.java:1039)
	at org.eclipse.debug.internal.ui.DebugUIPlugin$8.run(DebugUIPlugin.java:1256)
	at org.eclipse.core.internal.jobs.Worker.run(Worker.java:55)
11:50:33 ERROR : Disconnect target failed.No Target with ID 64 in the System


11:50:47 ERROR : Disconnect target failed.No Target with ID 64 in the System


11:50:47 ERROR : Unable to disconnect from existing targets
java.lang.RuntimeException: No Target with ID 64 in the System


	at com.xilinx.sdk.targetmanager.internal.TM.disconnectTarget(TM.java:329)
	at com.xilinx.sdk.targetmanager.internal.TM.disconnectExistingTargets(TM.java:308)
	at com.xilinx.sdk.targetmanager.internal.TM.terminate(TM.java:212)
	at com.xilinx.sdk.targetmanager.TMPlugin.stop(TMPlugin.java:58)
	at org.eclipse.osgi.internal.framework.BundleContextImpl$4.run(BundleContextImpl.java:830)
	at org.eclipse.osgi.internal.framework.BundleContextImpl$4.run(BundleContextImpl.java:1)
	at java.security.AccessController.doPrivileged(Native Method)
	at org.eclipse.osgi.internal.framework.BundleContextImpl.stop(BundleContextImpl.java:823)
	at org.eclipse.osgi.internal.framework.EquinoxBundle.stopWorker0(EquinoxBundle.java:946)
	at org.eclipse.osgi.internal.framework.EquinoxBundle$EquinoxModule.stopWorker(EquinoxBundle.java:314)
	at org.eclipse.osgi.container.Module.doStop(Module.java:636)
	at org.eclipse.osgi.container.Module.stop(Module.java:498)
	at org.eclipse.osgi.container.ModuleContainer$ContainerStartLevel.decStartLevel(ModuleContainer.java:1661)
	at org.eclipse.osgi.container.ModuleContainer$ContainerStartLevel.doContainerStartLevel(ModuleContainer.java:1580)
	at org.eclipse.osgi.container.SystemModule.stopWorker(SystemModule.java:270)
	at org.eclipse.osgi.internal.framework.EquinoxBundle$SystemBundle$EquinoxSystemModule.stopWorker(EquinoxBundle.java:147)
	at org.eclipse.osgi.container.Module.doStop(Module.java:636)
	at org.eclipse.osgi.container.Module.stop(Module.java:498)
	at org.eclipse.osgi.container.SystemModule.stop(SystemModule.java:202)
	at org.eclipse.osgi.internal.framework.EquinoxBundle$SystemBundle$EquinoxSystemModule$1.run(EquinoxBundle.java:165)
	at java.lang.Thread.run(Thread.java:745)
11:50:47 ERROR : Unexpected error while parsing XMD response ?: com.google.gson.JsonSyntaxException: com.google.gson.stream.MalformedJsonException: invalid number or unquoted string near 
11:50:56 INFO  : Registering command handlers for SDK TCF services
11:50:57 INFO  : Launching XSCT server: xsct.bat -interactive C:\Users\lsneler\Desktop\Repo\JPEG_conv\exemp_proj\AxiLite3\AxiLiteZynqBRAMDemo.sdk\temp_xsdb_launch_script.tcl
11:50:58 INFO  : XSCT server has started successfully.
11:50:58 INFO  : Successfully done setting XSCT server connection channel  
11:51:01 INFO  : Successfully done setting SDK workspace  
11:51:01 INFO  : Processing command line option -hwspec C:/Users/lsneler/Desktop/Repo/JPEG_conv/exemp_proj/AxiLite3/AxiLiteZynqBRAMDemo.sdk/design_1_wrapper.hdf.
11:51:01 INFO  : Checking for hwspec changes in the project design_1_wrapper_hw_platform_1.
11:51:07 INFO  : Connected to target on host '127.0.0.1' and port '3121'.
11:51:07 INFO  : 'targets -set -filter {jtag_cable_name =~ "Digilent Zybo 210279A42FD7A" && level==0} -index 1' command is executed.
11:51:08 INFO  : FPGA configured successfully with bitstream "C:/Users/lsneler/Desktop/Repo/JPEG_conv/exemp_proj/AxiLite3/AxiLiteZynqBRAMDemo.sdk/design_1_wrapper_hw_platform_0/design_1_wrapper.bit"
11:51:08 INFO  : ps7_init is completed.
11:51:08 INFO  : ps7_post_config is completed.
11:51:09 INFO  : Processor reset is completed for ps7_cortexa9_0
11:51:11 INFO  : ps7_cortexa9_0 Processor is in use. Please stop existing Run or Debug sessions before launching.
11:51:14 INFO  : Processor reset is completed for ps7_cortexa9_0
11:52:25 INFO  : ps7_cortexa9_0 Processor is in use. Please stop existing Run or Debug sessions before launching.
11:52:27 INFO  : Processor reset is completed for ps7_cortexa9_0
11:52:40 INFO  : Processor reset is completed for ps7_cortexa9_0
11:52:55 ERROR : Unexpected error while parsing XMD response ?: com.google.gson.JsonSyntaxException: com.google.gson.stream.MalformedJsonException: invalid number or unquoted string near 
11:53:05 INFO  : Registering command handlers for SDK TCF services
11:53:05 INFO  : Launching XSCT server: xsct.bat -interactive C:\Users\lsneler\Desktop\Repo\JPEG_conv\exemp_proj\AxiLite3\AxiLiteZynqBRAMDemo.sdk\temp_xsdb_launch_script.tcl
11:53:06 INFO  : XSCT server has started successfully.
11:53:06 INFO  : Successfully done setting XSCT server connection channel  
11:53:09 INFO  : Successfully done setting SDK workspace  
11:53:09 INFO  : Processing command line option -hwspec C:/Users/lsneler/Desktop/Repo/JPEG_conv/exemp_proj/AxiLite3/AxiLiteZynqBRAMDemo.sdk/design_1_wrapper.hdf.
11:53:11 INFO  : Checking for hwspec changes in the project design_1_wrapper_hw_platform_1.
11:53:13 INFO  : Connected to target on host '127.0.0.1' and port '3121'.
11:53:13 INFO  : 'targets -set -filter {jtag_cable_name =~ "Digilent Zybo 210279A42FD7A" && level==0} -index 1' command is executed.
11:53:14 INFO  : FPGA configured successfully with bitstream "C:/Users/lsneler/Desktop/Repo/JPEG_conv/exemp_proj/AxiLite3/AxiLiteZynqBRAMDemo.sdk/design_1_wrapper_hw_platform_0/design_1_wrapper.bit"
11:53:21 INFO  : Processor reset is completed for ps7_cortexa9_0
11:54:39 INFO  : Connected to target on host '127.0.0.1' and port '3121'.
11:54:39 INFO  : 'targets -set -filter {jtag_cable_name =~ "Digilent Zybo 210279A42FD7A" && level==0} -index 1' command is executed.
11:54:40 INFO  : FPGA configured successfully with bitstream "C:/Users/lsneler/Desktop/Repo/JPEG_conv/exemp_proj/AxiLite3/AxiLiteZynqBRAMDemo.sdk/design_1_wrapper_hw_platform_0/design_1_wrapper.bit"
11:54:43 INFO  : ps7_cortexa9_0 Processor is in use. Please stop existing Run or Debug sessions before launching.
11:54:44 INFO  : Processor reset is completed for ps7_cortexa9_0
11:54:59 INFO  : ps7_cortexa9_0 Processor is in use. Please stop existing Run or Debug sessions before launching.
11:55:01 INFO  : Processor reset is completed for ps7_cortexa9_0
11:55:15 ERROR : Unexpected error while parsing XMD response ?: com.google.gson.JsonSyntaxException: com.google.gson.stream.MalformedJsonException: invalid number or unquoted string near 
11:55:27 INFO  : Registering command handlers for SDK TCF services
11:55:27 INFO  : Launching XSCT server: xsct.bat -interactive C:\Users\lsneler\Desktop\Repo\JPEG_conv\exemp_proj\AxiLite3\AxiLiteZynqBRAMDemo.sdk\temp_xsdb_launch_script.tcl
11:55:28 INFO  : XSCT server has started successfully.
11:55:28 INFO  : Successfully done setting XSCT server connection channel  
11:55:31 INFO  : Successfully done setting SDK workspace  
11:55:31 INFO  : Processing command line option -hwspec C:/Users/lsneler/Desktop/Repo/JPEG_conv/exemp_proj/AxiLite3/AxiLiteZynqBRAMDemo.sdk/design_1_wrapper.hdf.
11:55:31 INFO  : Checking for hwspec changes in the project design_1_wrapper_hw_platform_1.
11:56:08 INFO  : Registering command handlers for SDK TCF services
11:56:08 INFO  : Launching XSCT server: xsct.bat -interactive C:\Users\lsneler\Desktop\Repo\JPEG_conv\exemp_proj\AxiLite3\AxiLiteZynqBRAMDemo.sdk\temp_xsdb_launch_script.tcl
11:56:10 INFO  : XSCT server has started successfully.
11:56:13 INFO  : Successfully done setting XSCT server connection channel  
11:56:13 INFO  : Successfully done setting SDK workspace  
11:56:13 INFO  : Processing command line option -hwspec C:/Users/lsneler/Desktop/Repo/JPEG_conv/exemp_proj/AxiLite3/AxiLiteZynqBRAMDemo.sdk/design_1_wrapper.hdf.
11:56:13 INFO  : Checking for hwspec changes in the project design_1_wrapper_hw_platform_1.
11:56:46 INFO  : Processor reset is completed for ps7_cortexa9_0
11:57:13 INFO  : ps7_cortexa9_0 Processor is in use. Please stop existing Run or Debug sessions before launching.
11:57:44 INFO  : ps7_cortexa9_0 Processor is in use. Please stop existing Run or Debug sessions before launching.
11:57:46 INFO  : Processor reset is completed for ps7_cortexa9_0
11:58:30 INFO  : Processor reset is completed for ps7_cortexa9_0
11:58:55 INFO  : Processor reset is completed for ps7_cortexa9_0
11:59:15 INFO  : Processor reset is completed for ps7_cortexa9_0
12:00:48 INFO  : Processor reset is completed for ps7_cortexa9_0
12:01:10 INFO  : Processor reset is completed for ps7_cortexa9_0
12:01:39 INFO  : Processor reset is completed for ps7_cortexa9_0
12:03:37 INFO  : Processor reset is completed for ps7_cortexa9_0
12:05:17 INFO  : Processor reset is completed for ps7_cortexa9_0
12:06:34 INFO  : Processor reset is completed for ps7_cortexa9_0
12:07:34 INFO  : Processor reset is completed for ps7_cortexa9_0
12:08:45 INFO  : Processor reset is completed for ps7_cortexa9_0
12:12:56 INFO  : Processor reset is completed for ps7_cortexa9_0
12:13:18 INFO  : Processor reset is completed for ps7_cortexa9_0
12:13:28 INFO  : Processor reset is completed for ps7_cortexa9_0
12:14:27 INFO  : Processor reset is completed for ps7_cortexa9_0
12:23:51 INFO  : Processor reset is completed for ps7_cortexa9_0
12:25:20 INFO  : Processor reset is completed for ps7_cortexa9_0
12:25:26 INFO  : Processor reset is completed for ps7_cortexa9_0
12:25:37 INFO  : Processor reset is completed for ps7_cortexa9_0
12:25:44 INFO  : Processor reset is completed for ps7_cortexa9_0
12:26:59 INFO  : Processor reset is completed for ps7_cortexa9_0
12:29:03 INFO  : Processor reset is completed for ps7_cortexa9_0
12:29:41 INFO  : Processor reset is completed for ps7_cortexa9_0
12:30:09 INFO  : Processor reset is completed for ps7_cortexa9_0
12:31:33 INFO  : Processor reset is completed for ps7_cortexa9_0
12:33:04 INFO  : Processor reset is completed for ps7_cortexa9_0
12:33:23 INFO  : Processor reset is completed for ps7_cortexa9_0
12:43:37 INFO  : Processor reset is completed for ps7_cortexa9_0
12:43:58 INFO  : Processor reset is completed for ps7_cortexa9_0
12:44:55 INFO  : Processor reset is completed for ps7_cortexa9_0
13:22:40 INFO  : Processor reset is completed for ps7_cortexa9_0
13:24:01 INFO  : Processor reset is completed for ps7_cortexa9_0
13:25:10 INFO  : Processor reset is completed for ps7_cortexa9_0
13:27:46 INFO  : Processor reset is completed for ps7_cortexa9_0
13:29:11 INFO  : Processor reset is completed for ps7_cortexa9_0
13:29:48 INFO  : Processor reset is completed for ps7_cortexa9_0
13:31:44 INFO  : Processor reset is completed for ps7_cortexa9_0
13:32:07 INFO  : Processor reset is completed for ps7_cortexa9_0
13:32:26 INFO  : Processor reset is completed for ps7_cortexa9_0
13:32:59 INFO  : Processor reset is completed for ps7_cortexa9_0
13:33:23 INFO  : Processor reset is completed for ps7_cortexa9_0
13:33:35 INFO  : Processor reset is completed for ps7_cortexa9_0
13:37:01 INFO  : Processor reset is completed for ps7_cortexa9_0
13:37:45 INFO  : Processor reset is completed for ps7_cortexa9_0
13:39:02 INFO  : Processor reset is completed for ps7_cortexa9_0
13:39:22 INFO  : Processor reset is completed for ps7_cortexa9_0
13:39:37 INFO  : Processor reset is completed for ps7_cortexa9_0
13:40:21 INFO  : Processor reset is completed for ps7_cortexa9_0
13:41:32 INFO  : Processor reset is completed for ps7_cortexa9_0
13:42:01 INFO  : Processor reset is completed for ps7_cortexa9_0
13:42:19 INFO  : Processor reset is completed for ps7_cortexa9_0
13:42:30 INFO  : Processor reset is completed for ps7_cortexa9_0
13:43:01 INFO  : Processor reset is completed for ps7_cortexa9_0
13:45:41 INFO  : Processor reset is completed for ps7_cortexa9_0
13:49:24 INFO  : Processor reset is completed for ps7_cortexa9_0
13:49:44 INFO  : Processor reset is completed for ps7_cortexa9_0
13:54:48 ERROR : Unexpected error while parsing XMD response ?: com.google.gson.JsonSyntaxException: com.google.gson.stream.MalformedJsonException: invalid number or unquoted string near 
14:33:16 INFO  : Registering command handlers for SDK TCF services
14:33:16 INFO  : Launching XSCT server: xsct.bat -interactive C:\Users\lsneler\Desktop\Repo\JPEG_conv\exemp_proj\AxiLite3\AxiLiteZynqBRAMDemo.sdk\temp_xsdb_launch_script.tcl
14:33:17 INFO  : XSCT server has started successfully.
14:33:20 INFO  : Successfully done setting XSCT server connection channel  
14:33:20 INFO  : Successfully done setting SDK workspace  
14:33:20 INFO  : Processing command line option -hwspec C:/Users/lsneler/Desktop/Repo/JPEG_conv/exemp_proj/AxiLite3/AxiLiteZynqBRAMDemo.sdk/design_1_wrapper.hdf.
14:34:59 INFO  : Connected to target on host '127.0.0.1' and port '3121'.
14:34:59 INFO  : 'targets -set -filter {jtag_cable_name =~ "Digilent Zybo 210279A42FD7A" && level==0} -index 1' command is executed.
14:35:01 INFO  : FPGA configured successfully with bitstream "C:/Users/lsneler/Desktop/Repo/JPEG_conv/exemp_proj/AxiLite3/AxiLiteZynqBRAMDemo.sdk/design_1_wrapper_hw_platform_0/design_1_wrapper.bit"
14:39:20 INFO  : Processor reset is completed for ps7_cortexa9_0
14:39:40 INFO  : Processor reset is completed for ps7_cortexa9_0
14:39:48 INFO  : Processor reset is completed for ps7_cortexa9_0
14:40:52 INFO  : Processor reset is completed for ps7_cortexa9_0
14:41:07 INFO  : Processor reset is completed for ps7_cortexa9_0
14:41:54 INFO  : Processor reset is completed for ps7_cortexa9_0
14:42:00 INFO  : Processor reset is completed for ps7_cortexa9_0
14:43:30 ERROR : Unexpected error while parsing XMD response ?: com.google.gson.JsonSyntaxException: com.google.gson.stream.MalformedJsonException: invalid number or unquoted string near 
