
*** Running vivado
    with args -log design_1_rst_ps7_0_50M_0.vds -m64 -product Vivado -mode batch -messageDb vivado.pb -notrace -source design_1_rst_ps7_0_50M_0.tcl


****** Vivado v2017.2 (64-bit)
  **** SW Build 1909853 on Thu Jun 15 18:39:09 MDT 2017
  **** IP Build 1909766 on Thu Jun 15 19:58:00 MDT 2017
    ** Copyright 1986-2017 Xilinx, Inc. All Rights Reserved.

source design_1_rst_ps7_0_50M_0.tcl -notrace
Starting RTL Elaboration : Time (s): cpu = 00:00:09 ; elapsed = 00:00:12 . Memory (MB): peak = 306.762 ; gain = 77.988
INFO: [Synth 8-638] synthesizing module 'design_1_rst_ps7_0_50M_0' [f:/VivadoProjects/AxiLiteZynqBRAMDemo/AxiLiteZynqBRAMDemo/AxiLiteZynqBRAMDemo.srcs/sources_1/bd/design_1/ip/design_1_rst_ps7_0_50M_0/synth/design_1_rst_ps7_0_50M_0.vhd:74]
INFO: [Synth 8-638] synthesizing module 'proc_sys_reset' [f:/VivadoProjects/AxiLiteZynqBRAMDemo/AxiLiteZynqBRAMDemo/AxiLiteZynqBRAMDemo.srcs/sources_1/bd/design_1/ipshared/5db7/hdl/proc_sys_reset_v5_0_vh_rfs.vhd:1323]
INFO: [Synth 8-638] synthesizing module 'lpf' [f:/VivadoProjects/AxiLiteZynqBRAMDemo/AxiLiteZynqBRAMDemo/AxiLiteZynqBRAMDemo.srcs/sources_1/bd/design_1/ipshared/5db7/hdl/proc_sys_reset_v5_0_vh_rfs.vhd:816]
INFO: [Synth 8-638] synthesizing module 'SRL16' [C:/Xilinx/Vivado/2017.2/scripts/rt/data/unisim_comp.v:43657]
INFO: [Synth 8-256] done synthesizing module 'SRL16' (1#1) [C:/Xilinx/Vivado/2017.2/scripts/rt/data/unisim_comp.v:43657]
INFO: [Synth 8-638] synthesizing module 'cdc_sync' [f:/VivadoProjects/AxiLiteZynqBRAMDemo/AxiLiteZynqBRAMDemo/AxiLiteZynqBRAMDemo.srcs/sources_1/bd/design_1/ipshared/52cb/hdl/lib_cdc_v1_0_rfs.vhd:106]
INFO: [Synth 8-256] done synthesizing module 'cdc_sync' (2#1) [f:/VivadoProjects/AxiLiteZynqBRAMDemo/AxiLiteZynqBRAMDemo/AxiLiteZynqBRAMDemo.srcs/sources_1/bd/design_1/ipshared/52cb/hdl/lib_cdc_v1_0_rfs.vhd:106]
INFO: [Synth 8-256] done synthesizing module 'lpf' (3#1) [f:/VivadoProjects/AxiLiteZynqBRAMDemo/AxiLiteZynqBRAMDemo/AxiLiteZynqBRAMDemo.srcs/sources_1/bd/design_1/ipshared/5db7/hdl/proc_sys_reset_v5_0_vh_rfs.vhd:816]
INFO: [Synth 8-638] synthesizing module 'sequence_psr' [f:/VivadoProjects/AxiLiteZynqBRAMDemo/AxiLiteZynqBRAMDemo/AxiLiteZynqBRAMDemo.srcs/sources_1/bd/design_1/ipshared/5db7/hdl/proc_sys_reset_v5_0_vh_rfs.vhd:301]
INFO: [Synth 8-638] synthesizing module 'upcnt_n' [f:/VivadoProjects/AxiLiteZynqBRAMDemo/AxiLiteZynqBRAMDemo/AxiLiteZynqBRAMDemo.srcs/sources_1/bd/design_1/ipshared/5db7/hdl/proc_sys_reset_v5_0_vh_rfs.vhd:125]
INFO: [Synth 8-256] done synthesizing module 'upcnt_n' (4#1) [f:/VivadoProjects/AxiLiteZynqBRAMDemo/AxiLiteZynqBRAMDemo/AxiLiteZynqBRAMDemo.srcs/sources_1/bd/design_1/ipshared/5db7/hdl/proc_sys_reset_v5_0_vh_rfs.vhd:125]
INFO: [Synth 8-256] done synthesizing module 'sequence_psr' (5#1) [f:/VivadoProjects/AxiLiteZynqBRAMDemo/AxiLiteZynqBRAMDemo/AxiLiteZynqBRAMDemo.srcs/sources_1/bd/design_1/ipshared/5db7/hdl/proc_sys_reset_v5_0_vh_rfs.vhd:301]
INFO: [Synth 8-256] done synthesizing module 'proc_sys_reset' (6#1) [f:/VivadoProjects/AxiLiteZynqBRAMDemo/AxiLiteZynqBRAMDemo/AxiLiteZynqBRAMDemo.srcs/sources_1/bd/design_1/ipshared/5db7/hdl/proc_sys_reset_v5_0_vh_rfs.vhd:1323]
INFO: [Synth 8-256] done synthesizing module 'design_1_rst_ps7_0_50M_0' (7#1) [f:/VivadoProjects/AxiLiteZynqBRAMDemo/AxiLiteZynqBRAMDemo/AxiLiteZynqBRAMDemo.srcs/sources_1/bd/design_1/ip/design_1_rst_ps7_0_50M_0/synth/design_1_rst_ps7_0_50M_0.vhd:74]
Finished RTL Elaboration : Time (s): cpu = 00:00:12 ; elapsed = 00:00:16 . Memory (MB): peak = 347.844 ; gain = 119.070
Finished RTL Optimization Phase 1 : Time (s): cpu = 00:00:12 ; elapsed = 00:00:17 . Memory (MB): peak = 347.844 ; gain = 119.070
INFO: [Device 21-403] Loading part xc7z010clg400-1
Constraint Validation Runtime : Time (s): cpu = 00:00:00 ; elapsed = 00:00:00.422 . Memory (MB): peak = 748.309 ; gain = 0.000
Finished Constraint Validation : Time (s): cpu = 00:00:39 ; elapsed = 00:01:07 . Memory (MB): peak = 748.309 ; gain = 519.535
Finished Loading Part and Timing Information : Time (s): cpu = 00:00:39 ; elapsed = 00:01:07 . Memory (MB): peak = 748.309 ; gain = 519.535
Finished applying 'set_property' XDC Constraints : Time (s): cpu = 00:00:39 ; elapsed = 00:01:07 . Memory (MB): peak = 748.309 ; gain = 519.535
Finished RTL Optimization Phase 2 : Time (s): cpu = 00:00:40 ; elapsed = 00:01:07 . Memory (MB): peak = 748.309 ; gain = 519.535
Finished Cross Boundary and Area Optimization : Time (s): cpu = 00:00:41 ; elapsed = 00:01:09 . Memory (MB): peak = 748.309 ; gain = 519.535
Finished Applying XDC Timing Constraints : Time (s): cpu = 00:01:12 ; elapsed = 00:02:02 . Memory (MB): peak = 748.309 ; gain = 519.535
Finished Timing Optimization : Time (s): cpu = 00:01:12 ; elapsed = 00:02:02 . Memory (MB): peak = 748.309 ; gain = 519.535
Finished Technology Mapping : Time (s): cpu = 00:01:12 ; elapsed = 00:02:03 . Memory (MB): peak = 748.309 ; gain = 519.535
Finished IO Insertion : Time (s): cpu = 00:01:13 ; elapsed = 00:02:05 . Memory (MB): peak = 748.309 ; gain = 519.535
Finished Renaming Generated Instances : Time (s): cpu = 00:01:13 ; elapsed = 00:02:05 . Memory (MB): peak = 748.309 ; gain = 519.535
Finished Rebuilding User Hierarchy : Time (s): cpu = 00:01:13 ; elapsed = 00:02:05 . Memory (MB): peak = 748.309 ; gain = 519.535
Finished Renaming Generated Ports : Time (s): cpu = 00:01:13 ; elapsed = 00:02:05 . Memory (MB): peak = 748.309 ; gain = 519.535
Finished Handling Custom Attributes : Time (s): cpu = 00:01:13 ; elapsed = 00:02:05 . Memory (MB): peak = 748.309 ; gain = 519.535
Finished Renaming Generated Nets : Time (s): cpu = 00:01:13 ; elapsed = 00:02:05 . Memory (MB): peak = 748.309 ; gain = 519.535

Report Cell Usage: 
+------+------+------+
|      |Cell  |Count |
+------+------+------+
|1     |LUT1  |     5|
|2     |LUT2  |     9|
|3     |LUT3  |     1|
|4     |LUT4  |     6|
|5     |LUT5  |     3|
|6     |LUT6  |     1|
|7     |SRL16 |     1|
|8     |FDR   |     8|
|9     |FDRE  |    28|
|10    |FDSE  |     4|
+------+------+------+
Finished Writing Synthesis Report : Time (s): cpu = 00:01:13 ; elapsed = 00:02:05 . Memory (MB): peak = 748.309 ; gain = 519.535
synth_design: Time (s): cpu = 00:01:17 ; elapsed = 00:02:11 . Memory (MB): peak = 748.309 ; gain = 520.160
