
*** Running vivado
    with args -log luminance_quant.vds -m64 -product Vivado -mode batch -messageDb vivado.pb -notrace -source luminance_quant.tcl


****** Vivado v2017.2 (64-bit)
  **** SW Build 1909853 on Thu Jun 15 18:39:09 MDT 2017
  **** IP Build 1909766 on Thu Jun 15 19:58:00 MDT 2017
    ** Copyright 1986-2017 Xilinx, Inc. All Rights Reserved.

source luminance_quant.tcl -notrace
Starting RTL Elaboration : Time (s): cpu = 00:00:04 ; elapsed = 00:00:05 . Memory (MB): peak = 320.270 ; gain = 79.773
INFO: [Synth 8-638] synthesizing module 'luminance_quant' [c:/Users/lsneler/Desktop/Repository/JPEG_conversion/quantizator/quantizator.srcs/sources_1/ip/luminance_quant/synth/luminance_quant.vhd:69]
INFO: [Synth 8-256] done synthesizing module 'luminance_quant' (9#1) [c:/Users/lsneler/Desktop/Repository/JPEG_conversion/quantizator/quantizator.srcs/sources_1/ip/luminance_quant/synth/luminance_quant.vhd:69]
Finished RTL Elaboration : Time (s): cpu = 00:00:46 ; elapsed = 00:00:47 . Memory (MB): peak = 527.219 ; gain = 286.723
Finished RTL Optimization Phase 1 : Time (s): cpu = 00:00:46 ; elapsed = 00:00:48 . Memory (MB): peak = 527.219 ; gain = 286.723
INFO: [Device 21-403] Loading part xc7z010clg400-1
Constraint Validation Runtime : Time (s): cpu = 00:00:00 ; elapsed = 00:00:00.012 . Memory (MB): peak = 587.609 ; gain = 0.000
Finished Constraint Validation : Time (s): cpu = 00:00:54 ; elapsed = 00:01:05 . Memory (MB): peak = 587.609 ; gain = 347.113
Finished Loading Part and Timing Information : Time (s): cpu = 00:00:54 ; elapsed = 00:01:05 . Memory (MB): peak = 587.609 ; gain = 347.113
Finished applying 'set_property' XDC Constraints : Time (s): cpu = 00:00:54 ; elapsed = 00:01:05 . Memory (MB): peak = 587.609 ; gain = 347.113
Finished RTL Optimization Phase 2 : Time (s): cpu = 00:00:54 ; elapsed = 00:01:06 . Memory (MB): peak = 587.609 ; gain = 347.113
Finished Cross Boundary and Area Optimization : Time (s): cpu = 00:00:55 ; elapsed = 00:01:06 . Memory (MB): peak = 587.609 ; gain = 347.113
Finished Applying XDC Timing Constraints : Time (s): cpu = 00:01:05 ; elapsed = 00:01:16 . Memory (MB): peak = 616.957 ; gain = 376.461
Finished Timing Optimization : Time (s): cpu = 00:01:05 ; elapsed = 00:01:16 . Memory (MB): peak = 616.957 ; gain = 376.461
Finished Technology Mapping : Time (s): cpu = 00:01:05 ; elapsed = 00:01:16 . Memory (MB): peak = 627.102 ; gain = 386.605
Finished IO Insertion : Time (s): cpu = 00:01:05 ; elapsed = 00:01:17 . Memory (MB): peak = 627.102 ; gain = 386.605
Finished Renaming Generated Instances : Time (s): cpu = 00:01:05 ; elapsed = 00:01:17 . Memory (MB): peak = 627.102 ; gain = 386.605
Finished Rebuilding User Hierarchy : Time (s): cpu = 00:01:05 ; elapsed = 00:01:17 . Memory (MB): peak = 627.102 ; gain = 386.605
Finished Renaming Generated Ports : Time (s): cpu = 00:01:05 ; elapsed = 00:01:17 . Memory (MB): peak = 627.102 ; gain = 386.605
Finished Handling Custom Attributes : Time (s): cpu = 00:01:05 ; elapsed = 00:01:17 . Memory (MB): peak = 627.102 ; gain = 386.605
Finished Renaming Generated Nets : Time (s): cpu = 00:01:05 ; elapsed = 00:01:17 . Memory (MB): peak = 627.102 ; gain = 386.605

Report Cell Usage: 
+------+---------+------+
|      |Cell     |Count |
+------+---------+------+
|1     |RAMB18E1 |     1|
+------+---------+------+
Finished Writing Synthesis Report : Time (s): cpu = 00:01:05 ; elapsed = 00:01:17 . Memory (MB): peak = 627.102 ; gain = 386.605
synth_design: Time (s): cpu = 00:01:07 ; elapsed = 00:01:18 . Memory (MB): peak = 640.629 ; gain = 402.762
