
*** Running vivado
    with args -log luminance_quant.vds -m64 -product Vivado -mode batch -messageDb vivado.pb -notrace -source luminance_quant.tcl


****** Vivado v2017.2 (64-bit)
  **** SW Build 1909853 on Thu Jun 15 18:39:09 MDT 2017
  **** IP Build 1909766 on Thu Jun 15 19:58:00 MDT 2017
    ** Copyright 1986-2017 Xilinx, Inc. All Rights Reserved.

source luminance_quant.tcl -notrace
Starting RTL Elaboration : Time (s): cpu = 00:00:05 ; elapsed = 00:00:05 . Memory (MB): peak = 320.695 ; gain = 80.191
INFO: [Synth 8-638] synthesizing module 'luminance_quant' [c:/Users/lsneler/Desktop/Repository/JPEG_conversion/quantizator/quantizator.srcs/sources_1/ip/luminance_quant/synth/luminance_quant.vhd:67]
INFO: [Synth 8-256] done synthesizing module 'luminance_quant' (9#1) [c:/Users/lsneler/Desktop/Repository/JPEG_conversion/quantizator/quantizator.srcs/sources_1/ip/luminance_quant/synth/luminance_quant.vhd:67]
Finished RTL Elaboration : Time (s): cpu = 00:00:43 ; elapsed = 00:00:44 . Memory (MB): peak = 526.477 ; gain = 285.973
Finished RTL Optimization Phase 1 : Time (s): cpu = 00:00:44 ; elapsed = 00:00:44 . Memory (MB): peak = 526.477 ; gain = 285.973
INFO: [Device 21-403] Loading part xc7z010clg400-1
Constraint Validation Runtime : Time (s): cpu = 00:00:00 ; elapsed = 00:00:00.011 . Memory (MB): peak = 587.609 ; gain = 0.000
Finished Constraint Validation : Time (s): cpu = 00:00:51 ; elapsed = 00:01:01 . Memory (MB): peak = 587.609 ; gain = 347.105
Finished Loading Part and Timing Information : Time (s): cpu = 00:00:51 ; elapsed = 00:01:01 . Memory (MB): peak = 587.609 ; gain = 347.105
Finished applying 'set_property' XDC Constraints : Time (s): cpu = 00:00:51 ; elapsed = 00:01:01 . Memory (MB): peak = 587.609 ; gain = 347.105
Finished RTL Optimization Phase 2 : Time (s): cpu = 00:00:51 ; elapsed = 00:01:01 . Memory (MB): peak = 587.609 ; gain = 347.105
Finished Cross Boundary and Area Optimization : Time (s): cpu = 00:00:52 ; elapsed = 00:01:02 . Memory (MB): peak = 587.609 ; gain = 347.105
Finished Applying XDC Timing Constraints : Time (s): cpu = 00:01:01 ; elapsed = 00:01:11 . Memory (MB): peak = 615.980 ; gain = 375.477
Finished Timing Optimization : Time (s): cpu = 00:01:01 ; elapsed = 00:01:11 . Memory (MB): peak = 615.980 ; gain = 375.477
Finished Technology Mapping : Time (s): cpu = 00:01:01 ; elapsed = 00:01:11 . Memory (MB): peak = 626.121 ; gain = 385.617
Finished IO Insertion : Time (s): cpu = 00:01:02 ; elapsed = 00:01:12 . Memory (MB): peak = 626.121 ; gain = 385.617
Finished Renaming Generated Instances : Time (s): cpu = 00:01:02 ; elapsed = 00:01:12 . Memory (MB): peak = 626.121 ; gain = 385.617
Finished Rebuilding User Hierarchy : Time (s): cpu = 00:01:02 ; elapsed = 00:01:12 . Memory (MB): peak = 626.121 ; gain = 385.617
Finished Renaming Generated Ports : Time (s): cpu = 00:01:02 ; elapsed = 00:01:12 . Memory (MB): peak = 626.121 ; gain = 385.617
Finished Handling Custom Attributes : Time (s): cpu = 00:01:02 ; elapsed = 00:01:12 . Memory (MB): peak = 626.121 ; gain = 385.617
Finished Renaming Generated Nets : Time (s): cpu = 00:01:02 ; elapsed = 00:01:12 . Memory (MB): peak = 626.121 ; gain = 385.617

Report Cell Usage: 
+------+---------+------+
|      |Cell     |Count |
+------+---------+------+
|1     |RAMB18E1 |     1|
+------+---------+------+
Finished Writing Synthesis Report : Time (s): cpu = 00:01:02 ; elapsed = 00:01:12 . Memory (MB): peak = 626.121 ; gain = 385.617
synth_design: Time (s): cpu = 00:01:02 ; elapsed = 00:01:13 . Memory (MB): peak = 639.648 ; gain = 400.777
