
*** Running vivado
    with args -log blk_mem_gen_0.vds -m64 -product Vivado -mode batch -messageDb vivado.pb -notrace -source blk_mem_gen_0.tcl


****** Vivado v2017.2 (64-bit)
  **** SW Build 1909853 on Thu Jun 15 18:39:09 MDT 2017
  **** IP Build 1909766 on Thu Jun 15 19:58:00 MDT 2017
    ** Copyright 1986-2017 Xilinx, Inc. All Rights Reserved.

source blk_mem_gen_0.tcl -notrace
Starting RTL Elaboration : Time (s): cpu = 00:00:04 ; elapsed = 00:00:05 . Memory (MB): peak = 320.758 ; gain = 80.520
INFO: [Synth 8-638] synthesizing module 'blk_mem_gen_0' [c:/Users/lsneler/Desktop/Repo/JPEG_conv/component_modules/RLE/RLE.srcs/sources_1/ip/blk_mem_gen_0/synth/blk_mem_gen_0.vhd:68]
INFO: [Synth 8-256] done synthesizing module 'blk_mem_gen_0' (9#1) [c:/Users/lsneler/Desktop/Repo/JPEG_conv/component_modules/RLE/RLE.srcs/sources_1/ip/blk_mem_gen_0/synth/blk_mem_gen_0.vhd:68]
Finished RTL Elaboration : Time (s): cpu = 00:00:43 ; elapsed = 00:00:44 . Memory (MB): peak = 526.578 ; gain = 286.340
Finished RTL Optimization Phase 1 : Time (s): cpu = 00:00:43 ; elapsed = 00:00:44 . Memory (MB): peak = 526.578 ; gain = 286.340
INFO: [Device 21-403] Loading part xc7z010clg400-1
Constraint Validation Runtime : Time (s): cpu = 00:00:00 ; elapsed = 00:00:00.011 . Memory (MB): peak = 587.625 ; gain = 0.000
Finished Constraint Validation : Time (s): cpu = 00:00:51 ; elapsed = 00:01:02 . Memory (MB): peak = 587.625 ; gain = 347.387
Finished Loading Part and Timing Information : Time (s): cpu = 00:00:51 ; elapsed = 00:01:02 . Memory (MB): peak = 587.625 ; gain = 347.387
Finished applying 'set_property' XDC Constraints : Time (s): cpu = 00:00:51 ; elapsed = 00:01:02 . Memory (MB): peak = 587.625 ; gain = 347.387
Finished RTL Optimization Phase 2 : Time (s): cpu = 00:00:51 ; elapsed = 00:01:02 . Memory (MB): peak = 587.625 ; gain = 347.387
Finished Cross Boundary and Area Optimization : Time (s): cpu = 00:00:51 ; elapsed = 00:01:02 . Memory (MB): peak = 587.625 ; gain = 347.387
Finished Applying XDC Timing Constraints : Time (s): cpu = 00:01:01 ; elapsed = 00:01:12 . Memory (MB): peak = 615.973 ; gain = 375.734
Finished Timing Optimization : Time (s): cpu = 00:01:01 ; elapsed = 00:01:12 . Memory (MB): peak = 615.973 ; gain = 375.734
Finished Technology Mapping : Time (s): cpu = 00:01:01 ; elapsed = 00:01:12 . Memory (MB): peak = 626.113 ; gain = 385.875
Finished IO Insertion : Time (s): cpu = 00:01:01 ; elapsed = 00:01:12 . Memory (MB): peak = 626.113 ; gain = 385.875
Finished Renaming Generated Instances : Time (s): cpu = 00:01:01 ; elapsed = 00:01:12 . Memory (MB): peak = 626.113 ; gain = 385.875
Finished Rebuilding User Hierarchy : Time (s): cpu = 00:01:01 ; elapsed = 00:01:12 . Memory (MB): peak = 626.113 ; gain = 385.875
Finished Renaming Generated Ports : Time (s): cpu = 00:01:01 ; elapsed = 00:01:12 . Memory (MB): peak = 626.113 ; gain = 385.875
Finished Handling Custom Attributes : Time (s): cpu = 00:01:01 ; elapsed = 00:01:12 . Memory (MB): peak = 626.113 ; gain = 385.875
Finished Renaming Generated Nets : Time (s): cpu = 00:01:01 ; elapsed = 00:01:12 . Memory (MB): peak = 626.113 ; gain = 385.875

Report Cell Usage: 
+------+---------+------+
|      |Cell     |Count |
+------+---------+------+
|1     |RAMB18E1 |     1|
+------+---------+------+
Finished Writing Synthesis Report : Time (s): cpu = 00:01:01 ; elapsed = 00:01:12 . Memory (MB): peak = 626.113 ; gain = 385.875
synth_design: Time (s): cpu = 00:01:03 ; elapsed = 00:01:14 . Memory (MB): peak = 639.641 ; gain = 400.027
