
*** Running vivado
    with args -log converter_ila_0_0.vds -m64 -product Vivado -mode batch -messageDb vivado.pb -notrace -source converter_ila_0_0.tcl


****** Vivado v2017.2 (64-bit)
  **** SW Build 1909853 on Thu Jun 15 18:39:09 MDT 2017
  **** IP Build 1909766 on Thu Jun 15 19:58:00 MDT 2017
    ** Copyright 1986-2017 Xilinx, Inc. All Rights Reserved.

source converter_ila_0_0.tcl -notrace
Starting RTL Elaboration : Time (s): cpu = 00:00:05 ; elapsed = 00:00:06 . Memory (MB): peak = 383.914 ; gain = 102.215
INFO: [Synth 8-638] synthesizing module 'converter_ila_0_0' [c:/Users/lsneler/Desktop/Repo/JPEG_conv/raw2jpeg/raw2jpeg.srcs/sources_1/bd/converter/ip/converter_ila_0_0/synth/converter_ila_0_0.v:84]
INFO: [Synth 8-638] synthesizing module 'CFGLUT5' [C:/Xilinx/Vivado/2017.2/scripts/rt/data/unisim_comp.v:998]
INFO: [Synth 8-256] done synthesizing module 'CFGLUT5' (8#1) [C:/Xilinx/Vivado/2017.2/scripts/rt/data/unisim_comp.v:998]
INFO: [Synth 8-638] synthesizing module 'CARRY4' [C:/Xilinx/Vivado/2017.2/scripts/rt/data/unisim_comp.v:961]
INFO: [Synth 8-256] done synthesizing module 'CARRY4' (9#1) [C:/Xilinx/Vivado/2017.2/scripts/rt/data/unisim_comp.v:961]
INFO: [Synth 8-638] synthesizing module 'SRLC32E' [C:/Xilinx/Vivado/2017.2/scripts/rt/data/unisim_comp.v:43823]
INFO: [Synth 8-256] done synthesizing module 'SRLC32E' (19#1) [C:/Xilinx/Vivado/2017.2/scripts/rt/data/unisim_comp.v:43823]
INFO: [Synth 8-638] synthesizing module 'SRL16E' [C:/Xilinx/Vivado/2017.2/scripts/rt/data/unisim_comp.v:43673]
INFO: [Synth 8-256] done synthesizing module 'SRL16E' (21#1) [C:/Xilinx/Vivado/2017.2/scripts/rt/data/unisim_comp.v:43673]
INFO: [Synth 8-638] synthesizing module 'SRLC16E' [C:/Xilinx/Vivado/2017.2/scripts/rt/data/unisim_comp.v:43762]
INFO: [Synth 8-256] done synthesizing module 'SRLC16E' (23#1) [C:/Xilinx/Vivado/2017.2/scripts/rt/data/unisim_comp.v:43762]
INFO: [Synth 8-638] synthesizing module 'FDRE' [C:/Xilinx/Vivado/2017.2/scripts/rt/data/unisim_comp.v:3964]
INFO: [Synth 8-256] done synthesizing module 'FDRE' (28#1) [C:/Xilinx/Vivado/2017.2/scripts/rt/data/unisim_comp.v:3964]
INFO: [Synth 8-256] done synthesizing module 'converter_ila_0_0' (46#1) [c:/Users/lsneler/Desktop/Repo/JPEG_conv/raw2jpeg/raw2jpeg.srcs/sources_1/bd/converter/ip/converter_ila_0_0/synth/converter_ila_0_0.v:84]
Finished RTL Elaboration : Time (s): cpu = 00:00:58 ; elapsed = 00:00:59 . Memory (MB): peak = 693.043 ; gain = 411.344
Finished RTL Optimization Phase 1 : Time (s): cpu = 00:00:58 ; elapsed = 00:00:59 . Memory (MB): peak = 693.043 ; gain = 411.344
INFO: [Device 21-403] Loading part xc7z010clg400-1
Constraint Validation Runtime : Time (s): cpu = 00:00:00 ; elapsed = 00:00:00.054 . Memory (MB): peak = 757.309 ; gain = 0.000
Finished Constraint Validation : Time (s): cpu = 00:01:08 ; elapsed = 00:01:18 . Memory (MB): peak = 757.309 ; gain = 475.609
Finished Loading Part and Timing Information : Time (s): cpu = 00:01:08 ; elapsed = 00:01:18 . Memory (MB): peak = 757.309 ; gain = 475.609
Finished applying 'set_property' XDC Constraints : Time (s): cpu = 00:01:08 ; elapsed = 00:01:18 . Memory (MB): peak = 757.309 ; gain = 475.609
Finished RTL Optimization Phase 2 : Time (s): cpu = 00:01:09 ; elapsed = 00:01:20 . Memory (MB): peak = 757.309 ; gain = 475.609
Finished Cross Boundary and Area Optimization : Time (s): cpu = 00:01:14 ; elapsed = 00:01:25 . Memory (MB): peak = 757.309 ; gain = 475.609
Finished Applying XDC Timing Constraints : Time (s): cpu = 00:01:24 ; elapsed = 00:01:35 . Memory (MB): peak = 757.309 ; gain = 475.609
Finished Timing Optimization : Time (s): cpu = 00:01:24 ; elapsed = 00:01:35 . Memory (MB): peak = 757.309 ; gain = 475.609
Finished Technology Mapping : Time (s): cpu = 00:01:25 ; elapsed = 00:01:36 . Memory (MB): peak = 757.309 ; gain = 475.609
Finished IO Insertion : Time (s): cpu = 00:01:25 ; elapsed = 00:01:37 . Memory (MB): peak = 757.309 ; gain = 475.609
Finished Renaming Generated Instances : Time (s): cpu = 00:01:25 ; elapsed = 00:01:37 . Memory (MB): peak = 757.309 ; gain = 475.609
Finished Rebuilding User Hierarchy : Time (s): cpu = 00:01:25 ; elapsed = 00:01:37 . Memory (MB): peak = 757.309 ; gain = 475.609
Finished Renaming Generated Ports : Time (s): cpu = 00:01:25 ; elapsed = 00:01:37 . Memory (MB): peak = 757.309 ; gain = 475.609
Finished Handling Custom Attributes : Time (s): cpu = 00:01:25 ; elapsed = 00:01:37 . Memory (MB): peak = 757.309 ; gain = 475.609
Finished Renaming Generated Nets : Time (s): cpu = 00:01:25 ; elapsed = 00:01:37 . Memory (MB): peak = 757.309 ; gain = 475.609

Report Cell Usage: 
+------+---------+------+
|      |Cell     |Count |
+------+---------+------+
|1     |CARRY4   |    13|
|2     |CFGLUT5  |    37|
|3     |LUT1     |    26|
|4     |LUT2     |    47|
|5     |LUT3     |    71|
|6     |LUT4     |    75|
|7     |LUT5     |    81|
|8     |LUT6     |   260|
|9     |MUXF7    |     7|
|10    |RAMB18E1 |     1|
|11    |SRL16E   |    12|
|12    |SRLC16E  |     2|
|13    |SRLC32E  |    17|
|14    |FDRE     |   924|
|15    |FDSE     |     9|
+------+---------+------+
Finished Writing Synthesis Report : Time (s): cpu = 00:01:25 ; elapsed = 00:01:37 . Memory (MB): peak = 757.309 ; gain = 475.609
synth_design: Time (s): cpu = 00:01:27 ; elapsed = 00:01:39 . Memory (MB): peak = 757.309 ; gain = 475.609
