
*** Running vivado
    with args -log design_1_blk_mem_gen_1_0.vds -m64 -product Vivado -mode batch -messageDb vivado.pb -notrace -source design_1_blk_mem_gen_1_0.tcl


****** Vivado v2017.2 (64-bit)
  **** SW Build 1909853 on Thu Jun 15 18:39:09 MDT 2017
  **** IP Build 1909766 on Thu Jun 15 19:58:00 MDT 2017
    ** Copyright 1986-2017 Xilinx, Inc. All Rights Reserved.

source design_1_blk_mem_gen_1_0.tcl -notrace
Starting RTL Elaboration : Time (s): cpu = 00:00:04 ; elapsed = 00:00:05 . Memory (MB): peak = 315.676 ; gain = 79.863
INFO: [Synth 8-638] synthesizing module 'design_1_blk_mem_gen_1_0' [d:/VivadoProjects/Memory/memory/memory.srcs/sources_1/bd/design_1/ip/design_1_blk_mem_gen_1_0/synth/design_1_blk_mem_gen_1_0.vhd:75]
INFO: [Synth 8-256] done synthesizing module 'design_1_blk_mem_gen_1_0' (9#1) [d:/VivadoProjects/Memory/memory/memory.srcs/sources_1/bd/design_1/ip/design_1_blk_mem_gen_1_0/synth/design_1_blk_mem_gen_1_0.vhd:75]
Finished RTL Elaboration : Time (s): cpu = 00:00:43 ; elapsed = 00:00:44 . Memory (MB): peak = 521.316 ; gain = 285.504
Finished RTL Optimization Phase 1 : Time (s): cpu = 00:00:43 ; elapsed = 00:00:44 . Memory (MB): peak = 521.316 ; gain = 285.504
INFO: [Device 21-403] Loading part xc7z010clg400-1
Constraint Validation Runtime : Time (s): cpu = 00:00:00 ; elapsed = 00:00:00.022 . Memory (MB): peak = 582.242 ; gain = 0.000
Finished Constraint Validation : Time (s): cpu = 00:00:51 ; elapsed = 00:00:52 . Memory (MB): peak = 582.242 ; gain = 346.430
Finished Loading Part and Timing Information : Time (s): cpu = 00:00:51 ; elapsed = 00:00:52 . Memory (MB): peak = 582.242 ; gain = 346.430
Finished applying 'set_property' XDC Constraints : Time (s): cpu = 00:00:51 ; elapsed = 00:00:52 . Memory (MB): peak = 582.242 ; gain = 346.430
Finished RTL Optimization Phase 2 : Time (s): cpu = 00:00:51 ; elapsed = 00:00:52 . Memory (MB): peak = 582.242 ; gain = 346.430
Finished Cross Boundary and Area Optimization : Time (s): cpu = 00:00:51 ; elapsed = 00:00:53 . Memory (MB): peak = 582.242 ; gain = 346.430
Finished Applying XDC Timing Constraints : Time (s): cpu = 00:00:59 ; elapsed = 00:01:01 . Memory (MB): peak = 610.512 ; gain = 374.699
Finished Timing Optimization : Time (s): cpu = 00:00:59 ; elapsed = 00:01:01 . Memory (MB): peak = 610.512 ; gain = 374.699
Finished Technology Mapping : Time (s): cpu = 00:01:00 ; elapsed = 00:01:01 . Memory (MB): peak = 620.656 ; gain = 384.844
Finished IO Insertion : Time (s): cpu = 00:01:00 ; elapsed = 00:01:02 . Memory (MB): peak = 620.656 ; gain = 384.844
Finished Renaming Generated Instances : Time (s): cpu = 00:01:00 ; elapsed = 00:01:02 . Memory (MB): peak = 620.656 ; gain = 384.844
Finished Rebuilding User Hierarchy : Time (s): cpu = 00:01:00 ; elapsed = 00:01:02 . Memory (MB): peak = 620.656 ; gain = 384.844
Finished Renaming Generated Ports : Time (s): cpu = 00:01:00 ; elapsed = 00:01:02 . Memory (MB): peak = 620.656 ; gain = 384.844
Finished Handling Custom Attributes : Time (s): cpu = 00:01:00 ; elapsed = 00:01:02 . Memory (MB): peak = 620.656 ; gain = 384.844
Finished Renaming Generated Nets : Time (s): cpu = 00:01:00 ; elapsed = 00:01:02 . Memory (MB): peak = 620.656 ; gain = 384.844

Report Cell Usage: 
+------+---------+------+
|      |Cell     |Count |
+------+---------+------+
|1     |RAMB18E1 |     1|
+------+---------+------+
Finished Writing Synthesis Report : Time (s): cpu = 00:01:00 ; elapsed = 00:01:02 . Memory (MB): peak = 620.656 ; gain = 384.844
synth_design: Time (s): cpu = 00:01:01 ; elapsed = 00:01:03 . Memory (MB): peak = 633.180 ; gain = 399.504
