
*** Running vivado
    with args -log converter_xlconstant_0_0.vds -m64 -product Vivado -mode batch -messageDb vivado.pb -notrace -source converter_xlconstant_0_0.tcl


****** Vivado v2017.2 (64-bit)
  **** SW Build 1909853 on Thu Jun 15 18:39:09 MDT 2017
  **** IP Build 1909766 on Thu Jun 15 19:58:00 MDT 2017
    ** Copyright 1986-2017 Xilinx, Inc. All Rights Reserved.

source converter_xlconstant_0_0.tcl -notrace
Starting RTL Elaboration : Time (s): cpu = 00:00:03 ; elapsed = 00:00:03 . Memory (MB): peak = 320.207 ; gain = 80.766
INFO: [Synth 8-638] synthesizing module 'converter_xlconstant_0_0' [c:/Users/lsneler/Desktop/Repository/JPEG_conversion/raw2jpeg/raw2jpeg.srcs/sources_1/bd/converter/ip/converter_xlconstant_0_0/synth/converter_xlconstant_0_0.v:57]
INFO: [Synth 8-638] synthesizing module 'xlconstant_v1_1_3_xlconstant' [c:/Users/lsneler/Desktop/Repository/JPEG_conversion/raw2jpeg/raw2jpeg.srcs/sources_1/bd/converter/ipshared/45df/hdl/xlconstant_v1_1_vl_rfs.v:23]
INFO: [Synth 8-256] done synthesizing module 'xlconstant_v1_1_3_xlconstant' (1#1) [c:/Users/lsneler/Desktop/Repository/JPEG_conversion/raw2jpeg/raw2jpeg.srcs/sources_1/bd/converter/ipshared/45df/hdl/xlconstant_v1_1_vl_rfs.v:23]
INFO: [Synth 8-256] done synthesizing module 'converter_xlconstant_0_0' (2#1) [c:/Users/lsneler/Desktop/Repository/JPEG_conversion/raw2jpeg/raw2jpeg.srcs/sources_1/bd/converter/ip/converter_xlconstant_0_0/synth/converter_xlconstant_0_0.v:57]
Finished RTL Elaboration : Time (s): cpu = 00:00:03 ; elapsed = 00:00:04 . Memory (MB): peak = 359.535 ; gain = 120.094
Finished RTL Optimization Phase 1 : Time (s): cpu = 00:00:03 ; elapsed = 00:00:04 . Memory (MB): peak = 359.535 ; gain = 120.094
INFO: [Device 21-403] Loading part xc7z010clg400-1
Constraint Validation Runtime : Time (s): cpu = 00:00:00 ; elapsed = 00:00:00.012 . Memory (MB): peak = 554.867 ; gain = 0.000
Finished Constraint Validation : Time (s): cpu = 00:00:11 ; elapsed = 00:00:21 . Memory (MB): peak = 554.867 ; gain = 315.426
Finished Loading Part and Timing Information : Time (s): cpu = 00:00:11 ; elapsed = 00:00:21 . Memory (MB): peak = 554.867 ; gain = 315.426
Finished applying 'set_property' XDC Constraints : Time (s): cpu = 00:00:11 ; elapsed = 00:00:21 . Memory (MB): peak = 554.867 ; gain = 315.426
Finished RTL Optimization Phase 2 : Time (s): cpu = 00:00:11 ; elapsed = 00:00:21 . Memory (MB): peak = 554.867 ; gain = 315.426
Finished Cross Boundary and Area Optimization : Time (s): cpu = 00:00:11 ; elapsed = 00:00:21 . Memory (MB): peak = 554.867 ; gain = 315.426
Finished Applying XDC Timing Constraints : Time (s): cpu = 00:00:21 ; elapsed = 00:00:32 . Memory (MB): peak = 600.844 ; gain = 361.402
Finished Timing Optimization : Time (s): cpu = 00:00:21 ; elapsed = 00:00:32 . Memory (MB): peak = 600.844 ; gain = 361.402
Finished Technology Mapping : Time (s): cpu = 00:00:21 ; elapsed = 00:00:32 . Memory (MB): peak = 610.980 ; gain = 371.539
Finished IO Insertion : Time (s): cpu = 00:00:22 ; elapsed = 00:00:32 . Memory (MB): peak = 610.980 ; gain = 371.539
Finished Renaming Generated Instances : Time (s): cpu = 00:00:22 ; elapsed = 00:00:32 . Memory (MB): peak = 610.980 ; gain = 371.539
Finished Rebuilding User Hierarchy : Time (s): cpu = 00:00:22 ; elapsed = 00:00:32 . Memory (MB): peak = 610.980 ; gain = 371.539
Finished Renaming Generated Ports : Time (s): cpu = 00:00:22 ; elapsed = 00:00:32 . Memory (MB): peak = 610.980 ; gain = 371.539
Finished Handling Custom Attributes : Time (s): cpu = 00:00:22 ; elapsed = 00:00:32 . Memory (MB): peak = 610.980 ; gain = 371.539
Finished Renaming Generated Nets : Time (s): cpu = 00:00:22 ; elapsed = 00:00:32 . Memory (MB): peak = 610.980 ; gain = 371.539

Report Cell Usage: 
+-+-----+------+
| |Cell |Count |
+-+-----+------+
+-+-----+------+
Finished Writing Synthesis Report : Time (s): cpu = 00:00:22 ; elapsed = 00:00:32 . Memory (MB): peak = 610.980 ; gain = 371.539
synth_design: Time (s): cpu = 00:00:24 ; elapsed = 00:00:34 . Memory (MB): peak = 628.578 ; gain = 389.762
