#-----------------------------------------------------------
# Vivado v2017.2 (64-bit)
# SW Build 1909853 on Thu Jun 15 18:39:09 MDT 2017
# IP Build 1909766 on Thu Jun 15 19:58:00 MDT 2017
# Start of session at: Thu Aug 22 10:15:30 2019
# Process ID: 3084
# Current directory: C:/Users/lsneler/Desktop/Repo/JPEG_conv/raw2jpeg
# Command line: vivado.exe -gui_launcher_event rodinguilauncherevent4704 C:\Users\lsneler\Desktop\Repo\JPEG_conv\raw2jpeg\raw2jpeg.xpr
# Log file: C:/Users/lsneler/Desktop/Repo/JPEG_conv/raw2jpeg/vivado.log
# Journal file: C:/Users/lsneler/Desktop/Repo/JPEG_conv/raw2jpeg\vivado.jou
#-----------------------------------------------------------
start_gui
open_project C:/Users/lsneler/Desktop/Repo/JPEG_conv/raw2jpeg/raw2jpeg.xpr
Scanning sources...
Finished scanning sources
INFO: [IP_Flow 19-234] Refreshing IP repositories
INFO: [IP_Flow 19-1700] Loaded user IP repository 'c:/Users/lsneler/Desktop/Repo/JPEG_conv/IP_Core_repo'.
INFO: [IP_Flow 19-2313] Loaded Vivado IP repository 'C:/Xilinx/Vivado/2017.2/data/ip'.
WARNING: [IP_Flow 19-3664] IP 'design_1_controller_0_0' generated file not found 'c:/Users/lsneler/Desktop/Repo/JPEG_conv/raw2jpeg/raw2jpeg.srcs/sources_1/bd/design_1/ip/design_1_controller_0_0/stats.txt'. Please regenerate to continue.
WARNING: [IP_Flow 19-3664] IP 'quant_0' generated file not found 'c:/Users/lsneler/Desktop/Repo/JPEG_conv/raw2jpeg/raw2jpeg.srcs/sources_1/ip/quant_0/quant_0.dcp'. Please regenerate to continue.
WARNING: [IP_Flow 19-3664] IP 'quant_0' generated file not found 'c:/Users/lsneler/Desktop/Repo/JPEG_conv/raw2jpeg/raw2jpeg.srcs/sources_1/ip/quant_0/quant_0_stub.v'. Please regenerate to continue.
WARNING: [IP_Flow 19-3664] IP 'quant_0' generated file not found 'c:/Users/lsneler/Desktop/Repo/JPEG_conv/raw2jpeg/raw2jpeg.srcs/sources_1/ip/quant_0/quant_0_stub.vhdl'. Please regenerate to continue.
WARNING: [IP_Flow 19-3664] IP 'quant_0' generated file not found 'c:/Users/lsneler/Desktop/Repo/JPEG_conv/raw2jpeg/raw2jpeg.srcs/sources_1/ip/quant_0/quant_0_sim_netlist.v'. Please regenerate to continue.
WARNING: [IP_Flow 19-3664] IP 'quant_0' generated file not found 'c:/Users/lsneler/Desktop/Repo/JPEG_conv/raw2jpeg/raw2jpeg.srcs/sources_1/ip/quant_0/quant_0_sim_netlist.vhdl'. Please regenerate to continue.
WARNING: [IP_Flow 19-3664] IP 'blk_mem_gen_1' generated file not found 'c:/Users/lsneler/Desktop/Repo/JPEG_conv/raw2jpeg/raw2jpeg.srcs/sources_1/ip/blk_mem_gen_1/blk_mem_gen_1.dcp'. Please regenerate to continue.
WARNING: [IP_Flow 19-3664] IP 'blk_mem_gen_1' generated file not found 'c:/Users/lsneler/Desktop/Repo/JPEG_conv/raw2jpeg/raw2jpeg.srcs/sources_1/ip/blk_mem_gen_1/blk_mem_gen_1_stub.v'. Please regenerate to continue.
WARNING: [IP_Flow 19-3664] IP 'blk_mem_gen_1' generated file not found 'c:/Users/lsneler/Desktop/Repo/JPEG_conv/raw2jpeg/raw2jpeg.srcs/sources_1/ip/blk_mem_gen_1/blk_mem_gen_1_stub.vhdl'. Please regenerate to continue.
WARNING: [IP_Flow 19-3664] IP 'blk_mem_gen_1' generated file not found 'c:/Users/lsneler/Desktop/Repo/JPEG_conv/raw2jpeg/raw2jpeg.srcs/sources_1/ip/blk_mem_gen_1/blk_mem_gen_1_sim_netlist.v'. Please regenerate to continue.
WARNING: [IP_Flow 19-3664] IP 'blk_mem_gen_1' generated file not found 'c:/Users/lsneler/Desktop/Repo/JPEG_conv/raw2jpeg/raw2jpeg.srcs/sources_1/ip/blk_mem_gen_1/blk_mem_gen_1_sim_netlist.vhdl'. Please regenerate to continue.
open_project: Time (s): cpu = 00:00:14 ; elapsed = 00:00:27 . Memory (MB): peak = 747.477 ; gain = 33.234
update_compile_order -fileset sources_1
exit
INFO: [Common 17-206] Exiting Vivado at Thu Aug 22 10:23:22 2019...
