#-----------------------------------------------------------
# Vivado v2017.2 (64-bit)
# SW Build 1909853 on Thu Jun 15 18:39:09 MDT 2017
# IP Build 1909766 on Thu Jun 15 19:58:00 MDT 2017
# Start of session at: Wed Aug 14 09:26:11 2019
# Process ID: 3992
# Current directory: C:/Users/lsneler/Desktop/Repo/JPEG_conv/raw2jpeg
# Command line: vivado.exe -gui_launcher_event rodinguilauncherevent3816 C:\Users\lsneler\Desktop\Repo\JPEG_conv\raw2jpeg\raw2jpeg.xpr
# Log file: C:/Users/lsneler/Desktop/Repo/JPEG_conv/raw2jpeg/vivado.log
# Journal file: C:/Users/lsneler/Desktop/Repo/JPEG_conv/raw2jpeg\vivado.jou
#-----------------------------------------------------------
start_gui
open_project C:/Users/lsneler/Desktop/Repo/JPEG_conv/raw2jpeg/raw2jpeg.xpr
INFO: [Project 1-313] Project file moved from 'C:/Users/lsneler/Desktop/Repository/JPEG_conversion/raw2jpeg' since last save.
Scanning sources...
Finished scanning sources
INFO: [IP_Flow 19-234] Refreshing IP repositories
INFO: [IP_Flow 19-1700] Loaded user IP repository 'c:/Users/lsneler/Desktop/Repo/JPEG_conv/IP_Core_repo'.
INFO: [IP_Flow 19-2313] Loaded Vivado IP repository 'C:/Xilinx/Vivado/2017.2/data/ip'.
WARNING: [IP_Flow 19-3664] IP 'converter_auto_pc_0' generated file not found 'c:/Users/lsneler/Desktop/Repo/JPEG_conv/raw2jpeg/raw2jpeg.srcs/sources_1/bd/converter/ip/converter_auto_pc_0/stats.txt'. Please regenerate to continue.
open_project: Time (s): cpu = 00:00:23 ; elapsed = 00:00:37 . Memory (MB): peak = 866.164 ; gain = 174.051
exit
INFO: [Common 17-206] Exiting Vivado at Wed Aug 14 09:27:57 2019...
