#-----------------------------------------------------------
# Vivado v2017.2 (64-bit)
# SW Build 1909853 on Thu Jun 15 18:39:09 MDT 2017
# IP Build 1909766 on Thu Jun 15 19:58:00 MDT 2017
# Start of session at: Wed Aug 21 12:44:38 2019
# Process ID: 3592
# Current directory: C:/Users/lsneler/Desktop/Repo/JPEG_conv/raw2jpeg
# Command line: vivado.exe -gui_launcher_event rodinguilauncherevent4592 C:\Users\lsneler\Desktop\Repo\JPEG_conv\raw2jpeg\raw2jpeg.xpr
# Log file: C:/Users/lsneler/Desktop/Repo/JPEG_conv/raw2jpeg/vivado.log
# Journal file: C:/Users/lsneler/Desktop/Repo/JPEG_conv/raw2jpeg\vivado.jou
#-----------------------------------------------------------
start_gui
open_project C:/Users/lsneler/Desktop/Repo/JPEG_conv/raw2jpeg/raw2jpeg.xpr
Scanning sources...
Finished scanning sources
INFO: [IP_Flow 19-234] Refreshing IP repositories
INFO: [IP_Flow 19-1700] Loaded user IP repository 'c:/Users/lsneler/Desktop/Repo/JPEG_conv/IP_Core_repo'.
INFO: [IP_Flow 19-2313] Loaded Vivado IP repository 'C:/Xilinx/Vivado/2017.2/data/ip'.
WARNING: [IP_Flow 19-3664] IP 'quant_0' generated file not found 'c:/Users/lsneler/Desktop/Repo/JPEG_conv/raw2jpeg/raw2jpeg.srcs/sources_1/ip/quant_0/quant_0.dcp'. Please regenerate to continue.
WARNING: [IP_Flow 19-3664] IP 'quant_0' generated file not found 'c:/Users/lsneler/Desktop/Repo/JPEG_conv/raw2jpeg/raw2jpeg.srcs/sources_1/ip/quant_0/quant_0_stub.v'. Please regenerate to continue.
WARNING: [IP_Flow 19-3664] IP 'quant_0' generated file not found 'c:/Users/lsneler/Desktop/Repo/JPEG_conv/raw2jpeg/raw2jpeg.srcs/sources_1/ip/quant_0/quant_0_stub.vhdl'. Please regenerate to continue.
WARNING: [IP_Flow 19-3664] IP 'quant_0' generated file not found 'c:/Users/lsneler/Desktop/Repo/JPEG_conv/raw2jpeg/raw2jpeg.srcs/sources_1/ip/quant_0/quant_0_sim_netlist.v'. Please regenerate to continue.
WARNING: [IP_Flow 19-3664] IP 'quant_0' generated file not found 'c:/Users/lsneler/Desktop/Repo/JPEG_conv/raw2jpeg/raw2jpeg.srcs/sources_1/ip/quant_0/quant_0_sim_netlist.vhdl'. Please regenerate to continue.
WARNING: [IP_Flow 19-3664] IP 'blk_mem_gen_1' generated file not found 'c:/Users/lsneler/Desktop/Repo/JPEG_conv/raw2jpeg/raw2jpeg.srcs/sources_1/ip/blk_mem_gen_1/blk_mem_gen_1.dcp'. Please regenerate to continue.
WARNING: [IP_Flow 19-3664] IP 'blk_mem_gen_1' generated file not found 'c:/Users/lsneler/Desktop/Repo/JPEG_conv/raw2jpeg/raw2jpeg.srcs/sources_1/ip/blk_mem_gen_1/blk_mem_gen_1_stub.v'. Please regenerate to continue.
WARNING: [IP_Flow 19-3664] IP 'blk_mem_gen_1' generated file not found 'c:/Users/lsneler/Desktop/Repo/JPEG_conv/raw2jpeg/raw2jpeg.srcs/sources_1/ip/blk_mem_gen_1/blk_mem_gen_1_stub.vhdl'. Please regenerate to continue.
WARNING: [IP_Flow 19-3664] IP 'blk_mem_gen_1' generated file not found 'c:/Users/lsneler/Desktop/Repo/JPEG_conv/raw2jpeg/raw2jpeg.srcs/sources_1/ip/blk_mem_gen_1/blk_mem_gen_1_sim_netlist.v'. Please regenerate to continue.
WARNING: [IP_Flow 19-3664] IP 'blk_mem_gen_1' generated file not found 'c:/Users/lsneler/Desktop/Repo/JPEG_conv/raw2jpeg/raw2jpeg.srcs/sources_1/ip/blk_mem_gen_1/blk_mem_gen_1_sim_netlist.vhdl'. Please regenerate to continue.
update_compile_order -fileset sources_1
launch_runs impl_1 -jobs 4
[Wed Aug 21 12:45:04 2019] Launched impl_1...
Run output will be captured here: C:/Users/lsneler/Desktop/Repo/JPEG_conv/raw2jpeg/raw2jpeg.runs/impl_1/runme.log
set_property USED_IN_SYNTHESIS 0 [get_files C:/Users/lsneler/Desktop/Repo/JPEG_conv/raw2jpeg/raw2jpeg.srcs/sim_1/imports/JPEG_conv/tb_raw2jpeg.v]
set_property USED_IN_SIMULATION 1 [get_files C:/Users/lsneler/Desktop/Repo/JPEG_conv/raw2jpeg/raw2jpeg.srcs/sim_1/imports/JPEG_conv/tb_raw2jpeg.v]
set_property USED_IN_SIMULATION 0 [get_files C:/Users/lsneler/Desktop/Repo/JPEG_conv/raw2jpeg/raw2jpeg.srcs/sim_1/imports/JPEG_conv/tb_raw2jpeg.v]
set_property USED_IN_SIMULATION 1 [get_files C:/Users/lsneler/Desktop/Repo/JPEG_conv/raw2jpeg/raw2jpeg.srcs/sim_1/imports/JPEG_conv/tb_raw2jpeg.v]
set_property top tb_raw2jpeg [get_filesets sim_1]
set_property top_lib xil_defaultlib [get_filesets sim_1]
update_compile_order -fileset sim_1
update_compile_order -fileset sim_1
set_property USED_IN_SIMULATION 0 [get_files C:/Users/lsneler/Desktop/Repo/JPEG_conv/raw2jpeg/raw2jpeg.srcs/sources_1/bd/design_1/hdl/design_1_wrapper.v]
set_property USED_IN_SIMULATION 0 [get_files C:/Users/lsneler/Desktop/Repo/JPEG_conv/raw2jpeg/raw2jpeg.srcs/sources_1/bd/design_1/design_1.bd]
set_property USED_IN_IMPLEMENTATION 0 [get_files C:/Users/lsneler/Desktop/Repo/JPEG_conv/raw2jpeg/raw2jpeg.srcs/sources_1/ip/DCT_2D_0/DCT_2D_0.xci]
set_property USED_IN_SYNTHESIS 0 [get_files C:/Users/lsneler/Desktop/Repo/JPEG_conv/raw2jpeg/raw2jpeg.srcs/sources_1/ip/DCT_2D_0/DCT_2D_0.xci]
set_property USED_IN_IMPLEMENTATION 0 [get_files C:/Users/lsneler/Desktop/Repo/JPEG_conv/raw2jpeg/raw2jpeg.srcs/sources_1/ip/blk_mem_gen_0/blk_mem_gen_0.xci]
set_property USED_IN_SYNTHESIS 0 [get_files C:/Users/lsneler/Desktop/Repo/JPEG_conv/raw2jpeg/raw2jpeg.srcs/sources_1/ip/blk_mem_gen_0/blk_mem_gen_0.xci]
set_property USED_IN_IMPLEMENTATION 0 [get_files C:/Users/lsneler/Desktop/Repo/JPEG_conv/raw2jpeg/raw2jpeg.srcs/sources_1/ip/blk_mem_gen_1/blk_mem_gen_1.xci]
set_property USED_IN_SYNTHESIS 0 [get_files C:/Users/lsneler/Desktop/Repo/JPEG_conv/raw2jpeg/raw2jpeg.srcs/sources_1/ip/blk_mem_gen_1/blk_mem_gen_1.xci]
set_property USED_IN_IMPLEMENTATION 0 [get_files C:/Users/lsneler/Desktop/Repo/JPEG_conv/raw2jpeg/raw2jpeg.srcs/sources_1/ip/controller_0/controller_0.xci]
set_property USED_IN_SYNTHESIS 0 [get_files C:/Users/lsneler/Desktop/Repo/JPEG_conv/raw2jpeg/raw2jpeg.srcs/sources_1/ip/controller_0/controller_0.xci]
set_property USED_IN_IMPLEMENTATION 0 [get_files C:/Users/lsneler/Desktop/Repo/JPEG_conv/raw2jpeg/raw2jpeg.srcs/sources_1/ip/quant_0/quant_0.xci]
set_property USED_IN_SYNTHESIS 0 [get_files C:/Users/lsneler/Desktop/Repo/JPEG_conv/raw2jpeg/raw2jpeg.srcs/sources_1/ip/quant_0/quant_0.xci]
set_property USED_IN_SYNTHESIS 0 [get_files C:/Users/lsneler/Desktop/Repo/JPEG_conv/raw2jpeg/raw2jpeg.srcs/sources_1/ip/val_holder_0/val_holder_0.xci]
set_property USED_IN_IMPLEMENTATION 0 [get_files C:/Users/lsneler/Desktop/Repo/JPEG_conv/raw2jpeg/raw2jpeg.srcs/sources_1/ip/val_holder_0/val_holder_0.xci]
exit
INFO: [Common 17-206] Exiting Vivado at Wed Aug 21 12:47:35 2019...
