#-----------------------------------------------------------
# Vivado v2017.2 (64-bit)
# SW Build 1909853 on Thu Jun 15 18:39:09 MDT 2017
# IP Build 1909766 on Thu Jun 15 19:58:00 MDT 2017
# Start of session at: Tue Aug 20 10:18:42 2019
# Process ID: 3940
# Current directory: C:/Users/lsneler/Desktop/Repo/JPEG_conv/raw2jpeg
# Command line: vivado.exe -gui_launcher_event rodinguilauncherevent5092 C:\Users\lsneler\Desktop\Repo\JPEG_conv\raw2jpeg\raw2jpeg.xpr
# Log file: C:/Users/lsneler/Desktop/Repo/JPEG_conv/raw2jpeg/vivado.log
# Journal file: C:/Users/lsneler/Desktop/Repo/JPEG_conv/raw2jpeg\vivado.jou
#-----------------------------------------------------------
start_gui
open_project C:/Users/lsneler/Desktop/Repo/JPEG_conv/raw2jpeg/raw2jpeg.xpr
Scanning sources...
Finished scanning sources
WARNING: [filemgmt 56-3] impl_1 strategy "Vivado Implementation Defaults," step write_bitstream, attribute : Could not find the file 'C:/Users/lsneler/Desktop/Repo/JPEG_conv/raw2jpeg/raw2jpeg.runs/impl_1/converter_wrapper.tcl'.
INFO: [IP_Flow 19-234] Refreshing IP repositories
INFO: [IP_Flow 19-1700] Loaded user IP repository 'c:/Users/lsneler/Desktop/Repo/JPEG_conv/IP_Core_repo'.
INFO: [IP_Flow 19-2313] Loaded Vivado IP repository 'C:/Xilinx/Vivado/2017.2/data/ip'.
WARNING: [IP_Flow 19-3664] IP 'converter_blk_mem_gen_0_0' generated file not found 'c:/Users/lsneler/Desktop/Repo/JPEG_conv/raw2jpeg/raw2jpeg.srcs/sources_1/bd/converter/ip/converter_blk_mem_gen_0_0/stats.txt'. Please regenerate to continue.
WARNING: [IP_Flow 19-3664] IP 'converter_DCT_2D_0_0' generated file not found 'c:/Users/lsneler/Desktop/Repo/JPEG_conv/raw2jpeg/raw2jpeg.srcs/sources_1/bd/converter/ip/converter_DCT_2D_0_0/stats.txt'. Please regenerate to continue.
WARNING: [IP_Flow 19-3664] IP 'converter_controller_0_0' generated file not found 'c:/Users/lsneler/Desktop/Repo/JPEG_conv/raw2jpeg/raw2jpeg.srcs/sources_1/bd/converter/ip/converter_controller_0_0/stats.txt'. Please regenerate to continue.
WARNING: [IP_Flow 19-3664] IP 'converter_blk_mem_gen_1_1' generated file not found 'c:/Users/lsneler/Desktop/Repo/JPEG_conv/raw2jpeg/raw2jpeg.srcs/sources_1/bd/converter/ip/converter_blk_mem_gen_1_1/stats.txt'. Please regenerate to continue.
WARNING: [IP_Flow 19-3664] IP 'converter_val_holder_0_1' generated file not found 'c:/Users/lsneler/Desktop/Repo/JPEG_conv/raw2jpeg/raw2jpeg.srcs/sources_1/bd/converter/ip/converter_val_holder_0_1/stats.txt'. Please regenerate to continue.
WARNING: [IP_Flow 19-3664] IP 'converter_clk_wiz_0_0' generated file not found 'c:/Users/lsneler/Desktop/Repo/JPEG_conv/raw2jpeg/raw2jpeg.srcs/sources_1/bd/converter/ip/converter_clk_wiz_0_0/stats.txt'. Please regenerate to continue.
open_project: Time (s): cpu = 00:00:17 ; elapsed = 00:00:25 . Memory (MB): peak = 836.609 ; gain = 150.027
update_compile_order -fileset sources_1
launch_runs impl_1 -to_step write_bitstream -jobs 4
[Tue Aug 20 10:20:11 2019] Launched impl_1...
Run output will be captured here: C:/Users/lsneler/Desktop/Repo/JPEG_conv/raw2jpeg/raw2jpeg.runs/impl_1/runme.log
open_bd_design {C:/Users/lsneler/Desktop/Repo/JPEG_conv/raw2jpeg/raw2jpeg.srcs/sources_1/bd/converter/converter.bd}
Adding cell -- xilinx.com:ip:blk_mem_gen:8.3 - blk_mem_gen_0
Adding cell -- xilinx.com:ip:blk_mem_gen:8.3 - blk_mem_gen_1
Adding cell -- domain.local:user:DCT_2D:1.0 - DCT_2D_0
Adding cell -- domain.local:user:val_holder:1.0 - val_holder_0
Adding cell -- xilinx.com:ip:clk_wiz:5.4 - clk_wiz_0
Adding cell -- domain.local:user:controller:1.0 - controller_0
Adding cell -- xilinx.com:ip:ila:6.2 - ila_0
INFO: [xilinx.com:ip:ila:6.2-6] /ila_0: Xilinx recommends using the System ILA IP in IP Integrator. The System ILA IP is functionally equivalent to an ILA and offers additional benefits in debugging interfaces both within IP Integrator and the Hardware Manager. Consult the Programming and Debug User Guide UG908 for further details.
Adding cell -- domain.local:user:quant:1.0 - quant_0
Successfully read diagram <converter> from BD file <C:/Users/lsneler/Desktop/Repo/JPEG_conv/raw2jpeg/raw2jpeg.srcs/sources_1/bd/converter/converter.bd>
open_bd_design: Time (s): cpu = 00:00:06 ; elapsed = 00:00:07 . Memory (MB): peak = 919.719 ; gain = 0.000
WARNING: [Common 17-9] Error reading message records.
reset_run impl_1 -prev_step 
INFO: [Device 21-403] Loading part xc7z010clg400-1
WARNING: [IP_Flow 19-4067] Ignoring invalid widget type specified checkbox.Providing a default widget
WARNING: [IP_Flow 19-4067] Ignoring invalid widget type specified checkbox.Providing a default widget
startgroup
set_property -dict [list CONFIG.Memory_Type {True_Dual_Port_RAM} CONFIG.Enable_B {Use_ENB_Pin} CONFIG.Register_PortB_Output_of_Memory_Primitives {true} CONFIG.Port_B_Clock {100} CONFIG.Port_B_Write_Rate {50} CONFIG.Port_B_Enable_Rate {100}] [get_bd_cells blk_mem_gen_1]
endgroup
connect_bd_net [get_bd_pins blk_mem_gen_1/clkb] [get_bd_pins clk_wiz_0/clk_out1]
WARNING: [BD 41-1306] The connection to interface pin /blk_mem_gen_1/clkb is being overridden by the user. This pin will not be connected as a part of interface connection BRAM_PORTB
delete_bd_objs [get_bd_nets blk_mem_gen_1_douta]
connect_bd_net [get_bd_pins blk_mem_gen_1/doutb] [get_bd_pins ila_0/probe0]
WARNING: [BD 41-1306] The connection to interface pin /blk_mem_gen_1/doutb is being overridden by the user. This pin will not be connected as a part of interface connection BRAM_PORTB
create_bd_port -dir I GND
set_property location {1293 708} [get_bd_ports GND]
delete_bd_objs [get_bd_ports GND]
startgroup
create_bd_cell -type ip -vlnv domain.local:user:zig_zag:1.0 zig_zag_0
endgroup
connect_bd_net [get_bd_pins zig_zag_0/addr_BRAM] [get_bd_pins blk_mem_gen_1/addrb]
WARNING: [BD 41-1306] The connection to interface pin /blk_mem_gen_1/addrb is being overridden by the user. This pin will not be connected as a part of interface connection BRAM_PORTB
regenerate_bd_layout
connect_bd_net [get_bd_pins zig_zag_0/clk] [get_bd_pins clk_wiz_0/clk_out1]
connect_bd_net [get_bd_pins zig_zag_0/rst] [get_bd_pins controller_0/rst]
connect_bd_net [get_bd_pins zig_zag_0/ce] [get_bd_pins controller_0/ce_zig_zag]
regenerate_bd_layout
connect_bd_net [get_bd_pins blk_mem_gen_1/enb] [get_bd_pins controller_0/ce_zig_zag]
WARNING: [BD 41-1306] The connection to interface pin /blk_mem_gen_1/enb is being overridden by the user. This pin will not be connected as a part of interface connection BRAM_PORTB
regenerate_bd_layout
save_bd_design
Wrote  : <C:/Users/lsneler/Desktop/Repo/JPEG_conv/raw2jpeg/raw2jpeg.srcs/sources_1/bd/converter/converter.bd> 
Wrote  : <C:/Users/lsneler/Desktop/Repo/JPEG_conv/raw2jpeg/raw2jpeg.srcs/sources_1/bd/converter/ui/bd_2a3e06a0.ui> 
WARNING: [IP_Flow 19-4067] Ignoring invalid widget type specified checkbox.Providing a default widget
WARNING: [IP_Flow 19-4067] Ignoring invalid widget type specified checkbox.Providing a default widget
startgroup
set_property -dict [list CONFIG.Enable_A {Use_ENA_Pin} CONFIG.Enable_B {Use_ENB_Pin} CONFIG.Register_PortA_Output_of_Memory_Primitives {true} CONFIG.Register_PortB_Output_of_Memory_Primitives {true}] [get_bd_cells blk_mem_gen_1]
endgroup
save_bd_design
Wrote  : <C:/Users/lsneler/Desktop/Repo/JPEG_conv/raw2jpeg/raw2jpeg.srcs/sources_1/bd/converter/converter.bd> 
Wrote  : <C:/Users/lsneler/Desktop/Repo/JPEG_conv/raw2jpeg/raw2jpeg.srcs/sources_1/bd/converter/ui/bd_2a3e06a0.ui> 
reset_run synth_1
launch_runs impl_1 -to_step write_bitstream -jobs 4
Wrote  : <C:/Users/lsneler/Desktop/Repo/JPEG_conv/raw2jpeg/raw2jpeg.srcs/sources_1/bd/converter/converter.bd> 
Verilog Output written to : C:/Users/lsneler/Desktop/Repo/JPEG_conv/raw2jpeg/raw2jpeg.srcs/sources_1/bd/converter/hdl/converter.v
Verilog Output written to : C:/Users/lsneler/Desktop/Repo/JPEG_conv/raw2jpeg/raw2jpeg.srcs/sources_1/bd/converter/hdl/converter_wrapper.v
INFO: [BD 41-1029] Generation completed for the IP Integrator block blk_mem_gen_0 .
INFO: [BD 41-1029] Generation completed for the IP Integrator block DCT_2D_0 .
INFO: [BD 41-1029] Generation completed for the IP Integrator block quant_0 .
INFO: [BD 41-1029] Generation completed for the IP Integrator block controller_0 .
INFO: [BD 41-1029] Generation completed for the IP Integrator block blk_mem_gen_1 .
INFO: [BD 41-1029] Generation completed for the IP Integrator block val_holder_0 .
INFO: [BD 41-1029] Generation completed for the IP Integrator block clk_wiz_0 .
INFO: [BD 41-1029] Generation completed for the IP Integrator block ila_0 .
INFO: [BD 41-1029] Generation completed for the IP Integrator block zig_zag_0 .
Exporting to file C:/Users/lsneler/Desktop/Repo/JPEG_conv/raw2jpeg/raw2jpeg.srcs/sources_1/bd/converter/hw_handoff/converter.hwh
Generated Block Design Tcl file C:/Users/lsneler/Desktop/Repo/JPEG_conv/raw2jpeg/raw2jpeg.srcs/sources_1/bd/converter/hw_handoff/converter_bd.tcl
Generated Hardware Definition File C:/Users/lsneler/Desktop/Repo/JPEG_conv/raw2jpeg/raw2jpeg.srcs/sources_1/bd/converter/hdl/converter.hwdef
[Tue Aug 20 10:45:28 2019] Launched converter_blk_mem_gen_1_1_synth_1, converter_zig_zag_0_0_synth_1, synth_1...
Run output will be captured here:
converter_blk_mem_gen_1_1_synth_1: C:/Users/lsneler/Desktop/Repo/JPEG_conv/raw2jpeg/raw2jpeg.runs/converter_blk_mem_gen_1_1_synth_1/runme.log
converter_zig_zag_0_0_synth_1: C:/Users/lsneler/Desktop/Repo/JPEG_conv/raw2jpeg/raw2jpeg.runs/converter_zig_zag_0_0_synth_1/runme.log
synth_1: C:/Users/lsneler/Desktop/Repo/JPEG_conv/raw2jpeg/raw2jpeg.runs/synth_1/runme.log
[Tue Aug 20 10:45:28 2019] Launched impl_1...
Run output will be captured here: C:/Users/lsneler/Desktop/Repo/JPEG_conv/raw2jpeg/raw2jpeg.runs/impl_1/runme.log
launch_runs: Time (s): cpu = 00:00:09 ; elapsed = 00:00:11 . Memory (MB): peak = 1227.754 ; gain = 73.801
WARNING: [Common 17-9] Error reading message records.
WARNING: [Common 17-9] Error reading message records.
WARNING: [Common 17-9] Error reading message records.
WARNING: [Common 17-9] Error reading message records.
WARNING: [Common 17-9] Error reading message records.
WARNING: [Common 17-9] Error reading message records.
WARNING: [Common 17-9] Error reading message records.
WARNING: [Common 17-9] Error reading message records.
WARNING: [Common 17-9] Error reading message records.
WARNING: [Common 17-9] Error reading message records.
open_bd_design {C:/Users/lsneler/Desktop/Repo/JPEG_conv/raw2jpeg/raw2jpeg.srcs/sources_1/bd/converter/converter.bd}
delete_bd_objs [get_bd_nets blk_mem_gen_1_doutb] [get_bd_cells ila_0]
update_ip_catalog -rebuild
INFO: [IP_Flow 19-234] Refreshing IP repositories
INFO: [IP_Flow 19-1700] Loaded user IP repository 'c:/Users/lsneler/Desktop/Repo/JPEG_conv/IP_Core_repo'.
create_bd_cell -type ip -vlnv domain.local:user:RLE:1.0 RLE_0
set_property location {6.5 1575 368} [get_bd_cells RLE_0]
connect_bd_net [get_bd_pins RLE_0/pixel_in] [get_bd_pins blk_mem_gen_1/doutb]
WARNING: [BD 41-1306] The connection to interface pin /blk_mem_gen_1/doutb is being overridden by the user. This pin will not be connected as a part of interface connection BRAM_PORTB
connect_bd_net [get_bd_pins RLE_0/rst] [get_bd_pins controller_0/rst]
connect_bd_net [get_bd_pins RLE_0/ce] [get_bd_pins controller_0/ce_zig_zag]
connect_bd_net [get_bd_pins RLE_0/clk] [get_bd_pins clk_wiz_0/clk_out1]
regenerate_bd_layout
save_bd_design
Wrote  : <C:/Users/lsneler/Desktop/Repo/JPEG_conv/raw2jpeg/raw2jpeg.srcs/sources_1/bd/converter/converter.bd> 
Wrote  : <C:/Users/lsneler/Desktop/Repo/JPEG_conv/raw2jpeg/raw2jpeg.srcs/sources_1/bd/converter/ui/bd_2a3e06a0.ui> 
update_ip_catalog -rebuild
INFO: [IP_Flow 19-234] Refreshing IP repositories
INFO: [IP_Flow 19-1700] Loaded user IP repository 'c:/Users/lsneler/Desktop/Repo/JPEG_conv/IP_Core_repo'.
create_bd_cell -type ip -vlnv domain.local:user:DPCM:1.0 DPCM_0
set_property location {6.5 1829 419} [get_bd_cells DPCM_0]
connect_bd_net [get_bd_pins DPCM_0/clk] [get_bd_pins clk_wiz_0/clk_out1]
connect_bd_net [get_bd_pins DPCM_0/ce] [get_bd_pins controller_0/ce_zig_zag]
connect_bd_net [get_bd_pins DPCM_0/rst] [get_bd_pins controller_0/rst]
connect_bd_net [get_bd_pins DPCM_0/pixel_in] [get_bd_pins blk_mem_gen_1/doutb]
set_property location {7 1832 484} [get_bd_cells DPCM_0]
regenerate_bd_layout
update_ip_catalog -rebuild -scan_changes
INFO: [IP_Flow 19-234] Refreshing IP repositories
INFO: [IP_Flow 19-1700] Loaded user IP repository 'c:/Users/lsneler/Desktop/Repo/JPEG_conv/IP_Core_repo'.
report_ip_status -name ip_status
upgrade_ip -srcset controller_0 [get_ips  {controller_0 converter_controller_0_0}] -log ip_upgrade.log
Upgrading 'controller_0'
INFO: [Project 1-386] Moving file 'C:/Users/lsneler/Desktop/Repo/JPEG_conv/raw2jpeg/raw2jpeg.srcs/sources_1/ip/controller_0/controller_0.xci' from fileset 'controller_0' to fileset 'sources_1'.
INFO: [IP_Flow 19-1972] Upgraded controller_0 from controller_v1_0 1.0 to controller_v1_0 1.0
WARNING: [IP_Flow 19-4698] Upgrade has added port 'ce_BRAM_read'
WARNING: [IP_Flow 19-4698] Upgrade has added port 'v_sync'
WARNING: [IP_Flow 19-3298] Detected external port differences while upgrading 'controller_0'. These changes may impact your design.
INFO: [IP_Flow 19-1686] Generating 'Instantiation Template' target for IP 'controller_0'...
CRITICAL WARNING: [Coretcl 2-1279] The upgrade of 'controller_0' has identified issues that may require user intervention. Please review the upgrade log 'c:/Users/lsneler/Desktop/Repo/JPEG_conv/raw2jpeg/ip_upgrade.log', and verify that the upgraded IP is correctly configured.
Upgrading 'C:/Users/lsneler/Desktop/Repo/JPEG_conv/raw2jpeg/raw2jpeg.srcs/sources_1/bd/converter/converter.bd'
INFO: [IP_Flow 19-1972] Upgraded converter_controller_0_0 from controller_v1_0 1.0 to controller_v1_0 1.0
WARNING: [IP_Flow 19-4698] Upgrade has added port 'ce_BRAM_read'
WARNING: [IP_Flow 19-4698] Upgrade has added port 'v_sync'
WARNING: [IP_Flow 19-3298] Detected external port differences while upgrading 'converter_controller_0_0'. These changes may impact your design.
CRITICAL WARNING: [Coretcl 2-1279] The upgrade of 'converter_controller_0_0' has identified issues that may require user intervention. Please review the upgrade log 'c:/Users/lsneler/Desktop/Repo/JPEG_conv/raw2jpeg/ip_upgrade.log', and verify that the upgraded IP is correctly configured.
Wrote  : <C:/Users/lsneler/Desktop/Repo/JPEG_conv/raw2jpeg/raw2jpeg.srcs/sources_1/bd/converter/converter.bd> 
Wrote  : <C:/Users/lsneler/Desktop/Repo/JPEG_conv/raw2jpeg/raw2jpeg.srcs/sources_1/bd/converter/ui/bd_2a3e06a0.ui> 
INFO: [Coretcl 2-1525] Wrote upgrade log to 'C:/Users/lsneler/Desktop/Repo/JPEG_conv/raw2jpeg/ip_upgrade.log'.
export_ip_user_files -of_objects [get_ips {controller_0 converter_controller_0_0}] -no_script -sync -force -quiet
report_ip_status -name ip_status 
connect_bd_net [get_bd_pins blk_mem_gen_1/web] [get_bd_pins controller_0/ce_BRAM_read]
WARNING: [BD 41-1306] The connection to interface pin /blk_mem_gen_1/web is being overridden by the user. This pin will not be connected as a part of interface connection BRAM_PORTB
regenerate_bd_layout
connect_bd_net [get_bd_pins DPCM_0/v_sync] [get_bd_pins controller_0/v_sync]
regenerate_bd_layout
save_bd_design
Wrote  : <C:/Users/lsneler/Desktop/Repo/JPEG_conv/raw2jpeg/raw2jpeg.srcs/sources_1/bd/converter/converter.bd> 
Wrote  : <C:/Users/lsneler/Desktop/Repo/JPEG_conv/raw2jpeg/raw2jpeg.srcs/sources_1/bd/converter/ui/bd_2a3e06a0.ui> 
reset_run synth_1
launch_runs impl_1 -to_step write_bitstream -jobs 4
Wrote  : <C:/Users/lsneler/Desktop/Repo/JPEG_conv/raw2jpeg/raw2jpeg.srcs/sources_1/bd/converter/converter.bd> 
Verilog Output written to : C:/Users/lsneler/Desktop/Repo/JPEG_conv/raw2jpeg/raw2jpeg.srcs/sources_1/bd/converter/hdl/converter.v
Verilog Output written to : C:/Users/lsneler/Desktop/Repo/JPEG_conv/raw2jpeg/raw2jpeg.srcs/sources_1/bd/converter/hdl/converter_wrapper.v
INFO: [BD 41-1029] Generation completed for the IP Integrator block blk_mem_gen_0 .
INFO: [BD 41-1029] Generation completed for the IP Integrator block DCT_2D_0 .
INFO: [BD 41-1029] Generation completed for the IP Integrator block quant_0 .
INFO: [BD 41-1029] Generation completed for the IP Integrator block controller_0 .
INFO: [BD 41-1029] Generation completed for the IP Integrator block blk_mem_gen_1 .
INFO: [BD 41-1029] Generation completed for the IP Integrator block val_holder_0 .
INFO: [BD 41-1029] Generation completed for the IP Integrator block clk_wiz_0 .
INFO: [BD 41-1029] Generation completed for the IP Integrator block zig_zag_0 .
INFO: [BD 41-1029] Generation completed for the IP Integrator block RLE_0 .
INFO: [BD 41-1029] Generation completed for the IP Integrator block DPCM_0 .
Exporting to file C:/Users/lsneler/Desktop/Repo/JPEG_conv/raw2jpeg/raw2jpeg.srcs/sources_1/bd/converter/hw_handoff/converter.hwh
Generated Block Design Tcl file C:/Users/lsneler/Desktop/Repo/JPEG_conv/raw2jpeg/raw2jpeg.srcs/sources_1/bd/converter/hw_handoff/converter_bd.tcl
Generated Hardware Definition File C:/Users/lsneler/Desktop/Repo/JPEG_conv/raw2jpeg/raw2jpeg.srcs/sources_1/bd/converter/hdl/converter.hwdef
[Tue Aug 20 13:04:45 2019] Launched converter_controller_0_0_synth_1, converter_RLE_0_0_synth_1, converter_DPCM_0_0_synth_1, synth_1...
Run output will be captured here:
converter_controller_0_0_synth_1: C:/Users/lsneler/Desktop/Repo/JPEG_conv/raw2jpeg/raw2jpeg.runs/converter_controller_0_0_synth_1/runme.log
converter_RLE_0_0_synth_1: C:/Users/lsneler/Desktop/Repo/JPEG_conv/raw2jpeg/raw2jpeg.runs/converter_RLE_0_0_synth_1/runme.log
converter_DPCM_0_0_synth_1: C:/Users/lsneler/Desktop/Repo/JPEG_conv/raw2jpeg/raw2jpeg.runs/converter_DPCM_0_0_synth_1/runme.log
synth_1: C:/Users/lsneler/Desktop/Repo/JPEG_conv/raw2jpeg/raw2jpeg.runs/synth_1/runme.log
[Tue Aug 20 13:04:45 2019] Launched impl_1...
Run output will be captured here: C:/Users/lsneler/Desktop/Repo/JPEG_conv/raw2jpeg/raw2jpeg.runs/impl_1/runme.log
update_files -from_files C:/Users/lsneler/Desktop/Repo/JPEG_conv/component_modules/quantizator/quantizator.ip_user_files/chrominance_table.coe -to_files C:/Users/lsneler/Desktop/Repo/JPEG_conv/quantizator/quantizator.ip_user_files/chrominance_table.coe -filesets [get_filesets *]
INFO: [filemgmt 20-762] Replacing file 'C:/Users/lsneler/Desktop/Repo/JPEG_conv/quantizator/quantizator.ip_user_files/chrominance_table.coe' with file 'C:/Users/lsneler/Desktop/Repo/JPEG_conv/component_modules/quantizator/quantizator.ip_user_files/chrominance_table.coe'.
update_files -from_files C:/Users/lsneler/Desktop/Repo/JPEG_conv/component_modules/quantizator/quantizator.ip_user_files/luminance_table.coe -to_files C:/Users/lsneler/Desktop/Repo/JPEG_conv/quantizator/quantizator.ip_user_files/luminance_table.coe -filesets [get_filesets *]
INFO: [filemgmt 20-762] Replacing file 'C:/Users/lsneler/Desktop/Repo/JPEG_conv/quantizator/quantizator.ip_user_files/luminance_table.coe' with file 'C:/Users/lsneler/Desktop/Repo/JPEG_conv/component_modules/quantizator/quantizator.ip_user_files/luminance_table.coe'.
reset_run synth_1
launch_runs impl_1 -to_step write_bitstream -jobs 4
[Tue Aug 20 13:06:39 2019] Launched synth_1...
Run output will be captured here: C:/Users/lsneler/Desktop/Repo/JPEG_conv/raw2jpeg/raw2jpeg.runs/synth_1/runme.log
[Tue Aug 20 13:06:39 2019] Launched impl_1...
Run output will be captured here: C:/Users/lsneler/Desktop/Repo/JPEG_conv/raw2jpeg/raw2jpeg.runs/impl_1/runme.log
WARNING: [Common 17-9] Error reading message records.
WARNING: [Common 17-9] Error reading message records.
WARNING: [Common 17-9] Error reading message records.
WARNING: [Common 17-9] Error reading message records.
reset_run impl_1 -prev_step 
reset_target all [get_files  C:/Users/lsneler/Desktop/Repo/JPEG_conv/raw2jpeg/raw2jpeg.srcs/sources_1/bd/converter/converter.bd]
export_ip_user_files -of_objects  [get_files  C:/Users/lsneler/Desktop/Repo/JPEG_conv/raw2jpeg/raw2jpeg.srcs/sources_1/bd/converter/converter.bd] -sync -no_script -force -quiet
delete_ip_run [get_files -of_objects [get_fileset sources_1] C:/Users/lsneler/Desktop/Repo/JPEG_conv/raw2jpeg/raw2jpeg.srcs/sources_1/bd/converter/converter.bd]
generate_target all [get_files  C:/Users/lsneler/Desktop/Repo/JPEG_conv/raw2jpeg/raw2jpeg.srcs/sources_1/bd/converter/converter.bd]
INFO: [BD 41-1662] The design 'converter.bd' is already validated. Therefore parameter propagation will not be re-run.
Verilog Output written to : C:/Users/lsneler/Desktop/Repo/JPEG_conv/raw2jpeg/raw2jpeg.srcs/sources_1/bd/converter/hdl/converter.v
Verilog Output written to : C:/Users/lsneler/Desktop/Repo/JPEG_conv/raw2jpeg/raw2jpeg.srcs/sources_1/bd/converter/hdl/converter_wrapper.v
INFO: [BD 41-1029] Generation completed for the IP Integrator block blk_mem_gen_0 .
INFO: [BD 41-1029] Generation completed for the IP Integrator block DCT_2D_0 .
CRITICAL WARNING: [IP_Flow 19-193] Failed to save BOM file 'c:/Users/lsneler/Desktop/Repo/JPEG_conv/raw2jpeg/raw2jpeg.srcs/sources_1/bd/converter/ip/converter_quant_0_0/src/div_gen_0/div_gen_0.xml'.
CRITICAL WARNING: [IP_Flow 19-194] Failed to save IP instance 'div_gen_0'.
CRITICAL WARNING: [IP_Flow 19-193] Failed to save BOM file 'c:/Users/lsneler/Desktop/Repo/JPEG_conv/raw2jpeg/raw2jpeg.srcs/sources_1/bd/converter/ip/converter_quant_0_0/src/div_gen_0/div_gen_0.xml'.
CRITICAL WARNING: [IP_Flow 19-194] Failed to save IP instance 'div_gen_0'.
ERROR: [IP_Flow 19-98] Generation of the IP CORE failed.
ERROR: [BD 41-1030] Generation failed for the IP Integrator block quant_0 
INFO: [BD 41-1029] Generation completed for the IP Integrator block controller_0 .
INFO: [BD 41-1029] Generation completed for the IP Integrator block blk_mem_gen_1 .
INFO: [BD 41-1029] Generation completed for the IP Integrator block val_holder_0 .
INFO: [BD 41-1029] Generation completed for the IP Integrator block clk_wiz_0 .
INFO: [BD 41-1029] Generation completed for the IP Integrator block zig_zag_0 .
INFO: [BD 41-1029] Generation completed for the IP Integrator block RLE_0 .
INFO: [BD 41-1029] Generation completed for the IP Integrator block DPCM_0 .
Exporting to file C:/Users/lsneler/Desktop/Repo/JPEG_conv/raw2jpeg/raw2jpeg.srcs/sources_1/bd/converter/hw_handoff/converter.hwh
Generated Block Design Tcl file C:/Users/lsneler/Desktop/Repo/JPEG_conv/raw2jpeg/raw2jpeg.srcs/sources_1/bd/converter/hw_handoff/converter_bd.tcl
Generated Hardware Definition File C:/Users/lsneler/Desktop/Repo/JPEG_conv/raw2jpeg/raw2jpeg.srcs/sources_1/bd/converter/hdl/converter.hwdef
generate_target: Time (s): cpu = 00:00:13 ; elapsed = 00:00:18 . Memory (MB): peak = 1376.238 ; gain = 0.000
ERROR: [Common 17-39] 'generate_target' failed due to earlier errors.
exit
INFO: [Common 17-206] Exiting Vivado at Tue Aug 20 13:14:18 2019...
