#-----------------------------------------------------------
# Vivado v2017.2 (64-bit)
# SW Build 1909853 on Thu Jun 15 18:39:09 MDT 2017
# IP Build 1909766 on Thu Jun 15 19:58:00 MDT 2017
# Start of session at: Wed Jul 31 12:25:31 2019
# Process ID: 3632
# Current directory: C:/Users/lsneler/Desktop/Repository/DCT/Memory/memory
# Command line: vivado.exe -gui_launcher_event rodinguilauncherevent2084 C:\Users\lsneler\Desktop\Repository\DCT\Memory\memory\memory.xpr
# Log file: C:/Users/lsneler/Desktop/Repository/DCT/Memory/memory/vivado.log
# Journal file: C:/Users/lsneler/Desktop/Repository/DCT/Memory/memory\vivado.jou
#-----------------------------------------------------------
start_gui
open_project C:/Users/lsneler/Desktop/Repository/DCT/Memory/memory/memory.xpr
INFO: [Project 1-313] Project file moved from 'D:/VivadoProjects/Memory/memory' since last save.
Scanning sources...
Finished scanning sources
INFO: [IP_Flow 19-234] Refreshing IP repositories
INFO: [IP_Flow 19-1700] Loaded user IP repository 'c:/Users/lsneler/Desktop/Repository/DCT/Memory/IPCounter'.
INFO: [IP_Flow 19-2313] Loaded Vivado IP repository 'C:/Xilinx/Vivado/2017.2/data/ip'.
open_bd_design {C:/Users/lsneler/Desktop/Repository/DCT/Memory/memory/memory.srcs/sources_1/bd/design_1/design_1.bd}
Adding cell -- xilinx.com:ip:clk_wiz:5.4 - clk_wiz_0
Adding cell -- xilinx.com:ip:blk_mem_gen:8.3 - blk_mem_gen_0
Adding cell -- xilinx.com:ip:blk_mem_gen:8.3 - blk_mem_gen_1
Adding cell -- xilinx.com:ip:util_vector_logic:2.0 - util_vector_logic_0
Adding cell -- domain.local:user:PC:2.3 - PC_0
WARNING: [BD 41-1731] Type mismatch between connected pins: /clk_wiz_0/locked(undef) and /PC_0/reset(rst)
Successfully read diagram <design_1> from BD file <C:/Users/lsneler/Desktop/Repository/DCT/Memory/memory/memory.srcs/sources_1/bd/design_1/design_1.bd>
open_bd_design: Time (s): cpu = 00:00:08 ; elapsed = 00:00:06 . Memory (MB): peak = 999.477 ; gain = 46.355
INFO: [Device 21-403] Loading part xc7z010clg400-1
WARNING: [IP_Flow 19-4067] Ignoring invalid widget type specified checkbox.Providing a default widget
WARNING: [IP_Flow 19-4067] Ignoring invalid widget type specified checkbox.Providing a default widget
WARNING: [IP_Flow 19-4067] Ignoring invalid widget type specified checkbox.Providing a default widget
WARNING: [IP_Flow 19-4067] Ignoring invalid widget type specified checkbox.Providing a default widget
WARNING: [IP_Flow 19-4067] Ignoring invalid widget type specified checkbox.Providing a default widget
WARNING: [IP_Flow 19-4067] Ignoring invalid widget type specified checkbox.Providing a default widget
exit
INFO: [Common 17-206] Exiting Vivado at Wed Jul 31 14:44:12 2019...
