13:03:48 INFO  : Registering command handlers for SDK TCF services
13:03:49 INFO  : Launching XSCT server: xsct.bat -interactive C:\Users\lsneler\Desktop\Repository\JPEG_conversion\raw2jpeg\raw2jpeg.sdk\temp_xsdb_launch_script.tcl
13:03:50 INFO  : XSCT server has started successfully.
13:03:50 INFO  : Successfully done setting XSCT server connection channel  
13:03:52 INFO  : Successfully done setting SDK workspace  
13:03:52 INFO  : Processing command line option -hwspec C:/Users/lsneler/Desktop/Repository/JPEG_conversion/raw2jpeg/raw2jpeg.sdk/converter_wrapper.hdf.
13:05:05 INFO  : Connected to target on host '127.0.0.1' and port '3121'.
13:05:07 INFO  : 'targets -set -filter {jtag_cable_name =~ "Digilent Zybo 210279A42FD7A" && level==0} -index 1' command is executed.
13:05:08 INFO  : FPGA configured successfully with bitstream "C:/Users/lsneler/Desktop/Repository/JPEG_conversion/raw2jpeg/raw2jpeg.sdk/converter_wrapper_hw_platform_0/converter_wrapper.bit"
13:05:22 INFO  : ps7_init is completed.
13:05:22 INFO  : ps7_post_config is completed.
13:05:22 INFO  : Processor reset is completed for ps7_cortexa9_0
13:06:15 INFO  : Connected to target on host '127.0.0.1' and port '3121'.
13:06:15 INFO  : 'targets -set -filter {jtag_cable_name =~ "Digilent Zybo 210279A42FD7A" && level==0} -index 1' command is executed.
13:06:16 INFO  : FPGA configured successfully with bitstream "C:/Users/lsneler/Desktop/Repository/JPEG_conversion/raw2jpeg/raw2jpeg.sdk/converter_wrapper_hw_platform_0/converter_wrapper.bit"
13:06:22 INFO  : Processor reset is completed for ps7_cortexa9_0
14:35:22 INFO  : ps7_cortexa9_0 Processor is in use. Please stop existing Run or Debug sessions before launching.
14:35:28 INFO  : Processor reset is completed for ps7_cortexa9_0
14:35:31 ERROR : Unexpected error while launching program.
java.lang.RuntimeException: Failed to download ELF file


    Could not stop the processor after reset


	at com.xilinx.sdk.targetmanager.internal.TM.downloadELF(TM.java:686)
	at com.xilinx.sdk.debug.core.internal.AppRunner.run(AppRunner.java:129)
	at com.xilinx.sdk.debug.core.XilinxAppLaunchConfigurationDelegate.runApplication(XilinxAppLaunchConfigurationDelegate.java:637)
	at com.xilinx.sdk.debug.core.XilinxAppLaunchConfigurationDelegate.launch(XilinxAppLaunchConfigurationDelegate.java:309)
	at com.xilinx.sdk.debug.ui.XilinxAppLaunchDelegateWrapper.launch(XilinxAppLaunchDelegateWrapper.java:31)
	at org.eclipse.debug.internal.core.LaunchConfiguration.launch(LaunchConfiguration.java:885)
	at org.eclipse.debug.internal.core.LaunchConfiguration.launch(LaunchConfiguration.java:739)
	at org.eclipse.debug.internal.ui.DebugUIPlugin.buildAndLaunch(DebugUIPlugin.java:1039)
	at org.eclipse.debug.internal.ui.DebugUIPlugin$8.run(DebugUIPlugin.java:1256)
	at org.eclipse.core.internal.jobs.Worker.run(Worker.java:55)
14:36:51 INFO  : Connected to target on host '127.0.0.1' and port '3121'.
14:36:52 INFO  : 'targets -set -filter {jtag_cable_name =~ "Digilent Zybo 210279A42FD7A" && level==0} -index 1' command is executed.
14:36:53 INFO  : FPGA configured successfully with bitstream "C:/Users/lsneler/Desktop/Repository/JPEG_conversion/raw2jpeg/raw2jpeg.sdk/converter_wrapper_hw_platform_0/converter_wrapper.bit"
14:37:30 ERROR : Unexpected error while parsing XMD response ?: com.google.gson.JsonSyntaxException: com.google.gson.stream.MalformedJsonException: invalid number or unquoted string near 
14:37:45 INFO  : Registering command handlers for SDK TCF services
14:37:45 INFO  : Launching XSCT server: xsct.bat -interactive C:\Users\lsneler\Desktop\Repository\JPEG_conversion\raw2jpeg\raw2jpeg.sdk\temp_xsdb_launch_script.tcl
14:37:47 INFO  : XSCT server has started successfully.
14:37:50 INFO  : Successfully done setting XSCT server connection channel  
14:37:50 INFO  : Successfully done setting SDK workspace  
14:37:50 INFO  : Processing command line option -hwspec C:/Users/lsneler/Desktop/Repository/JPEG_conversion/raw2jpeg/raw2jpeg.sdk/converter_wrapper.hdf.
14:37:50 INFO  : Checking for hwspec changes in the project converter_wrapper_hw_platform_0.
14:38:07 INFO  : Connected to target on host '127.0.0.1' and port '3121'.
14:38:07 INFO  : 'targets -set -filter {jtag_cable_name =~ "Digilent Zybo 210279A42FD7A" && level==0} -index 1' command is executed.
14:38:08 INFO  : FPGA configured successfully with bitstream "C:/Users/lsneler/Desktop/Repository/JPEG_conversion/raw2jpeg/raw2jpeg.sdk/converter_wrapper_hw_platform_0/converter_wrapper.bit"
14:38:24 INFO  : ps7_init is completed.
14:38:24 INFO  : ps7_post_config is completed.
14:38:24 INFO  : Processor reset is completed for ps7_cortexa9_0
14:42:13 ERROR : Unexpected error while parsing XMD response ?: com.google.gson.JsonSyntaxException: com.google.gson.stream.MalformedJsonException: invalid number or unquoted string near 
14:42:29 INFO  : Registering command handlers for SDK TCF services
14:42:29 INFO  : Launching XSCT server: xsct.bat -interactive C:\Users\lsneler\Desktop\Repository\JPEG_conversion\raw2jpeg\raw2jpeg.sdk\temp_xsdb_launch_script.tcl
14:42:31 INFO  : XSCT server has started successfully.
14:42:31 INFO  : Successfully done setting XSCT server connection channel  
14:42:33 INFO  : Successfully done setting SDK workspace  
14:42:33 INFO  : Processing command line option -hwspec C:/Users/lsneler/Desktop/Repository/JPEG_conversion/raw2jpeg/raw2jpeg.sdk/converter_wrapper.hdf.
14:42:33 INFO  : Checking for hwspec changes in the project converter_wrapper_hw_platform_0.
14:42:52 INFO  : Connected to target on host '127.0.0.1' and port '3121'.
14:42:52 INFO  : 'targets -set -filter {jtag_cable_name =~ "Digilent Zybo 210279A42FD7A" && level==0} -index 1' command is executed.
14:42:53 INFO  : FPGA configured successfully with bitstream "C:/Users/lsneler/Desktop/Repository/JPEG_conversion/raw2jpeg/raw2jpeg.sdk/converter_wrapper_hw_platform_0/converter_wrapper.bit"
14:44:07 INFO  : ps7_init is completed.
14:44:07 INFO  : ps7_post_config is completed.
14:44:08 INFO  : Processor reset is completed for ps7_cortexa9_0
14:45:04 INFO  : Connected to target on host '127.0.0.1' and port '3121'.
14:45:04 INFO  : 'targets -set -filter {jtag_cable_name =~ "Digilent Zybo 210279A42FD7A" && level==0} -index 1' command is executed.
14:45:05 INFO  : FPGA configured successfully with bitstream "C:/Users/lsneler/Desktop/Repository/JPEG_conversion/raw2jpeg/raw2jpeg.sdk/converter_wrapper_hw_platform_0/converter_wrapper.bit"
14:45:20 INFO  : ps7_init is completed.
14:45:20 INFO  : ps7_post_config is completed.
14:45:20 INFO  : Processor reset is completed for ps7_cortexa9_0
14:45:32 INFO  : Processor reset is completed for ps7_cortexa9_0
14:47:24 INFO  : Processor reset is completed for ps7_cortexa9_0
14:48:50 INFO  : Processor reset is completed for ps7_cortexa9_0
14:51:07 INFO  : ps7_init is completed.
14:51:07 INFO  : ps7_post_config is completed.
14:51:07 INFO  : Processor reset is completed for ps7_cortexa9_0
15:05:02 ERROR : Unexpected error while parsing XMD response ?: com.google.gson.JsonSyntaxException: com.google.gson.stream.MalformedJsonException: invalid number or unquoted string near 
10:18:34 INFO  : Registering command handlers for SDK TCF services
10:18:34 INFO  : Launching XSCT server: xsct.bat -interactive C:\Users\lsneler\Desktop\Repository\JPEG_conversion\raw2jpeg\raw2jpeg.sdk\temp_xsdb_launch_script.tcl
10:18:36 INFO  : XSCT server has started successfully.
10:18:36 INFO  : Successfully done setting XSCT server connection channel  
10:18:39 INFO  : Successfully done setting SDK workspace  
10:18:39 INFO  : Processing command line option -hwspec C:/Users/lsneler/Desktop/Repository/JPEG_conversion/raw2jpeg/raw2jpeg.sdk/converter_wrapper.hdf.
10:18:41 INFO  : Checking for hwspec changes in the project converter_wrapper_hw_platform_0.
10:18:41 INFO  : SDK has detected change in the last modified timestamps for source hardware specification file Source:1565683957514,  Project:1565607727473
10:18:41 INFO  : The hardware specification for project 'converter_wrapper_hw_platform_0' is different from C:/Users/lsneler/Desktop/Repository/JPEG_conversion/raw2jpeg/raw2jpeg.sdk/converter_wrapper.hdf.
10:18:41 INFO  : Copied contents of C:/Users/lsneler/Desktop/Repository/JPEG_conversion/raw2jpeg/raw2jpeg.sdk/converter_wrapper.hdf into \converter_wrapper_hw_platform_0\system.hdf.
10:18:45 INFO  : Synchronizing projects in the workspace with the hardware platform specification changes.
10:19:37 INFO  : 
10:19:38 INFO  : Updating hardware inferred compiler options for Hello_World.
10:19:38 INFO  : Clearing existing target manager status.
10:19:49 INFO  : Connected to target on host '127.0.0.1' and port '3121'.
10:19:49 INFO  : 'targets -set -filter {jtag_cable_name =~ "Digilent Zybo 210279A42FD7A" && level==0} -index 1' command is executed.
10:19:50 INFO  : FPGA configured successfully with bitstream "C:/Users/lsneler/Desktop/Repository/JPEG_conversion/raw2jpeg/raw2jpeg.sdk/converter_wrapper_hw_platform_0/converter_wrapper.bit"
10:20:07 INFO  : ps7_init is completed.
10:20:07 INFO  : ps7_post_config is completed.
10:20:07 INFO  : Processor reset is completed for ps7_cortexa9_0
10:20:21 ERROR : Unexpected error while parsing XMD response ?: com.google.gson.JsonSyntaxException: com.google.gson.stream.MalformedJsonException: invalid number or unquoted string near 
11:53:52 INFO  : Registering command handlers for SDK TCF services
11:53:52 INFO  : Launching XSCT server: xsct.bat -interactive C:\Users\lsneler\Desktop\Repository\JPEG_conversion\raw2jpeg\raw2jpeg.sdk\temp_xsdb_launch_script.tcl
11:53:54 INFO  : XSCT server has started successfully.
11:53:54 INFO  : Successfully done setting XSCT server connection channel  
11:53:56 INFO  : Successfully done setting SDK workspace  
11:53:56 INFO  : Processing command line option -hwspec C:/Users/lsneler/Desktop/Repository/JPEG_conversion/raw2jpeg/raw2jpeg.sdk/converter_wrapper.hdf.
11:53:59 INFO  : Checking for hwspec changes in the project converter_wrapper_hw_platform_0.
11:53:59 INFO  : SDK has detected change in the last modified timestamps for source hardware specification file Source:1565689492325,  Project:1565683957514
11:53:59 INFO  : The hardware specification for project 'converter_wrapper_hw_platform_0' is different from C:/Users/lsneler/Desktop/Repository/JPEG_conversion/raw2jpeg/raw2jpeg.sdk/converter_wrapper.hdf.
11:54:10 INFO  : Copied contents of C:/Users/lsneler/Desktop/Repository/JPEG_conversion/raw2jpeg/raw2jpeg.sdk/converter_wrapper.hdf into \converter_wrapper_hw_platform_0\system.hdf.
11:54:14 INFO  : Synchronizing projects in the workspace with the hardware platform specification changes.
11:54:24 INFO  : 
11:54:25 INFO  : Updating hardware inferred compiler options for Hello_World.
11:54:25 INFO  : Clearing existing target manager status.
11:54:26 INFO  : Connected to target on host '127.0.0.1' and port '3121'.
11:54:26 INFO  : 'targets -set -filter {jtag_cable_name =~ "Digilent Zybo 210279A42FD7A" && level==0} -index 1' command is executed.
11:54:27 INFO  : FPGA configured successfully with bitstream "C:/Users/lsneler/Desktop/Repository/JPEG_conversion/raw2jpeg/raw2jpeg.sdk/converter_wrapper_hw_platform_0/converter_wrapper.bit"
11:54:42 INFO  : ps7_init is completed.
11:54:42 INFO  : ps7_post_config is completed.
11:54:43 INFO  : Processor reset is completed for ps7_cortexa9_0
11:55:00 ERROR : Unexpected error while parsing XMD response ?: com.google.gson.JsonSyntaxException: com.google.gson.stream.MalformedJsonException: invalid number or unquoted string near 
12:21:40 INFO  : Registering command handlers for SDK TCF services
12:21:40 INFO  : Launching XSCT server: xsct.bat -interactive C:\Users\lsneler\Desktop\Repository\JPEG_conversion\raw2jpeg\raw2jpeg.sdk\temp_xsdb_launch_script.tcl
12:21:42 INFO  : XSCT server has started successfully.
12:21:45 INFO  : Successfully done setting XSCT server connection channel  
12:21:45 INFO  : Processing command line option -hwspec C:/Users/lsneler/Desktop/Repository/JPEG_conversion/raw2jpeg/raw2jpeg.sdk/converter_wrapper.hdf.
12:21:47 INFO  : Successfully done setting SDK workspace  
12:21:47 INFO  : Checking for hwspec changes in the project converter_wrapper_hw_platform_0.
12:21:47 INFO  : SDK has detected change in the last modified timestamps for source hardware specification file Source:1565691675116,  Project:1565689492325
12:21:47 INFO  : The hardware specification for project 'converter_wrapper_hw_platform_0' is different from C:/Users/lsneler/Desktop/Repository/JPEG_conversion/raw2jpeg/raw2jpeg.sdk/converter_wrapper.hdf.
12:22:01 INFO  : Copied contents of C:/Users/lsneler/Desktop/Repository/JPEG_conversion/raw2jpeg/raw2jpeg.sdk/converter_wrapper.hdf into \converter_wrapper_hw_platform_0\system.hdf.
12:22:06 INFO  : Synchronizing projects in the workspace with the hardware platform specification changes.
12:22:21 INFO  : 
12:22:22 INFO  : Updating hardware inferred compiler options for Hello_World.
12:22:22 INFO  : Clearing existing target manager status.
12:22:23 INFO  : Connected to target on host '127.0.0.1' and port '3121'.
12:22:23 INFO  : 'targets -set -filter {jtag_cable_name =~ "Digilent Zybo 210279A42FD7A" && level==0} -index 1' command is executed.
12:22:24 INFO  : FPGA configured successfully with bitstream "C:/Users/lsneler/Desktop/Repository/JPEG_conversion/raw2jpeg/raw2jpeg.sdk/converter_wrapper_hw_platform_0/converter_wrapper.bit"
12:22:49 INFO  : Processor reset is completed for ps7_cortexa9_0
12:22:52 ERROR : Unexpected error while launching program.
java.lang.RuntimeException: Failed to download ELF file


    AP transaction timeout: ACK = 0x01, expected=0x02)
    Error Address = 0x00114000, Size = 0x00000004


	at com.xilinx.sdk.targetmanager.internal.TM.downloadELF(TM.java:686)
	at com.xilinx.sdk.debug.core.internal.AppRunner.run(AppRunner.java:129)
	at com.xilinx.sdk.debug.core.XilinxAppLaunchConfigurationDelegate.runApplication(XilinxAppLaunchConfigurationDelegate.java:637)
	at com.xilinx.sdk.debug.core.XilinxAppLaunchConfigurationDelegate.launch(XilinxAppLaunchConfigurationDelegate.java:309)
	at com.xilinx.sdk.debug.ui.XilinxAppLaunchDelegateWrapper.launch(XilinxAppLaunchDelegateWrapper.java:31)
	at org.eclipse.debug.internal.core.LaunchConfiguration.launch(LaunchConfiguration.java:885)
	at org.eclipse.debug.internal.core.LaunchConfiguration.launch(LaunchConfiguration.java:739)
	at org.eclipse.debug.internal.ui.DebugUIPlugin.buildAndLaunch(DebugUIPlugin.java:1039)
	at org.eclipse.debug.internal.ui.DebugUIPlugin$8.run(DebugUIPlugin.java:1256)
	at org.eclipse.core.internal.jobs.Worker.run(Worker.java:55)
12:24:19 INFO  : Connected to target on host '127.0.0.1' and port '3121'.
12:24:20 INFO  : 'targets -set -filter {jtag_cable_name =~ "Digilent Zybo 210279A42FD7A" && level==0} -index 1' command is executed.
12:24:22 ERROR : fpga configuration failed. DONE PIN is not HIGH
12:24:32 INFO  : Connected to target on host '127.0.0.1' and port '3121'.
12:24:32 INFO  : 'targets -set -filter {jtag_cable_name =~ "Digilent Zybo 210279A42FD7A" && level==0} -index 1' command is executed.
12:24:34 INFO  : FPGA configured successfully with bitstream "C:/Users/lsneler/Desktop/Repository/JPEG_conversion/raw2jpeg/raw2jpeg.sdk/converter_wrapper_hw_platform_0/converter_wrapper.bit"
12:26:01 ERROR : Unexpected error while parsing XMD response ?: com.google.gson.JsonSyntaxException: com.google.gson.stream.MalformedJsonException: invalid number or unquoted string near 
12:26:11 INFO  : Registering command handlers for SDK TCF services
12:26:11 INFO  : Launching XSCT server: xsct.bat -interactive C:\Users\lsneler\Desktop\Repository\JPEG_conversion\raw2jpeg\raw2jpeg.sdk\temp_xsdb_launch_script.tcl
12:26:12 INFO  : XSCT server has started successfully.
12:26:15 INFO  : Successfully done setting XSCT server connection channel  
12:26:15 INFO  : Successfully done setting SDK workspace  
12:26:15 INFO  : Processing command line option -hwspec C:/Users/lsneler/Desktop/Repository/JPEG_conversion/raw2jpeg/raw2jpeg.sdk/converter_wrapper.hdf.
12:26:15 INFO  : Checking for hwspec changes in the project converter_wrapper_hw_platform_0.
12:26:33 INFO  : Connected to target on host '127.0.0.1' and port '3121'.
12:26:33 INFO  : 'targets -set -filter {jtag_cable_name =~ "Digilent Zybo 210279A42FD7A" && level==0} -index 1' command is executed.
12:26:34 INFO  : FPGA configured successfully with bitstream "C:/Users/lsneler/Desktop/Repository/JPEG_conversion/raw2jpeg/raw2jpeg.sdk/converter_wrapper_hw_platform_0/converter_wrapper.bit"
12:26:43 INFO  : ps7_init is completed.
12:26:43 INFO  : ps7_post_config is completed.
12:26:43 INFO  : Processor reset is completed for ps7_cortexa9_0
