#-----------------------------------------------------------
# Vivado v2017.2 (64-bit)
# SW Build 1909853 on Thu Jun 15 18:39:09 MDT 2017
# IP Build 1909766 on Thu Jun 15 19:58:00 MDT 2017
# Start of session at: Tue Aug 20 11:43:31 2019
# Process ID: 4336
# Current directory: C:/Users/lsneler/Desktop/Repo/JPEG_conv/component_modules/RLE
# Command line: vivado.exe -gui_launcher_event rodinguilauncherevent5292 C:\Users\lsneler\Desktop\Repo\JPEG_conv\component_modules\RLE\RLE.xpr
# Log file: C:/Users/lsneler/Desktop/Repo/JPEG_conv/component_modules/RLE/vivado.log
# Journal file: C:/Users/lsneler/Desktop/Repo/JPEG_conv/component_modules/RLE\vivado.jou
#-----------------------------------------------------------
start_gui
open_project C:/Users/lsneler/Desktop/Repo/JPEG_conv/component_modules/RLE/RLE.xpr
Scanning sources...
Finished scanning sources
INFO: [IP_Flow 19-234] Refreshing IP repositories
INFO: [IP_Flow 19-1704] No user IP repositories specified
INFO: [IP_Flow 19-2313] Loaded Vivado IP repository 'C:/Xilinx/Vivado/2017.2/data/ip'.
update_compile_order -fileset sources_1
generate_target Simulation [get_files C:/Users/lsneler/Desktop/Repo/JPEG_conv/component_modules/RLE/RLE.srcs/sources_1/ip/blk_mem_gen_0/blk_mem_gen_0.xci]
INFO: [IP_Flow 19-1686] Generating 'Simulation' target for IP 'blk_mem_gen_0'...
export_ip_user_files -of_objects [get_files C:/Users/lsneler/Desktop/Repo/JPEG_conv/component_modules/RLE/RLE.srcs/sources_1/ip/blk_mem_gen_0/blk_mem_gen_0.xci] -no_script -force -quiet
launch_simulation
INFO: [SIM-utils-51] Simulation object is 'sim_1'
INFO: [USF-XSim-7] Finding pre-compiled libraries...
INFO: [USF-XSim-11] File 'C:/Xilinx/Vivado/2017.2/data/xsim/ip/xsim_ip.ini' copied to run dir:'C:/Users/lsneler/Desktop/Repo/JPEG_conv/component_modules/RLE/RLE.sim/sim_1/behav'
INFO: [SIM-utils-54] Inspecting design source files for 'tb_RLE' in fileset 'sim_1'...
INFO: [SIM-utils-43] Exported 'C:/Users/lsneler/Desktop/Repo/JPEG_conv/component_modules/RLE/RLE.sim/sim_1/behav/blk_mem_gen_0.mif'
INFO: [SIM-utils-43] Exported 'C:/Users/lsneler/Desktop/Repo/JPEG_conv/component_modules/RLE/RLE.sim/sim_1/behav/inputData.coe'
INFO: [USF-XSim-97] Finding global include files...
INFO: [USF-XSim-98] Fetching design files from 'sim_1'...
INFO: [USF-XSim-2] XSim::Compile design
INFO: [USF-XSim-61] Executing 'COMPILE and ANALYZE' step in 'C:/Users/lsneler/Desktop/Repo/JPEG_conv/component_modules/RLE/RLE.sim/sim_1/behav'
"xvlog -m64 --relax -prj tb_RLE_vlog.prj"
INFO: [VRFC 10-2263] Analyzing Verilog file "C:/Users/lsneler/Desktop/Repo/JPEG_conv/component_modules/RLE/RLE.srcs/sources_1/ip/blk_mem_gen_0/sim/blk_mem_gen_0.v" into library xil_defaultlib
INFO: [VRFC 10-311] analyzing module blk_mem_gen_0
INFO: [VRFC 10-2263] Analyzing Verilog file "C:/Users/lsneler/Desktop/Repo/JPEG_conv/component_modules/RLE/RLE.srcs/sources_1/new/RLE.v" into library xil_defaultlib
INFO: [VRFC 10-311] analyzing module RLE
INFO: [VRFC 10-2263] Analyzing Verilog file "C:/Users/lsneler/Desktop/Repo/JPEG_conv/component_modules/RLE/RLE.srcs/sim_1/imports/combinatoryDCT/clk_gen.v" into library xil_defaultlib
INFO: [VRFC 10-311] analyzing module clk_gen
INFO: [VRFC 10-2263] Analyzing Verilog file "C:/Users/lsneler/Desktop/Repo/JPEG_conv/component_modules/RLE/RLE.srcs/sim_1/new/tb_RLE.v" into library xil_defaultlib
INFO: [VRFC 10-311] analyzing module tb_RLE
INFO: [VRFC 10-2263] Analyzing Verilog file "C:/Users/lsneler/Desktop/Repo/JPEG_conv/component_modules/RLE/RLE.sim/sim_1/behav/glbl.v" into library xil_defaultlib
INFO: [VRFC 10-311] analyzing module glbl
INFO: [USF-XSim-69] 'compile' step finished in '1' seconds
INFO: [USF-XSim-3] XSim::Elaborate design
INFO: [USF-XSim-61] Executing 'ELABORATE' step in 'C:/Users/lsneler/Desktop/Repo/JPEG_conv/component_modules/RLE/RLE.sim/sim_1/behav'
Vivado Simulator 2017.2
Copyright 1986-1999, 2001-2016 Xilinx, Inc. All Rights Reserved.
Running: C:/Xilinx/Vivado/2017.2/bin/unwrapped/win64.o/xelab.exe -wto 9c714d16a9204c518103bbb7365fb984 --debug typical --relax --mt 2 -L blk_mem_gen_v8_3_6 -L xil_defaultlib -L unisims_ver -L unimacro_ver -L secureip -L xpm --snapshot tb_RLE_behav xil_defaultlib.tb_RLE xil_defaultlib.glbl -log elaborate.log 
Using 2 slave threads.
Starting static elaboration
WARNING: [VRFC 10-1783] select index 30 into current_contents is out of bounds [/wrk/2017.2/nightly/2017_06_15_1909853/packages/customer/vivado/data/ip/xilinx/blk_mem_gen_v8_3/simulation/blk_mem_gen_v8_3.v:2419]
WARNING: [VRFC 10-1783] select index 62 into current_contents is out of bounds [/wrk/2017.2/nightly/2017_06_15_1909853/packages/customer/vivado/data/ip/xilinx/blk_mem_gen_v8_3/simulation/blk_mem_gen_v8_3.v:2420]
Completed static elaboration
Starting simulation data flow analysis
Completed simulation data flow analysis
Time Resolution for simulation is 1ps
Compiling module xil_defaultlib.clk_gen
Compiling module blk_mem_gen_v8_3_6.blk_mem_gen_v8_3_6_output_stage(...
Compiling module blk_mem_gen_v8_3_6.blk_mem_gen_v8_3_6_output_stage(...
Compiling module blk_mem_gen_v8_3_6.blk_mem_gen_v8_3_6_softecc_outpu...
Compiling module blk_mem_gen_v8_3_6.blk_mem_gen_v8_3_6_mem_module(C_...
Compiling module blk_mem_gen_v8_3_6.blk_mem_gen_v8_3_6(C_FAMILY="zyn...
Compiling module xil_defaultlib.blk_mem_gen_0
Compiling module xil_defaultlib.RLE
Compiling module xil_defaultlib.tb_RLE
Compiling module xil_defaultlib.glbl
Built simulation snapshot tb_RLE_behav

****** Webtalk v2017.2 (64-bit)
  **** SW Build 1909853 on Thu Jun 15 18:39:09 MDT 2017
  **** IP Build 1909766 on Thu Jun 15 19:58:00 MDT 2017
    ** Copyright 1986-2017 Xilinx, Inc. All Rights Reserved.

source C:/Users/lsneler/Desktop/Repo/JPEG_conv/component_modules/RLE/RLE.sim/sim_1/behav/xsim.dir/tb_RLE_behav/webtalk/xsim_webtalk.tcl -notrace
INFO: [Common 17-186] 'C:/Users/lsneler/Desktop/Repo/JPEG_conv/component_modules/RLE/RLE.sim/sim_1/behav/xsim.dir/tb_RLE_behav/webtalk/usage_statistics_ext_xsim.xml' has been successfully sent to Xilinx on Tue Aug 20 11:43:58 2019. For additional details about this file, please refer to the WebTalk help file at C:/Xilinx/Vivado/2017.2/doc/webtalk_introduction.html.
INFO: [Common 17-206] Exiting Webtalk at Tue Aug 20 11:43:58 2019...
INFO: [USF-XSim-69] 'elaborate' step finished in '4' seconds
INFO: [USF-XSim-4] XSim::Simulate design
INFO: [USF-XSim-61] Executing 'SIMULATE' step in 'C:/Users/lsneler/Desktop/Repo/JPEG_conv/component_modules/RLE/RLE.sim/sim_1/behav'
INFO: [USF-XSim-98] *** Running xsim
   with args "tb_RLE_behav -key {Behavioral:sim_1:Functional:tb_RLE} -tclbatch {tb_RLE.tcl} -view {C:/Users/lsneler/Desktop/Repo/JPEG_conv/component_modules/RLE/tb_RLE_behav.wcfg} -log {simulate.log}"
INFO: [USF-XSim-8] Loading simulator feature
Vivado Simulator 2017.2
Time resolution is 1 ps
open_wave_config C:/Users/lsneler/Desktop/Repo/JPEG_conv/component_modules/RLE/tb_RLE_behav.wcfg
source tb_RLE.tcl
# set curr_wave [current_wave_config]
# if { [string length $curr_wave] == 0 } {
#   if { [llength [get_objects]] > 0} {
#     add_wave /
#     set_property needs_save false [current_wave_config]
#   } else {
#      send_msg_id Add_Wave-1 WARNING "No top level signals found. Simulator will start without a wave window. If you want to open a wave window go to 'File->New Waveform Configuration' or type 'create_wave_config' in the TCL console."
#   }
# }
# run 1000ns
 Block Memory Generator module loading initial data...
 Block Memory Generator data initialization complete.
Block Memory Generator module tb_RLE.BRAM_in.inst.native_mem_module.blk_mem_gen_v8_3_6_inst is using a behavioral model for simulation which will not precisely model memory collision behavior.
INFO: [USF-XSim-96] XSim completed. Design snapshot 'tb_RLE_behav' loaded.
INFO: [USF-XSim-97] XSim simulation ran for 1000ns
launch_simulation: Time (s): cpu = 00:00:04 ; elapsed = 00:00:07 . Memory (MB): peak = 804.285 ; gain = 0.000
relaunch_sim
INFO: [SIM-utils-51] Simulation object is 'sim_1'
INFO: [USF-XSim-7] Finding pre-compiled libraries...
INFO: [USF-XSim-11] File 'C:/Xilinx/Vivado/2017.2/data/xsim/ip/xsim_ip.ini' copied to run dir:'C:/Users/lsneler/Desktop/Repo/JPEG_conv/component_modules/RLE/RLE.sim/sim_1/behav'
INFO: [SIM-utils-54] Inspecting design source files for 'tb_RLE' in fileset 'sim_1'...
INFO: [SIM-utils-43] Exported 'C:/Users/lsneler/Desktop/Repo/JPEG_conv/component_modules/RLE/RLE.sim/sim_1/behav/blk_mem_gen_0.mif'
INFO: [SIM-utils-43] Exported 'C:/Users/lsneler/Desktop/Repo/JPEG_conv/component_modules/RLE/RLE.sim/sim_1/behav/inputData.coe'
INFO: [USF-XSim-97] Finding global include files...
INFO: [USF-XSim-98] Fetching design files from 'sim_1'...
INFO: [USF-XSim-2] XSim::Compile design
INFO: [USF-XSim-61] Executing 'COMPILE and ANALYZE' step in 'C:/Users/lsneler/Desktop/Repo/JPEG_conv/component_modules/RLE/RLE.sim/sim_1/behav'
"xvlog -m64 --relax -prj tb_RLE_vlog.prj"
INFO: [VRFC 10-2263] Analyzing Verilog file "C:/Users/lsneler/Desktop/Repo/JPEG_conv/component_modules/RLE/RLE.srcs/sources_1/ip/blk_mem_gen_0/sim/blk_mem_gen_0.v" into library xil_defaultlib
INFO: [VRFC 10-311] analyzing module blk_mem_gen_0
INFO: [VRFC 10-2263] Analyzing Verilog file "C:/Users/lsneler/Desktop/Repo/JPEG_conv/component_modules/RLE/RLE.srcs/sources_1/new/RLE.v" into library xil_defaultlib
INFO: [VRFC 10-311] analyzing module RLE
INFO: [VRFC 10-2263] Analyzing Verilog file "C:/Users/lsneler/Desktop/Repo/JPEG_conv/component_modules/RLE/RLE.srcs/sim_1/imports/combinatoryDCT/clk_gen.v" into library xil_defaultlib
INFO: [VRFC 10-311] analyzing module clk_gen
INFO: [VRFC 10-2263] Analyzing Verilog file "C:/Users/lsneler/Desktop/Repo/JPEG_conv/component_modules/RLE/RLE.srcs/sim_1/new/tb_RLE.v" into library xil_defaultlib
INFO: [VRFC 10-311] analyzing module tb_RLE
INFO: [VRFC 10-2263] Analyzing Verilog file "C:/Users/lsneler/Desktop/Repo/JPEG_conv/component_modules/RLE/RLE.sim/sim_1/behav/glbl.v" into library xil_defaultlib
INFO: [VRFC 10-311] analyzing module glbl
INFO: [USF-XSim-69] 'compile' step finished in '1' seconds
INFO: [USF-XSim-3] XSim::Elaborate design
INFO: [USF-XSim-61] Executing 'ELABORATE' step in 'C:/Users/lsneler/Desktop/Repo/JPEG_conv/component_modules/RLE/RLE.sim/sim_1/behav'
Vivado Simulator 2017.2
Copyright 1986-1999, 2001-2016 Xilinx, Inc. All Rights Reserved.
Running: C:/Xilinx/Vivado/2017.2/bin/unwrapped/win64.o/xelab.exe -wto 9c714d16a9204c518103bbb7365fb984 --debug typical --relax --mt 2 -L blk_mem_gen_v8_3_6 -L xil_defaultlib -L unisims_ver -L unimacro_ver -L secureip -L xpm --snapshot tb_RLE_behav xil_defaultlib.tb_RLE xil_defaultlib.glbl -log elaborate.log 
Using 2 slave threads.
Starting static elaboration
WARNING: [VRFC 10-1783] select index 30 into current_contents is out of bounds [/wrk/2017.2/nightly/2017_06_15_1909853/packages/customer/vivado/data/ip/xilinx/blk_mem_gen_v8_3/simulation/blk_mem_gen_v8_3.v:2419]
WARNING: [VRFC 10-1783] select index 62 into current_contents is out of bounds [/wrk/2017.2/nightly/2017_06_15_1909853/packages/customer/vivado/data/ip/xilinx/blk_mem_gen_v8_3/simulation/blk_mem_gen_v8_3.v:2420]
Completed static elaboration
Starting simulation data flow analysis
Completed simulation data flow analysis
Time Resolution for simulation is 1ps
Compiling module xil_defaultlib.clk_gen
Compiling module blk_mem_gen_v8_3_6.blk_mem_gen_v8_3_6_output_stage(...
Compiling module blk_mem_gen_v8_3_6.blk_mem_gen_v8_3_6_output_stage(...
Compiling module blk_mem_gen_v8_3_6.blk_mem_gen_v8_3_6_softecc_outpu...
Compiling module blk_mem_gen_v8_3_6.blk_mem_gen_v8_3_6_mem_module(C_...
Compiling module blk_mem_gen_v8_3_6.blk_mem_gen_v8_3_6(C_FAMILY="zyn...
Compiling module xil_defaultlib.blk_mem_gen_0
Compiling module xil_defaultlib.RLE
Compiling module xil_defaultlib.tb_RLE
Compiling module xil_defaultlib.glbl
Built simulation snapshot tb_RLE_behav
INFO: [USF-XSim-69] 'elaborate' step finished in '2' seconds
Vivado Simulator 2017.2
Time resolution is 1 ps
 Block Memory Generator module loading initial data...
 Block Memory Generator data initialization complete.
Block Memory Generator module tb_RLE.BRAM_in.inst.native_mem_module.blk_mem_gen_v8_3_6_inst is using a behavioral model for simulation which will not precisely model memory collision behavior.
relaunch_sim: Time (s): cpu = 00:00:01 ; elapsed = 00:00:08 . Memory (MB): peak = 867.875 ; gain = 0.000
ipx::package_project -root_dir C:/Users/lsneler/Desktop/Repo/JPEG_conv/IP_Core_repo/RLE -vendor domain.local -library user -taxonomy /UserIP -import_files -set_current false
INFO: [IP_Flow 19-4753] Inferred signal 'reset' from port 'rst' as interface 'rst'.
INFO: [IP_Flow 19-4753] Inferred signal 'clock' from port 'clk' as interface 'clk'.
INFO: [IP_Flow 19-4728] Bus Interface 'clk': Added interface parameter 'ASSOCIATED_RESET' with value 'rst'.
ipx::unload_core c:/Users/lsneler/Desktop/Repo/JPEG_conv/IP_Core_repo/RLE/component.xml
ipx::edit_ip_in_project -upgrade true -name tmp_edit_project -directory C:/Users/lsneler/Desktop/Repo/JPEG_conv/IP_Core_repo/RLE c:/Users/lsneler/Desktop/Repo/JPEG_conv/IP_Core_repo/RLE/component.xml
INFO: [IP_Flow 19-234] Refreshing IP repositories
INFO: [IP_Flow 19-1704] No user IP repositories specified
INFO: [IP_Flow 19-2313] Loaded Vivado IP repository 'C:/Xilinx/Vivado/2017.2/data/ip'.
INFO: [IP_Flow 19-795] Syncing license key meta-data
INFO: [IP_Flow 19-793] Syncing display name meta-data
INFO: [IP_Flow 19-798] Syncing taxonomy meta-data
update_compile_order -fileset sources_1
set_property display_name RLE [ipx::current_core]
set_property description RLE [ipx::current_core]
set_property core_revision 2 [ipx::current_core]
ipx::create_xgui_files [ipx::current_core]
ipx::update_checksums [ipx::current_core]
ipx::save_core [ipx::current_core]
close_project -delete
set_property  ip_repo_paths  c:/Users/lsneler/Desktop/Repo/JPEG_conv/IP_Core_repo/RLE [current_project]
update_ip_catalog
INFO: [IP_Flow 19-234] Refreshing IP repositories
INFO: [IP_Flow 19-1700] Loaded user IP repository 'c:/Users/lsneler/Desktop/Repo/JPEG_conv/IP_Core_repo/RLE'.
close_sim
INFO: [Simtcl 6-16] Simulation closed
exit
INFO: [Common 17-206] Exiting Vivado at Tue Aug 20 11:49:42 2019...
