#-----------------------------------------------------------
# Vivado v2017.2 (64-bit)
# SW Build 1909853 on Thu Jun 15 18:39:09 MDT 2017
# IP Build 1909766 on Thu Jun 15 19:58:00 MDT 2017
# Start of session at: Wed Aug 21 13:48:06 2019
# Process ID: 4868
# Current directory: C:/Users/lsneler/Desktop/Repo/JPEG_conv/component_modules/RLE
# Command line: vivado.exe -gui_launcher_event rodinguilauncherevent3564 C:\Users\lsneler\Desktop\Repo\JPEG_conv\component_modules\RLE\RLE.xpr
# Log file: C:/Users/lsneler/Desktop/Repo/JPEG_conv/component_modules/RLE/vivado.log
# Journal file: C:/Users/lsneler/Desktop/Repo/JPEG_conv/component_modules/RLE\vivado.jou
#-----------------------------------------------------------
start_gui
open_project C:/Users/lsneler/Desktop/Repo/JPEG_conv/component_modules/RLE/RLE.xpr
Scanning sources...
Finished scanning sources
INFO: [IP_Flow 19-234] Refreshing IP repositories
INFO: [IP_Flow 19-1700] Loaded user IP repository 'c:/Users/lsneler/Desktop/Repo/JPEG_conv/IP_Core_repo/RLE'.
INFO: [IP_Flow 19-2313] Loaded Vivado IP repository 'C:/Xilinx/Vivado/2017.2/data/ip'.
update_compile_order -fileset sources_1
launch_runs impl_1 -jobs 4
[Wed Aug 21 13:48:50 2019] Launched impl_1...
Run output will be captured here: C:/Users/lsneler/Desktop/Repo/JPEG_conv/component_modules/RLE/RLE.runs/impl_1/runme.log
reset_run synth_1
launch_runs impl_1 -jobs 4
[Wed Aug 21 13:51:39 2019] Launched synth_1...
Run output will be captured here: C:/Users/lsneler/Desktop/Repo/JPEG_conv/component_modules/RLE/RLE.runs/synth_1/runme.log
[Wed Aug 21 13:51:39 2019] Launched impl_1...
Run output will be captured here: C:/Users/lsneler/Desktop/Repo/JPEG_conv/component_modules/RLE/RLE.runs/impl_1/runme.log
open_run impl_1
INFO: [Netlist 29-17] Analyzing 11 Unisim elements for replacement
INFO: [Netlist 29-28] Unisim Transformation completed in 0 CPU seconds
INFO: [Project 1-479] Netlist was created with Vivado 2017.2
INFO: [Device 21-403] Loading part xc7z010clg400-1
INFO: [Project 1-570] Preparing netlist for logic optimization
Reading XDEF placement.
Reading placer database...
Reading XDEF routing.
Read XDEF File: Time (s): cpu = 00:00:00 ; elapsed = 00:00:00.046 . Memory (MB): peak = 1107.793 ; gain = 0.000
Restored from archive | CPU: 0.000000 secs | Memory: 0.000000 MB |
Finished XDEF File Restore: Time (s): cpu = 00:00:00 ; elapsed = 00:00:00.047 . Memory (MB): peak = 1107.793 ; gain = 0.000
INFO: [Project 1-111] Unisim Transformation Summary:
No Unisim elements were transformed.

open_run: Time (s): cpu = 00:00:14 ; elapsed = 00:00:17 . Memory (MB): peak = 1202.469 ; gain = 266.531
WARNING: [Timing 38-313] There are no user specified timing constraints. Timing constraints are needed for proper timing analysis.
exit
INFO: [Common 17-206] Exiting Vivado at Wed Aug 21 13:57:52 2019...
