
*** Running vivado
    with args -log blk_mem_gen_2.vds -m64 -product Vivado -mode batch -messageDb vivado.pb -notrace -source blk_mem_gen_2.tcl


****** Vivado v2017.2 (64-bit)
  **** SW Build 1909853 on Thu Jun 15 18:39:09 MDT 2017
  **** IP Build 1909766 on Thu Jun 15 19:58:00 MDT 2017
    ** Copyright 1986-2017 Xilinx, Inc. All Rights Reserved.

source blk_mem_gen_2.tcl -notrace
Starting RTL Elaboration : Time (s): cpu = 00:00:04 ; elapsed = 00:00:05 . Memory (MB): peak = 321.195 ; gain = 80.668
INFO: [Synth 8-638] synthesizing module 'blk_mem_gen_2' [c:/Users/lsneler/Desktop/Repo/JPEG_conv/raw2jpeg/raw2jpeg.srcs/sources_1/ip/blk_mem_gen_2/synth/blk_mem_gen_2.vhd:69]
INFO: [Synth 8-256] done synthesizing module 'blk_mem_gen_2' (9#1) [c:/Users/lsneler/Desktop/Repo/JPEG_conv/raw2jpeg/raw2jpeg.srcs/sources_1/ip/blk_mem_gen_2/synth/blk_mem_gen_2.vhd:69]
Finished RTL Elaboration : Time (s): cpu = 00:00:42 ; elapsed = 00:00:43 . Memory (MB): peak = 527.160 ; gain = 286.633
Finished RTL Optimization Phase 1 : Time (s): cpu = 00:00:42 ; elapsed = 00:00:43 . Memory (MB): peak = 527.160 ; gain = 286.633
INFO: [Device 21-403] Loading part xc7z010clg400-1
Constraint Validation Runtime : Time (s): cpu = 00:00:01 ; elapsed = 00:00:00.011 . Memory (MB): peak = 588.148 ; gain = 0.000
Finished Constraint Validation : Time (s): cpu = 00:00:50 ; elapsed = 00:01:01 . Memory (MB): peak = 588.148 ; gain = 347.621
Finished Loading Part and Timing Information : Time (s): cpu = 00:00:50 ; elapsed = 00:01:01 . Memory (MB): peak = 588.148 ; gain = 347.621
Finished applying 'set_property' XDC Constraints : Time (s): cpu = 00:00:50 ; elapsed = 00:01:01 . Memory (MB): peak = 588.148 ; gain = 347.621
Finished RTL Optimization Phase 2 : Time (s): cpu = 00:00:50 ; elapsed = 00:01:01 . Memory (MB): peak = 588.148 ; gain = 347.621
Finished Cross Boundary and Area Optimization : Time (s): cpu = 00:00:51 ; elapsed = 00:01:01 . Memory (MB): peak = 588.148 ; gain = 347.621
Finished Applying XDC Timing Constraints : Time (s): cpu = 00:01:00 ; elapsed = 00:01:10 . Memory (MB): peak = 616.492 ; gain = 375.965
Finished Timing Optimization : Time (s): cpu = 00:01:00 ; elapsed = 00:01:10 . Memory (MB): peak = 616.492 ; gain = 375.965
Finished Technology Mapping : Time (s): cpu = 00:01:00 ; elapsed = 00:01:10 . Memory (MB): peak = 626.637 ; gain = 386.109
Finished IO Insertion : Time (s): cpu = 00:01:00 ; elapsed = 00:01:11 . Memory (MB): peak = 626.637 ; gain = 386.109
Finished Renaming Generated Instances : Time (s): cpu = 00:01:00 ; elapsed = 00:01:11 . Memory (MB): peak = 626.637 ; gain = 386.109
Finished Rebuilding User Hierarchy : Time (s): cpu = 00:01:00 ; elapsed = 00:01:11 . Memory (MB): peak = 626.637 ; gain = 386.109
Finished Renaming Generated Ports : Time (s): cpu = 00:01:00 ; elapsed = 00:01:11 . Memory (MB): peak = 626.637 ; gain = 386.109
Finished Handling Custom Attributes : Time (s): cpu = 00:01:00 ; elapsed = 00:01:11 . Memory (MB): peak = 626.637 ; gain = 386.109
Finished Renaming Generated Nets : Time (s): cpu = 00:01:00 ; elapsed = 00:01:11 . Memory (MB): peak = 626.637 ; gain = 386.109

Report Cell Usage: 
+------+---------+------+
|      |Cell     |Count |
+------+---------+------+
|1     |RAMB18E1 |     1|
+------+---------+------+
Finished Writing Synthesis Report : Time (s): cpu = 00:01:00 ; elapsed = 00:01:11 . Memory (MB): peak = 626.637 ; gain = 386.109
synth_design: Time (s): cpu = 00:01:02 ; elapsed = 00:01:12 . Memory (MB): peak = 639.164 ; gain = 399.262
