
*** Running vivado
    with args -log design_1_wrapper.vds -m64 -product Vivado -mode batch -messageDb vivado.pb -notrace -source design_1_wrapper.tcl


****** Vivado v2017.2 (64-bit)
  **** SW Build 1909853 on Thu Jun 15 18:39:09 MDT 2017
  **** IP Build 1909766 on Thu Jun 15 19:58:00 MDT 2017
    ** Copyright 1986-2017 Xilinx, Inc. All Rights Reserved.

source design_1_wrapper.tcl -notrace
INFO: [IP_Flow 19-234] Refreshing IP repositories
INFO: [IP_Flow 19-1700] Loaded user IP repository 'c:/Users/lsneler/Desktop/Repo/JPEG_conv/IP_Core_repo'.
INFO: [IP_Flow 19-2313] Loaded Vivado IP repository 'C:/Xilinx/Vivado/2017.2/data/ip'.
WARNING: [IP_Flow 19-3664] IP 'design_1_controller_0_0' generated file not found 'c:/Users/lsneler/Desktop/Repo/JPEG_conv/raw2jpeg/raw2jpeg.srcs/sources_1/bd/design_1/ip/design_1_controller_0_0/stats.txt'. Please regenerate to continue.
Command: synth_design -top design_1_wrapper -part xc7z010clg400-1
Starting synth_design
Attempting to get a license for feature 'Synthesis' and/or device 'xc7z010-clg400'
INFO: [Common 17-349] Got license for feature 'Synthesis' and/or device 'xc7z010-clg400'
INFO: Launching helper process for spawning children vivado processes
INFO: Helper process launched with PID 7216 
---------------------------------------------------------------------------------
Starting RTL Elaboration : Time (s): cpu = 00:00:02 ; elapsed = 00:00:03 . Memory (MB): peak = 326.191 ; gain = 76.809
---------------------------------------------------------------------------------
INFO: [Synth 8-638] synthesizing module 'design_1_wrapper' [C:/Users/lsneler/Desktop/Repo/JPEG_conv/raw2jpeg/raw2jpeg.srcs/sources_1/bd/design_1/hdl/design_1_wrapper.v:12]
INFO: [Synth 8-638] synthesizing module 'design_1' [C:/Users/lsneler/Desktop/Repo/JPEG_conv/raw2jpeg/raw2jpeg.srcs/sources_1/bd/design_1/hdl/design_1.v:13]
INFO: [Synth 8-638] synthesizing module 'design_1_DCT_2D_0_0' [C:/Users/lsneler/Desktop/Repo/JPEG_conv/raw2jpeg/raw2jpeg.runs/synth_1/.Xil/Vivado-3764-rtrkos034/realtime/design_1_DCT_2D_0_0_stub.v:6]
INFO: [Synth 8-256] done synthesizing module 'design_1_DCT_2D_0_0' (1#1) [C:/Users/lsneler/Desktop/Repo/JPEG_conv/raw2jpeg/raw2jpeg.runs/synth_1/.Xil/Vivado-3764-rtrkos034/realtime/design_1_DCT_2D_0_0_stub.v:6]
INFO: [Synth 8-638] synthesizing module 'design_1_RLE_0_0' [C:/Users/lsneler/Desktop/Repo/JPEG_conv/raw2jpeg/raw2jpeg.runs/synth_1/.Xil/Vivado-3764-rtrkos034/realtime/design_1_RLE_0_0_stub.v:6]
INFO: [Synth 8-256] done synthesizing module 'design_1_RLE_0_0' (2#1) [C:/Users/lsneler/Desktop/Repo/JPEG_conv/raw2jpeg/raw2jpeg.runs/synth_1/.Xil/Vivado-3764-rtrkos034/realtime/design_1_RLE_0_0_stub.v:6]
INFO: [Synth 8-638] synthesizing module 'design_1_blk_mem_gen_0_0' [C:/Users/lsneler/Desktop/Repo/JPEG_conv/raw2jpeg/raw2jpeg.runs/synth_1/.Xil/Vivado-3764-rtrkos034/realtime/design_1_blk_mem_gen_0_0_stub.v:6]
INFO: [Synth 8-256] done synthesizing module 'design_1_blk_mem_gen_0_0' (3#1) [C:/Users/lsneler/Desktop/Repo/JPEG_conv/raw2jpeg/raw2jpeg.runs/synth_1/.Xil/Vivado-3764-rtrkos034/realtime/design_1_blk_mem_gen_0_0_stub.v:6]
INFO: [Synth 8-638] synthesizing module 'design_1_blk_mem_gen_1_0' [C:/Users/lsneler/Desktop/Repo/JPEG_conv/raw2jpeg/raw2jpeg.runs/synth_1/.Xil/Vivado-3764-rtrkos034/realtime/design_1_blk_mem_gen_1_0_stub.v:6]
INFO: [Synth 8-256] done synthesizing module 'design_1_blk_mem_gen_1_0' (4#1) [C:/Users/lsneler/Desktop/Repo/JPEG_conv/raw2jpeg/raw2jpeg.runs/synth_1/.Xil/Vivado-3764-rtrkos034/realtime/design_1_blk_mem_gen_1_0_stub.v:6]
INFO: [Synth 8-638] synthesizing module 'design_1_clk_wiz_0_0' [C:/Users/lsneler/Desktop/Repo/JPEG_conv/raw2jpeg/raw2jpeg.runs/synth_1/.Xil/Vivado-3764-rtrkos034/realtime/design_1_clk_wiz_0_0_stub.v:5]
INFO: [Synth 8-256] done synthesizing module 'design_1_clk_wiz_0_0' (5#1) [C:/Users/lsneler/Desktop/Repo/JPEG_conv/raw2jpeg/raw2jpeg.runs/synth_1/.Xil/Vivado-3764-rtrkos034/realtime/design_1_clk_wiz_0_0_stub.v:5]
INFO: [Synth 8-638] synthesizing module 'design_1_controller_0_0' [C:/Users/lsneler/Desktop/Repo/JPEG_conv/raw2jpeg/raw2jpeg.runs/synth_1/.Xil/Vivado-3764-rtrkos034/realtime/design_1_controller_0_0_stub.v:6]
INFO: [Synth 8-256] done synthesizing module 'design_1_controller_0_0' (6#1) [C:/Users/lsneler/Desktop/Repo/JPEG_conv/raw2jpeg/raw2jpeg.runs/synth_1/.Xil/Vivado-3764-rtrkos034/realtime/design_1_controller_0_0_stub.v:6]
INFO: [Synth 8-638] synthesizing module 'design_1_quant_0_0' [C:/Users/lsneler/Desktop/Repo/JPEG_conv/raw2jpeg/raw2jpeg.runs/synth_1/.Xil/Vivado-3764-rtrkos034/realtime/design_1_quant_0_0_stub.v:6]
INFO: [Synth 8-256] done synthesizing module 'design_1_quant_0_0' (7#1) [C:/Users/lsneler/Desktop/Repo/JPEG_conv/raw2jpeg/raw2jpeg.runs/synth_1/.Xil/Vivado-3764-rtrkos034/realtime/design_1_quant_0_0_stub.v:6]
INFO: [Synth 8-638] synthesizing module 'design_1_zig_zag_0_0' [C:/Users/lsneler/Desktop/Repo/JPEG_conv/raw2jpeg/raw2jpeg.runs/synth_1/.Xil/Vivado-3764-rtrkos034/realtime/design_1_zig_zag_0_0_stub.v:6]
INFO: [Synth 8-256] done synthesizing module 'design_1_zig_zag_0_0' (8#1) [C:/Users/lsneler/Desktop/Repo/JPEG_conv/raw2jpeg/raw2jpeg.runs/synth_1/.Xil/Vivado-3764-rtrkos034/realtime/design_1_zig_zag_0_0_stub.v:6]
INFO: [Synth 8-256] done synthesizing module 'design_1' (9#1) [C:/Users/lsneler/Desktop/Repo/JPEG_conv/raw2jpeg/raw2jpeg.srcs/sources_1/bd/design_1/hdl/design_1.v:13]
INFO: [Synth 8-256] done synthesizing module 'design_1_wrapper' (10#1) [C:/Users/lsneler/Desktop/Repo/JPEG_conv/raw2jpeg/raw2jpeg.srcs/sources_1/bd/design_1/hdl/design_1_wrapper.v:12]
---------------------------------------------------------------------------------
Finished RTL Elaboration : Time (s): cpu = 00:00:03 ; elapsed = 00:00:03 . Memory (MB): peak = 366.516 ; gain = 117.133
---------------------------------------------------------------------------------

Report Check Netlist: 
+------+------------------+-------+---------+-------+------------------+
|      |Item              |Errors |Warnings |Status |Description       |
+------+------------------+-------+---------+-------+------------------+
|1     |multi_driven_nets |      0|        0|Passed |Multi driven nets |
+------+------------------+-------+---------+-------+------------------+
---------------------------------------------------------------------------------
Finished RTL Optimization Phase 1 : Time (s): cpu = 00:00:03 ; elapsed = 00:00:03 . Memory (MB): peak = 366.516 ; gain = 117.133
---------------------------------------------------------------------------------
INFO: [Device 21-403] Loading part xc7z010clg400-1
INFO: [Project 1-570] Preparing netlist for logic optimization

Processing XDC Constraints
Initializing timing engine
Parsing XDC File [C:/Users/lsneler/Desktop/Repo/JPEG_conv/raw2jpeg/raw2jpeg.runs/synth_1/.Xil/Vivado-3764-rtrkos034/dcp17/design_1_clk_wiz_0_0_in_context.xdc] for cell 'design_1_i/clk_wiz_0'
Finished Parsing XDC File [C:/Users/lsneler/Desktop/Repo/JPEG_conv/raw2jpeg/raw2jpeg.runs/synth_1/.Xil/Vivado-3764-rtrkos034/dcp17/design_1_clk_wiz_0_0_in_context.xdc] for cell 'design_1_i/clk_wiz_0'
Parsing XDC File [C:/Users/lsneler/Desktop/Repo/JPEG_conv/raw2jpeg/raw2jpeg.runs/synth_1/.Xil/Vivado-3764-rtrkos034/dcp19/design_1_controller_0_0_in_context.xdc] for cell 'design_1_i/controller_0'
Finished Parsing XDC File [C:/Users/lsneler/Desktop/Repo/JPEG_conv/raw2jpeg/raw2jpeg.runs/synth_1/.Xil/Vivado-3764-rtrkos034/dcp19/design_1_controller_0_0_in_context.xdc] for cell 'design_1_i/controller_0'
Parsing XDC File [C:/Users/lsneler/Desktop/Repo/JPEG_conv/raw2jpeg/raw2jpeg.runs/synth_1/.Xil/Vivado-3764-rtrkos034/dcp21/design_1_DCT_2D_0_0_in_context.xdc] for cell 'design_1_i/DCT_2D_0'
Finished Parsing XDC File [C:/Users/lsneler/Desktop/Repo/JPEG_conv/raw2jpeg/raw2jpeg.runs/synth_1/.Xil/Vivado-3764-rtrkos034/dcp21/design_1_DCT_2D_0_0_in_context.xdc] for cell 'design_1_i/DCT_2D_0'
Parsing XDC File [C:/Users/lsneler/Desktop/Repo/JPEG_conv/raw2jpeg/raw2jpeg.runs/synth_1/.Xil/Vivado-3764-rtrkos034/dcp23/design_1_blk_mem_gen_0_0_in_context.xdc] for cell 'design_1_i/blk_mem_gen_0'
Finished Parsing XDC File [C:/Users/lsneler/Desktop/Repo/JPEG_conv/raw2jpeg/raw2jpeg.runs/synth_1/.Xil/Vivado-3764-rtrkos034/dcp23/design_1_blk_mem_gen_0_0_in_context.xdc] for cell 'design_1_i/blk_mem_gen_0'
Parsing XDC File [C:/Users/lsneler/Desktop/Repo/JPEG_conv/raw2jpeg/raw2jpeg.runs/synth_1/.Xil/Vivado-3764-rtrkos034/dcp25/design_1_quant_0_0_in_context.xdc] for cell 'design_1_i/quant_0'
Finished Parsing XDC File [C:/Users/lsneler/Desktop/Repo/JPEG_conv/raw2jpeg/raw2jpeg.runs/synth_1/.Xil/Vivado-3764-rtrkos034/dcp25/design_1_quant_0_0_in_context.xdc] for cell 'design_1_i/quant_0'
Parsing XDC File [C:/Users/lsneler/Desktop/Repo/JPEG_conv/raw2jpeg/raw2jpeg.runs/synth_1/.Xil/Vivado-3764-rtrkos034/dcp27/design_1_zig_zag_0_0_in_context.xdc] for cell 'design_1_i/zig_zag_0'
Finished Parsing XDC File [C:/Users/lsneler/Desktop/Repo/JPEG_conv/raw2jpeg/raw2jpeg.runs/synth_1/.Xil/Vivado-3764-rtrkos034/dcp27/design_1_zig_zag_0_0_in_context.xdc] for cell 'design_1_i/zig_zag_0'
Parsing XDC File [C:/Users/lsneler/Desktop/Repo/JPEG_conv/raw2jpeg/raw2jpeg.runs/synth_1/.Xil/Vivado-3764-rtrkos034/dcp29/design_1_blk_mem_gen_1_0_in_context.xdc] for cell 'design_1_i/blk_mem_gen_1'
Finished Parsing XDC File [C:/Users/lsneler/Desktop/Repo/JPEG_conv/raw2jpeg/raw2jpeg.runs/synth_1/.Xil/Vivado-3764-rtrkos034/dcp29/design_1_blk_mem_gen_1_0_in_context.xdc] for cell 'design_1_i/blk_mem_gen_1'
Parsing XDC File [C:/Users/lsneler/Desktop/Repo/JPEG_conv/raw2jpeg/raw2jpeg.runs/synth_1/.Xil/Vivado-3764-rtrkos034/dcp31/design_1_RLE_0_0_in_context.xdc] for cell 'design_1_i/RLE_0'
Finished Parsing XDC File [C:/Users/lsneler/Desktop/Repo/JPEG_conv/raw2jpeg/raw2jpeg.runs/synth_1/.Xil/Vivado-3764-rtrkos034/dcp31/design_1_RLE_0_0_in_context.xdc] for cell 'design_1_i/RLE_0'
Parsing XDC File [C:/Users/lsneler/Desktop/Repo/JPEG_conv/raw2jpeg/raw2jpeg.srcs/constrs_1/new/top.xdc]
Finished Parsing XDC File [C:/Users/lsneler/Desktop/Repo/JPEG_conv/raw2jpeg/raw2jpeg.srcs/constrs_1/new/top.xdc]
INFO: [Project 1-236] Implementation specific constraints were found while reading constraint file [C:/Users/lsneler/Desktop/Repo/JPEG_conv/raw2jpeg/raw2jpeg.srcs/constrs_1/new/top.xdc]. These constraints will be ignored for synthesis but will be used in implementation. Impacted constraints are listed in the file [.Xil/design_1_wrapper_propImpl.xdc].
Resolution: To avoid this warning, move constraints listed in [.Xil/design_1_wrapper_propImpl.xdc] to another XDC file and exclude this new file from synthesis with the used_in_synthesis property (File Properties dialog in GUI) and re-run elaboration/synthesis.
Parsing XDC File [C:/Users/lsneler/Desktop/Repo/JPEG_conv/raw2jpeg/raw2jpeg.runs/synth_1/dont_touch.xdc]
Finished Parsing XDC File [C:/Users/lsneler/Desktop/Repo/JPEG_conv/raw2jpeg/raw2jpeg.runs/synth_1/dont_touch.xdc]
Completed Processing XDC Constraints

INFO: [Project 1-111] Unisim Transformation Summary:
No Unisim elements were transformed.

Constraint Validation Runtime : Time (s): cpu = 00:00:00 ; elapsed = 00:00:00.006 . Memory (MB): peak = 620.473 ; gain = 0.000
WARNING: [Timing 38-316] Clock period '20.000' specified during out-of-context synthesis of instance 'design_1_i/blk_mem_gen_0' at clock pin 'clka' is different from the actual clock period '10.000', this can lead to different synthesis results.
WARNING: [Timing 38-316] Clock period '20.000' specified during out-of-context synthesis of instance 'design_1_i/blk_mem_gen_1' at clock pin 'clka' is different from the actual clock period '10.000', this can lead to different synthesis results.
---------------------------------------------------------------------------------
Finished Constraint Validation : Time (s): cpu = 00:00:10 ; elapsed = 00:00:21 . Memory (MB): peak = 620.473 ; gain = 371.090
---------------------------------------------------------------------------------
---------------------------------------------------------------------------------
Start Loading Part and Timing Information
---------------------------------------------------------------------------------
Loading part: xc7z010clg400-1
---------------------------------------------------------------------------------
Finished Loading Part and Timing Information : Time (s): cpu = 00:00:10 ; elapsed = 00:00:21 . Memory (MB): peak = 620.473 ; gain = 371.090
---------------------------------------------------------------------------------
---------------------------------------------------------------------------------
Start Applying 'set_property' XDC Constraints
---------------------------------------------------------------------------------
Applied set_property IO_BUFFER_TYPE = NONE for sys_clock. (constraint file  C:/Users/lsneler/Desktop/Repo/JPEG_conv/raw2jpeg/raw2jpeg.runs/synth_1/.Xil/Vivado-3764-rtrkos034/dcp17/design_1_clk_wiz_0_0_in_context.xdc, line 3).
Applied set_property CLOCK_BUFFER_TYPE = NONE for sys_clock. (constraint file  C:/Users/lsneler/Desktop/Repo/JPEG_conv/raw2jpeg/raw2jpeg.runs/synth_1/.Xil/Vivado-3764-rtrkos034/dcp17/design_1_clk_wiz_0_0_in_context.xdc, line 4).
Applied set_property DONT_TOUCH = true for design_1_i. (constraint file  auto generated constraint, line ).
Applied set_property DONT_TOUCH = true for design_1_i/DCT_2D_0. (constraint file  auto generated constraint, line ).
Applied set_property DONT_TOUCH = true for design_1_i/RLE_0. (constraint file  auto generated constraint, line ).
Applied set_property DONT_TOUCH = true for design_1_i/blk_mem_gen_0. (constraint file  auto generated constraint, line ).
Applied set_property DONT_TOUCH = true for design_1_i/blk_mem_gen_1. (constraint file  auto generated constraint, line ).
Applied set_property DONT_TOUCH = true for design_1_i/clk_wiz_0. (constraint file  auto generated constraint, line ).
Applied set_property DONT_TOUCH = true for design_1_i/controller_0. (constraint file  auto generated constraint, line ).
Applied set_property DONT_TOUCH = true for design_1_i/quant_0. (constraint file  auto generated constraint, line ).
Applied set_property DONT_TOUCH = true for design_1_i/zig_zag_0. (constraint file  auto generated constraint, line ).
---------------------------------------------------------------------------------
Finished applying 'set_property' XDC Constraints : Time (s): cpu = 00:00:10 ; elapsed = 00:00:21 . Memory (MB): peak = 620.473 ; gain = 371.090
---------------------------------------------------------------------------------
---------------------------------------------------------------------------------
Finished RTL Optimization Phase 2 : Time (s): cpu = 00:00:10 ; elapsed = 00:00:21 . Memory (MB): peak = 620.473 ; gain = 371.090
---------------------------------------------------------------------------------

Report RTL Partitions: 
+-+--------------+------------+----------+
| |RTL Partition |Replication |Instances |
+-+--------------+------------+----------+
+-+--------------+------------+----------+
---------------------------------------------------------------------------------
Start RTL Component Statistics 
---------------------------------------------------------------------------------
Detailed RTL Component Info : 
---------------------------------------------------------------------------------
Finished RTL Component Statistics 
---------------------------------------------------------------------------------
---------------------------------------------------------------------------------
Start RTL Hierarchical Component Statistics 
---------------------------------------------------------------------------------
Hierarchical RTL Component report 
---------------------------------------------------------------------------------
Finished RTL Hierarchical Component Statistics
---------------------------------------------------------------------------------
---------------------------------------------------------------------------------
Start Part Resource Summary
---------------------------------------------------------------------------------
Part Resources:
DSPs: 80 (col length:40)
BRAMs: 120 (col length: RAMB18 40 RAMB36 20)
---------------------------------------------------------------------------------
Finished Part Resource Summary
---------------------------------------------------------------------------------
---------------------------------------------------------------------------------
Start Cross Boundary and Area Optimization
---------------------------------------------------------------------------------
---------------------------------------------------------------------------------
Finished Cross Boundary and Area Optimization : Time (s): cpu = 00:00:11 ; elapsed = 00:00:21 . Memory (MB): peak = 620.473 ; gain = 371.090
---------------------------------------------------------------------------------

Report RTL Partitions: 
+-+--------------+------------+----------+
| |RTL Partition |Replication |Instances |
+-+--------------+------------+----------+
+-+--------------+------------+----------+
---------------------------------------------------------------------------------
Start Applying XDC Timing Constraints
---------------------------------------------------------------------------------
INFO: [Synth 8-5578] Moved timing constraint from pin 'design_1_i/clk_wiz_0/clk_out1' to pin 'design_1_i/clk_wiz_0/bbstub_clk_out1/O'
INFO: [Synth 8-5819] Moved 1 constraints on hierarchical pins to their respective driving/loading pins
---------------------------------------------------------------------------------
Finished Applying XDC Timing Constraints : Time (s): cpu = 00:00:19 ; elapsed = 00:00:30 . Memory (MB): peak = 621.918 ; gain = 372.535
---------------------------------------------------------------------------------
---------------------------------------------------------------------------------
Start Timing Optimization
---------------------------------------------------------------------------------
---------------------------------------------------------------------------------
Finished Timing Optimization : Time (s): cpu = 00:00:19 ; elapsed = 00:00:30 . Memory (MB): peak = 621.918 ; gain = 372.535
---------------------------------------------------------------------------------

Report RTL Partitions: 
+-+--------------+------------+----------+
| |RTL Partition |Replication |Instances |
+-+--------------+------------+----------+
+-+--------------+------------+----------+
---------------------------------------------------------------------------------
Start Technology Mapping
---------------------------------------------------------------------------------
---------------------------------------------------------------------------------
Finished Technology Mapping : Time (s): cpu = 00:00:19 ; elapsed = 00:00:30 . Memory (MB): peak = 632.059 ; gain = 382.676
---------------------------------------------------------------------------------

Report RTL Partitions: 
+-+--------------+------------+----------+
| |RTL Partition |Replication |Instances |
+-+--------------+------------+----------+
+-+--------------+------------+----------+
---------------------------------------------------------------------------------
Start IO Insertion
---------------------------------------------------------------------------------
---------------------------------------------------------------------------------
Start Flattening Before IO Insertion
---------------------------------------------------------------------------------
---------------------------------------------------------------------------------
Finished Flattening Before IO Insertion
---------------------------------------------------------------------------------
---------------------------------------------------------------------------------
Start Final Netlist Cleanup
---------------------------------------------------------------------------------
---------------------------------------------------------------------------------
Finished Final Netlist Cleanup
---------------------------------------------------------------------------------
---------------------------------------------------------------------------------
Finished IO Insertion : Time (s): cpu = 00:00:20 ; elapsed = 00:00:31 . Memory (MB): peak = 632.059 ; gain = 382.676
---------------------------------------------------------------------------------

Report Check Netlist: 
+------+------------------+-------+---------+-------+------------------+
|      |Item              |Errors |Warnings |Status |Description       |
+------+------------------+-------+---------+-------+------------------+
|1     |multi_driven_nets |      0|        0|Passed |Multi driven nets |
+------+------------------+-------+---------+-------+------------------+
---------------------------------------------------------------------------------
Start Renaming Generated Instances
---------------------------------------------------------------------------------
---------------------------------------------------------------------------------
Finished Renaming Generated Instances : Time (s): cpu = 00:00:20 ; elapsed = 00:00:31 . Memory (MB): peak = 632.059 ; gain = 382.676
---------------------------------------------------------------------------------

Report RTL Partitions: 
+-+--------------+------------+----------+
| |RTL Partition |Replication |Instances |
+-+--------------+------------+----------+
+-+--------------+------------+----------+
---------------------------------------------------------------------------------
Start Rebuilding User Hierarchy
---------------------------------------------------------------------------------
---------------------------------------------------------------------------------
Finished Rebuilding User Hierarchy : Time (s): cpu = 00:00:20 ; elapsed = 00:00:31 . Memory (MB): peak = 632.059 ; gain = 382.676
---------------------------------------------------------------------------------
---------------------------------------------------------------------------------
Start Renaming Generated Ports
---------------------------------------------------------------------------------
---------------------------------------------------------------------------------
Finished Renaming Generated Ports : Time (s): cpu = 00:00:20 ; elapsed = 00:00:31 . Memory (MB): peak = 632.059 ; gain = 382.676
---------------------------------------------------------------------------------
---------------------------------------------------------------------------------
Start Handling Custom Attributes
---------------------------------------------------------------------------------
---------------------------------------------------------------------------------
Finished Handling Custom Attributes : Time (s): cpu = 00:00:20 ; elapsed = 00:00:31 . Memory (MB): peak = 632.059 ; gain = 382.676
---------------------------------------------------------------------------------
---------------------------------------------------------------------------------
Start Renaming Generated Nets
---------------------------------------------------------------------------------
---------------------------------------------------------------------------------
Finished Renaming Generated Nets : Time (s): cpu = 00:00:20 ; elapsed = 00:00:31 . Memory (MB): peak = 632.059 ; gain = 382.676
---------------------------------------------------------------------------------
---------------------------------------------------------------------------------
Start Writing Synthesis Report
---------------------------------------------------------------------------------

Report BlackBoxes: 
+------+-------------------------+----------+
|      |BlackBox name            |Instances |
+------+-------------------------+----------+
|1     |design_1_DCT_2D_0_0      |         1|
|2     |design_1_RLE_0_0         |         1|
|3     |design_1_blk_mem_gen_0_0 |         1|
|4     |design_1_blk_mem_gen_1_0 |         1|
|5     |design_1_clk_wiz_0_0     |         1|
|6     |design_1_controller_0_0  |         1|
|7     |design_1_quant_0_0       |         1|
|8     |design_1_zig_zag_0_0     |         1|
+------+-------------------------+----------+

Report Cell Usage: 
+------+-------------------------+------+
|      |Cell                     |Count |
+------+-------------------------+------+
|1     |design_1_DCT_2D_0_0      |     1|
|2     |design_1_RLE_0_0         |     1|
|3     |design_1_blk_mem_gen_0_0 |     1|
|4     |design_1_blk_mem_gen_1_0 |     1|
|5     |design_1_clk_wiz_0_0     |     1|
|6     |design_1_controller_0_0  |     1|
|7     |design_1_quant_0_0       |     1|
|8     |design_1_zig_zag_0_0     |     1|
|9     |IBUF                     |     1|
|10    |OBUF                     |    14|
+------+-------------------------+------+

Report Instance Areas: 
+------+-------------+---------+------+
|      |Instance     |Module   |Cells |
+------+-------------+---------+------+
|1     |top          |         |   101|
|2     |  design_1_i |design_1 |    86|
+------+-------------+---------+------+
---------------------------------------------------------------------------------
Finished Writing Synthesis Report : Time (s): cpu = 00:00:20 ; elapsed = 00:00:31 . Memory (MB): peak = 632.059 ; gain = 382.676
---------------------------------------------------------------------------------
Synthesis finished with 0 errors, 0 critical warnings and 0 warnings.
Synthesis Optimization Runtime : Time (s): cpu = 00:00:12 ; elapsed = 00:00:16 . Memory (MB): peak = 632.059 ; gain = 128.719
Synthesis Optimization Complete : Time (s): cpu = 00:00:20 ; elapsed = 00:00:31 . Memory (MB): peak = 632.059 ; gain = 382.676
INFO: [Project 1-571] Translating synthesized netlist
INFO: [Netlist 29-17] Analyzing 1 Unisim elements for replacement
INFO: [Netlist 29-28] Unisim Transformation completed in 0 CPU seconds
INFO: [Project 1-570] Preparing netlist for logic optimization
INFO: [Opt 31-138] Pushed 0 inverter(s) to 0 load pin(s).
INFO: [Project 1-111] Unisim Transformation Summary:
No Unisim elements were transformed.

36 Infos, 3 Warnings, 0 Critical Warnings and 0 Errors encountered.
synth_design completed successfully
synth_design: Time (s): cpu = 00:00:21 ; elapsed = 00:00:34 . Memory (MB): peak = 643.586 ; gain = 405.652
INFO: [Common 17-1381] The checkpoint 'C:/Users/lsneler/Desktop/Repo/JPEG_conv/raw2jpeg/raw2jpeg.runs/synth_1/design_1_wrapper.dcp' has been generated.
report_utilization: Time (s): cpu = 00:00:00 ; elapsed = 00:00:00.010 . Memory (MB): peak = 643.586 ; gain = 0.000
INFO: [Common 17-206] Exiting Vivado at Wed Aug 21 14:00:31 2019...
