Unable to capture context for thread 5048 in process 4844, can not generate back trace
Unable to capture context for thread 5548 in process 4844, can not generate back trace
Exception at PC 0x00007FFBECEEBB93
Printing stacktrace...

[0]  [0x00007FFBECEEBB93]
[1]  [0x00007FFBECEEBB93]
[2]  [0x00007FFBECEEB4A1]
[3]  [0x00007FFBECEEB3EF]
[4]  [0x00007FFBECED19FE]
[5]  [0x00007FFBECED0ED1]
[6]  [0x00007FFBECED0D76]
[7]  [0x00007FFBECE779F6]
[8]  [0x00007FFBECE67AFB]
[9]  [0x00007FFBECF8E90A]
[10]  [0x00007FFBECFA9F87]
[11]  [0x00007FFBECFAA05F]
[12] (BaseThreadInitThunk+0x22) [0x00007FFC46B113D2]
[13] (RtlUserThreadStart+0x34) [0x00007FFC491454F4]
Done
Exception at PC 0x00007FFBECBF1A52
Attemped to write at address 0x00007FFC2E9AABA4
Printing stacktrace...

[0]  [0x00007FFBECBF1A52]
[1]  [0x00007FFBECBF1A52]
[2]  [0x00007FFBECBF1AD4]
[3]  [0x00007FFBECD33FF7]
[4]  [0x00007FFBECC19128]
[5]  [0x00007FFBECECDFB9]
[6]  [0x00007FFBED09EF23]
[7]  [0x00007FFBECFAB06B]
[8]  [0x00007FFBECFA08AF]
[9]  [0x00007FFBECFA0A32]
[10] (RtlActivateActivationContextUnsafeFast+0x114) [0x00007FFC4914C114]
[11] (LdrShutdownProcess+0x142) [0x00007FFC4914B522]
[12] (RtlExitUserProcess+0x98) [0x00007FFC49148538]
[13] (FatalExit+0xa) [0x00007FFC46B1516A]
[14] (exit+0x25) [0x00007FFC486E71D5]
[15] (flushall+0x22f) [0x00007FFC486E6E6F]
[16]  [0x00000000004014CD]
[17]  [0x000000000040151B]
[18] (BaseThreadInitThunk+0x22) [0x00007FFC46B113D2]
[19] (RtlUserThreadStart+0x34) [0x00007FFC491454F4]
Done
