
*** Running vivado
    with args -log DCT_2D.vds -m64 -product Vivado -mode batch -messageDb vivado.pb -notrace -source DCT_2D.tcl


****** Vivado v2017.2 (64-bit)
  **** SW Build 1909853 on Thu Jun 15 18:39:09 MDT 2017
  **** IP Build 1909766 on Thu Jun 15 19:58:00 MDT 2017
    ** Copyright 1986-2017 Xilinx, Inc. All Rights Reserved.

source DCT_2D.tcl -notrace
Command: synth_design -top DCT_2D -part xc7z010clg400-1
Starting synth_design
Attempting to get a license for feature 'Synthesis' and/or device 'xc7z010-clg400'
INFO: [Common 17-349] Got license for feature 'Synthesis' and/or device 'xc7z010-clg400'
INFO: Launching helper process for spawning children vivado processes
INFO: Helper process launched with PID 4416 
---------------------------------------------------------------------------------
Starting Synthesize : Time (s): cpu = 00:00:02 ; elapsed = 00:00:02 . Memory (MB): peak = 310.141 ; gain = 77.500
---------------------------------------------------------------------------------
INFO: [Synth 8-638] synthesizing module 'DCT_2D' [C:/Users/lsneler/Desktop/Repository/JPEG_conversion/combinatoryDCT/DCT.srcs/sources_1/new/DCT_2D.v:23]
INFO: [Synth 8-638] synthesizing module 'DCT' [C:/Users/lsneler/Desktop/Repository/JPEG_conversion/combinatoryDCT/DCT.srcs/sources_1/imports/combinatoryDCT/DCT.v:23]
	Parameter IDLE bound to: 4'b1000 
INFO: [Synth 8-638] synthesizing module 'RAM' [C:/Users/lsneler/Desktop/Repository/JPEG_conversion/combinatoryDCT/DCT.srcs/sources_1/new/RAM.v:23]
	Parameter WIDTH bound to: 11 - type: integer 
INFO: [Synth 8-256] done synthesizing module 'RAM' (1#1) [C:/Users/lsneler/Desktop/Repository/JPEG_conversion/combinatoryDCT/DCT.srcs/sources_1/new/RAM.v:23]
INFO: [Synth 8-638] synthesizing module 'register' [C:/Users/lsneler/Desktop/Repository/JPEG_conversion/combinatoryDCT/DCT.srcs/sources_1/imports/combinatoryDCT/reg.v:23]
	Parameter WIDTH bound to: 12 - type: integer 
	Parameter DELAY bound to: 2 - type: integer 
INFO: [Synth 8-638] synthesizing module 'delay' [C:/Users/lsneler/Desktop/Repository/JPEG_conversion/combinatoryDCT/DCT.srcs/sources_1/imports/modules_to_import/delay.v:23]
	Parameter reg_width bound to: 12 - type: integer 
INFO: [Synth 8-256] done synthesizing module 'delay' (2#1) [C:/Users/lsneler/Desktop/Repository/JPEG_conversion/combinatoryDCT/DCT.srcs/sources_1/imports/modules_to_import/delay.v:23]
INFO: [Synth 8-256] done synthesizing module 'register' (3#1) [C:/Users/lsneler/Desktop/Repository/JPEG_conversion/combinatoryDCT/DCT.srcs/sources_1/imports/combinatoryDCT/reg.v:23]
INFO: [Synth 8-638] synthesizing module 'register__parameterized0' [C:/Users/lsneler/Desktop/Repository/JPEG_conversion/combinatoryDCT/DCT.srcs/sources_1/imports/combinatoryDCT/reg.v:23]
	Parameter WIDTH bound to: 12 - type: integer 
	Parameter DELAY bound to: 1 - type: integer 
INFO: [Synth 8-256] done synthesizing module 'register__parameterized0' (3#1) [C:/Users/lsneler/Desktop/Repository/JPEG_conversion/combinatoryDCT/DCT.srcs/sources_1/imports/combinatoryDCT/reg.v:23]
INFO: [Synth 8-638] synthesizing module 'register__parameterized1' [C:/Users/lsneler/Desktop/Repository/JPEG_conversion/combinatoryDCT/DCT.srcs/sources_1/imports/combinatoryDCT/reg.v:23]
	Parameter WIDTH bound to: 13 - type: integer 
	Parameter DELAY bound to: 2 - type: integer 
INFO: [Synth 8-638] synthesizing module 'delay__parameterized0' [C:/Users/lsneler/Desktop/Repository/JPEG_conversion/combinatoryDCT/DCT.srcs/sources_1/imports/modules_to_import/delay.v:23]
	Parameter reg_width bound to: 13 - type: integer 
INFO: [Synth 8-256] done synthesizing module 'delay__parameterized0' (3#1) [C:/Users/lsneler/Desktop/Repository/JPEG_conversion/combinatoryDCT/DCT.srcs/sources_1/imports/modules_to_import/delay.v:23]
INFO: [Synth 8-256] done synthesizing module 'register__parameterized1' (3#1) [C:/Users/lsneler/Desktop/Repository/JPEG_conversion/combinatoryDCT/DCT.srcs/sources_1/imports/combinatoryDCT/reg.v:23]
INFO: [Synth 8-638] synthesizing module 'register__parameterized2' [C:/Users/lsneler/Desktop/Repository/JPEG_conversion/combinatoryDCT/DCT.srcs/sources_1/imports/combinatoryDCT/reg.v:23]
	Parameter WIDTH bound to: 14 - type: integer 
	Parameter DELAY bound to: 2 - type: integer 
INFO: [Synth 8-638] synthesizing module 'delay__parameterized1' [C:/Users/lsneler/Desktop/Repository/JPEG_conversion/combinatoryDCT/DCT.srcs/sources_1/imports/modules_to_import/delay.v:23]
	Parameter reg_width bound to: 14 - type: integer 
INFO: [Synth 8-256] done synthesizing module 'delay__parameterized1' (3#1) [C:/Users/lsneler/Desktop/Repository/JPEG_conversion/combinatoryDCT/DCT.srcs/sources_1/imports/modules_to_import/delay.v:23]
INFO: [Synth 8-256] done synthesizing module 'register__parameterized2' (3#1) [C:/Users/lsneler/Desktop/Repository/JPEG_conversion/combinatoryDCT/DCT.srcs/sources_1/imports/combinatoryDCT/reg.v:23]
INFO: [Synth 8-638] synthesizing module 'register__parameterized3' [C:/Users/lsneler/Desktop/Repository/JPEG_conversion/combinatoryDCT/DCT.srcs/sources_1/imports/combinatoryDCT/reg.v:23]
	Parameter WIDTH bound to: 14 - type: integer 
	Parameter DELAY bound to: 1 - type: integer 
INFO: [Synth 8-256] done synthesizing module 'register__parameterized3' (3#1) [C:/Users/lsneler/Desktop/Repository/JPEG_conversion/combinatoryDCT/DCT.srcs/sources_1/imports/combinatoryDCT/reg.v:23]
INFO: [Synth 8-638] synthesizing module 'register__parameterized4' [C:/Users/lsneler/Desktop/Repository/JPEG_conversion/combinatoryDCT/DCT.srcs/sources_1/imports/combinatoryDCT/reg.v:23]
	Parameter WIDTH bound to: 15 - type: integer 
	Parameter DELAY bound to: 1 - type: integer 
INFO: [Synth 8-638] synthesizing module 'delay__parameterized2' [C:/Users/lsneler/Desktop/Repository/JPEG_conversion/combinatoryDCT/DCT.srcs/sources_1/imports/modules_to_import/delay.v:23]
	Parameter reg_width bound to: 15 - type: integer 
INFO: [Synth 8-256] done synthesizing module 'delay__parameterized2' (3#1) [C:/Users/lsneler/Desktop/Repository/JPEG_conversion/combinatoryDCT/DCT.srcs/sources_1/imports/modules_to_import/delay.v:23]
INFO: [Synth 8-256] done synthesizing module 'register__parameterized4' (3#1) [C:/Users/lsneler/Desktop/Repository/JPEG_conversion/combinatoryDCT/DCT.srcs/sources_1/imports/combinatoryDCT/reg.v:23]
INFO: [Synth 8-638] synthesizing module 'register__parameterized5' [C:/Users/lsneler/Desktop/Repository/JPEG_conversion/combinatoryDCT/DCT.srcs/sources_1/imports/combinatoryDCT/reg.v:23]
	Parameter WIDTH bound to: 13 - type: integer 
	Parameter DELAY bound to: 1 - type: integer 
INFO: [Synth 8-256] done synthesizing module 'register__parameterized5' (3#1) [C:/Users/lsneler/Desktop/Repository/JPEG_conversion/combinatoryDCT/DCT.srcs/sources_1/imports/combinatoryDCT/reg.v:23]
INFO: [Synth 8-638] synthesizing module 'mux_3i' [C:/Users/lsneler/Desktop/Repository/JPEG_conversion/combinatoryDCT/DCT.srcs/sources_1/imports/combinatoryDCT/mux_3i.v:23]
	Parameter WIDTH_I0 bound to: 12 - type: integer 
	Parameter WIDTH_I1 bound to: 12 - type: integer 
	Parameter WIDTH_I2 bound to: 13 - type: integer 
	Parameter WIDTH_OUT bound to: 13 - type: integer 
	Parameter DELAY bound to: 0 - type: integer 
INFO: [Synth 8-256] done synthesizing module 'mux_3i' (4#1) [C:/Users/lsneler/Desktop/Repository/JPEG_conversion/combinatoryDCT/DCT.srcs/sources_1/imports/combinatoryDCT/mux_3i.v:23]
INFO: [Synth 8-638] synthesizing module 'mux_3i__parameterized0' [C:/Users/lsneler/Desktop/Repository/JPEG_conversion/combinatoryDCT/DCT.srcs/sources_1/imports/combinatoryDCT/mux_3i.v:23]
	Parameter WIDTH_I0 bound to: 16 - type: integer 
	Parameter WIDTH_I1 bound to: 13 - type: integer 
	Parameter WIDTH_I2 bound to: 14 - type: integer 
	Parameter WIDTH_OUT bound to: 14 - type: integer 
	Parameter DELAY bound to: 0 - type: integer 
INFO: [Synth 8-256] done synthesizing module 'mux_3i__parameterized0' (4#1) [C:/Users/lsneler/Desktop/Repository/JPEG_conversion/combinatoryDCT/DCT.srcs/sources_1/imports/combinatoryDCT/mux_3i.v:23]
WARNING: [Synth 8-689] width (14) of port connection 'i0' does not match port width (16) of module 'mux_3i__parameterized0' [C:/Users/lsneler/Desktop/Repository/JPEG_conversion/combinatoryDCT/DCT.srcs/sources_1/imports/combinatoryDCT/DCT.v:65]
INFO: [Synth 8-638] synthesizing module 'mux_3i__parameterized1' [C:/Users/lsneler/Desktop/Repository/JPEG_conversion/combinatoryDCT/DCT.srcs/sources_1/imports/combinatoryDCT/mux_3i.v:23]
	Parameter WIDTH_I0 bound to: 13 - type: integer 
	Parameter WIDTH_I1 bound to: 13 - type: integer 
	Parameter WIDTH_I2 bound to: 13 - type: integer 
	Parameter WIDTH_OUT bound to: 13 - type: integer 
	Parameter DELAY bound to: 0 - type: integer 
INFO: [Synth 8-256] done synthesizing module 'mux_3i__parameterized1' (4#1) [C:/Users/lsneler/Desktop/Repository/JPEG_conversion/combinatoryDCT/DCT.srcs/sources_1/imports/combinatoryDCT/mux_3i.v:23]
INFO: [Synth 8-638] synthesizing module 'mux_3i__parameterized2' [C:/Users/lsneler/Desktop/Repository/JPEG_conversion/combinatoryDCT/DCT.srcs/sources_1/imports/combinatoryDCT/mux_3i.v:23]
	Parameter WIDTH_I0 bound to: 13 - type: integer 
	Parameter WIDTH_I1 bound to: 14 - type: integer 
	Parameter WIDTH_I2 bound to: 15 - type: integer 
	Parameter WIDTH_OUT bound to: 15 - type: integer 
	Parameter DELAY bound to: 0 - type: integer 
INFO: [Synth 8-256] done synthesizing module 'mux_3i__parameterized2' (4#1) [C:/Users/lsneler/Desktop/Repository/JPEG_conversion/combinatoryDCT/DCT.srcs/sources_1/imports/combinatoryDCT/mux_3i.v:23]
INFO: [Synth 8-638] synthesizing module 'full_adder' [C:/Users/lsneler/Desktop/Repository/JPEG_conversion/combinatoryDCT/DCT.srcs/sources_1/new/full_adder.v:23]
	Parameter WIDTH bound to: 11 - type: integer 
INFO: [Synth 8-256] done synthesizing module 'full_adder' (5#1) [C:/Users/lsneler/Desktop/Repository/JPEG_conversion/combinatoryDCT/DCT.srcs/sources_1/new/full_adder.v:23]
INFO: [Synth 8-638] synthesizing module 'full_adder__parameterized0' [C:/Users/lsneler/Desktop/Repository/JPEG_conversion/combinatoryDCT/DCT.srcs/sources_1/new/full_adder.v:23]
	Parameter WIDTH bound to: 12 - type: integer 
INFO: [Synth 8-256] done synthesizing module 'full_adder__parameterized0' (5#1) [C:/Users/lsneler/Desktop/Repository/JPEG_conversion/combinatoryDCT/DCT.srcs/sources_1/new/full_adder.v:23]
INFO: [Synth 8-638] synthesizing module 'full_adder__parameterized1' [C:/Users/lsneler/Desktop/Repository/JPEG_conversion/combinatoryDCT/DCT.srcs/sources_1/new/full_adder.v:23]
	Parameter WIDTH bound to: 13 - type: integer 
INFO: [Synth 8-256] done synthesizing module 'full_adder__parameterized1' (5#1) [C:/Users/lsneler/Desktop/Repository/JPEG_conversion/combinatoryDCT/DCT.srcs/sources_1/new/full_adder.v:23]
WARNING: [Synth 8-689] width (13) of port connection 'S' does not match port width (14) of module 'full_adder__parameterized1' [C:/Users/lsneler/Desktop/Repository/JPEG_conversion/combinatoryDCT/DCT.srcs/sources_1/imports/combinatoryDCT/DCT.v:71]
INFO: [Synth 8-638] synthesizing module 'full_adder__parameterized2' [C:/Users/lsneler/Desktop/Repository/JPEG_conversion/combinatoryDCT/DCT.srcs/sources_1/new/full_adder.v:23]
	Parameter WIDTH bound to: 14 - type: integer 
INFO: [Synth 8-256] done synthesizing module 'full_adder__parameterized2' (5#1) [C:/Users/lsneler/Desktop/Repository/JPEG_conversion/combinatoryDCT/DCT.srcs/sources_1/new/full_adder.v:23]
INFO: [Synth 8-638] synthesizing module 'full_adder__parameterized3' [C:/Users/lsneler/Desktop/Repository/JPEG_conversion/combinatoryDCT/DCT.srcs/sources_1/new/full_adder.v:23]
	Parameter WIDTH bound to: 15 - type: integer 
INFO: [Synth 8-256] done synthesizing module 'full_adder__parameterized3' (5#1) [C:/Users/lsneler/Desktop/Repository/JPEG_conversion/combinatoryDCT/DCT.srcs/sources_1/new/full_adder.v:23]
WARNING: [Synth 8-689] width (15) of port connection 'S' does not match port width (16) of module 'full_adder__parameterized3' [C:/Users/lsneler/Desktop/Repository/JPEG_conversion/combinatoryDCT/DCT.srcs/sources_1/imports/combinatoryDCT/DCT.v:74]
INFO: [Synth 8-638] synthesizing module 'full_subtractor' [C:/Users/lsneler/Desktop/Repository/JPEG_conversion/combinatoryDCT/DCT.srcs/sources_1/imports/combinatoryDCT/full_subtractor.v:23]
	Parameter WIDTH bound to: 11 - type: integer 
INFO: [Synth 8-256] done synthesizing module 'full_subtractor' (6#1) [C:/Users/lsneler/Desktop/Repository/JPEG_conversion/combinatoryDCT/DCT.srcs/sources_1/imports/combinatoryDCT/full_subtractor.v:23]
INFO: [Synth 8-638] synthesizing module 'full_subtractor__parameterized0' [C:/Users/lsneler/Desktop/Repository/JPEG_conversion/combinatoryDCT/DCT.srcs/sources_1/imports/combinatoryDCT/full_subtractor.v:23]
	Parameter WIDTH bound to: 13 - type: integer 
INFO: [Synth 8-256] done synthesizing module 'full_subtractor__parameterized0' (6#1) [C:/Users/lsneler/Desktop/Repository/JPEG_conversion/combinatoryDCT/DCT.srcs/sources_1/imports/combinatoryDCT/full_subtractor.v:23]
WARNING: [Synth 8-689] width (13) of port connection 'S' does not match port width (14) of module 'full_subtractor__parameterized0' [C:/Users/lsneler/Desktop/Repository/JPEG_conversion/combinatoryDCT/DCT.srcs/sources_1/imports/combinatoryDCT/DCT.v:77]
INFO: [Synth 8-638] synthesizing module 'full_subtractor__parameterized1' [C:/Users/lsneler/Desktop/Repository/JPEG_conversion/combinatoryDCT/DCT.srcs/sources_1/imports/combinatoryDCT/full_subtractor.v:23]
	Parameter WIDTH bound to: 15 - type: integer 
INFO: [Synth 8-256] done synthesizing module 'full_subtractor__parameterized1' (6#1) [C:/Users/lsneler/Desktop/Repository/JPEG_conversion/combinatoryDCT/DCT.srcs/sources_1/imports/combinatoryDCT/full_subtractor.v:23]
WARNING: [Synth 8-689] width (15) of port connection 'S' does not match port width (16) of module 'full_subtractor__parameterized1' [C:/Users/lsneler/Desktop/Repository/JPEG_conversion/combinatoryDCT/DCT.srcs/sources_1/imports/combinatoryDCT/DCT.v:79]
INFO: [Synth 8-638] synthesizing module 'reg_mult' [C:/Users/lsneler/Desktop/Repository/JPEG_conversion/combinatoryDCT/DCT.srcs/sources_1/imports/combinatoryDCT/reg_mult.v:23]
INFO: [Synth 8-256] done synthesizing module 'reg_mult' (7#1) [C:/Users/lsneler/Desktop/Repository/JPEG_conversion/combinatoryDCT/DCT.srcs/sources_1/imports/combinatoryDCT/reg_mult.v:23]
INFO: [Synth 8-638] synthesizing module 'mux_2i' [C:/Users/lsneler/Desktop/Repository/JPEG_conversion/combinatoryDCT/DCT.srcs/sources_1/imports/combinatoryDCT/mux_2i.v:23]
	Parameter WIDTH_I0 bound to: 12 - type: integer 
	Parameter WIDTH_I1 bound to: 12 - type: integer 
	Parameter WIDTH_OUT bound to: 12 - type: integer 
	Parameter DELAY bound to: 0 - type: integer 
INFO: [Synth 8-256] done synthesizing module 'mux_2i' (8#1) [C:/Users/lsneler/Desktop/Repository/JPEG_conversion/combinatoryDCT/DCT.srcs/sources_1/imports/combinatoryDCT/mux_2i.v:23]
INFO: [Synth 8-638] synthesizing module 'mux_2i__parameterized0' [C:/Users/lsneler/Desktop/Repository/JPEG_conversion/combinatoryDCT/DCT.srcs/sources_1/imports/combinatoryDCT/mux_2i.v:23]
	Parameter WIDTH_I0 bound to: 14 - type: integer 
	Parameter WIDTH_I1 bound to: 14 - type: integer 
	Parameter WIDTH_OUT bound to: 14 - type: integer 
	Parameter DELAY bound to: 0 - type: integer 
INFO: [Synth 8-256] done synthesizing module 'mux_2i__parameterized0' (8#1) [C:/Users/lsneler/Desktop/Repository/JPEG_conversion/combinatoryDCT/DCT.srcs/sources_1/imports/combinatoryDCT/mux_2i.v:23]
INFO: [Synth 8-638] synthesizing module 'mux_2i__parameterized1' [C:/Users/lsneler/Desktop/Repository/JPEG_conversion/combinatoryDCT/DCT.srcs/sources_1/imports/combinatoryDCT/mux_2i.v:23]
	Parameter WIDTH_I0 bound to: 13 - type: integer 
	Parameter WIDTH_I1 bound to: 13 - type: integer 
	Parameter WIDTH_OUT bound to: 13 - type: integer 
	Parameter DELAY bound to: 0 - type: integer 
INFO: [Synth 8-256] done synthesizing module 'mux_2i__parameterized1' (8#1) [C:/Users/lsneler/Desktop/Repository/JPEG_conversion/combinatoryDCT/DCT.srcs/sources_1/imports/combinatoryDCT/mux_2i.v:23]
INFO: [Synth 8-638] synthesizing module 'mux_2i__parameterized2' [C:/Users/lsneler/Desktop/Repository/JPEG_conversion/combinatoryDCT/DCT.srcs/sources_1/imports/combinatoryDCT/mux_2i.v:23]
	Parameter WIDTH_I0 bound to: 15 - type: integer 
	Parameter WIDTH_I1 bound to: 15 - type: integer 
	Parameter WIDTH_OUT bound to: 15 - type: integer 
	Parameter DELAY bound to: 0 - type: integer 
INFO: [Synth 8-256] done synthesizing module 'mux_2i__parameterized2' (8#1) [C:/Users/lsneler/Desktop/Repository/JPEG_conversion/combinatoryDCT/DCT.srcs/sources_1/imports/combinatoryDCT/mux_2i.v:23]
INFO: [Synth 8-155] case statement is not full and has no default [C:/Users/lsneler/Desktop/Repository/JPEG_conversion/combinatoryDCT/DCT.srcs/sources_1/imports/combinatoryDCT/DCT.v:100]
INFO: [Synth 8-256] done synthesizing module 'DCT' (9#1) [C:/Users/lsneler/Desktop/Repository/JPEG_conversion/combinatoryDCT/DCT.srcs/sources_1/imports/combinatoryDCT/DCT.v:23]
INFO: [Synth 8-256] done synthesizing module 'DCT_2D' (10#1) [C:/Users/lsneler/Desktop/Repository/JPEG_conversion/combinatoryDCT/DCT.srcs/sources_1/new/DCT_2D.v:23]
WARNING: [Synth 8-3331] design mux_3i__parameterized0 has unconnected port i0[15]
WARNING: [Synth 8-3331] design mux_3i__parameterized0 has unconnected port i0[14]
WARNING: [Synth 8-3331] design RAM has unconnected port ce
---------------------------------------------------------------------------------
Finished Synthesize : Time (s): cpu = 00:00:03 ; elapsed = 00:00:03 . Memory (MB): peak = 354.230 ; gain = 121.590
---------------------------------------------------------------------------------
---------------------------------------------------------------------------------
Finished Constraint Validation : Time (s): cpu = 00:00:03 ; elapsed = 00:00:04 . Memory (MB): peak = 354.230 ; gain = 121.590
---------------------------------------------------------------------------------
---------------------------------------------------------------------------------
Start Loading Part and Timing Information
---------------------------------------------------------------------------------
Loading part: xc7z010clg400-1
---------------------------------------------------------------------------------
Finished Loading Part and Timing Information : Time (s): cpu = 00:00:03 ; elapsed = 00:00:04 . Memory (MB): peak = 354.230 ; gain = 121.590
---------------------------------------------------------------------------------
INFO: [Device 21-403] Loading part xc7z010clg400-1
INFO: [Synth 8-5545] ROM "data_reg[3]" won't be mapped to RAM because address size (32) is larger than maximum supported(25)
INFO: [Synth 8-5545] ROM "data_reg[2]" won't be mapped to RAM because address size (32) is larger than maximum supported(25)
INFO: [Synth 8-5545] ROM "data_reg[1]" won't be mapped to RAM because address size (32) is larger than maximum supported(25)
INFO: [Synth 8-5545] ROM "data_reg[0]" won't be mapped to RAM because address size (32) is larger than maximum supported(25)
INFO: [Synth 8-4471] merging register 'code_mo7_reg[1:0]' into 'code_mo6_reg[1:0]' [C:/Users/lsneler/Desktop/Repository/JPEG_conversion/combinatoryDCT/DCT.srcs/sources_1/imports/combinatoryDCT/DCT.v:67]
WARNING: [Synth 8-6014] Unused sequential element code_mo7_reg was removed.  [C:/Users/lsneler/Desktop/Repository/JPEG_conversion/combinatoryDCT/DCT.srcs/sources_1/imports/combinatoryDCT/DCT.v:67]
INFO: [Synth 8-802] inferred FSM for state register 'STATE_reg' in module 'DCT'
INFO: [Synth 8-5544] ROM "code_mo1" won't be mapped to Block RAM because address size (4) smaller than threshold (5)
INFO: [Synth 8-5544] ROM "code_mo3" won't be mapped to Block RAM because address size (4) smaller than threshold (5)
INFO: [Synth 8-5544] ROM "code_mo6" won't be mapped to Block RAM because address size (4) smaller than threshold (5)
INFO: [Synth 8-5544] ROM "code_even_odd" won't be mapped to Block RAM because address size (4) smaller than threshold (5)
INFO: [Synth 8-5544] ROM "code_mo4" won't be mapped to Block RAM because address size (4) smaller than threshold (5)
INFO: [Synth 8-5546] ROM "rst_mod2" won't be mapped to RAM because it is too sparse
WARNING: [Synth 8-6014] Unused sequential element cnt_reg was removed.  [C:/Users/lsneler/Desktop/Repository/JPEG_conversion/combinatoryDCT/DCT.srcs/sources_1/new/DCT_2D.v:54]
WARNING: [Synth 8-6014] Unused sequential element STATE_reg was removed.  [C:/Users/lsneler/Desktop/Repository/JPEG_conversion/combinatoryDCT/DCT.srcs/sources_1/imports/combinatoryDCT/DCT.v:42]
WARNING: [Synth 8-6014] Unused sequential element STATE_reg was removed.  [C:/Users/lsneler/Desktop/Repository/JPEG_conversion/combinatoryDCT/DCT.srcs/sources_1/imports/combinatoryDCT/DCT.v:42]
---------------------------------------------------------------------------------------------------
                   State |                     New Encoding |                Previous Encoding 
---------------------------------------------------------------------------------------------------
                    IDLE |                             0000 |                             1000
                  iSTATE |                             0001 |                             0000
                 iSTATE0 |                             0010 |                             0001
                 iSTATE1 |                             0011 |                             0010
                 iSTATE2 |                             0100 |                             0011
                 iSTATE3 |                             0101 |                             0100
                 iSTATE4 |                             0110 |                             0101
                 iSTATE5 |                             0111 |                             0110
                 iSTATE6 |                             1000 |                             0111
---------------------------------------------------------------------------------------------------
INFO: [Synth 8-3354] encoded FSM with state register 'STATE_reg' using encoding 'sequential' in module 'DCT'
WARNING: [Synth 8-6014] Unused sequential element STATE_reg was removed.  [C:/Users/lsneler/Desktop/Repository/JPEG_conversion/combinatoryDCT/DCT.srcs/sources_1/imports/combinatoryDCT/DCT.v:42]
---------------------------------------------------------------------------------
Finished RTL Optimization Phase 2 : Time (s): cpu = 00:00:05 ; elapsed = 00:00:05 . Memory (MB): peak = 399.164 ; gain = 166.523
---------------------------------------------------------------------------------

Report RTL Partitions: 
+-+--------------+------------+----------+
| |RTL Partition |Replication |Instances |
+-+--------------+------------+----------+
+-+--------------+------------+----------+
No constraint files found.
---------------------------------------------------------------------------------
Start RTL Component Statistics 
---------------------------------------------------------------------------------
Detailed RTL Component Info : 
+---Adders : 
	   2 Input     16 Bit       Adders := 2     
	   3 Input     16 Bit       Adders := 2     
	   2 Input     15 Bit       Adders := 2     
	   2 Input     14 Bit       Adders := 4     
	   3 Input     14 Bit       Adders := 4     
	   2 Input     13 Bit       Adders := 2     
	   2 Input     12 Bit       Adders := 2     
	   3 Input     12 Bit       Adders := 2     
	   2 Input      6 Bit       Adders := 1     
+---Registers : 
	               15 Bit    Registers := 4     
	               14 Bit    Registers := 18    
	               13 Bit    Registers := 20    
	               12 Bit    Registers := 16    
	               11 Bit    Registers := 72    
	                6 Bit    Registers := 1     
	                4 Bit    Registers := 2     
	                3 Bit    Registers := 2     
	                2 Bit    Registers := 6     
	                1 Bit    Registers := 9     
+---Muxes : 
	   2 Input     18 Bit        Muxes := 4     
	   4 Input     15 Bit        Muxes := 2     
	   2 Input     15 Bit        Muxes := 4     
	   3 Input     15 Bit        Muxes := 2     
	   4 Input     14 Bit        Muxes := 2     
	   3 Input     14 Bit        Muxes := 2     
	   4 Input     13 Bit        Muxes := 4     
	   3 Input     13 Bit        Muxes := 2     
	   3 Input     12 Bit        Muxes := 2     
	   2 Input     11 Bit        Muxes := 8     
	   4 Input     11 Bit        Muxes := 2     
	   9 Input      4 Bit        Muxes := 2     
	  10 Input      4 Bit        Muxes := 2     
	   9 Input      3 Bit        Muxes := 2     
	   9 Input      2 Bit        Muxes := 6     
	   3 Input      1 Bit        Muxes := 8     
	   9 Input      1 Bit        Muxes := 20    
	  64 Input      1 Bit        Muxes := 64    
	   2 Input      1 Bit        Muxes := 1     
---------------------------------------------------------------------------------
Finished RTL Component Statistics 
---------------------------------------------------------------------------------
---------------------------------------------------------------------------------
Start RTL Hierarchical Component Statistics 
---------------------------------------------------------------------------------
Hierarchical RTL Component report 
Module DCT_2D 
Detailed RTL Component Info : 
+---Adders : 
	   2 Input      6 Bit       Adders := 1     
+---Registers : 
	               11 Bit    Registers := 64    
	                6 Bit    Registers := 1     
	                1 Bit    Registers := 1     
+---Muxes : 
	  64 Input      1 Bit        Muxes := 64    
	   2 Input      1 Bit        Muxes := 1     
Module RAM 
Detailed RTL Component Info : 
+---Registers : 
	               11 Bit    Registers := 4     
+---Muxes : 
	   2 Input     11 Bit        Muxes := 4     
	   4 Input     11 Bit        Muxes := 1     
	   3 Input      1 Bit        Muxes := 4     
Module delay 
Detailed RTL Component Info : 
+---Registers : 
	               12 Bit    Registers := 1     
Module delay__parameterized0 
Detailed RTL Component Info : 
+---Registers : 
	               13 Bit    Registers := 1     
Module delay__parameterized1 
Detailed RTL Component Info : 
+---Registers : 
	               14 Bit    Registers := 1     
Module delay__parameterized2 
Detailed RTL Component Info : 
+---Registers : 
	               15 Bit    Registers := 1     
Module mux_3i 
Detailed RTL Component Info : 
+---Muxes : 
	   4 Input     13 Bit        Muxes := 1     
Module mux_3i__parameterized0 
Detailed RTL Component Info : 
+---Muxes : 
	   4 Input     14 Bit        Muxes := 1     
Module mux_3i__parameterized1 
Detailed RTL Component Info : 
+---Muxes : 
	   4 Input     13 Bit        Muxes := 1     
Module mux_3i__parameterized2 
Detailed RTL Component Info : 
+---Muxes : 
	   4 Input     15 Bit        Muxes := 1     
Module full_adder 
Detailed RTL Component Info : 
+---Adders : 
	   2 Input     12 Bit       Adders := 1     
Module full_adder__parameterized0 
Detailed RTL Component Info : 
+---Adders : 
	   2 Input     13 Bit       Adders := 1     
Module full_adder__parameterized1 
Detailed RTL Component Info : 
+---Adders : 
	   2 Input     14 Bit       Adders := 1     
Module full_adder__parameterized2 
Detailed RTL Component Info : 
+---Adders : 
	   2 Input     15 Bit       Adders := 1     
Module full_adder__parameterized3 
Detailed RTL Component Info : 
+---Adders : 
	   2 Input     16 Bit       Adders := 1     
Module full_subtractor 
Detailed RTL Component Info : 
+---Adders : 
	   3 Input     12 Bit       Adders := 1     
Module full_subtractor__parameterized0 
Detailed RTL Component Info : 
+---Adders : 
	   3 Input     14 Bit       Adders := 1     
Module full_subtractor__parameterized1 
Detailed RTL Component Info : 
+---Adders : 
	   3 Input     16 Bit       Adders := 1     
Module reg_mult 
Detailed RTL Component Info : 
+---Muxes : 
	   2 Input     18 Bit        Muxes := 2     
	   2 Input     15 Bit        Muxes := 2     
Module mux_2i 
Detailed RTL Component Info : 
+---Muxes : 
	   3 Input     12 Bit        Muxes := 1     
Module mux_2i__parameterized0 
Detailed RTL Component Info : 
+---Muxes : 
	   3 Input     14 Bit        Muxes := 1     
Module mux_2i__parameterized1 
Detailed RTL Component Info : 
+---Muxes : 
	   3 Input     13 Bit        Muxes := 1     
Module mux_2i__parameterized2 
Detailed RTL Component Info : 
+---Muxes : 
	   3 Input     15 Bit        Muxes := 1     
Module DCT 
Detailed RTL Component Info : 
+---Registers : 
	                4 Bit    Registers := 1     
	                3 Bit    Registers := 1     
	                2 Bit    Registers := 3     
	                1 Bit    Registers := 4     
+---Muxes : 
	   9 Input      4 Bit        Muxes := 1     
	  10 Input      4 Bit        Muxes := 1     
	   9 Input      3 Bit        Muxes := 1     
	   9 Input      2 Bit        Muxes := 3     
	   9 Input      1 Bit        Muxes := 10    
---------------------------------------------------------------------------------
Finished RTL Hierarchical Component Statistics
---------------------------------------------------------------------------------
---------------------------------------------------------------------------------
Start Part Resource Summary
---------------------------------------------------------------------------------
Part Resources:
DSPs: 80 (col length:40)
BRAMs: 120 (col length: RAMB18 40 RAMB36 20)
---------------------------------------------------------------------------------
Finished Part Resource Summary
---------------------------------------------------------------------------------
No constraint files found.
---------------------------------------------------------------------------------
Start Cross Boundary and Area Optimization
---------------------------------------------------------------------------------
DSP Report: Generating DSP m/mult_result, operation Mode is: A*B.
DSP Report: operator m/mult_result is absorbed into DSP m/mult_result.
DSP Report: Generating DSP m/mult_result, operation Mode is: A*B.
DSP Report: operator m/mult_result is absorbed into DSP m/mult_result.
WARNING: [Synth 8-6014] Unused sequential element cnt_reg was removed.  [C:/Users/lsneler/Desktop/Repository/JPEG_conversion/combinatoryDCT/DCT.srcs/sources_1/new/DCT_2D.v:54]
INFO: [Synth 8-3886] merging instance 'mod_1/r8/(null)[0].del/tmp_reg[13]' (FDRE) to 'mod_1/r8/(null)[0].del/tmp_reg[12]'
INFO: [Synth 8-3333] propagating constant 0 across sequential element (\mod_1/r8/(null)[0].del/tmp_reg[12] )
INFO: [Synth 8-3886] merging instance 'mod_1/fabric_RAM/data_reg[0][10]' (FDRE) to 'mod_1/fabric_RAM/data_reg[0][9]'
INFO: [Synth 8-3886] merging instance 'mod_1/fabric_RAM/data_reg[0][7]' (FDRE) to 'mod_1/fabric_RAM/data_reg[0][9]'
INFO: [Synth 8-3886] merging instance 'mod_1/fabric_RAM/data_reg[0][8]' (FDRE) to 'mod_1/fabric_RAM/data_reg[0][9]'
INFO: [Synth 8-3886] merging instance 'mod_2/r8/(null)[0].del/tmp_reg[12]' (FDRE) to 'mod_2/r8/(null)[0].del/tmp_reg[13]'
INFO: [Synth 8-3333] propagating constant 0 across sequential element (\mod_2/r8/(null)[0].del/tmp_reg[13] )
INFO: [Synth 8-3886] merging instance 'mod_1/fabric_RAM/data_reg[1][10]' (FDRE) to 'mod_1/fabric_RAM/data_reg[1][7]'
INFO: [Synth 8-3886] merging instance 'mod_1/fabric_RAM/data_reg[1][7]' (FDRE) to 'mod_1/fabric_RAM/data_reg[1][8]'
INFO: [Synth 8-3886] merging instance 'mod_1/fabric_RAM/data_reg[1][8]' (FDRE) to 'mod_1/fabric_RAM/data_reg[1][9]'
INFO: [Synth 8-3886] merging instance 'mod_2/r10/(null)[0].del/tmp_reg[12]' (FDRE) to 'mod_2/r10/(null)[0].del/tmp_reg[13]'
INFO: [Synth 8-3886] merging instance 'mod_2/r9/(null)[0].del/tmp_reg[12]' (FDRE) to 'mod_2/r10/(null)[0].del/tmp_reg[13]'
INFO: [Synth 8-3886] merging instance 'mod_2/r9/(null)[0].del/tmp_reg[13]' (FDRE) to 'mod_2/r10/(null)[0].del/tmp_reg[13]'
INFO: [Synth 8-3886] merging instance 'mod_2/r8/(null)[0].del/tmp_reg[13]' (FDRE) to 'mod_2/r10/(null)[0].del/tmp_reg[13]'
INFO: [Synth 8-3886] merging instance 'mod_2/r9/(null)[1].del/tmp_reg[13]' (FDRE) to 'mod_2/r10/(null)[0].del/tmp_reg[13]'
INFO: [Synth 8-3886] merging instance 'mod_2/r9/(null)[1].del/tmp_reg[12]' (FDRE) to 'mod_2/r10/(null)[0].del/tmp_reg[13]'
INFO: [Synth 8-3333] propagating constant 0 across sequential element (\mod_2/r10/(null)[0].del/tmp_reg[13] )
INFO: [Synth 8-3886] merging instance 'mod_2/r10/(null)[1].del/tmp_reg[12]' (FDRE) to 'mod_2/r10/(null)[0].del/tmp_reg[13]'
INFO: [Synth 8-3886] merging instance 'mod_2/r10/(null)[1].del/tmp_reg[13]' (FDRE) to 'mod_2/r10/(null)[0].del/tmp_reg[13]'
INFO: [Synth 8-3886] merging instance 'mod_1/fabric_RAM/data_reg[2][10]' (FDRE) to 'mod_1/fabric_RAM/data_reg[2][9]'
INFO: [Synth 8-3886] merging instance 'mod_1/fabric_RAM/data_reg[2][7]' (FDRE) to 'mod_1/fabric_RAM/data_reg[2][9]'
INFO: [Synth 8-3886] merging instance 'mod_1/fabric_RAM/data_reg[2][8]' (FDRE) to 'mod_1/fabric_RAM/data_reg[2][9]'
INFO: [Synth 8-3333] propagating constant 0 across sequential element (\mod_2/r10/(null)[0].del/tmp_reg[13] )
INFO: [Synth 8-3886] merging instance 'mod_1/fabric_RAM/data_reg[3][10]' (FDRE) to 'mod_1/fabric_RAM/data_reg[3][7]'
INFO: [Synth 8-3886] merging instance 'mod_1/fabric_RAM/data_reg[3][7]' (FDRE) to 'mod_1/fabric_RAM/data_reg[3][8]'
INFO: [Synth 8-3886] merging instance 'mod_1/fabric_RAM/data_reg[3][8]' (FDRE) to 'mod_1/fabric_RAM/data_reg[3][9]'
WARNING: [Synth 8-3332] Sequential element (mod_1/r8/(null)[0].del/tmp_reg[12]) is unused and will be removed from module DCT_2D.
WARNING: [Synth 8-3332] Sequential element (mod_1/r9/(null)[0].del/tmp_reg[13]) is unused and will be removed from module DCT_2D.
WARNING: [Synth 8-3332] Sequential element (mod_1/r9/(null)[0].del/tmp_reg[12]) is unused and will be removed from module DCT_2D.
WARNING: [Synth 8-3332] Sequential element (mod_1/r9/(null)[0].del/tmp_reg[11]) is unused and will be removed from module DCT_2D.
WARNING: [Synth 8-3332] Sequential element (mod_1/r9/(null)[1].del/tmp_reg[13]) is unused and will be removed from module DCT_2D.
WARNING: [Synth 8-3332] Sequential element (mod_1/r9/(null)[1].del/tmp_reg[12]) is unused and will be removed from module DCT_2D.
WARNING: [Synth 8-3332] Sequential element (mod_1/r9/(null)[1].del/tmp_reg[11]) is unused and will be removed from module DCT_2D.
WARNING: [Synth 8-3332] Sequential element (mod_1/r10/(null)[0].del/tmp_reg[13]) is unused and will be removed from module DCT_2D.
WARNING: [Synth 8-3332] Sequential element (mod_1/r10/(null)[0].del/tmp_reg[12]) is unused and will be removed from module DCT_2D.
WARNING: [Synth 8-3332] Sequential element (mod_1/r10/(null)[0].del/tmp_reg[11]) is unused and will be removed from module DCT_2D.
WARNING: [Synth 8-3332] Sequential element (mod_1/r10/(null)[1].del/tmp_reg[13]) is unused and will be removed from module DCT_2D.
WARNING: [Synth 8-3332] Sequential element (mod_1/r10/(null)[1].del/tmp_reg[12]) is unused and will be removed from module DCT_2D.
WARNING: [Synth 8-3332] Sequential element (mod_1/r10/(null)[1].del/tmp_reg[11]) is unused and will be removed from module DCT_2D.
WARNING: [Synth 8-3332] Sequential element (mod_1/r11/(null)[0].del/tmp_reg[14]) is unused and will be removed from module DCT_2D.
WARNING: [Synth 8-3332] Sequential element (mod_1/r11/(null)[0].del/tmp_reg[13]) is unused and will be removed from module DCT_2D.
WARNING: [Synth 8-3332] Sequential element (mod_1/r11/(null)[0].del/tmp_reg[12]) is unused and will be removed from module DCT_2D.
WARNING: [Synth 8-3332] Sequential element (mod_1/r11/(null)[0].del/tmp_reg[11]) is unused and will be removed from module DCT_2D.
WARNING: [Synth 8-3332] Sequential element (mod_1/r17/(null)[0].del/tmp_reg[12]) is unused and will be removed from module DCT_2D.
WARNING: [Synth 8-3332] Sequential element (mod_1/r17/(null)[0].del/tmp_reg[11]) is unused and will be removed from module DCT_2D.
WARNING: [Synth 8-3332] Sequential element (mod_1/r17/(null)[1].del/tmp_reg[12]) is unused and will be removed from module DCT_2D.
WARNING: [Synth 8-3332] Sequential element (mod_1/r17/(null)[1].del/tmp_reg[11]) is unused and will be removed from module DCT_2D.
WARNING: [Synth 8-3332] Sequential element (mod_1/r18/(null)[0].del/tmp_reg[12]) is unused and will be removed from module DCT_2D.
WARNING: [Synth 8-3332] Sequential element (mod_1/r18/(null)[0].del/tmp_reg[11]) is unused and will be removed from module DCT_2D.
WARNING: [Synth 8-3332] Sequential element (mod_1/r20/(null)[0].del/tmp_reg[14]) is unused and will be removed from module DCT_2D.
WARNING: [Synth 8-3332] Sequential element (mod_1/r20/(null)[0].del/tmp_reg[13]) is unused and will be removed from module DCT_2D.
WARNING: [Synth 8-3332] Sequential element (mod_1/r20/(null)[0].del/tmp_reg[12]) is unused and will be removed from module DCT_2D.
WARNING: [Synth 8-3332] Sequential element (mod_1/r20/(null)[0].del/tmp_reg[11]) is unused and will be removed from module DCT_2D.
WARNING: [Synth 8-3332] Sequential element (mod_2/r11/(null)[0].del/tmp_reg[14]) is unused and will be removed from module DCT_2D.
WARNING: [Synth 8-3332] Sequential element (mod_2/r11/(null)[0].del/tmp_reg[13]) is unused and will be removed from module DCT_2D.
WARNING: [Synth 8-3332] Sequential element (mod_2/r20/(null)[0].del/tmp_reg[14]) is unused and will be removed from module DCT_2D.
WARNING: [Synth 8-3332] Sequential element (mod_2/r10/(null)[0].del/tmp_reg[13]) is unused and will be removed from module DCT_2D.
---------------------------------------------------------------------------------
Finished Cross Boundary and Area Optimization : Time (s): cpu = 00:00:10 ; elapsed = 00:00:09 . Memory (MB): peak = 541.918 ; gain = 309.277
---------------------------------------------------------------------------------
---------------------------------------------------------------------------------
Start ROM, RAM, DSP and Shift Register Reporting
---------------------------------------------------------------------------------

DSP: Preliminary Mapping  Report (see note below)
+------------+-------------+--------+--------+--------+--------+--------+------+------+------+------+-------+------+------+
|Module Name | DSP Mapping | A Size | B Size | C Size | D Size | P Size | AREG | BREG | CREG | DREG | ADREG | MREG | PREG | 
+------------+-------------+--------+--------+--------+--------+--------+------+------+------+------+-------+------+------+
|reg_mult    | A*B         | 15     | 14     | -      | -      | 29     | 0    | 0    | -    | -    | -     | 0    | 0    | 
|reg_mult    | A*B         | 15     | 14     | -      | -      | 29     | 0    | 0    | -    | -    | -     | 0    | 0    | 
+------------+-------------+--------+--------+--------+--------+--------+------+------+------+------+-------+------+------+

Note: The table above is a preliminary report that shows the DSPs inferred at the current stage of the synthesis flow. Some DSP may be reimplemented as non DSP primitives later in the synthesis flow. Multiple instantiated DSPs are reported only once.
---------------------------------------------------------------------------------
Finished ROM, RAM, DSP and Shift Register Reporting
---------------------------------------------------------------------------------

Report RTL Partitions: 
+-+--------------+------------+----------+
| |RTL Partition |Replication |Instances |
+-+--------------+------------+----------+
+-+--------------+------------+----------+
No constraint files found.
---------------------------------------------------------------------------------
Start Timing Optimization
---------------------------------------------------------------------------------
---------------------------------------------------------------------------------
Finished Timing Optimization : Time (s): cpu = 00:00:10 ; elapsed = 00:00:10 . Memory (MB): peak = 541.918 ; gain = 309.277
---------------------------------------------------------------------------------

Report RTL Partitions: 
+-+--------------+------------+----------+
| |RTL Partition |Replication |Instances |
+-+--------------+------------+----------+
+-+--------------+------------+----------+
---------------------------------------------------------------------------------
Start Technology Mapping
---------------------------------------------------------------------------------
INFO: [Synth 8-3886] merging instance 'mod_1/code_mo5_reg' (FDE) to 'mod_1/code_mo3_reg[1]'
INFO: [Synth 8-3886] merging instance 'mod_2/code_mo5_reg' (FDE) to 'mod_2/code_mo3_reg[1]'
---------------------------------------------------------------------------------
Finished Technology Mapping : Time (s): cpu = 00:00:11 ; elapsed = 00:00:10 . Memory (MB): peak = 541.918 ; gain = 309.277
---------------------------------------------------------------------------------

Report RTL Partitions: 
+-+--------------+------------+----------+
| |RTL Partition |Replication |Instances |
+-+--------------+------------+----------+
+-+--------------+------------+----------+
---------------------------------------------------------------------------------
Start IO Insertion
---------------------------------------------------------------------------------
---------------------------------------------------------------------------------
Start Flattening Before IO Insertion
---------------------------------------------------------------------------------
---------------------------------------------------------------------------------
Finished Flattening Before IO Insertion
---------------------------------------------------------------------------------
---------------------------------------------------------------------------------
Start Final Netlist Cleanup
---------------------------------------------------------------------------------
---------------------------------------------------------------------------------
Finished Final Netlist Cleanup
---------------------------------------------------------------------------------
---------------------------------------------------------------------------------
Finished IO Insertion : Time (s): cpu = 00:00:11 ; elapsed = 00:00:11 . Memory (MB): peak = 541.918 ; gain = 309.277
---------------------------------------------------------------------------------

Report Check Netlist: 
+------+------------------+-------+---------+-------+------------------+
|      |Item              |Errors |Warnings |Status |Description       |
+------+------------------+-------+---------+-------+------------------+
|1     |multi_driven_nets |      0|        0|Passed |Multi driven nets |
+------+------------------+-------+---------+-------+------------------+
---------------------------------------------------------------------------------
Start Renaming Generated Instances
---------------------------------------------------------------------------------
---------------------------------------------------------------------------------
Finished Renaming Generated Instances : Time (s): cpu = 00:00:11 ; elapsed = 00:00:11 . Memory (MB): peak = 541.918 ; gain = 309.277
---------------------------------------------------------------------------------

Report RTL Partitions: 
+-+--------------+------------+----------+
| |RTL Partition |Replication |Instances |
+-+--------------+------------+----------+
+-+--------------+------------+----------+
---------------------------------------------------------------------------------
Start Rebuilding User Hierarchy
---------------------------------------------------------------------------------
---------------------------------------------------------------------------------
Finished Rebuilding User Hierarchy : Time (s): cpu = 00:00:11 ; elapsed = 00:00:11 . Memory (MB): peak = 541.918 ; gain = 309.277
---------------------------------------------------------------------------------
---------------------------------------------------------------------------------
Start Renaming Generated Ports
---------------------------------------------------------------------------------
---------------------------------------------------------------------------------
Finished Renaming Generated Ports : Time (s): cpu = 00:00:11 ; elapsed = 00:00:11 . Memory (MB): peak = 541.918 ; gain = 309.277
---------------------------------------------------------------------------------
---------------------------------------------------------------------------------
Start Handling Custom Attributes
---------------------------------------------------------------------------------
---------------------------------------------------------------------------------
Finished Handling Custom Attributes : Time (s): cpu = 00:00:11 ; elapsed = 00:00:11 . Memory (MB): peak = 541.918 ; gain = 309.277
---------------------------------------------------------------------------------
---------------------------------------------------------------------------------
Start Renaming Generated Nets
---------------------------------------------------------------------------------
---------------------------------------------------------------------------------
Finished Renaming Generated Nets : Time (s): cpu = 00:00:11 ; elapsed = 00:00:11 . Memory (MB): peak = 541.918 ; gain = 309.277
---------------------------------------------------------------------------------
---------------------------------------------------------------------------------
Start Writing Synthesis Report
---------------------------------------------------------------------------------

Report BlackBoxes: 
+-+--------------+----------+
| |BlackBox name |Instances |
+-+--------------+----------+
+-+--------------+----------+

Report Cell Usage: 
+------+--------+------+
|      |Cell    |Count |
+------+--------+------+
|1     |BUFG    |     1|
|2     |CARRY4  |    73|
|3     |DSP48E1 |     2|
|4     |LUT1    |     9|
|5     |LUT2    |    65|
|6     |LUT3    |   100|
|7     |LUT4    |    82|
|8     |LUT5    |   207|
|9     |LUT6    |   359|
|10    |MUXF7   |    88|
|11    |MUXF8   |    44|
|12    |FDRE    |  1525|
|13    |FDSE    |     2|
|14    |IBUF    |    11|
|15    |OBUF    |    14|
+------+--------+------+

Report Instance Areas: 
+------+----------------------+-----------------------------------+------+
|      |Instance              |Module                             |Cells |
+------+----------------------+-----------------------------------+------+
|1     |top                   |                                   |  2582|
|2     |  mod_1               |DCT                                |   682|
|3     |    mo3               |mux_3i__parameterized0_48          |    14|
|4     |    s3                |full_subtractor__parameterized0_70 |     4|
|5     |    a1                |full_adder_40                      |     3|
|6     |    a3_r13            |full_adder__parameterized1_42      |     4|
|7     |    a4                |full_adder__parameterized1_43      |     4|
|8     |    a5                |full_adder__parameterized2_44      |     3|
|9     |    a6                |full_adder__parameterized3_45      |     3|
|10    |    a2                |full_adder__parameterized0_41      |    16|
|11    |    fabric_RAM        |RAM_46                             |    99|
|12    |    m                 |reg_mult_47                        |    30|
|13    |    r1                |register_49                        |    24|
|14    |      \(null)[0].del  |delay_98                           |    12|
|15    |      \(null)[1].del  |delay_99                           |    12|
|16    |    r10               |register__parameterized2_50        |    22|
|17    |      \(null)[0].del  |delay__parameterized1_96           |    11|
|18    |      \(null)[1].del  |delay__parameterized1_97           |    11|
|19    |    r11               |register__parameterized4_51        |    11|
|20    |      \(null)[0].del  |delay__parameterized2_95           |    11|
|21    |    r12               |register_52                        |    37|
|22    |      \(null)[0].del  |delay_93                           |    12|
|23    |      \(null)[1].del  |delay_94                           |    25|
|24    |    r14               |register__parameterized5_53        |    14|
|25    |      \(null)[0].del  |delay__parameterized0_92           |    14|
|26    |    r16               |register__parameterized5_54        |    13|
|27    |      \(null)[0].del  |delay__parameterized0_91           |    13|
|28    |    r17               |register__parameterized1_55        |    42|
|29    |      \(null)[0].del  |delay__parameterized0_89           |    11|
|30    |      \(null)[1].del  |delay__parameterized0_90           |    31|
|31    |    r18               |register__parameterized5_56        |    11|
|32    |      \(null)[0].del  |delay__parameterized0_88           |    11|
|33    |    r19               |register__parameterized2_57        |    28|
|34    |      \(null)[0].del  |delay__parameterized1_86           |    14|
|35    |      \(null)[1].del  |delay__parameterized1_87           |    14|
|36    |    r2                |register__parameterized0_58        |    12|
|37    |      \(null)[0].del  |delay_85                           |    12|
|38    |    r20               |register__parameterized4_59        |    22|
|39    |      \(null)[0].del  |delay__parameterized2_84           |    22|
|40    |    r21               |register__parameterized0_60        |    38|
|41    |      \(null)[0].del  |delay_83                           |    38|
|42    |    r22               |register__parameterized5_61        |    26|
|43    |      \(null)[0].del  |delay__parameterized0_82           |    26|
|44    |    r3                |register__parameterized0_62        |    12|
|45    |      \(null)[0].del  |delay_81                           |    12|
|46    |    r4                |register__parameterized0_63        |    13|
|47    |      \(null)[0].del  |delay_80                           |    13|
|48    |    r5                |register__parameterized1_64        |    26|
|49    |      \(null)[0].del  |delay__parameterized0_78           |    13|
|50    |      \(null)[1].del  |delay__parameterized0_79           |    13|
|51    |    r6                |register__parameterized1_65        |    39|
|52    |      \(null)[0].del  |delay__parameterized0_76           |    13|
|53    |      \(null)[1].del  |delay__parameterized0_77           |    26|
|54    |    r7                |register__parameterized2_66        |    28|
|55    |      \(null)[0].del  |delay__parameterized1_74           |    14|
|56    |      \(null)[1].del  |delay__parameterized1_75           |    14|
|57    |    r9                |register__parameterized2_67        |    22|
|58    |      \(null)[0].del  |delay__parameterized1_72           |    11|
|59    |      \(null)[1].del  |delay__parameterized1_73           |    11|
|60    |    s1                |full_subtractor_68                 |     3|
|61    |    s2                |full_subtractor__parameterized0_69 |    17|
|62    |    s4                |full_subtractor__parameterized1_71 |     3|
|63    |  mod_2               |DCT_0                              |  1080|
|64    |    mo3               |mux_3i__parameterized0             |    14|
|65    |    s3                |full_subtractor__parameterized0_15 |     4|
|66    |    a3_r13            |full_adder__parameterized1         |     4|
|67    |    a4                |full_adder__parameterized1_1       |     4|
|68    |    a5                |full_adder__parameterized2         |    12|
|69    |    a6                |full_adder__parameterized3         |     4|
|70    |    a1                |full_adder                         |     3|
|71    |    a2                |full_adder__parameterized0         |    16|
|72    |    fabric_RAM        |RAM                                |   467|
|73    |    m                 |reg_mult                           |    19|
|74    |    r1                |register                           |    24|
|75    |      \(null)[0].del  |delay_38                           |    12|
|76    |      \(null)[1].del  |delay_39                           |    12|
|77    |    r10               |register__parameterized2           |    28|
|78    |      \(null)[0].del  |delay__parameterized1_36           |    12|
|79    |      \(null)[1].del  |delay__parameterized1_37           |    16|
|80    |    r11               |register__parameterized4           |    13|
|81    |      \(null)[0].del  |delay__parameterized2_35           |    13|
|82    |    r12               |register_2                         |    37|
|83    |      \(null)[0].del  |delay_33                           |    12|
|84    |      \(null)[1].del  |delay_34                           |    25|
|85    |    r14               |register__parameterized5           |    14|
|86    |      \(null)[0].del  |delay__parameterized0_32           |    14|
|87    |    r16               |register__parameterized5_3         |    13|
|88    |      \(null)[0].del  |delay__parameterized0_31           |    13|
|89    |    r17               |register__parameterized1           |    52|
|90    |      \(null)[0].del  |delay__parameterized0_29           |    13|
|91    |      \(null)[1].del  |delay__parameterized0_30           |    39|
|92    |    r18               |register__parameterized5_4         |    13|
|93    |      \(null)[0].del  |delay__parameterized0_28           |    13|
|94    |    r19               |register__parameterized2_5         |    28|
|95    |      \(null)[0].del  |delay__parameterized1_26           |    14|
|96    |      \(null)[1].del  |delay__parameterized1_27           |    14|
|97    |    r2                |register__parameterized0           |    12|
|98    |      \(null)[0].del  |delay_25                           |    12|
|99    |    r20               |register__parameterized4_6         |    28|
|100   |      \(null)[0].del  |delay__parameterized2              |    28|
|101   |    r21               |register__parameterized0_7         |    38|
|102   |      \(null)[0].del  |delay_24                           |    38|
|103   |    r22               |register__parameterized5_8         |    28|
|104   |      \(null)[0].del  |delay__parameterized0_23           |    28|
|105   |    r3                |register__parameterized0_9         |    12|
|106   |      \(null)[0].del  |delay_22                           |    12|
|107   |    r4                |register__parameterized0_10        |    13|
|108   |      \(null)[0].del  |delay                              |    13|
|109   |    r5                |register__parameterized1_11        |    26|
|110   |      \(null)[0].del  |delay__parameterized0_20           |    13|
|111   |      \(null)[1].del  |delay__parameterized0_21           |    13|
|112   |    r6                |register__parameterized1_12        |    39|
|113   |      \(null)[0].del  |delay__parameterized0              |    13|
|114   |      \(null)[1].del  |delay__parameterized0_19           |    26|
|115   |    r7                |register__parameterized2_13        |    28|
|116   |      \(null)[0].del  |delay__parameterized1_17           |    14|
|117   |      \(null)[1].del  |delay__parameterized1_18           |    14|
|118   |    r9                |register__parameterized2_14        |    24|
|119   |      \(null)[0].del  |delay__parameterized1              |    12|
|120   |      \(null)[1].del  |delay__parameterized1_16           |    12|
|121   |    s1                |full_subtractor                    |     3|
|122   |    s2                |full_subtractor__parameterized0    |    17|
|123   |    s4                |full_subtractor__parameterized1    |     4|
+------+----------------------+-----------------------------------+------+
---------------------------------------------------------------------------------
Finished Writing Synthesis Report : Time (s): cpu = 00:00:11 ; elapsed = 00:00:11 . Memory (MB): peak = 541.918 ; gain = 309.277
---------------------------------------------------------------------------------
Synthesis finished with 0 errors, 0 critical warnings and 45 warnings.
Synthesis Optimization Runtime : Time (s): cpu = 00:00:11 ; elapsed = 00:00:11 . Memory (MB): peak = 541.918 ; gain = 309.277
Synthesis Optimization Complete : Time (s): cpu = 00:00:11 ; elapsed = 00:00:11 . Memory (MB): peak = 541.918 ; gain = 309.277
INFO: [Project 1-571] Translating synthesized netlist
INFO: [Netlist 29-17] Analyzing 86 Unisim elements for replacement
INFO: [Netlist 29-28] Unisim Transformation completed in 0 CPU seconds
INFO: [Project 1-570] Preparing netlist for logic optimization
INFO: [Opt 31-138] Pushed 0 inverter(s) to 0 load pin(s).
INFO: [Project 1-111] Unisim Transformation Summary:
No Unisim elements were transformed.

112 Infos, 45 Warnings, 0 Critical Warnings and 0 Errors encountered.
synth_design completed successfully
synth_design: Time (s): cpu = 00:00:14 ; elapsed = 00:00:24 . Memory (MB): peak = 593.672 ; gain = 368.801
INFO: [Common 17-1381] The checkpoint 'C:/Users/lsneler/Desktop/Repository/JPEG_conversion/combinatoryDCT/DCT.runs/synth_1/DCT_2D.dcp' has been generated.
report_utilization: Time (s): cpu = 00:00:00 ; elapsed = 00:00:00.022 . Memory (MB): peak = 593.672 ; gain = 0.000
INFO: [Common 17-206] Exiting Vivado at Fri Aug  2 11:33:02 2019...
