#-----------------------------------------------------------
# Vivado v2017.2 (64-bit)
# SW Build 1909853 on Thu Jun 15 18:39:09 MDT 2017
# IP Build 1909766 on Thu Jun 15 19:58:00 MDT 2017
# Start of session at: Thu Jul 25 13:59:14 2019
# Process ID: 2936
# Current directory: D:/VivadoProjects/Memory/memory
# Command line: vivado.exe -gui_launcher_event rodinguilauncherevent5356 D:\VivadoProjects\Memory\memory\memory.xpr
# Log file: D:/VivadoProjects/Memory/memory/vivado.log
# Journal file: D:/VivadoProjects/Memory/memory\vivado.jou
#-----------------------------------------------------------
start_gui
open_project D:/VivadoProjects/Memory/memory/memory.xpr
Scanning sources...
Finished scanning sources
INFO: [IP_Flow 19-234] Refreshing IP repositories
INFO: [IP_Flow 19-1704] No user IP repositories specified
INFO: [IP_Flow 19-2313] Loaded Vivado IP repository 'D:/Xilinx/Vivado/2017.2/data/ip'.
update_compile_order -fileset sources_1
exit
INFO: [Common 17-206] Exiting Vivado at Thu Jul 25 13:59:41 2019...
