INFO: [VRFC 10-2263] Analyzing Verilog file "C:/Users/lsneler/Desktop/Repository/JPEG_conversion/combinatoryDCT/DCT.sim/sim_1/synth/timing/tb_DCT_2D_BRAM_time_synth.v" into library xil_defaultlib
INFO: [VRFC 10-311] analyzing module DCT
INFO: [VRFC 10-311] analyzing module DCT_0
INFO: [VRFC 10-311] analyzing module DCT_2D
INFO: [VRFC 10-311] analyzing module RAM
INFO: [VRFC 10-311] analyzing module RAM_46
INFO: [VRFC 10-311] analyzing module delay
INFO: [VRFC 10-311] analyzing module delay_22
INFO: [VRFC 10-311] analyzing module delay_24
INFO: [VRFC 10-311] analyzing module delay_25
INFO: [VRFC 10-311] analyzing module delay_33
INFO: [VRFC 10-311] analyzing module delay_34
INFO: [VRFC 10-311] analyzing module delay_38
INFO: [VRFC 10-311] analyzing module delay_39
INFO: [VRFC 10-311] analyzing module delay_80
INFO: [VRFC 10-311] analyzing module delay_81
INFO: [VRFC 10-311] analyzing module delay_83
INFO: [VRFC 10-311] analyzing module delay_85
INFO: [VRFC 10-311] analyzing module delay_93
INFO: [VRFC 10-311] analyzing module delay_94
INFO: [VRFC 10-311] analyzing module delay_98
INFO: [VRFC 10-311] analyzing module delay_99
INFO: [VRFC 10-311] analyzing module delay__parameterized0
INFO: [VRFC 10-311] analyzing module delay__parameterized0_19
INFO: [VRFC 10-311] analyzing module delay__parameterized0_20
INFO: [VRFC 10-311] analyzing module delay__parameterized0_21
INFO: [VRFC 10-311] analyzing module delay__parameterized0_23
INFO: [VRFC 10-311] analyzing module delay__parameterized0_28
INFO: [VRFC 10-311] analyzing module delay__parameterized0_29
INFO: [VRFC 10-311] analyzing module delay__parameterized0_30
INFO: [VRFC 10-311] analyzing module delay__parameterized0_31
INFO: [VRFC 10-311] analyzing module delay__parameterized0_32
INFO: [VRFC 10-311] analyzing module delay__parameterized0_76
INFO: [VRFC 10-311] analyzing module delay__parameterized0_77
INFO: [VRFC 10-311] analyzing module delay__parameterized0_78
INFO: [VRFC 10-311] analyzing module delay__parameterized0_79
INFO: [VRFC 10-311] analyzing module delay__parameterized0_82
INFO: [VRFC 10-311] analyzing module delay__parameterized0_88
INFO: [VRFC 10-311] analyzing module delay__parameterized0_89
INFO: [VRFC 10-311] analyzing module delay__parameterized0_90
INFO: [VRFC 10-311] analyzing module delay__parameterized0_91
INFO: [VRFC 10-311] analyzing module delay__parameterized0_92
INFO: [VRFC 10-311] analyzing module delay__parameterized1
INFO: [VRFC 10-311] analyzing module delay__parameterized1_16
INFO: [VRFC 10-311] analyzing module delay__parameterized1_17
INFO: [VRFC 10-311] analyzing module delay__parameterized1_18
INFO: [VRFC 10-311] analyzing module delay__parameterized1_26
INFO: [VRFC 10-311] analyzing module delay__parameterized1_27
INFO: [VRFC 10-311] analyzing module delay__parameterized1_36
INFO: [VRFC 10-311] analyzing module delay__parameterized1_37
INFO: [VRFC 10-311] analyzing module delay__parameterized1_72
INFO: [VRFC 10-311] analyzing module delay__parameterized1_73
INFO: [VRFC 10-311] analyzing module delay__parameterized1_74
INFO: [VRFC 10-311] analyzing module delay__parameterized1_75
INFO: [VRFC 10-311] analyzing module delay__parameterized1_86
INFO: [VRFC 10-311] analyzing module delay__parameterized1_87
INFO: [VRFC 10-311] analyzing module delay__parameterized1_96
INFO: [VRFC 10-311] analyzing module delay__parameterized1_97
INFO: [VRFC 10-311] analyzing module delay__parameterized2
INFO: [VRFC 10-311] analyzing module delay__parameterized2_35
INFO: [VRFC 10-311] analyzing module delay__parameterized2_84
INFO: [VRFC 10-311] analyzing module delay__parameterized2_95
INFO: [VRFC 10-311] analyzing module full_adder
INFO: [VRFC 10-311] analyzing module full_adder_40
INFO: [VRFC 10-311] analyzing module full_adder__parameterized0
INFO: [VRFC 10-311] analyzing module full_adder__parameterized0_41
INFO: [VRFC 10-311] analyzing module full_adder__parameterized1
INFO: [VRFC 10-311] analyzing module full_adder__parameterized1_1
INFO: [VRFC 10-311] analyzing module full_adder__parameterized1_42
INFO: [VRFC 10-311] analyzing module full_adder__parameterized1_43
INFO: [VRFC 10-311] analyzing module full_adder__parameterized2
INFO: [VRFC 10-311] analyzing module full_adder__parameterized2_44
INFO: [VRFC 10-311] analyzing module full_adder__parameterized3
INFO: [VRFC 10-311] analyzing module full_adder__parameterized3_45
INFO: [VRFC 10-311] analyzing module full_subtractor
INFO: [VRFC 10-311] analyzing module full_subtractor_68
INFO: [VRFC 10-311] analyzing module full_subtractor__parameterized0
INFO: [VRFC 10-311] analyzing module full_subtractor__parameterized0_15
INFO: [VRFC 10-311] analyzing module full_subtractor__parameterized0_69
INFO: [VRFC 10-311] analyzing module full_subtractor__parameterized0_70
INFO: [VRFC 10-311] analyzing module full_subtractor__parameterized1
INFO: [VRFC 10-311] analyzing module full_subtractor__parameterized1_71
INFO: [VRFC 10-311] analyzing module mux_3i__parameterized0
INFO: [VRFC 10-311] analyzing module mux_3i__parameterized0_48
INFO: [VRFC 10-311] analyzing module reg_mult
INFO: [VRFC 10-311] analyzing module reg_mult_47
INFO: [VRFC 10-311] analyzing module register
INFO: [VRFC 10-311] analyzing module register_2
INFO: [VRFC 10-311] analyzing module register_49
INFO: [VRFC 10-311] analyzing module register_52
INFO: [VRFC 10-311] analyzing module register__parameterized0
INFO: [VRFC 10-311] analyzing module register__parameterized0_10
INFO: [VRFC 10-311] analyzing module register__parameterized0_58
INFO: [VRFC 10-311] analyzing module register__parameterized0_60
INFO: [VRFC 10-311] analyzing module register__parameterized0_62
INFO: [VRFC 10-311] analyzing module register__parameterized0_63
INFO: [VRFC 10-311] analyzing module register__parameterized0_7
INFO: [VRFC 10-311] analyzing module register__parameterized0_9
INFO: [VRFC 10-311] analyzing module register__parameterized1
INFO: [VRFC 10-311] analyzing module register__parameterized1_11
INFO: [VRFC 10-311] analyzing module register__parameterized1_12
INFO: [VRFC 10-311] analyzing module register__parameterized1_55
INFO: [VRFC 10-311] analyzing module register__parameterized1_64
INFO: [VRFC 10-311] analyzing module register__parameterized1_65
INFO: [VRFC 10-311] analyzing module register__parameterized2
INFO: [VRFC 10-311] analyzing module register__parameterized2_13
INFO: [VRFC 10-311] analyzing module register__parameterized2_14
INFO: [VRFC 10-311] analyzing module register__parameterized2_5
INFO: [VRFC 10-311] analyzing module register__parameterized2_50
INFO: [VRFC 10-311] analyzing module register__parameterized2_57
INFO: [VRFC 10-311] analyzing module register__parameterized2_66
INFO: [VRFC 10-311] analyzing module register__parameterized2_67
INFO: [VRFC 10-311] analyzing module register__parameterized4
INFO: [VRFC 10-311] analyzing module register__parameterized4_51
INFO: [VRFC 10-311] analyzing module register__parameterized4_59
INFO: [VRFC 10-311] analyzing module register__parameterized4_6
INFO: [VRFC 10-311] analyzing module register__parameterized5
INFO: [VRFC 10-311] analyzing module register__parameterized5_3
INFO: [VRFC 10-311] analyzing module register__parameterized5_4
INFO: [VRFC 10-311] analyzing module register__parameterized5_53
INFO: [VRFC 10-311] analyzing module register__parameterized5_54
INFO: [VRFC 10-311] analyzing module register__parameterized5_56
INFO: [VRFC 10-311] analyzing module register__parameterized5_61
INFO: [VRFC 10-311] analyzing module register__parameterized5_8
INFO: [VRFC 10-311] analyzing module glbl
INFO: [VRFC 10-2263] Analyzing Verilog file "C:/Users/lsneler/Desktop/Repository/JPEG_conversion/combinatoryDCT/DCT.srcs/sim_1/imports/combinatoryDCT/clk_gen.v" into library xil_defaultlib
INFO: [VRFC 10-311] analyzing module clk_gen
INFO: [VRFC 10-2263] Analyzing Verilog file "C:/Users/lsneler/Desktop/Repository/JPEG_conversion/combinatoryDCT/DCT.srcs/sim_1/new/tb_DCT_2D_BRAM.v" into library xil_defaultlib
INFO: [VRFC 10-311] analyzing module tb_DCT_2D_BRAM
