
*** Running vivado
    with args -log converter_rst_ps7_0_50M_0.vds -m64 -product Vivado -mode batch -messageDb vivado.pb -notrace -source converter_rst_ps7_0_50M_0.tcl


****** Vivado v2017.2 (64-bit)
  **** SW Build 1909853 on Thu Jun 15 18:39:09 MDT 2017
  **** IP Build 1909766 on Thu Jun 15 19:58:00 MDT 2017
    ** Copyright 1986-2017 Xilinx, Inc. All Rights Reserved.

source converter_rst_ps7_0_50M_0.tcl -notrace
Starting RTL Elaboration : Time (s): cpu = 00:00:02 ; elapsed = 00:00:03 . Memory (MB): peak = 326.348 ; gain = 80.734
INFO: [Synth 8-638] synthesizing module 'converter_rst_ps7_0_50M_0' [c:/Users/lsneler/Desktop/Repository/JPEG_conversion/raw2jpeg/raw2jpeg.srcs/sources_1/bd/converter/ip/converter_rst_ps7_0_50M_0/synth/converter_rst_ps7_0_50M_0.vhd:74]
INFO: [Synth 8-638] synthesizing module 'proc_sys_reset' [c:/Users/lsneler/Desktop/Repository/JPEG_conversion/raw2jpeg/raw2jpeg.srcs/sources_1/bd/converter/ipshared/5db7/hdl/proc_sys_reset_v5_0_vh_rfs.vhd:1323]
INFO: [Synth 8-638] synthesizing module 'lpf' [c:/Users/lsneler/Desktop/Repository/JPEG_conversion/raw2jpeg/raw2jpeg.srcs/sources_1/bd/converter/ipshared/5db7/hdl/proc_sys_reset_v5_0_vh_rfs.vhd:816]
INFO: [Synth 8-638] synthesizing module 'SRL16' [C:/Xilinx/Vivado/2017.2/scripts/rt/data/unisim_comp.v:43657]
INFO: [Synth 8-256] done synthesizing module 'SRL16' (1#1) [C:/Xilinx/Vivado/2017.2/scripts/rt/data/unisim_comp.v:43657]
INFO: [Synth 8-638] synthesizing module 'cdc_sync' [c:/Users/lsneler/Desktop/Repository/JPEG_conversion/raw2jpeg/raw2jpeg.srcs/sources_1/bd/converter/ipshared/52cb/hdl/lib_cdc_v1_0_rfs.vhd:106]
INFO: [Synth 8-256] done synthesizing module 'cdc_sync' (2#1) [c:/Users/lsneler/Desktop/Repository/JPEG_conversion/raw2jpeg/raw2jpeg.srcs/sources_1/bd/converter/ipshared/52cb/hdl/lib_cdc_v1_0_rfs.vhd:106]
INFO: [Synth 8-256] done synthesizing module 'lpf' (3#1) [c:/Users/lsneler/Desktop/Repository/JPEG_conversion/raw2jpeg/raw2jpeg.srcs/sources_1/bd/converter/ipshared/5db7/hdl/proc_sys_reset_v5_0_vh_rfs.vhd:816]
INFO: [Synth 8-638] synthesizing module 'sequence_psr' [c:/Users/lsneler/Desktop/Repository/JPEG_conversion/raw2jpeg/raw2jpeg.srcs/sources_1/bd/converter/ipshared/5db7/hdl/proc_sys_reset_v5_0_vh_rfs.vhd:301]
INFO: [Synth 8-638] synthesizing module 'upcnt_n' [c:/Users/lsneler/Desktop/Repository/JPEG_conversion/raw2jpeg/raw2jpeg.srcs/sources_1/bd/converter/ipshared/5db7/hdl/proc_sys_reset_v5_0_vh_rfs.vhd:125]
INFO: [Synth 8-256] done synthesizing module 'upcnt_n' (4#1) [c:/Users/lsneler/Desktop/Repository/JPEG_conversion/raw2jpeg/raw2jpeg.srcs/sources_1/bd/converter/ipshared/5db7/hdl/proc_sys_reset_v5_0_vh_rfs.vhd:125]
INFO: [Synth 8-256] done synthesizing module 'sequence_psr' (5#1) [c:/Users/lsneler/Desktop/Repository/JPEG_conversion/raw2jpeg/raw2jpeg.srcs/sources_1/bd/converter/ipshared/5db7/hdl/proc_sys_reset_v5_0_vh_rfs.vhd:301]
INFO: [Synth 8-256] done synthesizing module 'proc_sys_reset' (6#1) [c:/Users/lsneler/Desktop/Repository/JPEG_conversion/raw2jpeg/raw2jpeg.srcs/sources_1/bd/converter/ipshared/5db7/hdl/proc_sys_reset_v5_0_vh_rfs.vhd:1323]
INFO: [Synth 8-256] done synthesizing module 'converter_rst_ps7_0_50M_0' (7#1) [c:/Users/lsneler/Desktop/Repository/JPEG_conversion/raw2jpeg/raw2jpeg.srcs/sources_1/bd/converter/ip/converter_rst_ps7_0_50M_0/synth/converter_rst_ps7_0_50M_0.vhd:74]
Finished RTL Elaboration : Time (s): cpu = 00:00:03 ; elapsed = 00:00:04 . Memory (MB): peak = 366.426 ; gain = 120.813
Finished RTL Optimization Phase 1 : Time (s): cpu = 00:00:03 ; elapsed = 00:00:04 . Memory (MB): peak = 366.426 ; gain = 120.813
INFO: [Device 21-403] Loading part xc7z010clg400-1
Constraint Validation Runtime : Time (s): cpu = 00:00:00 ; elapsed = 00:00:00.016 . Memory (MB): peak = 666.859 ; gain = 0.000
Finished Constraint Validation : Time (s): cpu = 00:00:11 ; elapsed = 00:00:22 . Memory (MB): peak = 666.859 ; gain = 421.246
Finished Loading Part and Timing Information : Time (s): cpu = 00:00:11 ; elapsed = 00:00:22 . Memory (MB): peak = 666.859 ; gain = 421.246
Finished applying 'set_property' XDC Constraints : Time (s): cpu = 00:00:11 ; elapsed = 00:00:22 . Memory (MB): peak = 666.859 ; gain = 421.246
Finished RTL Optimization Phase 2 : Time (s): cpu = 00:00:11 ; elapsed = 00:00:22 . Memory (MB): peak = 666.859 ; gain = 421.246
Finished Cross Boundary and Area Optimization : Time (s): cpu = 00:00:12 ; elapsed = 00:00:22 . Memory (MB): peak = 666.859 ; gain = 421.246
Finished Applying XDC Timing Constraints : Time (s): cpu = 00:00:24 ; elapsed = 00:00:35 . Memory (MB): peak = 666.859 ; gain = 421.246
Finished Timing Optimization : Time (s): cpu = 00:00:24 ; elapsed = 00:00:35 . Memory (MB): peak = 666.859 ; gain = 421.246
Finished Technology Mapping : Time (s): cpu = 00:00:24 ; elapsed = 00:00:35 . Memory (MB): peak = 666.859 ; gain = 421.246
Finished IO Insertion : Time (s): cpu = 00:00:24 ; elapsed = 00:00:35 . Memory (MB): peak = 666.859 ; gain = 421.246
Finished Renaming Generated Instances : Time (s): cpu = 00:00:24 ; elapsed = 00:00:35 . Memory (MB): peak = 666.859 ; gain = 421.246
Finished Rebuilding User Hierarchy : Time (s): cpu = 00:00:25 ; elapsed = 00:00:35 . Memory (MB): peak = 666.859 ; gain = 421.246
Finished Renaming Generated Ports : Time (s): cpu = 00:00:25 ; elapsed = 00:00:35 . Memory (MB): peak = 666.859 ; gain = 421.246
Finished Handling Custom Attributes : Time (s): cpu = 00:00:25 ; elapsed = 00:00:35 . Memory (MB): peak = 666.859 ; gain = 421.246
Finished Renaming Generated Nets : Time (s): cpu = 00:00:25 ; elapsed = 00:00:35 . Memory (MB): peak = 666.859 ; gain = 421.246

Report Cell Usage: 
+------+------+------+
|      |Cell  |Count |
+------+------+------+
|1     |LUT1  |     5|
|2     |LUT2  |     9|
|3     |LUT3  |     1|
|4     |LUT4  |     6|
|5     |LUT5  |     3|
|6     |LUT6  |     1|
|7     |SRL16 |     1|
|8     |FDR   |     8|
|9     |FDRE  |    28|
|10    |FDSE  |     4|
+------+------+------+
Finished Writing Synthesis Report : Time (s): cpu = 00:00:25 ; elapsed = 00:00:35 . Memory (MB): peak = 666.859 ; gain = 421.246
synth_design: Time (s): cpu = 00:00:26 ; elapsed = 00:00:37 . Memory (MB): peak = 666.859 ; gain = 427.883
