
*** Running vivado
    with args -log converter_ila_0_0.vds -m64 -product Vivado -mode batch -messageDb vivado.pb -notrace -source converter_ila_0_0.tcl


****** Vivado v2017.2 (64-bit)
  **** SW Build 1909853 on Thu Jun 15 18:39:09 MDT 2017
  **** IP Build 1909766 on Thu Jun 15 19:58:00 MDT 2017
    ** Copyright 1986-2017 Xilinx, Inc. All Rights Reserved.

source converter_ila_0_0.tcl -notrace
Starting RTL Elaboration : Time (s): cpu = 00:00:05 ; elapsed = 00:00:06 . Memory (MB): peak = 382.832 ; gain = 101.898
INFO: [Synth 8-638] synthesizing module 'converter_ila_0_0' [c:/Users/lsneler/Desktop/Repo/JPEG_conv/raw2jpeg/raw2jpeg.srcs/sources_1/bd/converter/ip/converter_ila_0_0/synth/converter_ila_0_0.v:84]
INFO: [Synth 8-638] synthesizing module 'CFGLUT5' [C:/Xilinx/Vivado/2017.2/scripts/rt/data/unisim_comp.v:998]
INFO: [Synth 8-256] done synthesizing module 'CFGLUT5' (8#1) [C:/Xilinx/Vivado/2017.2/scripts/rt/data/unisim_comp.v:998]
INFO: [Synth 8-638] synthesizing module 'CARRY4' [C:/Xilinx/Vivado/2017.2/scripts/rt/data/unisim_comp.v:961]
INFO: [Synth 8-256] done synthesizing module 'CARRY4' (9#1) [C:/Xilinx/Vivado/2017.2/scripts/rt/data/unisim_comp.v:961]
INFO: [Synth 8-638] synthesizing module 'SRLC32E' [C:/Xilinx/Vivado/2017.2/scripts/rt/data/unisim_comp.v:43823]
INFO: [Synth 8-256] done synthesizing module 'SRLC32E' (19#1) [C:/Xilinx/Vivado/2017.2/scripts/rt/data/unisim_comp.v:43823]
INFO: [Synth 8-638] synthesizing module 'SRL16E' [C:/Xilinx/Vivado/2017.2/scripts/rt/data/unisim_comp.v:43673]
INFO: [Synth 8-256] done synthesizing module 'SRL16E' (21#1) [C:/Xilinx/Vivado/2017.2/scripts/rt/data/unisim_comp.v:43673]
INFO: [Synth 8-638] synthesizing module 'SRLC16E' [C:/Xilinx/Vivado/2017.2/scripts/rt/data/unisim_comp.v:43762]
INFO: [Synth 8-256] done synthesizing module 'SRLC16E' (23#1) [C:/Xilinx/Vivado/2017.2/scripts/rt/data/unisim_comp.v:43762]
INFO: [Synth 8-638] synthesizing module 'FDRE' [C:/Xilinx/Vivado/2017.2/scripts/rt/data/unisim_comp.v:3964]
INFO: [Synth 8-256] done synthesizing module 'FDRE' (28#1) [C:/Xilinx/Vivado/2017.2/scripts/rt/data/unisim_comp.v:3964]
INFO: [Synth 8-256] done synthesizing module 'converter_ila_0_0' (46#1) [c:/Users/lsneler/Desktop/Repo/JPEG_conv/raw2jpeg/raw2jpeg.srcs/sources_1/bd/converter/ip/converter_ila_0_0/synth/converter_ila_0_0.v:84]
Finished RTL Elaboration : Time (s): cpu = 00:01:02 ; elapsed = 00:01:03 . Memory (MB): peak = 738.234 ; gain = 457.301
Finished RTL Optimization Phase 1 : Time (s): cpu = 00:01:02 ; elapsed = 00:01:03 . Memory (MB): peak = 738.234 ; gain = 457.301
INFO: [Device 21-403] Loading part xc7z010clg400-1
Constraint Validation Runtime : Time (s): cpu = 00:00:00 ; elapsed = 00:00:00.118 . Memory (MB): peak = 802.465 ; gain = 0.000
Finished Constraint Validation : Time (s): cpu = 00:01:17 ; elapsed = 00:01:27 . Memory (MB): peak = 802.465 ; gain = 521.531
Finished Loading Part and Timing Information : Time (s): cpu = 00:01:17 ; elapsed = 00:01:27 . Memory (MB): peak = 802.465 ; gain = 521.531
Finished applying 'set_property' XDC Constraints : Time (s): cpu = 00:01:17 ; elapsed = 00:01:27 . Memory (MB): peak = 802.465 ; gain = 521.531
Finished RTL Optimization Phase 2 : Time (s): cpu = 00:01:20 ; elapsed = 00:01:31 . Memory (MB): peak = 802.465 ; gain = 521.531
Finished Cross Boundary and Area Optimization : Time (s): cpu = 00:01:32 ; elapsed = 00:01:44 . Memory (MB): peak = 802.465 ; gain = 521.531
Finished Applying XDC Timing Constraints : Time (s): cpu = 00:01:41 ; elapsed = 00:01:53 . Memory (MB): peak = 802.465 ; gain = 521.531
Finished Timing Optimization : Time (s): cpu = 00:01:42 ; elapsed = 00:01:54 . Memory (MB): peak = 802.465 ; gain = 521.531
Finished Technology Mapping : Time (s): cpu = 00:01:44 ; elapsed = 00:01:56 . Memory (MB): peak = 802.465 ; gain = 521.531
Finished IO Insertion : Time (s): cpu = 00:01:45 ; elapsed = 00:01:57 . Memory (MB): peak = 802.465 ; gain = 521.531
Finished Renaming Generated Instances : Time (s): cpu = 00:01:45 ; elapsed = 00:01:57 . Memory (MB): peak = 802.465 ; gain = 521.531
Finished Rebuilding User Hierarchy : Time (s): cpu = 00:01:46 ; elapsed = 00:01:58 . Memory (MB): peak = 802.465 ; gain = 521.531
Finished Renaming Generated Ports : Time (s): cpu = 00:01:46 ; elapsed = 00:01:58 . Memory (MB): peak = 802.465 ; gain = 521.531
Finished Handling Custom Attributes : Time (s): cpu = 00:01:46 ; elapsed = 00:01:58 . Memory (MB): peak = 802.465 ; gain = 521.531
Finished Renaming Generated Nets : Time (s): cpu = 00:01:46 ; elapsed = 00:01:58 . Memory (MB): peak = 802.465 ; gain = 521.531

Report Cell Usage: 
+------+---------+------+
|      |Cell     |Count |
+------+---------+------+
|1     |CARRY4   |   116|
|2     |CFGLUT5  |   320|
|3     |LUT1     |    71|
|4     |LUT2     |    97|
|5     |LUT3     |   177|
|6     |LUT4     |   450|
|7     |LUT5     |   142|
|8     |LUT6     |  1321|
|9     |MUXF7    |    99|
|10    |MUXF8    |    32|
|11    |RAMB36E1 |     6|
|12    |SRL16E   |   219|
|13    |SRLC16E  |     2|
|14    |SRLC32E  |    17|
|15    |FDRE     |  3753|
|16    |FDSE     |     9|
+------+---------+------+
Finished Writing Synthesis Report : Time (s): cpu = 00:01:46 ; elapsed = 00:01:58 . Memory (MB): peak = 802.465 ; gain = 521.531
synth_design: Time (s): cpu = 00:01:49 ; elapsed = 00:02:02 . Memory (MB): peak = 802.465 ; gain = 521.531
