#-----------------------------------------------------------
# Vivado v2017.2 (64-bit)
# SW Build 1909853 on Thu Jun 15 18:39:09 MDT 2017
# IP Build 1909766 on Thu Jun 15 19:58:00 MDT 2017
# Start of session at: Thu Aug 22 10:58:52 2019
# Process ID: 1372
# Current directory: C:/Users/lsneler/Desktop/Repo/JPEG_conv/component_modules/quantizator
# Command line: vivado.exe -gui_launcher_event rodinguilauncherevent4756 C:\Users\lsneler\Desktop\Repo\JPEG_conv\component_modules\quantizator\quantizator.xpr
# Log file: C:/Users/lsneler/Desktop/Repo/JPEG_conv/component_modules/quantizator/vivado.log
# Journal file: C:/Users/lsneler/Desktop/Repo/JPEG_conv/component_modules/quantizator\vivado.jou
#-----------------------------------------------------------
start_gui
open_project C:/Users/lsneler/Desktop/Repo/JPEG_conv/component_modules/quantizator/quantizator.xpr
INFO: [Project 1-313] Project file moved from 'C:/Users/lsneler/Desktop/Repo/JPEG_conv/quantizator' since last save.
CRITICAL WARNING: [Project 1-311] Could not find the file 'C:/Users/lsneler/Desktop/Repo/JPEG_conv/component_modules/combinatoryDCT/DCT.ip_user_files/inputData.coe', nor could it be found using path 'C:/Users/lsneler/Desktop/Repo/JPEG_conv/combinatoryDCT/DCT.ip_user_files/inputData.coe'.
Scanning sources...
Finished scanning sources
INFO: [filemgmt 56-1] IP Repository Path: Directory not found as 'C:/Users/lsneler/Desktop/Repo/JPEG_conv/component_modules/IP_Core_repo'; using path 'C:/Users/lsneler/Desktop/Repo/JPEG_conv/IP_Core_repo' instead.
INFO: [IP_Flow 19-234] Refreshing IP repositories
INFO: [IP_Flow 19-1700] Loaded user IP repository 'c:/Users/lsneler/Desktop/Repo/JPEG_conv/IP_Core_repo'.
INFO: [IP_Flow 19-2313] Loaded Vivado IP repository 'C:/Xilinx/Vivado/2017.2/data/ip'.
open_project: Time (s): cpu = 00:00:09 ; elapsed = 00:00:05 . Memory (MB): peak = 787.664 ; gain = 25.699
update_compile_order -fileset sources_1
exit
INFO: [Common 17-206] Exiting Vivado at Thu Aug 22 11:52:49 2019...
