#-----------------------------------------------------------
# Vivado v2017.2 (64-bit)
# SW Build 1909853 on Thu Jun 15 18:39:09 MDT 2017
# IP Build 1909766 on Thu Jun 15 19:58:00 MDT 2017
# Start of session at: Fri Aug  2 09:22:37 2019
# Process ID: 5856
# Current directory: C:/Users/lsneler/Desktop/Repository/JPEG_conversion/quantizator
# Command line: vivado.exe -gui_launcher_event rodinguilauncherevent1188 C:\Users\lsneler\Desktop\Repository\JPEG_conversion\quantizator\quantizator.xpr
# Log file: C:/Users/lsneler/Desktop/Repository/JPEG_conversion/quantizator/vivado.log
# Journal file: C:/Users/lsneler/Desktop/Repository/JPEG_conversion/quantizator\vivado.jou
#-----------------------------------------------------------
start_gui
open_project C:/Users/lsneler/Desktop/Repository/JPEG_conversion/quantizator/quantizator.xpr
Scanning sources...
Finished scanning sources
INFO: [IP_Flow 19-234] Refreshing IP repositories
INFO: [IP_Flow 19-1704] No user IP repositories specified
INFO: [IP_Flow 19-2313] Loaded Vivado IP repository 'C:/Xilinx/Vivado/2017.2/data/ip'.
open_project: Time (s): cpu = 00:00:07 ; elapsed = 00:00:08 . Memory (MB): peak = 744.914 ; gain = 7.160
update_compile_order -fileset sources_1
set_property -dict [list CONFIG.ARESETN {true}] [get_ips div_gen_0]
generate_target all [get_files  C:/Users/lsneler/Desktop/Repository/JPEG_conversion/quantizator/quantizator.srcs/sources_1/ip/div_gen_0/div_gen_0.xci]
INFO: [IP_Flow 19-1686] Generating 'Instantiation Template' target for IP 'div_gen_0'...
INFO: [IP_Flow 19-1686] Generating 'Synthesis' target for IP 'div_gen_0'...
INFO: [IP_Flow 19-1686] Generating 'Simulation' target for IP 'div_gen_0'...
INFO: [IP_Flow 19-1686] Generating 'C Simulation' target for IP 'div_gen_0'...
INFO: [IP_Flow 19-1686] Generating 'Test Bench' target for IP 'div_gen_0'...
INFO: [IP_Flow 19-1686] Generating 'Change Log' target for IP 'div_gen_0'...
catch { config_ip_cache -export [get_ips -all div_gen_0] }
export_ip_user_files -of_objects [get_files C:/Users/lsneler/Desktop/Repository/JPEG_conversion/quantizator/quantizator.srcs/sources_1/ip/div_gen_0/div_gen_0.xci] -no_script -sync -force -quiet
reset_run div_gen_0_synth_1
launch_runs -jobs 4 div_gen_0_synth_1
[Fri Aug  2 09:28:40 2019] Launched div_gen_0_synth_1...
Run output will be captured here: C:/Users/lsneler/Desktop/Repository/JPEG_conversion/quantizator/quantizator.runs/div_gen_0_synth_1/runme.log
export_simulation -of_objects [get_files C:/Users/lsneler/Desktop/Repository/JPEG_conversion/quantizator/quantizator.srcs/sources_1/ip/div_gen_0/div_gen_0.xci] -directory C:/Users/lsneler/Desktop/Repository/JPEG_conversion/quantizator/quantizator.ip_user_files/sim_scripts -ip_user_files_dir C:/Users/lsneler/Desktop/Repository/JPEG_conversion/quantizator/quantizator.ip_user_files -ipstatic_source_dir C:/Users/lsneler/Desktop/Repository/JPEG_conversion/quantizator/quantizator.ip_user_files/ipstatic -lib_map_path [list {modelsim=C:/Users/lsneler/Desktop/Repository/JPEG_conversion/quantizator/quantizator.cache/compile_simlib/modelsim} {questa=C:/Users/lsneler/Desktop/Repository/JPEG_conversion/quantizator/quantizator.cache/compile_simlib/questa} {riviera=C:/Users/lsneler/Desktop/Repository/JPEG_conversion/quantizator/quantizator.cache/compile_simlib/riviera} {activehdl=C:/Users/lsneler/Desktop/Repository/JPEG_conversion/quantizator/quantizator.cache/compile_simlib/activehdl}] -use_ip_compiled_libs -force -quiet
INFO: [Device 21-403] Loading part xc7z010clg400-1
WARNING: [IP_Flow 19-4067] Ignoring invalid widget type specified checkbox.Providing a default widget
WARNING: [IP_Flow 19-4067] Ignoring invalid widget type specified checkbox.Providing a default widget
WARNING: [IP_Flow 19-4067] Ignoring invalid widget type specified checkbox.Providing a default widget
WARNING: [IP_Flow 19-4067] Ignoring invalid widget type specified checkbox.Providing a default widget
WARNING: [IP_Flow 19-4067] Ignoring invalid widget type specified checkbox.Providing a default widget
WARNING: [IP_Flow 19-4067] Ignoring invalid widget type specified checkbox.Providing a default widget
set_property -dict [list CONFIG.Use_RSTA_Pin {true}] [get_ips luminance_quant]
generate_target all [get_files  C:/Users/lsneler/Desktop/Repository/JPEG_conversion/quantizator/quantizator.srcs/sources_1/ip/luminance_quant/luminance_quant.xci]
INFO: [IP_Flow 19-1686] Generating 'Instantiation Template' target for IP 'luminance_quant'...
INFO: [IP_Flow 19-1686] Generating 'Synthesis' target for IP 'luminance_quant'...
INFO: [IP_Flow 19-1686] Generating 'Simulation' target for IP 'luminance_quant'...
INFO: [IP_Flow 19-1686] Generating 'Miscellaneous' target for IP 'luminance_quant'...
INFO: [IP_Flow 19-1686] Generating 'Change Log' target for IP 'luminance_quant'...
catch { config_ip_cache -export [get_ips -all luminance_quant] }
export_ip_user_files -of_objects [get_files C:/Users/lsneler/Desktop/Repository/JPEG_conversion/quantizator/quantizator.srcs/sources_1/ip/luminance_quant/luminance_quant.xci] -no_script -sync -force -quiet
reset_run luminance_quant_synth_1
launch_runs -jobs 4 luminance_quant_synth_1
[Fri Aug  2 09:32:25 2019] Launched luminance_quant_synth_1...
Run output will be captured here: C:/Users/lsneler/Desktop/Repository/JPEG_conversion/quantizator/quantizator.runs/luminance_quant_synth_1/runme.log
export_simulation -of_objects [get_files C:/Users/lsneler/Desktop/Repository/JPEG_conversion/quantizator/quantizator.srcs/sources_1/ip/luminance_quant/luminance_quant.xci] -directory C:/Users/lsneler/Desktop/Repository/JPEG_conversion/quantizator/quantizator.ip_user_files/sim_scripts -ip_user_files_dir C:/Users/lsneler/Desktop/Repository/JPEG_conversion/quantizator/quantizator.ip_user_files -ipstatic_source_dir C:/Users/lsneler/Desktop/Repository/JPEG_conversion/quantizator/quantizator.ip_user_files/ipstatic -lib_map_path [list {modelsim=C:/Users/lsneler/Desktop/Repository/JPEG_conversion/quantizator/quantizator.cache/compile_simlib/modelsim} {questa=C:/Users/lsneler/Desktop/Repository/JPEG_conversion/quantizator/quantizator.cache/compile_simlib/questa} {riviera=C:/Users/lsneler/Desktop/Repository/JPEG_conversion/quantizator/quantizator.cache/compile_simlib/riviera} {activehdl=C:/Users/lsneler/Desktop/Repository/JPEG_conversion/quantizator/quantizator.cache/compile_simlib/activehdl}] -use_ip_compiled_libs -force -quiet
WARNING: [IP_Flow 19-4067] Ignoring invalid widget type specified checkbox.Providing a default widget
WARNING: [IP_Flow 19-4067] Ignoring invalid widget type specified checkbox.Providing a default widget
set_property -dict [list CONFIG.Use_RSTA_Pin {true}] [get_ips chrominance_quant]
generate_target all [get_files  C:/Users/lsneler/Desktop/Repository/JPEG_conversion/quantizator/quantizator.srcs/sources_1/ip/chrominance_quant/chrominance_quant.xci]
INFO: [IP_Flow 19-1686] Generating 'Instantiation Template' target for IP 'chrominance_quant'...
INFO: [IP_Flow 19-1686] Generating 'Synthesis' target for IP 'chrominance_quant'...
INFO: [IP_Flow 19-1686] Generating 'Simulation' target for IP 'chrominance_quant'...
INFO: [IP_Flow 19-1686] Generating 'Miscellaneous' target for IP 'chrominance_quant'...
INFO: [IP_Flow 19-1686] Generating 'Change Log' target for IP 'chrominance_quant'...
catch { config_ip_cache -export [get_ips -all chrominance_quant] }
export_ip_user_files -of_objects [get_files C:/Users/lsneler/Desktop/Repository/JPEG_conversion/quantizator/quantizator.srcs/sources_1/ip/chrominance_quant/chrominance_quant.xci] -no_script -sync -force -quiet
reset_run chrominance_quant_synth_1
WARNING: [Vivado 12-1017] Problems encountered:
1. Failed to delete one or more files in run directory C:/Users/lsneler/Desktop/Repository/JPEG_conversion/quantizator/quantizator.runs/chrominance_quant_synth_1

launch_runs -jobs 4 chrominance_quant_synth_1
[Fri Aug  2 09:32:52 2019] Launched chrominance_quant_synth_1...
Run output will be captured here: C:/Users/lsneler/Desktop/Repository/JPEG_conversion/quantizator/quantizator.runs/chrominance_quant_synth_1/runme.log
export_simulation -of_objects [get_files C:/Users/lsneler/Desktop/Repository/JPEG_conversion/quantizator/quantizator.srcs/sources_1/ip/chrominance_quant/chrominance_quant.xci] -directory C:/Users/lsneler/Desktop/Repository/JPEG_conversion/quantizator/quantizator.ip_user_files/sim_scripts -ip_user_files_dir C:/Users/lsneler/Desktop/Repository/JPEG_conversion/quantizator/quantizator.ip_user_files -ipstatic_source_dir C:/Users/lsneler/Desktop/Repository/JPEG_conversion/quantizator/quantizator.ip_user_files/ipstatic -lib_map_path [list {modelsim=C:/Users/lsneler/Desktop/Repository/JPEG_conversion/quantizator/quantizator.cache/compile_simlib/modelsim} {questa=C:/Users/lsneler/Desktop/Repository/JPEG_conversion/quantizator/quantizator.cache/compile_simlib/questa} {riviera=C:/Users/lsneler/Desktop/Repository/JPEG_conversion/quantizator/quantizator.cache/compile_simlib/riviera} {activehdl=C:/Users/lsneler/Desktop/Repository/JPEG_conversion/quantizator/quantizator.cache/compile_simlib/activehdl}] -use_ip_compiled_libs -force -quiet
file mkdir C:/Users/lsneler/Desktop/Repository/JPEG_conversion/quantizator/quantizator.srcs/sim_1/new
set_property SOURCE_SET sources_1 [get_filesets sim_1]
close [ open C:/Users/lsneler/Desktop/Repository/JPEG_conversion/quantizator/quantizator.srcs/sim_1/new/tb_quant.v w ]
add_files -fileset sim_1 C:/Users/lsneler/Desktop/Repository/JPEG_conversion/quantizator/quantizator.srcs/sim_1/new/tb_quant.v
update_compile_order -fileset sim_1
set_property SOURCE_SET sources_1 [get_filesets sim_1]
import_files -fileset sim_1 -norecurse C:/Users/lsneler/Desktop/Repository/JPEG_conversion/combinatoryDCT/DCT.srcs/sim_1/imports/combinatoryDCT/clk_gen.v
update_compile_order -fileset sim_1
exit
INFO: [Common 17-206] Exiting Vivado at Fri Aug  2 11:20:34 2019...
