#-----------------------------------------------------------
# Vivado v2017.2 (64-bit)
# SW Build 1909853 on Thu Jun 15 18:39:09 MDT 2017
# IP Build 1909766 on Thu Jun 15 19:58:00 MDT 2017
# Start of session at: Wed Aug  7 09:22:09 2019
# Process ID: 756
# Current directory: C:/Users/lsneler/Desktop/Repository/JPEG_conversion/quantizator
# Command line: vivado.exe -gui_launcher_event rodinguilauncherevent1320 C:\Users\lsneler\Desktop\Repository\JPEG_conversion\quantizator\quantizator.xpr
# Log file: C:/Users/lsneler/Desktop/Repository/JPEG_conversion/quantizator/vivado.log
# Journal file: C:/Users/lsneler/Desktop/Repository/JPEG_conversion/quantizator\vivado.jou
#-----------------------------------------------------------
start_gui
open_project C:/Users/lsneler/Desktop/Repository/JPEG_conversion/quantizator/quantizator.xpr
Scanning sources...
Finished scanning sources
INFO: [IP_Flow 19-234] Refreshing IP repositories
INFO: [IP_Flow 19-1704] No user IP repositories specified
INFO: [IP_Flow 19-2313] Loaded Vivado IP repository 'C:/Xilinx/Vivado/2017.2/data/ip'.
open_project: Time (s): cpu = 00:00:09 ; elapsed = 00:00:05 . Memory (MB): peak = 800.285 ; gain = 49.551
update_compile_order -fileset sources_1
exit
INFO: [Common 17-206] Exiting Vivado at Wed Aug  7 09:22:29 2019...
