Copyright 1986-2017 Xilinx, Inc. All Rights Reserved.
------------------------------------------------------------------------------------
| Tool Version : Vivado v.2017.2 (win64) Build 1909853 Thu Jun 15 18:39:09 MDT 2017
| Date         : Fri Aug  9 14:35:30 2019
| Host         : rtrkos034 running 64-bit major release  (build 9200)
| Command      : upgrade_ip
| Device       : xc7z010clg400-1
------------------------------------------------------------------------------------

Upgrade Log for IP 'design_1_AXILiteToBRAMIntf_0_0'

1. Summary
----------

SUCCESS in the conversion of design_1_AXILiteToBRAMIntf_0_0 (xilinx.com:user:AXILiteToBRAMIntf:1.0 (Rev. 2)) to Vivado generation flows.






Copyright 1986-2017 Xilinx, Inc. All Rights Reserved.
------------------------------------------------------------------------------------
| Tool Version : Vivado v.2017.2 (win64) Build 1909853 Thu Jun 15 18:39:09 MDT 2017
| Date         : Thu Aug  8 02:37:46 2019
| Host         : Excelsior running 64-bit major release  (build 9200)
| Command      : upgrade_ip
| Device       : xc7z010clg400-1
------------------------------------------------------------------------------------

Upgrade Log for IP 'design_1_BRAMContrl_0_0'

1. Summary
----------

SUCCESS in the upgrade of design_1_BRAMContrl_0_0 from xilinx.com:user:BRAMContrl:1.0 (Rev. 2) to xilinx.com:user:BRAMContrl:1.1 (Rev. 1)

