#-----------------------------------------------------------
# Vivado v2017.2 (64-bit)
# SW Build 1909853 on Thu Jun 15 18:39:09 MDT 2017
# IP Build 1909766 on Thu Jun 15 19:58:00 MDT 2017
# Start of session at: Tue Aug 13 15:20:51 2019
# Process ID: 4852
# Current directory: C:/Users/lsneler/Desktop/Repo/JPEG_conv/exemp_proj/AxiLiteZynqBRAM3
# Command line: vivado.exe -gui_launcher_event rodinguilauncherevent4652 C:\Users\lsneler\Desktop\Repo\JPEG_conv\exemp_proj\AxiLiteZynqBRAM3\AxiLiteZynqBRAMDemo.xpr
# Log file: C:/Users/lsneler/Desktop/Repo/JPEG_conv/exemp_proj/AxiLiteZynqBRAM3/vivado.log
# Journal file: C:/Users/lsneler/Desktop/Repo/JPEG_conv/exemp_proj/AxiLiteZynqBRAM3\vivado.jou
#-----------------------------------------------------------
start_gui
open_project C:/Users/lsneler/Desktop/Repo/JPEG_conv/exemp_proj/AxiLiteZynqBRAM3/AxiLiteZynqBRAMDemo.xpr
INFO: [Project 1-313] Project file moved from 'C:/Users/lsneler/Desktop/Repository/JPEG_conversion/exemplary_projects/AxiLiteZynqBRAMDemo3' since last save.
Scanning sources...
Finished scanning sources
WARNING: [filemgmt 56-2] IP Repository Path: Could not find the directory 'C:/Users/lsneler/Desktop/Repo/JPEG_conv/exemp_proj/ip_repo/BRAMContrl_1.0', nor could it be found using path 'C:/Users/lsneler/Desktop/Repository/JPEG_conversion/exemplary_projects/ip_repo/BRAMContrl_1.0'.
INFO: [IP_Flow 19-234] Refreshing IP repositories
INFO: [IP_Flow 19-1700] Loaded user IP repository 'c:/Users/lsneler/Desktop/Repo/JPEG_conv/exemp_proj/AxiLiteZynqBRAM3/ip_repo/AXILiteToBRAMIntf_1.0'.
WARNING: [IP_Flow 19-2248] Failed to load user IP repository 'c:/Users/lsneler/Desktop/Repo/JPEG_conv/exemp_proj/ip_repo/BRAMContrl_1.0'; Can't find the specified path.
If this directory should no longer be in your list of user repositories, go to the IP Settings dialog and remove it.
INFO: [IP_Flow 19-2313] Loaded Vivado IP repository 'C:/Xilinx/Vivado/2017.2/data/ip'.
INFO: [Common 17-41] Interrupt caught. Command should exit soon.
ERROR: [BD 41-69] Error sourcing TCL script: 
    while executing
"namespace eval ::xilinx.com_ip_aximm_1.0 { source -notrace {C:/Xilinx/Vivado/2017.2/data/rsb/busdef/AXIMM/busdef.tcl} }"
ERROR: [BD 41-69] Error sourcing TCL script: 
    while executing
"source -notrace {C:/Xilinx/Vivado/2017.2/data/rsb/busdef/clock_signal/busdef.tcl} "
    (in namespace eval "::xilinx.com_ip_clock_signal_1.0" script line 1)
    invoked from within
"namespace eval ::xilinx.com_ip_clock_signal_1.0 { source -notrace {C:/Xilinx/Vivado/2017.2/data/rsb/busdef/clock_signal/busdef.tcl} }"
WARNING: [IP_Flow 19-3664] IP 'design_1_auto_pc_0' generated file not found 'c:/Users/lsneler/Desktop/Repo/JPEG_conv/exemp_proj/AxiLiteZynqBRAM3/AxiLiteZynqBRAMDemo.srcs/sources_1/bd/design_1/ip/design_1_auto_pc_0/stats.txt'. Please regenerate to continue.
INFO: [Common 17-344] 'open_project' was cancelled
exit
INFO: [Common 17-206] Exiting Vivado at Tue Aug 13 15:21:46 2019...
