#-----------------------------------------------------------
# Vivado v2017.2 (64-bit)
# SW Build 1909853 on Thu Jun 15 18:39:09 MDT 2017
# IP Build 1909766 on Thu Jun 15 19:58:00 MDT 2017
# Start of session at: Tue Aug 13 15:22:26 2019
# Process ID: 1028
# Current directory: C:/Users/lsneler/Desktop/Repo/JPEG_conv/exemp_proj/AxiLite3
# Command line: vivado.exe -gui_launcher_event rodinguilauncherevent3688 C:\Users\lsneler\Desktop\Repo\JPEG_conv\exemp_proj\AxiLite3\AxiLiteZynqBRAMDemo.xpr
# Log file: C:/Users/lsneler/Desktop/Repo/JPEG_conv/exemp_proj/AxiLite3/vivado.log
# Journal file: C:/Users/lsneler/Desktop/Repo/JPEG_conv/exemp_proj/AxiLite3\vivado.jou
#-----------------------------------------------------------
start_gui
open_project C:/Users/lsneler/Desktop/Repo/JPEG_conv/exemp_proj/AxiLite3/AxiLiteZynqBRAMDemo.xpr
INFO: [Project 1-313] Project file moved from 'C:/Users/lsneler/Desktop/Repository/JPEG_conversion/exemplary_projects/AxiLiteZynqBRAMDemo3' since last save.
Scanning sources...
Finished scanning sources
WARNING: [filemgmt 56-2] IP Repository Path: Could not find the directory 'C:/Users/lsneler/Desktop/Repo/JPEG_conv/exemp_proj/ip_repo/BRAMContrl_1.0', nor could it be found using path 'C:/Users/lsneler/Desktop/Repository/JPEG_conversion/exemplary_projects/ip_repo/BRAMContrl_1.0'.
INFO: [IP_Flow 19-234] Refreshing IP repositories
INFO: [IP_Flow 19-1700] Loaded user IP repository 'c:/Users/lsneler/Desktop/Repo/JPEG_conv/exemp_proj/AxiLite3/ip_repo/AXILiteToBRAMIntf_1.0'.
WARNING: [IP_Flow 19-2248] Failed to load user IP repository 'c:/Users/lsneler/Desktop/Repo/JPEG_conv/exemp_proj/ip_repo/BRAMContrl_1.0'; Can't find the specified path.
If this directory should no longer be in your list of user repositories, go to the IP Settings dialog and remove it.
INFO: [IP_Flow 19-2313] Loaded Vivado IP repository 'C:/Xilinx/Vivado/2017.2/data/ip'.
WARNING: [IP_Flow 19-3664] IP 'design_1_auto_pc_0' generated file not found 'c:/Users/lsneler/Desktop/Repo/JPEG_conv/exemp_proj/AxiLite3/AxiLiteZynqBRAMDemo.srcs/sources_1/bd/design_1/ip/design_1_auto_pc_0/stats.txt'. Please regenerate to continue.
open_project: Time (s): cpu = 00:00:16 ; elapsed = 00:00:13 . Memory (MB): peak = 876.426 ; gain = 138.641
update_compile_order -fileset sources_1
reset_run impl_1
launch_runs impl_1 -to_step write_bitstream -jobs 4
[Tue Aug 13 15:22:57 2019] Launched impl_1...
Run output will be captured here: C:/Users/lsneler/Desktop/Repo/JPEG_conv/exemp_proj/AxiLite3/AxiLiteZynqBRAMDemo.runs/impl_1/runme.log
file copy -force C:/Users/lsneler/Desktop/Repo/JPEG_conv/exemp_proj/AxiLite3/AxiLiteZynqBRAMDemo.runs/impl_1/design_1_wrapper.sysdef C:/Users/lsneler/Desktop/Repo/JPEG_conv/exemp_proj/AxiLite3/AxiLiteZynqBRAMDemo.sdk/design_1_wrapper.hdf

launch_sdk -workspace C:/Users/lsneler/Desktop/Repo/JPEG_conv/exemp_proj/AxiLite3/AxiLiteZynqBRAMDemo.sdk -hwspec C:/Users/lsneler/Desktop/Repo/JPEG_conv/exemp_proj/AxiLite3/AxiLiteZynqBRAMDemo.sdk/design_1_wrapper.hdf
INFO: [Vivado 12-393] Launching SDK...
INFO: [Vivado 12-417] Running xsdk -workspace C:/Users/lsneler/Desktop/Repo/JPEG_conv/exemp_proj/AxiLite3/AxiLiteZynqBRAMDemo.sdk -hwspec C:/Users/lsneler/Desktop/Repo/JPEG_conv/exemp_proj/AxiLite3/AxiLiteZynqBRAMDemo.sdk/design_1_wrapper.hdf
INFO: [Vivado 12-3157] SDK launch initiated. Please check console for any further messages.
open_bd_design {C:/Users/lsneler/Desktop/Repo/JPEG_conv/exemp_proj/AxiLite3/AxiLiteZynqBRAMDemo.srcs/sources_1/bd/design_1/design_1.bd}
Adding cell -- xilinx.com:ip:blk_mem_gen:8.3 - blk_mem_gen_0
Adding cell -- xilinx.com:ip:processing_system7:5.5 - processing_system7_0
Adding cell -- xilinx.com:ip:proc_sys_reset:5.0 - rst_ps7_0_50M
Adding cell -- xilinx.com:ip:system_ila:1.0 - system_ila_0
Adding cell -- xilinx.com:user:AXILiteToBRAMIntf:1.0 - AXILiteToBRAMIntf_0
Adding cell -- xilinx.com:ip:axi_protocol_converter:2.1 - auto_pc
Successfully read diagram <design_1> from BD file <C:/Users/lsneler/Desktop/Repo/JPEG_conv/exemp_proj/AxiLite3/AxiLiteZynqBRAMDemo.srcs/sources_1/bd/design_1/design_1.bd>
open_bd_design: Time (s): cpu = 00:00:06 ; elapsed = 00:00:06 . Memory (MB): peak = 959.645 ; gain = 31.363
open_hw
connect_hw_server
INFO: [Labtools 27-2285] Connecting to hw_server url TCP:localhost:3121
open_hw_target
INFO: [Labtoolstcl 44-466] Opening hw_target localhost:3121/xilinx_tcf/Digilent/210279A42FD7A
set_property PROGRAM.FILE {C:/Users/lsneler/Desktop/Repo/JPEG_conv/exemp_proj/AxiLite3/AxiLiteZynqBRAMDemo.runs/impl_1/design_1_wrapper.bit} [get_hw_devices xc7z010_1]
set_property PROBES.FILE {C:/Users/lsneler/Desktop/Repo/JPEG_conv/exemp_proj/AxiLite3/AxiLiteZynqBRAMDemo.runs/impl_1/design_1_wrapper.ltx} [get_hw_devices xc7z010_1]
set_property FULL_PROBES.FILE {C:/Users/lsneler/Desktop/Repo/JPEG_conv/exemp_proj/AxiLite3/AxiLiteZynqBRAMDemo.runs/impl_1/design_1_wrapper.ltx} [get_hw_devices xc7z010_1]
current_hw_device [get_hw_devices xc7z010_1]
refresh_hw_device [lindex [get_hw_devices xc7z010_1] 0]
INFO: [Labtools 27-2302] Device xc7z010 (JTAG device index = 1) is programmed with a design that has 1 ILA core(s).
display_hw_ila_data [ get_hw_ila_data hw_ila_data_1 -of_objects [get_hw_ilas -of_objects [get_hw_devices xc7z010_1] -filter {CELL_NAME=~"design_1_i/system_ila_0/U0/ila_lib"}]]
Processed interface ps7_0_axi_periph_M00_AXI_ila1_slot0
INFO: [Labtools 27-3304] ILA Waveform data saved to file C:/Users/lsneler/Desktop/Repo/JPEG_conv/exemp_proj/AxiLite3/AxiLiteZynqBRAMDemo.hw/backup/hw_ila_data_1.ila. Use Tcl command 'import_hw_ila_data' or Vivado File->Import->Import ILA Data menu item to import the previously saved data.
run_hw_ila [get_hw_ilas -of_objects [get_hw_devices xc7z010_1] -filter {CELL_NAME=~"design_1_i/system_ila_0/U0/ila_lib"}]
INFO: [Labtools 27-1964] The ILA core 'hw_ila_1' trigger was armed at 2019-Aug-13 15:34:44
set_property PROBES.FILE {C:/Users/lsneler/Desktop/Repo/JPEG_conv/exemp_proj/AxiLite3/AxiLiteZynqBRAMDemo.runs/impl_1/design_1_wrapper.ltx} [get_hw_devices xc7z010_1]
set_property FULL_PROBES.FILE {C:/Users/lsneler/Desktop/Repo/JPEG_conv/exemp_proj/AxiLite3/AxiLiteZynqBRAMDemo.runs/impl_1/design_1_wrapper.ltx} [get_hw_devices xc7z010_1]
set_property PROGRAM.FILE {C:/Users/lsneler/Desktop/Repo/JPEG_conv/exemp_proj/AxiLite3/AxiLiteZynqBRAMDemo.runs/impl_1/design_1_wrapper.bit} [get_hw_devices xc7z010_1]
program_hw_devices [get_hw_devices xc7z010_1]
INFO: [Labtools 27-3164] End of startup status: HIGH
refresh_hw_device [lindex [get_hw_devices xc7z010_1] 0]
INFO: [Labtools 27-2302] Device xc7z010 (JTAG device index = 1) is programmed with a design that has 1 ILA core(s).
Processing Interface ps7_0_axi_periph_M00_AXI_ila1_slot0
INFO: [Labtools 27-3304] ILA Waveform data saved to file C:/Users/lsneler/Desktop/Repo/JPEG_conv/exemp_proj/AxiLite3/AxiLiteZynqBRAMDemo.hw/backup/hw_ila_data_1.ila. Use Tcl command 'import_hw_ila_data' or Vivado File->Import->Import ILA Data menu item to import the previously saved data.
run_hw_ila [get_hw_ilas -of_objects [get_hw_devices xc7z010_1] -filter {CELL_NAME=~"design_1_i/system_ila_0/U0/ila_lib"}]
INFO: [Labtools 27-1964] The ILA core 'hw_ila_1' trigger was armed at 2019-Aug-13 15:34:55
wait_on_hw_ila -timeout 0 [get_hw_ilas -of_objects [get_hw_devices xc7z010_1] -filter {CELL_NAME=~"design_1_i/system_ila_0/U0/ila_lib"}]
upload_hw_ila_data [get_hw_ilas -of_objects [get_hw_devices xc7z010_1] -filter {CELL_NAME=~"design_1_i/system_ila_0/U0/ila_lib"}]
INFO: [Labtools 27-1965] The ILA core 'hw_ila_1' trigger was stopped by user at 2019-Aug-13 15:34:57
WARNING: [Labtools 27-157] hw_ila [hw_ila_1] stopped. No data to upload.
open_bd_design {C:/Users/lsneler/Desktop/Repo/JPEG_conv/exemp_proj/AxiLite3/AxiLiteZynqBRAMDemo.srcs/sources_1/bd/design_1/design_1.bd}
run_hw_ila [get_hw_ilas -of_objects [get_hw_devices xc7z010_1] -filter {CELL_NAME=~"design_1_i/system_ila_0/U0/ila_lib"}]
INFO: [Labtools 27-1964] The ILA core 'hw_ila_1' trigger was armed at 2019-Aug-13 15:35:19
wait_on_hw_ila -timeout 0 [get_hw_ilas -of_objects [get_hw_devices xc7z010_1] -filter {CELL_NAME=~"design_1_i/system_ila_0/U0/ila_lib"}]
upload_hw_ila_data [get_hw_ilas -of_objects [get_hw_devices xc7z010_1] -filter {CELL_NAME=~"design_1_i/system_ila_0/U0/ila_lib"}]
INFO: [Labtools 27-1965] The ILA core 'hw_ila_1' trigger was stopped by user at 2019-Aug-13 15:35:27
WARNING: [Labtools 27-157] hw_ila [hw_ila_1] stopped. No data to upload.
run_hw_ila [get_hw_ilas -of_objects [get_hw_devices xc7z010_1] -filter {CELL_NAME=~"design_1_i/system_ila_0/U0/ila_lib"}] -trigger_now
INFO: [Labtools 27-1964] The ILA core 'hw_ila_1' trigger was armed at 2019-Aug-13 15:36:22
wait_on_hw_ila [get_hw_ilas -of_objects [get_hw_devices xc7z010_1] -filter {CELL_NAME=~"design_1_i/system_ila_0/U0/ila_lib"}]
display_hw_ila_data [upload_hw_ila_data [get_hw_ilas -of_objects [get_hw_devices xc7z010_1] -filter {CELL_NAME=~"design_1_i/system_ila_0/U0/ila_lib"}]]
INFO: [Labtools 27-1966] The ILA core 'hw_ila_1' triggered at 2019-Aug-13 15:36:22
Processed interface ps7_0_axi_periph_M00_AXI_ila1_slot0
INFO: [Labtools 27-3304] ILA Waveform data saved to file C:/Users/lsneler/Desktop/Repo/JPEG_conv/exemp_proj/AxiLite3/AxiLiteZynqBRAMDemo.hw/backup/hw_ila_data_1.ila. Use Tcl command 'import_hw_ila_data' or Vivado File->Import->Import ILA Data menu item to import the previously saved data.
open_bd_design {C:/Users/lsneler/Desktop/Repo/JPEG_conv/exemp_proj/AxiLite3/AxiLiteZynqBRAMDemo.srcs/sources_1/bd/design_1/design_1.bd}
open_bd_design {C:/Users/lsneler/Desktop/Repo/JPEG_conv/exemp_proj/AxiLite3/AxiLiteZynqBRAMDemo.srcs/sources_1/bd/design_1/design_1.bd}
save_wave_config {C:/Users/lsneler/Desktop/Repo/JPEG_conv/exemp_proj/AxiLite3/AxiLiteZynqBRAMDemo.hw/hw_1/wave/hw_ila_data_1/hw_ila_data_1.wcfg}
save_wave_config {C:/Users/lsneler/Desktop/Repo/JPEG_conv/exemp_proj/AxiLite3/AxiLiteZynqBRAMDemo.hw/hw_1/wave/hw_ila_data_1/hw_ila_data_1.wcfg}
exit
INFO: [Common 17-206] Exiting Vivado at Tue Aug 13 15:44:12 2019...
