
*** Running vivado
    with args -log div_gen_0.vds -m64 -product Vivado -mode batch -messageDb vivado.pb -notrace -source div_gen_0.tcl


****** Vivado v2017.2 (64-bit)
  **** SW Build 1909853 on Thu Jun 15 18:39:09 MDT 2017
  **** IP Build 1909766 on Thu Jun 15 19:58:00 MDT 2017
    ** Copyright 1986-2017 Xilinx, Inc. All Rights Reserved.

source div_gen_0.tcl -notrace
Starting RTL Elaboration : Time (s): cpu = 00:00:03 ; elapsed = 00:00:05 . Memory (MB): peak = 321.418 ; gain = 80.512
INFO: [Synth 8-638] synthesizing module 'div_gen_0' [c:/Users/lsneler/Desktop/Repository/JPEG_conversion/quantizator/quantizator.srcs/sources_1/ip/div_gen_0/synth/div_gen_0.vhd:73]
INFO: [Synth 8-256] done synthesizing module 'div_gen_0' (12#1) [c:/Users/lsneler/Desktop/Repository/JPEG_conversion/quantizator/quantizator.srcs/sources_1/ip/div_gen_0/synth/div_gen_0.vhd:73]
Finished RTL Elaboration : Time (s): cpu = 00:00:07 ; elapsed = 00:00:09 . Memory (MB): peak = 399.820 ; gain = 158.914
Finished RTL Optimization Phase 1 : Time (s): cpu = 00:00:07 ; elapsed = 00:00:09 . Memory (MB): peak = 399.820 ; gain = 158.914
INFO: [Device 21-403] Loading part xc7z010clg400-1
Constraint Validation Runtime : Time (s): cpu = 00:00:00 ; elapsed = 00:00:00.051 . Memory (MB): peak = 666.801 ; gain = 0.000
Finished Constraint Validation : Time (s): cpu = 00:00:14 ; elapsed = 00:00:28 . Memory (MB): peak = 666.801 ; gain = 425.895
Finished Loading Part and Timing Information : Time (s): cpu = 00:00:14 ; elapsed = 00:00:28 . Memory (MB): peak = 666.801 ; gain = 425.895
Finished applying 'set_property' XDC Constraints : Time (s): cpu = 00:00:14 ; elapsed = 00:00:28 . Memory (MB): peak = 666.801 ; gain = 425.895
Finished RTL Optimization Phase 2 : Time (s): cpu = 00:00:15 ; elapsed = 00:00:28 . Memory (MB): peak = 666.801 ; gain = 425.895
Finished Cross Boundary and Area Optimization : Time (s): cpu = 00:00:16 ; elapsed = 00:00:30 . Memory (MB): peak = 666.801 ; gain = 425.895
Finished Applying XDC Timing Constraints : Time (s): cpu = 00:00:25 ; elapsed = 00:00:39 . Memory (MB): peak = 666.801 ; gain = 425.895
Finished Timing Optimization : Time (s): cpu = 00:00:25 ; elapsed = 00:00:39 . Memory (MB): peak = 666.801 ; gain = 425.895
Finished Technology Mapping : Time (s): cpu = 00:00:25 ; elapsed = 00:00:40 . Memory (MB): peak = 666.801 ; gain = 425.895
Finished IO Insertion : Time (s): cpu = 00:00:26 ; elapsed = 00:00:40 . Memory (MB): peak = 666.801 ; gain = 425.895
Finished Renaming Generated Instances : Time (s): cpu = 00:00:26 ; elapsed = 00:00:40 . Memory (MB): peak = 666.801 ; gain = 425.895
Finished Rebuilding User Hierarchy : Time (s): cpu = 00:00:26 ; elapsed = 00:00:40 . Memory (MB): peak = 666.801 ; gain = 425.895
Finished Renaming Generated Ports : Time (s): cpu = 00:00:26 ; elapsed = 00:00:40 . Memory (MB): peak = 666.801 ; gain = 425.895
Finished Handling Custom Attributes : Time (s): cpu = 00:00:26 ; elapsed = 00:00:40 . Memory (MB): peak = 666.801 ; gain = 425.895
Finished Renaming Generated Nets : Time (s): cpu = 00:00:26 ; elapsed = 00:00:40 . Memory (MB): peak = 666.801 ; gain = 425.895

Report Cell Usage: 
+------+-------+------+
|      |Cell   |Count |
+------+-------+------+
|1     |CARRY4 |     8|
|2     |LUT1   |    25|
|3     |LUT2   |    47|
|4     |LUT3   |   122|
|5     |LUT4   |     1|
|6     |LUT5   |     1|
|7     |LUT6   |     2|
|8     |MUXCY  |   128|
|9     |XORCY  |   128|
|10    |FDRE   |    24|
|11    |FDSE   |   161|
+------+-------+------+
Finished Writing Synthesis Report : Time (s): cpu = 00:00:26 ; elapsed = 00:00:40 . Memory (MB): peak = 666.801 ; gain = 425.895
synth_design: Time (s): cpu = 00:00:28 ; elapsed = 00:00:42 . Memory (MB): peak = 666.801 ; gain = 428.523

*** Running vivado
    with args -log div_gen_0.vds -m64 -product Vivado -mode batch -messageDb vivado.pb -notrace -source div_gen_0.tcl


****** Vivado v2017.2 (64-bit)
  **** SW Build 1909853 on Thu Jun 15 18:39:09 MDT 2017
  **** IP Build 1909766 on Thu Jun 15 19:58:00 MDT 2017
    ** Copyright 1986-2017 Xilinx, Inc. All Rights Reserved.

source div_gen_0.tcl -notrace
Starting RTL Elaboration : Time (s): cpu = 00:00:03 ; elapsed = 00:00:04 . Memory (MB): peak = 321.742 ; gain = 81.055
INFO: [Synth 8-638] synthesizing module 'div_gen_0' [c:/Users/lsneler/Desktop/Repository/JPEG_conversion/quantizator/quantizator.srcs/sources_1/ip/div_gen_0/synth/div_gen_0.vhd:73]
INFO: [Synth 8-256] done synthesizing module 'div_gen_0' (12#1) [c:/Users/lsneler/Desktop/Repository/JPEG_conversion/quantizator/quantizator.srcs/sources_1/ip/div_gen_0/synth/div_gen_0.vhd:73]
Finished RTL Elaboration : Time (s): cpu = 00:00:06 ; elapsed = 00:00:07 . Memory (MB): peak = 400.129 ; gain = 159.441
Finished RTL Optimization Phase 1 : Time (s): cpu = 00:00:06 ; elapsed = 00:00:07 . Memory (MB): peak = 400.129 ; gain = 159.441
INFO: [Device 21-403] Loading part xc7z010clg400-1
Constraint Validation Runtime : Time (s): cpu = 00:00:00 ; elapsed = 00:00:00.023 . Memory (MB): peak = 669.172 ; gain = 0.000
Finished Constraint Validation : Time (s): cpu = 00:00:13 ; elapsed = 00:00:24 . Memory (MB): peak = 669.172 ; gain = 428.484
Finished Loading Part and Timing Information : Time (s): cpu = 00:00:13 ; elapsed = 00:00:24 . Memory (MB): peak = 669.172 ; gain = 428.484
Finished applying 'set_property' XDC Constraints : Time (s): cpu = 00:00:13 ; elapsed = 00:00:24 . Memory (MB): peak = 669.172 ; gain = 428.484
Finished RTL Optimization Phase 2 : Time (s): cpu = 00:00:14 ; elapsed = 00:00:25 . Memory (MB): peak = 669.172 ; gain = 428.484
Finished Cross Boundary and Area Optimization : Time (s): cpu = 00:00:15 ; elapsed = 00:00:26 . Memory (MB): peak = 669.172 ; gain = 428.484
Finished Applying XDC Timing Constraints : Time (s): cpu = 00:00:25 ; elapsed = 00:00:36 . Memory (MB): peak = 669.172 ; gain = 428.484
Finished Timing Optimization : Time (s): cpu = 00:00:25 ; elapsed = 00:00:36 . Memory (MB): peak = 669.172 ; gain = 428.484
Finished Technology Mapping : Time (s): cpu = 00:00:25 ; elapsed = 00:00:36 . Memory (MB): peak = 669.172 ; gain = 428.484
Finished IO Insertion : Time (s): cpu = 00:00:26 ; elapsed = 00:00:37 . Memory (MB): peak = 669.172 ; gain = 428.484
Finished Renaming Generated Instances : Time (s): cpu = 00:00:26 ; elapsed = 00:00:37 . Memory (MB): peak = 669.172 ; gain = 428.484
Finished Rebuilding User Hierarchy : Time (s): cpu = 00:00:26 ; elapsed = 00:00:37 . Memory (MB): peak = 669.172 ; gain = 428.484
Finished Renaming Generated Ports : Time (s): cpu = 00:00:26 ; elapsed = 00:00:37 . Memory (MB): peak = 669.172 ; gain = 428.484
Finished Handling Custom Attributes : Time (s): cpu = 00:00:26 ; elapsed = 00:00:37 . Memory (MB): peak = 669.172 ; gain = 428.484
Finished Renaming Generated Nets : Time (s): cpu = 00:00:26 ; elapsed = 00:00:37 . Memory (MB): peak = 669.172 ; gain = 428.484

Report Cell Usage: 
+------+--------+------+
|      |Cell    |Count |
+------+--------+------+
|1     |CARRY4  |     8|
|2     |LUT1    |    40|
|3     |LUT2    |    50|
|4     |LUT3    |   122|
|5     |LUT4    |     1|
|6     |LUT5    |     1|
|7     |LUT6    |     2|
|8     |MUXCY   |   128|
|9     |SRL16E  |     2|
|10    |SRLC32E |     1|
|11    |XORCY   |   128|
|12    |FDRE    |   288|
|13    |FDSE    |   298|
+------+--------+------+
Finished Writing Synthesis Report : Time (s): cpu = 00:00:26 ; elapsed = 00:00:37 . Memory (MB): peak = 669.172 ; gain = 428.484
synth_design: Time (s): cpu = 00:00:28 ; elapsed = 00:00:39 . Memory (MB): peak = 669.172 ; gain = 430.109

*** Running vivado
    with args -log div_gen_0.vds -m64 -product Vivado -mode batch -messageDb vivado.pb -notrace -source div_gen_0.tcl


****** Vivado v2017.2 (64-bit)
  **** SW Build 1909853 on Thu Jun 15 18:39:09 MDT 2017
  **** IP Build 1909766 on Thu Jun 15 19:58:00 MDT 2017
    ** Copyright 1986-2017 Xilinx, Inc. All Rights Reserved.

source div_gen_0.tcl -notrace
Starting RTL Elaboration : Time (s): cpu = 00:00:04 ; elapsed = 00:00:04 . Memory (MB): peak = 321.867 ; gain = 81.168
INFO: [Synth 8-638] synthesizing module 'div_gen_0' [c:/Users/lsneler/Desktop/Repository/JPEG_conversion/quantizator/quantizator.srcs/sources_1/ip/div_gen_0/synth/div_gen_0.vhd:73]
INFO: [Synth 8-256] done synthesizing module 'div_gen_0' (12#1) [c:/Users/lsneler/Desktop/Repository/JPEG_conversion/quantizator/quantizator.srcs/sources_1/ip/div_gen_0/synth/div_gen_0.vhd:73]
Finished RTL Elaboration : Time (s): cpu = 00:00:07 ; elapsed = 00:00:07 . Memory (MB): peak = 400.125 ; gain = 159.426
Finished RTL Optimization Phase 1 : Time (s): cpu = 00:00:07 ; elapsed = 00:00:07 . Memory (MB): peak = 400.125 ; gain = 159.426
INFO: [Device 21-403] Loading part xc7z010clg400-1
Constraint Validation Runtime : Time (s): cpu = 00:00:00 ; elapsed = 00:00:00.020 . Memory (MB): peak = 668.211 ; gain = 0.000
Finished Constraint Validation : Time (s): cpu = 00:00:14 ; elapsed = 00:00:24 . Memory (MB): peak = 668.211 ; gain = 427.512
Finished Loading Part and Timing Information : Time (s): cpu = 00:00:14 ; elapsed = 00:00:24 . Memory (MB): peak = 668.211 ; gain = 427.512
Finished applying 'set_property' XDC Constraints : Time (s): cpu = 00:00:14 ; elapsed = 00:00:24 . Memory (MB): peak = 668.211 ; gain = 427.512
Finished RTL Optimization Phase 2 : Time (s): cpu = 00:00:15 ; elapsed = 00:00:25 . Memory (MB): peak = 668.211 ; gain = 427.512
Finished Cross Boundary and Area Optimization : Time (s): cpu = 00:00:16 ; elapsed = 00:00:26 . Memory (MB): peak = 668.211 ; gain = 427.512
Finished Applying XDC Timing Constraints : Time (s): cpu = 00:00:25 ; elapsed = 00:00:35 . Memory (MB): peak = 668.211 ; gain = 427.512
Finished Timing Optimization : Time (s): cpu = 00:00:25 ; elapsed = 00:00:35 . Memory (MB): peak = 668.211 ; gain = 427.512
Finished Technology Mapping : Time (s): cpu = 00:00:25 ; elapsed = 00:00:36 . Memory (MB): peak = 668.211 ; gain = 427.512
Finished IO Insertion : Time (s): cpu = 00:00:26 ; elapsed = 00:00:36 . Memory (MB): peak = 668.211 ; gain = 427.512
Finished Renaming Generated Instances : Time (s): cpu = 00:00:26 ; elapsed = 00:00:36 . Memory (MB): peak = 668.211 ; gain = 427.512
Finished Rebuilding User Hierarchy : Time (s): cpu = 00:00:26 ; elapsed = 00:00:36 . Memory (MB): peak = 668.211 ; gain = 427.512
Finished Renaming Generated Ports : Time (s): cpu = 00:00:26 ; elapsed = 00:00:36 . Memory (MB): peak = 668.211 ; gain = 427.512
Finished Handling Custom Attributes : Time (s): cpu = 00:00:26 ; elapsed = 00:00:36 . Memory (MB): peak = 668.211 ; gain = 427.512
Finished Renaming Generated Nets : Time (s): cpu = 00:00:26 ; elapsed = 00:00:36 . Memory (MB): peak = 668.211 ; gain = 427.512

Report Cell Usage: 
+------+-------+------+
|      |Cell   |Count |
+------+-------+------+
|1     |CARRY4 |     4|
|2     |LUT1   |    32|
|3     |LUT2   |    37|
|4     |LUT3   |   115|
|5     |LUT4   |     2|
|6     |LUT5   |     3|
|7     |LUT6   |     6|
|8     |MUXCY  |   135|
|9     |SRL16E |     3|
|10    |XORCY  |   135|
|11    |FDRE   |   218|
|12    |FDSE   |   200|
+------+-------+------+
Finished Writing Synthesis Report : Time (s): cpu = 00:00:26 ; elapsed = 00:00:36 . Memory (MB): peak = 668.211 ; gain = 427.512
synth_design: Time (s): cpu = 00:00:27 ; elapsed = 00:00:38 . Memory (MB): peak = 668.211 ; gain = 430.141

*** Running vivado
    with args -log div_gen_0.vds -m64 -product Vivado -mode batch -messageDb vivado.pb -notrace -source div_gen_0.tcl


****** Vivado v2017.2 (64-bit)
  **** SW Build 1909853 on Thu Jun 15 18:39:09 MDT 2017
  **** IP Build 1909766 on Thu Jun 15 19:58:00 MDT 2017
    ** Copyright 1986-2017 Xilinx, Inc. All Rights Reserved.

source div_gen_0.tcl -notrace
Starting RTL Elaboration : Time (s): cpu = 00:00:04 ; elapsed = 00:00:04 . Memory (MB): peak = 321.840 ; gain = 80.977
INFO: [Synth 8-638] synthesizing module 'div_gen_0' [c:/Users/lsneler/Desktop/Repository/JPEG_conversion/quantizator/quantizator.srcs/sources_1/ip/div_gen_0/synth/div_gen_0.vhd:71]
INFO: [Synth 8-256] done synthesizing module 'div_gen_0' (12#1) [c:/Users/lsneler/Desktop/Repository/JPEG_conversion/quantizator/quantizator.srcs/sources_1/ip/div_gen_0/synth/div_gen_0.vhd:71]
Finished RTL Elaboration : Time (s): cpu = 00:00:07 ; elapsed = 00:00:07 . Memory (MB): peak = 400.242 ; gain = 159.379
Finished RTL Optimization Phase 1 : Time (s): cpu = 00:00:07 ; elapsed = 00:00:07 . Memory (MB): peak = 400.242 ; gain = 159.379
INFO: [Device 21-403] Loading part xc7z010clg400-1
Constraint Validation Runtime : Time (s): cpu = 00:00:00 ; elapsed = 00:00:00.023 . Memory (MB): peak = 668.258 ; gain = 0.000
Finished Constraint Validation : Time (s): cpu = 00:00:15 ; elapsed = 00:00:24 . Memory (MB): peak = 668.258 ; gain = 427.395
Finished Loading Part and Timing Information : Time (s): cpu = 00:00:15 ; elapsed = 00:00:24 . Memory (MB): peak = 668.258 ; gain = 427.395
Finished applying 'set_property' XDC Constraints : Time (s): cpu = 00:00:15 ; elapsed = 00:00:24 . Memory (MB): peak = 668.258 ; gain = 427.395
Finished RTL Optimization Phase 2 : Time (s): cpu = 00:00:15 ; elapsed = 00:00:25 . Memory (MB): peak = 668.258 ; gain = 427.395
Finished Cross Boundary and Area Optimization : Time (s): cpu = 00:00:16 ; elapsed = 00:00:27 . Memory (MB): peak = 668.258 ; gain = 427.395
Finished Applying XDC Timing Constraints : Time (s): cpu = 00:00:25 ; elapsed = 00:00:36 . Memory (MB): peak = 668.258 ; gain = 427.395
Finished Timing Optimization : Time (s): cpu = 00:00:25 ; elapsed = 00:00:36 . Memory (MB): peak = 668.258 ; gain = 427.395
Finished Technology Mapping : Time (s): cpu = 00:00:26 ; elapsed = 00:00:36 . Memory (MB): peak = 668.258 ; gain = 427.395
Finished IO Insertion : Time (s): cpu = 00:00:26 ; elapsed = 00:00:37 . Memory (MB): peak = 668.258 ; gain = 427.395
Finished Renaming Generated Instances : Time (s): cpu = 00:00:26 ; elapsed = 00:00:37 . Memory (MB): peak = 668.258 ; gain = 427.395
Finished Rebuilding User Hierarchy : Time (s): cpu = 00:00:26 ; elapsed = 00:00:37 . Memory (MB): peak = 668.258 ; gain = 427.395
Finished Renaming Generated Ports : Time (s): cpu = 00:00:26 ; elapsed = 00:00:37 . Memory (MB): peak = 668.258 ; gain = 427.395
Finished Handling Custom Attributes : Time (s): cpu = 00:00:26 ; elapsed = 00:00:37 . Memory (MB): peak = 668.258 ; gain = 427.395
Finished Renaming Generated Nets : Time (s): cpu = 00:00:26 ; elapsed = 00:00:37 . Memory (MB): peak = 668.258 ; gain = 427.395

Report Cell Usage: 
+------+--------+------+
|      |Cell    |Count |
+------+--------+------+
|1     |CARRY4  |     8|
|2     |LUT1    |    39|
|3     |LUT2    |    47|
|4     |LUT3    |   121|
|5     |LUT4    |     1|
|6     |LUT5    |     1|
|7     |LUT6    |     2|
|8     |MUXCY   |   128|
|9     |SRLC32E |     3|
|10    |XORCY   |   128|
|11    |FDRE    |   564|
+------+--------+------+
Finished Writing Synthesis Report : Time (s): cpu = 00:00:26 ; elapsed = 00:00:37 . Memory (MB): peak = 668.258 ; gain = 427.395
synth_design: Time (s): cpu = 00:00:28 ; elapsed = 00:00:39 . Memory (MB): peak = 668.258 ; gain = 430.023

*** Running vivado
    with args -log div_gen_0.vds -m64 -product Vivado -mode batch -messageDb vivado.pb -notrace -source div_gen_0.tcl


****** Vivado v2017.2 (64-bit)
  **** SW Build 1909853 on Thu Jun 15 18:39:09 MDT 2017
  **** IP Build 1909766 on Thu Jun 15 19:58:00 MDT 2017
    ** Copyright 1986-2017 Xilinx, Inc. All Rights Reserved.

source div_gen_0.tcl -notrace
Starting RTL Elaboration : Time (s): cpu = 00:00:04 ; elapsed = 00:00:04 . Memory (MB): peak = 322.504 ; gain = 81.047
INFO: [Synth 8-638] synthesizing module 'div_gen_0' [c:/Users/lsneler/Desktop/Repository/JPEG_conversion/quantizator/quantizator.srcs/sources_1/ip/div_gen_0/synth/div_gen_0.vhd:71]
INFO: [Synth 8-256] done synthesizing module 'div_gen_0' (12#1) [c:/Users/lsneler/Desktop/Repository/JPEG_conversion/quantizator/quantizator.srcs/sources_1/ip/div_gen_0/synth/div_gen_0.vhd:71]
Finished RTL Elaboration : Time (s): cpu = 00:00:07 ; elapsed = 00:00:07 . Memory (MB): peak = 399.906 ; gain = 158.449
Finished RTL Optimization Phase 1 : Time (s): cpu = 00:00:07 ; elapsed = 00:00:07 . Memory (MB): peak = 399.906 ; gain = 158.449
INFO: [Device 21-403] Loading part xc7z010clg400-1
Constraint Validation Runtime : Time (s): cpu = 00:00:00 ; elapsed = 00:00:00.020 . Memory (MB): peak = 667.988 ; gain = 0.000
Finished Constraint Validation : Time (s): cpu = 00:00:15 ; elapsed = 00:00:25 . Memory (MB): peak = 667.988 ; gain = 426.531
Finished Loading Part and Timing Information : Time (s): cpu = 00:00:15 ; elapsed = 00:00:25 . Memory (MB): peak = 667.988 ; gain = 426.531
Finished applying 'set_property' XDC Constraints : Time (s): cpu = 00:00:15 ; elapsed = 00:00:25 . Memory (MB): peak = 667.988 ; gain = 426.531
Finished RTL Optimization Phase 2 : Time (s): cpu = 00:00:15 ; elapsed = 00:00:25 . Memory (MB): peak = 667.988 ; gain = 426.531
Finished Cross Boundary and Area Optimization : Time (s): cpu = 00:00:16 ; elapsed = 00:00:27 . Memory (MB): peak = 667.988 ; gain = 426.531
Finished Applying XDC Timing Constraints : Time (s): cpu = 00:00:25 ; elapsed = 00:00:36 . Memory (MB): peak = 667.988 ; gain = 426.531
Finished Timing Optimization : Time (s): cpu = 00:00:25 ; elapsed = 00:00:36 . Memory (MB): peak = 667.988 ; gain = 426.531
Finished Technology Mapping : Time (s): cpu = 00:00:25 ; elapsed = 00:00:36 . Memory (MB): peak = 667.988 ; gain = 426.531
Finished IO Insertion : Time (s): cpu = 00:00:26 ; elapsed = 00:00:37 . Memory (MB): peak = 667.988 ; gain = 426.531
Finished Renaming Generated Instances : Time (s): cpu = 00:00:26 ; elapsed = 00:00:37 . Memory (MB): peak = 667.988 ; gain = 426.531
Finished Rebuilding User Hierarchy : Time (s): cpu = 00:00:26 ; elapsed = 00:00:37 . Memory (MB): peak = 667.988 ; gain = 426.531
Finished Renaming Generated Ports : Time (s): cpu = 00:00:26 ; elapsed = 00:00:37 . Memory (MB): peak = 667.988 ; gain = 426.531
Finished Handling Custom Attributes : Time (s): cpu = 00:00:26 ; elapsed = 00:00:37 . Memory (MB): peak = 667.988 ; gain = 426.531
Finished Renaming Generated Nets : Time (s): cpu = 00:00:26 ; elapsed = 00:00:37 . Memory (MB): peak = 667.988 ; gain = 426.531

Report Cell Usage: 
+------+-------+------+
|      |Cell   |Count |
+------+-------+------+
|1     |CARRY4 |     8|
|2     |LUT1   |    38|
|3     |LUT2   |    47|
|4     |LUT3   |   121|
|5     |LUT4   |     1|
|6     |LUT5   |     1|
|7     |LUT6   |     2|
|8     |MUXCY  |   128|
|9     |SRL16E |     3|
|10    |XORCY  |   128|
|11    |FDRE   |   462|
+------+-------+------+
Finished Writing Synthesis Report : Time (s): cpu = 00:00:26 ; elapsed = 00:00:37 . Memory (MB): peak = 667.988 ; gain = 426.531
synth_design: Time (s): cpu = 00:00:27 ; elapsed = 00:00:39 . Memory (MB): peak = 667.988 ; gain = 430.164
